{"/Users/han/code/cpsc310/c1/project_team123/src/controller/IInsightFacade.ts":{"path":"/Users/han/code/cpsc310/c1/project_team123/src/controller/IInsightFacade.ts","statementMap":{"0":{"start":{"line":2,"column":0},"end":{"line":2,"column":62}},"1":{"start":{"line":3,"column":0},"end":{"line":3,"column":113}},"2":{"start":{"line":5,"column":0},"end":{"line":8,"column":89}},"3":{"start":{"line":6,"column":4},"end":{"line":6,"column":48}},"4":{"start":{"line":7,"column":4},"end":{"line":7,"column":42}},"5":{"start":{"line":11,"column":8},"end":{"line":11,"column":23}},"6":{"start":{"line":12,"column":8},"end":{"line":12,"column":52}},"7":{"start":{"line":15,"column":0},"end":{"line":15,"column":36}},"8":{"start":{"line":18,"column":8},"end":{"line":18,"column":23}},"9":{"start":{"line":19,"column":8},"end":{"line":19,"column":53}},"10":{"start":{"line":22,"column":0},"end":{"line":22,"column":38}},"11":{"start":{"line":25,"column":8},"end":{"line":25,"column":23}},"12":{"start":{"line":26,"column":8},"end":{"line":26,"column":59}},"13":{"start":{"line":29,"column":0},"end":{"line":29,"column":50}}},"fnMap":{"0":{"name":"(anonymous_0)","decl":{"start":{"line":5,"column":1},"end":{"line":5,"column":2}},"loc":{"start":{"line":5,"column":31},"end":{"line":8,"column":1}},"line":5},"1":{"name":"(anonymous_1)","decl":{"start":{"line":10,"column":4},"end":{"line":10,"column":5}},"loc":{"start":{"line":10,"column":25},"end":{"line":13,"column":5}},"line":10},"2":{"name":"(anonymous_2)","decl":{"start":{"line":17,"column":4},"end":{"line":17,"column":5}},"loc":{"start":{"line":17,"column":25},"end":{"line":20,"column":5}},"line":17},"3":{"name":"(anonymous_3)","decl":{"start":{"line":24,"column":4},"end":{"line":24,"column":5}},"loc":{"start":{"line":24,"column":25},"end":{"line":27,"column":5}},"line":24}},"branchMap":{"0":{"loc":{"start":{"line":8,"column":24},"end":{"line":8,"column":87}},"type":"binary-expr","locations":[{"start":{"line":8,"column":24},"end":{"line":8,"column":50}},{"start":{"line":8,"column":55},"end":{"line":8,"column":86}}],"line":8}},"s":{"0":1,"1":1,"2":1,"3":1,"4":1,"5":267,"6":267,"7":1,"8":3,"9":3,"10":1,"11":3,"12":3,"13":1},"f":{"0":1,"1":267,"2":3,"3":3},"b":{"0":[1,1]},"inputSourceMap":{"version":3,"file":"/Users/han/code/cpsc310/c1/project_team123/src/controller/IInsightFacade.ts","sources":["/Users/han/code/cpsc310/c1/project_team123/src/controller/IInsightFacade.ts"],"names":[],"mappings":";;;AAMA,IAAY,kBAGX;AAHD,WAAY,kBAAkB;IAC7B,2CAAqB,CAAA;IACrB,qCAAe,CAAA;AAChB,CAAC,EAHW,kBAAkB,GAAlB,0BAAkB,KAAlB,0BAAkB,QAG7B;AAYD,MAAa,YAAa,SAAQ,KAAK;IACtC,YAAY,OAAgB;QAC3B,KAAK,CAAC,OAAO,CAAC,CAAC;QACf,KAAK,CAAC,iBAAiB,CAAC,IAAI,EAAE,YAAY,CAAC,CAAC;IAC7C,CAAC;CACD;AALD,oCAKC;AAED,MAAa,aAAc,SAAQ,KAAK;IACvC,YAAY,OAAgB;QAC3B,KAAK,CAAC,OAAO,CAAC,CAAC;QACf,KAAK,CAAC,iBAAiB,CAAC,IAAI,EAAE,aAAa,CAAC,CAAC;IAC9C,CAAC;CACD;AALD,sCAKC;AAED,MAAa,mBAAoB,SAAQ,KAAK;IAC7C,YAAY,OAAgB;QAC3B,KAAK,CAAC,OAAO,CAAC,CAAC;QACf,KAAK,CAAC,iBAAiB,CAAC,IAAI,EAAE,mBAAmB,CAAC,CAAC;IACpD,CAAC;CACD;AALD,kDAKC","sourcesContent":["/*\n * This is the primary high-level API for the project. In this folder there should be:\n * A class called InsightFacade, this should be in a file called InsightFacade.ts.\n * You should not change this interface at all or the test suite will not work.\n */\n\nexport enum InsightDatasetKind {\n\tSections = \"sections\",\n\tRooms = \"rooms\",\n}\n\nexport interface InsightDataset {\n\tid: string;\n\tkind: InsightDatasetKind;\n\tnumRows: number;\n}\n\nexport interface InsightResult {\n\t[key: string]: string | number;\n}\n\nexport class InsightError extends Error {\n\tconstructor(message?: string) {\n\t\tsuper(message);\n\t\tError.captureStackTrace(this, InsightError);\n\t}\n}\n\nexport class NotFoundError extends Error {\n\tconstructor(message?: string) {\n\t\tsuper(message);\n\t\tError.captureStackTrace(this, NotFoundError);\n\t}\n}\n\nexport class ResultTooLargeError extends Error {\n\tconstructor(message?: string) {\n\t\tsuper(message);\n\t\tError.captureStackTrace(this, ResultTooLargeError);\n\t}\n}\n\nexport interface IInsightFacade {\n\t/**\n\t * Add a dataset to insightUBC.\n\t *\n\t * @param id  The id of the dataset being added. Follows the format /^[^_]+$/\n\t * @param content  The base64 content of the dataset. This content should be in the form of a serialized zip file.\n\t * @param kind  The kind of the dataset\n\t *\n\t * @return Promise <string[]>\n\t *\n\t * The promise should fulfill on a successful add, reject for any failures.\n\t * The promise should fulfill with a string array,\n\t * containing the ids of all currently added datasets upon a successful add.\n\t * The promise should reject with an InsightError describing the error.\n\t *\n\t * An id is invalid if it contains an underscore, or is only whitespace characters.\n\t * If id is the same as the id of an already added dataset, the dataset should be rejected and not saved.\n\t *\n\t * After receiving the dataset, it should be processed into a data structure of\n\t * your design. The processed data structure should be persisted to disk; your\n\t * system should be able to load this persisted value into memory for answering\n\t * queries.\n\t *\n\t * Ultimately, a dataset must be added or loaded from disk before queries can\n\t * be successfully answered.\n\t */\n\taddDataset(id: string, content: string, kind: InsightDatasetKind): Promise<string[]>;\n\n\t/**\n\t * Remove a dataset from insightUBC.\n\t *\n\t * @param id  The id of the dataset to remove. Follows the format /^[^_]+$/\n\t *\n\t * @return Promise <string>\n\t *\n\t * The promise should fulfill upon a successful removal, reject on any error.\n\t * Attempting to remove a dataset that hasn't been added yet counts as an error.\n\t *\n\t * An id is invalid if it contains an underscore, or is only whitespace characters.\n\t *\n\t * The promise should fulfill the id of the dataset that was removed.\n\t * The promise should reject with a NotFoundError (if a valid id was not yet added)\n\t * or an InsightError (invalid id or any other source of failure) describing the error.\n\t *\n\t * This will delete both disk and memory caches for the dataset for the id meaning\n\t * that subsequent queries for that id should fail unless a new addDataset happens first.\n\t */\n\tremoveDataset(id: string): Promise<string>;\n\n\t/**\n\t * Perform a query on insightUBC.\n\t *\n\t * @param query  The query to be performed.\n\t *\n\t * If a query is incorrectly formatted, references a dataset not added (in memory or on disk),\n\t * or references multiple datasets, it should be rejected.\n\t *\n\t * @return Promise <InsightResult[]>\n\t *\n\t * The promise should fulfill with an array of results.\n\t * The promise should reject with a ResultTooLargeError (if the query returns too many results)\n\t * or an InsightError (for any other source of failure) describing the error.\n\t */\n\tperformQuery(query: unknown): Promise<InsightResult[]>;\n\n\t/**\n\t * List all currently added datasets, their types, and number of rows.\n\t *\n\t * @return Promise <InsightDataset[]>\n\t * The promise should fulfill an array of currently added InsightDatasets, and will only fulfill.\n\t */\n\tlistDatasets(): Promise<InsightDataset[]>;\n}\n"]},"_coverageSchema":"1a1c01bbd47fc00a2c39e90264f33305004495a9","hash":"f52e7bf78fe123a58678c38d0b1a21ae92e510d9","contentHash":"8faf77fe805cab897ed0452a355789353e433a430ad57e278ed04129ae3ff7f8"},"/Users/han/code/cpsc310/c1/project_team123/src/controller/InsightFacade.ts":{"path":"/Users/han/code/cpsc310/c1/project_team123/src/controller/InsightFacade.ts","statementMap":{"0":{"start":{"line":2,"column":22},"end":{"line":4,"column":1}},"1":{"start":{"line":3,"column":4},"end":{"line":3,"column":62}},"2":{"start":{"line":5,"column":0},"end":{"line":5,"column":62}},"3":{"start":{"line":6,"column":25},"end":{"line":6,"column":52}},"4":{"start":{"line":7,"column":19},"end":{"line":7,"column":65}},"5":{"start":{"line":8,"column":16},"end":{"line":8,"column":59}},"6":{"start":{"line":9,"column":19},"end":{"line":9,"column":55}},"7":{"start":{"line":10,"column":16},"end":{"line":10,"column":49}},"8":{"start":{"line":11,"column":25},"end":{"line":11,"column":77}},"9":{"start":{"line":12,"column":16},"end":{"line":12,"column":42}},"10":{"start":{"line":13,"column":17},"end":{"line":13,"column":34}},"11":{"start":{"line":14,"column":19},"end":{"line":14,"column":27}},"12":{"start":{"line":18,"column":8},"end":{"line":18,"column":43}},"13":{"start":{"line":19,"column":8},"end":{"line":19,"column":26}},"14":{"start":{"line":22,"column":8},"end":{"line":24,"column":9}},"15":{"start":{"line":23,"column":12},"end":{"line":23,"column":83}},"16":{"start":{"line":25,"column":8},"end":{"line":27,"column":9}},"17":{"start":{"line":26,"column":12},"end":{"line":26,"column":102}},"18":{"start":{"line":28,"column":8},"end":{"line":30,"column":9}},"19":{"start":{"line":29,"column":12},"end":{"line":29,"column":55}},"20":{"start":{"line":31,"column":8},"end":{"line":31,"column":49}},"21":{"start":{"line":34,"column":8},"end":{"line":36,"column":9}},"22":{"start":{"line":35,"column":12},"end":{"line":35,"column":83}},"23":{"start":{"line":37,"column":8},"end":{"line":39,"column":9}},"24":{"start":{"line":38,"column":12},"end":{"line":38,"column":99}},"25":{"start":{"line":40,"column":8},"end":{"line":47,"column":9}},"26":{"start":{"line":41,"column":12},"end":{"line":41,"column":77}},"27":{"start":{"line":42,"column":12},"end":{"line":42,"column":50}},"28":{"start":{"line":43,"column":12},"end":{"line":43,"column":39}},"29":{"start":{"line":46,"column":12},"end":{"line":46,"column":95}},"30":{"start":{"line":50,"column":8},"end":{"line":68,"column":11}},"31":{"start":{"line":51,"column":26},"end":{"line":51,"column":28}},"32":{"start":{"line":52,"column":21},"end":{"line":52,"column":51}},"33":{"start":{"line":53,"column":12},"end":{"line":67,"column":13}},"34":{"start":{"line":54,"column":16},"end":{"line":56,"column":17}},"35":{"start":{"line":55,"column":20},"end":{"line":55,"column":81}},"36":{"start":{"line":57,"column":16},"end":{"line":59,"column":17}},"37":{"start":{"line":58,"column":20},"end":{"line":58,"column":87}},"38":{"start":{"line":60,"column":16},"end":{"line":60,"column":40}},"39":{"start":{"line":61,"column":34},"end":{"line":61,"column":58}},"40":{"start":{"line":62,"column":16},"end":{"line":62,"column":48}},"41":{"start":{"line":63,"column":16},"end":{"line":63,"column":33}},"42":{"start":{"line":66,"column":16},"end":{"line":66,"column":30}},"43":{"start":{"line":71,"column":8},"end":{"line":79,"column":11}},"44":{"start":{"line":72,"column":25},"end":{"line":72,"column":27}},"45":{"start":{"line":73,"column":12},"end":{"line":77,"column":13}},"46":{"start":{"line":74,"column":16},"end":{"line":76,"column":17}},"47":{"start":{"line":75,"column":20},"end":{"line":75,"column":41}},"48":{"start":{"line":78,"column":12},"end":{"line":78,"column":28}},"49":{"start":{"line":82,"column":8},"end":{"line":97,"column":9}},"50":{"start":{"line":83,"column":12},"end":{"line":83,"column":57}},"51":{"start":{"line":84,"column":24},"end":{"line":84,"column":66}},"52":{"start":{"line":85,"column":12},"end":{"line":93,"column":13}},"53":{"start":{"line":86,"column":29},"end":{"line":86,"column":85}},"54":{"start":{"line":87,"column":27},"end":{"line":91,"column":17}},"55":{"start":{"line":92,"column":16},"end":{"line":92,"column":60}},"56":{"start":{"line":96,"column":12},"end":{"line":96,"column":60}},"57":{"start":{"line":100,"column":25},"end":{"line":100,"column":29}},"58":{"start":{"line":101,"column":8},"end":{"line":108,"column":9}},"59":{"start":{"line":102,"column":12},"end":{"line":107,"column":13}},"60":{"start":{"line":103,"column":16},"end":{"line":103,"column":28}},"61":{"start":{"line":105,"column":17},"end":{"line":107,"column":13}},"62":{"start":{"line":106,"column":16},"end":{"line":106,"column":35}},"63":{"start":{"line":109,"column":8},"end":{"line":109,"column":26}},"64":{"start":{"line":112,"column":8},"end":{"line":151,"column":9}},"65":{"start":{"line":113,"column":26},"end":{"line":113,"column":52}},"66":{"start":{"line":114,"column":33},"end":{"line":114,"column":63}},"67":{"start":{"line":115,"column":24},"end":{"line":115,"column":45}},"68":{"start":{"line":116,"column":12},"end":{"line":116,"column":46}},"69":{"start":{"line":117,"column":26},"end":{"line":117,"column":35}},"70":{"start":{"line":118,"column":29},"end":{"line":118,"column":31}},"71":{"start":{"line":119,"column":12},"end":{"line":141,"column":13}},"72":{"start":{"line":120,"column":16},"end":{"line":140,"column":17}},"73":{"start":{"line":122,"column":20},"end":{"line":137,"column":21}},"74":{"start":{"line":123,"column":35},"end":{"line":123,"column":54}},"75":{"start":{"line":124,"column":24},"end":{"line":136,"column":25}},"76":{"start":{"line":125,"column":28},"end":{"line":134,"column":31}},"77":{"start":{"line":128,"column":45},"end":{"line":128,"column":68}},"78":{"start":{"line":129,"column":45},"end":{"line":129,"column":61}},"79":{"start":{"line":130,"column":32},"end":{"line":130,"column":60}},"80":{"start":{"line":133,"column":32},"end":{"line":133,"column":57}},"81":{"start":{"line":135,"column":28},"end":{"line":135,"column":54}},"82":{"start":{"line":142,"column":12},"end":{"line":142,"column":40}},"83":{"start":{"line":143,"column":12},"end":{"line":145,"column":13}},"84":{"start":{"line":144,"column":16},"end":{"line":144,"column":77}},"85":{"start":{"line":146,"column":12},"end":{"line":146,"column":97}},"86":{"start":{"line":147,"column":12},"end":{"line":147,"column":94}},"87":{"start":{"line":150,"column":12},"end":{"line":150,"column":83}},"88":{"start":{"line":154,"column":8},"end":{"line":199,"column":9}},"89":{"start":{"line":155,"column":33},"end":{"line":155,"column":63}},"90":{"start":{"line":156,"column":24},"end":{"line":156,"column":45}},"91":{"start":{"line":157,"column":12},"end":{"line":157,"column":46}},"92":{"start":{"line":158,"column":24},"end":{"line":158,"column":46}},"93":{"start":{"line":159,"column":12},"end":{"line":161,"column":13}},"94":{"start":{"line":160,"column":16},"end":{"line":160,"column":77}},"95":{"start":{"line":162,"column":31},"end":{"line":162,"column":56}},"96":{"start":{"line":163,"column":30},"end":{"line":163,"column":63}},"97":{"start":{"line":164,"column":24},"end":{"line":164,"column":47}},"98":{"start":{"line":165,"column":28},"end":{"line":165,"column":59}},"99":{"start":{"line":166,"column":31},"end":{"line":166,"column":63}},"100":{"start":{"line":167,"column":27},"end":{"line":167,"column":41}},"101":{"start":{"line":168,"column":12},"end":{"line":188,"column":13}},"102":{"start":{"line":170,"column":27},"end":{"line":170,"column":47}},"103":{"start":{"line":171,"column":16},"end":{"line":187,"column":17}},"104":{"start":{"line":172,"column":39},"end":{"line":172,"column":54}},"105":{"start":{"line":173,"column":20},"end":{"line":186,"column":21}},"106":{"start":{"line":174,"column":24},"end":{"line":184,"column":37}},"107":{"start":{"line":177,"column":28},"end":{"line":182,"column":29}},"108":{"start":{"line":178,"column":45},"end":{"line":178,"column":81}},"109":{"start":{"line":179,"column":32},"end":{"line":179,"column":65}},"110":{"start":{"line":185,"column":24},"end":{"line":185,"column":50}},"111":{"start":{"line":189,"column":12},"end":{"line":189,"column":40}},"112":{"start":{"line":190,"column":12},"end":{"line":190,"column":36}},"113":{"start":{"line":191,"column":12},"end":{"line":193,"column":13}},"114":{"start":{"line":192,"column":16},"end":{"line":192,"column":74}},"115":{"start":{"line":194,"column":12},"end":{"line":194,"column":92}},"116":{"start":{"line":195,"column":12},"end":{"line":195,"column":89}},"117":{"start":{"line":198,"column":12},"end":{"line":198,"column":83}},"118":{"start":{"line":202,"column":19},"end":{"line":207,"column":9}},"119":{"start":{"line":208,"column":8},"end":{"line":208,"column":112}},"120":{"start":{"line":211,"column":22},"end":{"line":211,"column":24}},"121":{"start":{"line":212,"column":19},"end":{"line":216,"column":9}},"122":{"start":{"line":217,"column":8},"end":{"line":217,"column":58}},"123":{"start":{"line":218,"column":8},"end":{"line":222,"column":9}},"124":{"start":{"line":219,"column":12},"end":{"line":221,"column":13}},"125":{"start":{"line":220,"column":16},"end":{"line":220,"column":47}},"126":{"start":{"line":223,"column":8},"end":{"line":223,"column":40}},"127":{"start":{"line":226,"column":0},"end":{"line":226,"column":32}}},"fnMap":{"0":{"name":"(anonymous_0)","decl":{"start":{"line":2,"column":56},"end":{"line":2,"column":57}},"loc":{"start":{"line":2,"column":71},"end":{"line":4,"column":1}},"line":2},"1":{"name":"(anonymous_1)","decl":{"start":{"line":17,"column":4},"end":{"line":17,"column":5}},"loc":{"start":{"line":17,"column":18},"end":{"line":20,"column":5}},"line":17},"2":{"name":"(anonymous_2)","decl":{"start":{"line":21,"column":4},"end":{"line":21,"column":5}},"loc":{"start":{"line":21,"column":40},"end":{"line":32,"column":5}},"line":21},"3":{"name":"(anonymous_3)","decl":{"start":{"line":33,"column":4},"end":{"line":33,"column":5}},"loc":{"start":{"line":33,"column":28},"end":{"line":48,"column":5}},"line":33},"4":{"name":"(anonymous_4)","decl":{"start":{"line":49,"column":4},"end":{"line":49,"column":5}},"loc":{"start":{"line":49,"column":24},"end":{"line":69,"column":5}},"line":49},"5":{"name":"(anonymous_5)","decl":{"start":{"line":50,"column":27},"end":{"line":50,"column":28}},"loc":{"start":{"line":50,"column":48},"end":{"line":68,"column":9}},"line":50},"6":{"name":"(anonymous_6)","decl":{"start":{"line":70,"column":4},"end":{"line":70,"column":5}},"loc":{"start":{"line":70,"column":19},"end":{"line":80,"column":5}},"line":70},"7":{"name":"(anonymous_7)","decl":{"start":{"line":71,"column":27},"end":{"line":71,"column":28}},"loc":{"start":{"line":71,"column":48},"end":{"line":79,"column":9}},"line":71},"8":{"name":"(anonymous_8)","decl":{"start":{"line":81,"column":4},"end":{"line":81,"column":5}},"loc":{"start":{"line":81,"column":17},"end":{"line":98,"column":5}},"line":81},"9":{"name":"(anonymous_9)","decl":{"start":{"line":99,"column":4},"end":{"line":99,"column":5}},"loc":{"start":{"line":99,"column":21},"end":{"line":110,"column":5}},"line":99},"10":{"name":"(anonymous_10)","decl":{"start":{"line":111,"column":4},"end":{"line":111,"column":5}},"loc":{"start":{"line":111,"column":41},"end":{"line":152,"column":5}},"line":111},"11":{"name":"(anonymous_11)","decl":{"start":{"line":127,"column":38},"end":{"line":127,"column":39}},"loc":{"start":{"line":127,"column":55},"end":{"line":131,"column":29}},"line":127},"12":{"name":"(anonymous_12)","decl":{"start":{"line":132,"column":39},"end":{"line":132,"column":40}},"loc":{"start":{"line":132,"column":46},"end":{"line":134,"column":29}},"line":132},"13":{"name":"(anonymous_13)","decl":{"start":{"line":153,"column":4},"end":{"line":153,"column":5}},"loc":{"start":{"line":153,"column":39},"end":{"line":200,"column":5}},"line":153},"14":{"name":"(anonymous_14)","decl":{"start":{"line":176,"column":34},"end":{"line":176,"column":35}},"loc":{"start":{"line":176,"column":55},"end":{"line":183,"column":25}},"line":176},"15":{"name":"(anonymous_15)","decl":{"start":{"line":201,"column":4},"end":{"line":201,"column":5}},"loc":{"start":{"line":201,"column":38},"end":{"line":209,"column":5}},"line":201},"16":{"name":"(anonymous_16)","decl":{"start":{"line":210,"column":4},"end":{"line":210,"column":5}},"loc":{"start":{"line":210,"column":34},"end":{"line":224,"column":5}},"line":210}},"branchMap":{"0":{"loc":{"start":{"line":2,"column":22},"end":{"line":4,"column":1}},"type":"binary-expr","locations":[{"start":{"line":2,"column":23},"end":{"line":2,"column":27}},{"start":{"line":2,"column":31},"end":{"line":2,"column":51}},{"start":{"line":2,"column":56},"end":{"line":4,"column":1}}],"line":2},"1":{"loc":{"start":{"line":3,"column":11},"end":{"line":3,"column":61}},"type":"cond-expr","locations":[{"start":{"line":3,"column":37},"end":{"line":3,"column":40}},{"start":{"line":3,"column":43},"end":{"line":3,"column":61}}],"line":3},"2":{"loc":{"start":{"line":3,"column":12},"end":{"line":3,"column":33}},"type":"binary-expr","locations":[{"start":{"line":3,"column":12},"end":{"line":3,"column":15}},{"start":{"line":3,"column":19},"end":{"line":3,"column":33}}],"line":3},"3":{"loc":{"start":{"line":22,"column":8},"end":{"line":24,"column":9}},"type":"if","locations":[{"start":{"line":22,"column":8},"end":{"line":24,"column":9}},{"start":{"line":22,"column":8},"end":{"line":24,"column":9}}],"line":22},"4":{"loc":{"start":{"line":25,"column":8},"end":{"line":27,"column":9}},"type":"if","locations":[{"start":{"line":25,"column":8},"end":{"line":27,"column":9}},{"start":{"line":25,"column":8},"end":{"line":27,"column":9}}],"line":25},"5":{"loc":{"start":{"line":28,"column":8},"end":{"line":30,"column":9}},"type":"if","locations":[{"start":{"line":28,"column":8},"end":{"line":30,"column":9}},{"start":{"line":28,"column":8},"end":{"line":30,"column":9}}],"line":28},"6":{"loc":{"start":{"line":34,"column":8},"end":{"line":36,"column":9}},"type":"if","locations":[{"start":{"line":34,"column":8},"end":{"line":36,"column":9}},{"start":{"line":34,"column":8},"end":{"line":36,"column":9}}],"line":34},"7":{"loc":{"start":{"line":37,"column":8},"end":{"line":39,"column":9}},"type":"if","locations":[{"start":{"line":37,"column":8},"end":{"line":39,"column":9}},{"start":{"line":37,"column":8},"end":{"line":39,"column":9}}],"line":37},"8":{"loc":{"start":{"line":54,"column":16},"end":{"line":56,"column":17}},"type":"if","locations":[{"start":{"line":54,"column":16},"end":{"line":56,"column":17}},{"start":{"line":54,"column":16},"end":{"line":56,"column":17}}],"line":54},"9":{"loc":{"start":{"line":57,"column":16},"end":{"line":59,"column":17}},"type":"if","locations":[{"start":{"line":57,"column":16},"end":{"line":59,"column":17}},{"start":{"line":57,"column":16},"end":{"line":59,"column":17}}],"line":57},"10":{"loc":{"start":{"line":74,"column":16},"end":{"line":76,"column":17}},"type":"if","locations":[{"start":{"line":74,"column":16},"end":{"line":76,"column":17}},{"start":{"line":74,"column":16},"end":{"line":76,"column":17}}],"line":74},"11":{"loc":{"start":{"line":102,"column":12},"end":{"line":107,"column":13}},"type":"if","locations":[{"start":{"line":102,"column":12},"end":{"line":107,"column":13}},{"start":{"line":102,"column":12},"end":{"line":107,"column":13}}],"line":102},"12":{"loc":{"start":{"line":105,"column":17},"end":{"line":107,"column":13}},"type":"if","locations":[{"start":{"line":105,"column":17},"end":{"line":107,"column":13}},{"start":{"line":105,"column":17},"end":{"line":107,"column":13}}],"line":105},"13":{"loc":{"start":{"line":122,"column":20},"end":{"line":137,"column":21}},"type":"if","locations":[{"start":{"line":122,"column":20},"end":{"line":137,"column":21}},{"start":{"line":122,"column":20},"end":{"line":137,"column":21}}],"line":122},"14":{"loc":{"start":{"line":122,"column":24},"end":{"line":122,"column":86}},"type":"binary-expr","locations":[{"start":{"line":122,"column":24},"end":{"line":122,"column":43}},{"start":{"line":122,"column":47},"end":{"line":122,"column":86}}],"line":122},"15":{"loc":{"start":{"line":124,"column":24},"end":{"line":136,"column":25}},"type":"if","locations":[{"start":{"line":124,"column":24},"end":{"line":136,"column":25}},{"start":{"line":124,"column":24},"end":{"line":136,"column":25}}],"line":124},"16":{"loc":{"start":{"line":143,"column":12},"end":{"line":145,"column":13}},"type":"if","locations":[{"start":{"line":143,"column":12},"end":{"line":145,"column":13}},{"start":{"line":143,"column":12},"end":{"line":145,"column":13}}],"line":143},"17":{"loc":{"start":{"line":159,"column":12},"end":{"line":161,"column":13}},"type":"if","locations":[{"start":{"line":159,"column":12},"end":{"line":161,"column":13}},{"start":{"line":159,"column":12},"end":{"line":161,"column":13}}],"line":159},"18":{"loc":{"start":{"line":171,"column":16},"end":{"line":187,"column":17}},"type":"if","locations":[{"start":{"line":171,"column":16},"end":{"line":187,"column":17}},{"start":{"line":171,"column":16},"end":{"line":187,"column":17}}],"line":171},"19":{"loc":{"start":{"line":171,"column":20},"end":{"line":171,"column":52}},"type":"binary-expr","locations":[{"start":{"line":171,"column":20},"end":{"line":171,"column":24}},{"start":{"line":171,"column":28},"end":{"line":171,"column":52}}],"line":171},"20":{"loc":{"start":{"line":173,"column":20},"end":{"line":186,"column":21}},"type":"if","locations":[{"start":{"line":173,"column":20},"end":{"line":186,"column":21}},{"start":{"line":173,"column":20},"end":{"line":186,"column":21}}],"line":173},"21":{"loc":{"start":{"line":191,"column":12},"end":{"line":193,"column":13}},"type":"if","locations":[{"start":{"line":191,"column":12},"end":{"line":193,"column":13}},{"start":{"line":191,"column":12},"end":{"line":193,"column":13}}],"line":191},"22":{"loc":{"start":{"line":219,"column":12},"end":{"line":221,"column":13}},"type":"if","locations":[{"start":{"line":219,"column":12},"end":{"line":221,"column":13}},{"start":{"line":219,"column":12},"end":{"line":221,"column":13}}],"line":219}},"s":{"0":1,"1":5,"2":1,"3":1,"4":1,"5":1,"6":1,"7":1,"8":1,"9":1,"10":1,"11":1,"12":73,"13":73,"14":93,"15":8,"16":85,"17":4,"18":81,"19":55,"20":26,"21":17,"22":3,"23":14,"24":3,"25":11,"26":11,"27":11,"28":11,"29":0,"30":183,"31":183,"32":183,"33":183,"34":183,"35":0,"36":183,"37":2,"38":181,"39":99,"40":99,"41":93,"42":90,"43":14,"44":14,"45":14,"46":19,"47":17,"48":14,"49":73,"50":73,"51":73,"52":73,"53":10,"54":10,"55":10,"56":0,"57":121,"58":121,"59":522,"60":7,"61":515,"62":482,"63":114,"64":55,"65":55,"66":55,"67":55,"68":55,"69":52,"70":52,"71":52,"72":35966,"73":35966,"74":35870,"75":35870,"76":35870,"77":35870,"78":35865,"79":35865,"80":9,"81":35870,"82":52,"83":52,"84":11,"85":41,"86":41,"87":14,"88":26,"89":26,"90":26,"91":26,"92":23,"93":23,"94":5,"95":18,"96":18,"97":18,"98":18,"99":18,"100":18,"101":18,"102":311,"103":311,"104":311,"105":311,"106":163,"107":163,"108":163,"109":163,"110":163,"111":18,"112":18,"113":18,"114":12,"115":6,"116":6,"117":20,"118":47,"119":47,"120":47,"121":47,"122":47,"123":47,"124":61,"125":61,"126":47,"127":1},"f":{"0":5,"1":73,"2":93,"3":17,"4":183,"5":183,"6":14,"7":14,"8":73,"9":121,"10":55,"11":35870,"12":9,"13":26,"14":163,"15":47,"16":47},"b":{"0":[1,1,1],"1":[3,2],"2":[5,5],"3":[8,85],"4":[4,81],"5":[55,26],"6":[3,14],"7":[3,11],"8":[0,183],"9":[2,181],"10":[17,2],"11":[7,515],"12":[482,33],"13":[35870,96],"14":[35966,35925],"15":[35870,0],"16":[11,41],"17":[5,18],"18":[311,0],"19":[311,311],"20":[163,148],"21":[12,6],"22":[61,0]},"inputSourceMap":{"version":3,"file":"/Users/han/code/cpsc310/c1/project_team123/src/controller/InsightFacade.ts","sources":["/Users/han/code/cpsc310/c1/project_team123/src/controller/InsightFacade.ts"],"names":[],"mappings":";;;;;AAAA,qDAO0B;AAC1B,kEAA0C;AAC1C,4DAAoC;AAEpC,wDAA0B;AAC1B,kDAA0B;AAC1B,8EAAsD;AACtD,2CAAsC;AAEtC,mCAA6B;AAG7B,MAAM,UAAU,GAAG,QAAQ,CAAC;AAO5B,MAAqB,aAAa;IAEzB,MAAM,CAAC,QAAQ,CAAsC;IAE7D;QACC,aAAa,CAAC,QAAQ,GAAG,IAAI,GAAG,EAAE,CAAC;QACnC,IAAI,CAAC,UAAU,EAAE,CAAC;IAEnB,CAAC;IAMM,KAAK,CAAC,UAAU,CAAC,EAAU,EAAE,OAAe,EAAE,IAAwB;QAC5E,IAAI,IAAI,CAAC,YAAY,CAAC,EAAE,CAAC,EAAE;YAE1B,OAAO,OAAO,CAAC,MAAM,CAAC,IAAI,6BAAY,CAAC,YAAY,CAAC,CAAC,CAAC;SACtD;QAED,IAAI,aAAa,CAAC,QAAQ,CAAC,GAAG,CAAC,EAAE,CAAC,EAAE;YACnC,OAAO,OAAO,CAAC,MAAM,CAAC,IAAI,6BAAY,CAAC,+BAA+B,CAAC,CAAC,CAAC;SACzE;QAED,IAAI,IAAI,KAAK,mCAAkB,CAAC,QAAQ,EAAE;YACzC,OAAO,IAAI,CAAC,iBAAiB,CAAC,EAAE,EAAE,OAAO,CAAC,CAAC;SAC3C;QACD,OAAO,IAAI,CAAC,eAAe,CAAC,EAAE,EAAE,OAAO,CAAC,CAAC;IAC1C,CAAC;IAKM,KAAK,CAAC,aAAa,CAAC,EAAU;QACpC,IAAI,IAAI,CAAC,YAAY,CAAC,EAAE,CAAC,EAAE;YAC1B,OAAO,OAAO,CAAC,MAAM,CAAC,IAAI,6BAAY,CAAC,YAAY,CAAC,CAAC,CAAC;SACtD;QACD,IAAI,CAAC,aAAa,CAAC,QAAQ,CAAC,GAAG,CAAC,EAAE,CAAC,EAAE;YACpC,OAAO,OAAO,CAAC,MAAM,CAAC,IAAI,8BAAa,CAAC,2BAA2B,CAAC,CAAC,CAAC;SACtE;QAED,IAAI;YACH,MAAM,kBAAE,CAAC,MAAM,CAAC,UAAU,GAAG,GAAG,GAAG,EAAE,GAAG,OAAO,CAAC,CAAC;YACjD,aAAa,CAAC,QAAQ,CAAC,GAAG,CAAC,EAAE,EAAE,KAAK,CAAC,CAAC;YACtC,OAAO,OAAO,CAAC,OAAO,CAAC,EAAE,CAAC,CAAC;SAC3B;QAAC,MAAM;YACP,OAAO,OAAO,CAAC,MAAM,CAAC,IAAI,6BAAY,CAAC,wBAAwB,CAAC,CAAC,CAAC;SAClE;IACF,CAAC;IAOM,YAAY,CAAC,KAAc;QACjC,OAAO,IAAI,OAAO,CAAC,CAAC,OAAO,EAAE,MAAM,EAAE,EAAE;YACtC,IAAI,OAAO,GAAoB,EAAE,CAAC;YAClC,IAAI,EAAE,GAAmB,IAAI,wBAAc,EAAE,CAAC;YAE9C,IAAI;gBACH,IAAI,CAAC,kBAAE,CAAC,cAAc,CAAC,UAAU,CAAC,EAAE;oBACnC,MAAM,IAAI,6BAAY,CAAC,mBAAmB,CAAC,CAAC;iBAC5C;gBAED,IAAI,OAAO,KAAK,KAAK,QAAQ,EAAE;oBAC9B,MAAM,IAAI,6BAAY,CAAC,yBAAyB,CAAC,CAAC;iBAClD;gBACD,EAAE,CAAC,aAAa,CAAC,KAAe,CAAC,CAAC;gBAClC,IAAI,WAAW,GAAG,IAAI,aAAK,CAAC,KAAkB,CAAC,CAAC;gBAChD,OAAO,GAAG,WAAW,CAAC,OAAO,EAAE,CAAC;gBAChC,OAAO,CAAC,OAAO,CAAC,CAAC;aACjB;YAAC,OAAO,KAAK,EAAE;gBACf,MAAM,CAAC,KAAK,CAAC,CAAC;aACd;QACF,CAAC,CAAC,CAAC;IACJ,CAAC;IAEM,YAAY;QAClB,OAAO,IAAI,OAAO,CAAC,CAAC,OAAO,EAAE,MAAM,EAAE,EAAE;YACtC,IAAI,MAAM,GAAqB,EAAE,CAAC;YAClC,KAAK,IAAI,OAAO,IAAI,aAAa,CAAC,QAAQ,CAAC,MAAM,EAAE,EAAE;gBACpD,IAAI,OAAO,EAAE;oBACZ,MAAM,CAAC,IAAI,CAAC,OAAO,CAAC,CAAC;iBACrB;aACD;YACD,OAAO,CAAC,MAAM,CAAC,CAAC;QACjB,CAAC,CAAC,CAAC;IACJ,CAAC;IAEO,UAAU;QACjB,IAAI;YACH,kBAAE,CAAC,aAAa,CAAC,UAAU,CAAC,CAAC;YAC7B,IAAI,KAAK,GAAG,kBAAE,CAAC,WAAW,CAAC,UAAU,CAAC,CAAC;YACvC,KAAK,IAAI,IAAI,IAAI,KAAK,EAAE;gBACvB,IAAI,MAAM,GAAG,kBAAE,CAAC,YAAY,CAAC,UAAU,GAAG,GAAG,GAAG,IAAI,CAAC,CAAC;gBACtD,IAAI,IAAI,GAAmB;oBAC1B,EAAE,EAAE,MAAM,CAAC,EAAE;oBACb,IAAI,EAAE,MAAM,CAAC,IAAI;oBACjB,OAAO,EAAE,MAAM,CAAC,OAAO;iBACvB,CAAC;gBACF,aAAa,CAAC,QAAQ,CAAC,GAAG,CAAC,MAAM,CAAC,EAAE,EAAE,IAAI,CAAC,CAAC;aAC5C;SACD;QAAC,MAAM;YACP,OAAO,CAAC,KAAK,CAAC,gCAAgC,CAAC,CAAC;SAChD;IACF,CAAC;IAGM,YAAY,CAAC,EAAU;QAC7B,IAAI,UAAU,GAAY,IAAI,CAAC;QAC/B,KAAK,IAAI,MAAM,IAAI,EAAE,EAAE;YACtB,IAAI,MAAM,KAAK,GAAG,EAAE;gBACnB,OAAO,IAAI,CAAC;aACZ;iBAAM,IAAI,MAAM,KAAK,GAAG,EAAE;gBAC1B,UAAU,GAAG,KAAK,CAAC;aACnB;SACD;QACD,OAAO,UAAU,CAAC;IACnB,CAAC;IAEO,KAAK,CAAC,iBAAiB,CAAC,EAAU,EAAE,OAAe;QAC1D,IAAI;YACH,IAAI,OAAO,GAAG,IAAI,kBAAQ,CAAC,EAAE,CAAC,CAAC;YAC/B,MAAM,YAAY,GAAG,MAAM,CAAC,IAAI,CAAC,OAAO,EAAE,QAAQ,CAAC,CAAC;YACpD,MAAM,GAAG,GAAG,IAAI,eAAK,EAAE,CAAC;YACxB,MAAM,GAAG,CAAC,SAAS,CAAC,YAAY,CAAC,CAAC;YAClC,MAAM,KAAK,GAAG,GAAG,CAAC,KAAK,CAAC;YAExB,MAAM,QAAQ,GAAG,EAAE,CAAC;YAEpB,KAAK,IAAI,QAAQ,IAAI,MAAM,CAAC,IAAI,CAAC,KAAK,CAAC,EAAE;gBACxC,IAAI;oBACH,IAAI,UAAU,CAAC;oBACf,IAAI,QAAQ,CAAC,MAAM,GAAG,CAAC,IAAI,QAAQ,CAAC,SAAS,CAAC,CAAC,EAAE,CAAC,CAAC,KAAK,UAAU,EAAE;wBACnE,IAAI,IAAI,GAAG,GAAG,CAAC,KAAK,CAAC,QAAQ,CAAC,CAAC;wBAC/B,IAAI,CAAC,IAAI,CAAC,GAAG,EAAE;4BACd,UAAU,GAAG,IAAI;iCACf,KAAK,CAAC,MAAM,CAAC;iCACb,IAAI,CAAC,CAAC,WAAW,EAAE,EAAE;gCACrB,IAAI,MAAM,GAAG,IAAI,CAAC,KAAK,CAAC,WAAW,CAAC,CAAC;gCACrC,IAAI,MAAM,GAAG,MAAM,CAAC,QAAQ,CAAC,CAAC;gCAC9B,OAAO,CAAC,WAAW,CAAC,MAAM,CAAC,CAAC;4BAC7B,CAAC,CAAC;iCACD,KAAK,CAAC,CAAC,CAAC,EAAE,EAAE;gCACZ,OAAO,OAAO,CAAC,OAAO,EAAE,CAAC;4BAC1B,CAAC,CAAC,CAAC;4BACJ,QAAQ,CAAC,IAAI,CAAC,UAAU,CAAC,CAAC;yBAC1B;qBACD;iBACD;gBAAC,MAAM;iBAEP;aACD;YACD,MAAM,OAAO,CAAC,GAAG,CAAC,QAAQ,CAAC,CAAC;YAE5B,IAAI,OAAO,CAAC,OAAO,EAAE,GAAG,CAAC,EAAE;gBAC1B,MAAM,IAAI,6BAAY,CAAC,mBAAmB,CAAC,CAAC;aAC5C;YACD,MAAM,IAAI,CAAC,kBAAkB,CAAC,OAAO,EAAE,mCAAkB,CAAC,QAAQ,CAAC,CAAC;YACpE,OAAO,IAAI,CAAC,cAAc,CAAC,OAAO,EAAE,mCAAkB,CAAC,QAAQ,CAAC,CAAC;SACjE;QAAC,OAAO,CAAC,EAAE;YACX,MAAM,IAAI,6BAAY,CAAC,yBAAyB,GAAG,CAAC,CAAC,CAAC;SACtD;IACF,CAAC;IAEO,KAAK,CAAC,eAAe,CAAC,EAAU,EAAE,OAAe;QACxD,IAAI;YACH,MAAM,YAAY,GAAG,MAAM,CAAC,IAAI,CAAC,OAAO,EAAE,QAAQ,CAAC,CAAC;YACpD,MAAM,GAAG,GAAG,IAAI,eAAK,EAAE,CAAC;YACxB,MAAM,GAAG,CAAC,SAAS,CAAC,YAAY,CAAC,CAAC;YAClC,IAAI,KAAK,GAAG,GAAG,CAAC,KAAK,CAAC,WAAW,CAAC,CAAC;YACnC,IAAI,CAAC,KAAK,EAAE;gBACX,MAAM,IAAI,6BAAY,CAAC,mBAAmB,CAAC,CAAC;aAC5C;YACD,IAAI,YAAY,GAAG,MAAM,KAAK,CAAC,KAAK,CAAC,MAAM,CAAC,CAAC;YAC7C,IAAI,WAAW,GAAG,IAAA,cAAK,EAAC,YAAY,CAAC,CAAC;YACtC,IAAI,KAAK,GAAG,IAAI,eAAK,CAAC,EAAE,CAAC,CAAC;YAC1B,IAAI,SAAS,GAAG,KAAK,CAAC,YAAY,CAAC,WAAW,CAAC,CAAC;YAChD,IAAI,YAAY,GAAG,KAAK,CAAC,eAAe,CAAC,SAAS,CAAC,CAAC;YACpD,IAAI,QAAQ,GAAG,CAAC,YAAY,CAAC,CAAC;YAC9B,KAAK,IAAI,QAAQ,IAAI,SAAS,EAAE;gBAC/B,IAAI,UAAU,CAAC;gBACf,IAAI,IAAI,GAAG,QAAQ,CAAC,GAAG,CAAC,MAAM,CAAC,CAAC;gBAChC,IAAI,IAAI,IAAI,OAAO,IAAI,KAAK,QAAQ,EAAE;oBACrC,IAAI,YAAY,GAAG,GAAG,CAAC,KAAK,CAAC,IAAI,CAAC,CAAC;oBACnC,IAAI,YAAY,EAAE;wBACjB,UAAU,GAAG,YAAY;6BACvB,KAAK,CAAC,MAAM,CAAC;6BACb,IAAI,CAAC,CAAC,eAAe,EAAE,EAAE;4BACzB,IAAI;gCACH,IAAI,MAAM,GAAG,IAAA,cAAK,EAAC,eAAe,CAAC,CAAC;gCACpC,KAAK,CAAC,QAAQ,CAAC,MAAM,EAAE,QAAQ,CAAC,CAAC;6BACjC;4BAAC,MAAM;6BAEP;wBACF,CAAC,CAAC;6BACD,KAAK,EAAE,CAAC;wBACV,QAAQ,CAAC,IAAI,CAAC,UAAU,CAAC,CAAC;qBAC1B;iBACD;aACD;YACD,MAAM,OAAO,CAAC,GAAG,CAAC,QAAQ,CAAC,CAAC;YAC5B,KAAK,CAAC,MAAM,CAAC,SAAS,CAAC,CAAC;YAExB,IAAI,KAAK,CAAC,OAAO,EAAE,GAAG,CAAC,EAAE;gBACxB,MAAM,IAAI,6BAAY,CAAC,gBAAgB,CAAC,CAAC;aACzC;YACD,MAAM,IAAI,CAAC,kBAAkB,CAAC,KAAK,EAAE,mCAAkB,CAAC,KAAK,CAAC,CAAC;YAC/D,OAAO,IAAI,CAAC,cAAc,CAAC,KAAK,EAAE,mCAAkB,CAAC,KAAK,CAAC,CAAC;SAC5D;QAAC,OAAO,CAAC,EAAE;YACX,MAAM,IAAI,6BAAY,CAAC,yBAAyB,GAAG,CAAC,CAAC,CAAC;SACtD;IACF,CAAC;IAEO,kBAAkB,CAAC,OAAyB,EAAE,IAAwB;QAC7E,IAAI,IAAI,GAAG;YACV,EAAE,EAAE,OAAO,CAAC,KAAK,EAAE;YACnB,IAAI,EAAE,IAAI;YACV,OAAO,EAAE,OAAO,CAAC,OAAO,EAAE;YAC1B,QAAQ,EAAE,OAAO,CAAC,OAAO,EAAE;SAC3B,CAAC;QACF,OAAO,kBAAE,CAAC,SAAS,CAAC,UAAU,GAAG,GAAG,GAAG,OAAO,CAAC,KAAK,EAAE,GAAG,OAAO,EAAE,IAAI,CAAC,SAAS,CAAC,IAAI,CAAC,CAAC,CAAC;IACzF,CAAC;IAEO,cAAc,CAAC,OAAyB,EAAE,IAAwB;QACzE,IAAI,OAAO,GAAa,EAAE,CAAC;QAC3B,IAAI,IAAI,GAAmB;YAC1B,EAAE,EAAE,OAAO,CAAC,KAAK,EAAE;YACnB,IAAI,EAAE,IAAI;YACV,OAAO,EAAE,OAAO,CAAC,OAAO,EAAE;SAC1B,CAAC;QACF,aAAa,CAAC,QAAQ,CAAC,GAAG,CAAC,OAAO,CAAC,KAAK,EAAE,EAAE,IAAI,CAAC,CAAC;QAClD,KAAK,IAAI,gBAAgB,IAAI,aAAa,CAAC,QAAQ,CAAC,IAAI,EAAE,EAAE;YAC3D,IAAI,aAAa,CAAC,QAAQ,CAAC,GAAG,CAAC,gBAAgB,CAAC,EAAE;gBACjD,OAAO,CAAC,IAAI,CAAC,gBAAgB,CAAC,CAAC;aAC/B;SACD;QACD,OAAO,OAAO,CAAC,OAAO,CAAC,OAAO,CAAC,CAAC;IACjC,CAAC;CACD;AAhPD,gCAgPC","sourcesContent":["import {\n\tIInsightFacade,\n\tInsightDataset,\n\tInsightDatasetKind,\n\tInsightError,\n\tInsightResult,\n\tNotFoundError,\n} from \"./IInsightFacade\";\nimport Sections from \"../models/Sections\";\nimport Rooms from \"../models/Rooms\";\n\nimport fs from \"fs-extra\";\nimport JSZip from \"jszip\";\nimport QueryValidator from \"../models/QueryValidator\";\nimport {Query} from \"../models/Query\";\nimport {JSONQuery} from \"../models/IQuery\";\nimport {parse} from \"parse5\";\nimport {Document} from \"parse5/dist/tree-adapters/default\";\n\nconst persistDir = \"./data\";\n// const tempDir = \"./temp\";\n\n/**\n * This is the main programmatic entry point for the project.\n * Method documentation is in IInsightFacade\n */\nexport default class InsightFacade implements IInsightFacade {\n\t// Datasets is a map of dataset ids to if they are used or not.\n\tprivate static datasets: Map<string, InsightDataset | false>;\n\n\tconstructor() {\n\t\tInsightFacade.datasets = new Map();\n\t\tthis.initialize();\n\t\t// console.log(\"InsightFacadeImpl::init()\");\n\t}\n\n\t// 1. Check valid InsightDatasetKind\n\t// 2. Check valid id\n\t// 3. Check Valid content\n\t// 4. Add dataset\n\tpublic async addDataset(id: string, content: string, kind: InsightDatasetKind): Promise<string[]> {\n\t\tif (this.isNotValidID(id)) {\n\t\t\t// Reject if id is not valid\n\t\t\treturn Promise.reject(new InsightError(\"Invalid id\"));\n\t\t}\n\t\t// Reject if a dataset with the same id is already present\n\t\tif (InsightFacade.datasets.get(id)) {\n\t\t\treturn Promise.reject(new InsightError(\"id already present in dataset\"));\n\t\t}\n\n\t\tif (kind === InsightDatasetKind.Sections) {\n\t\t\treturn this.addSectionDataset(id, content);\n\t\t}\n\t\treturn this.addRoomsDataset(id, content);\n\t}\n\n\t// 1. Check valid id\n\t// 2. Check id is in dataset\n\t// 3. Remove dataset\n\tpublic async removeDataset(id: string): Promise<string> {\n\t\tif (this.isNotValidID(id)) {\n\t\t\treturn Promise.reject(new InsightError(\"Invalid id\"));\n\t\t}\n\t\tif (!InsightFacade.datasets.get(id)) {\n\t\t\treturn Promise.reject(new NotFoundError(\"ID not present in dataset\"));\n\t\t}\n\n\t\ttry {\n\t\t\tawait fs.remove(persistDir + \"/\" + id + \".json\");\n\t\t\tInsightFacade.datasets.set(id, false);\n\t\t\treturn Promise.resolve(id);\n\t\t} catch {\n\t\t\treturn Promise.reject(new InsightError(\"Error removing dataset\"));\n\t\t}\n\t}\n\n\t// 1. Check dataset is present\n\t// 2. Check Query is valid\n\t// 3. Check id is a query that was added\n\t// 4. Check that output is not too large\n\t// 5. return output\n\tpublic performQuery(query: unknown): Promise<InsightResult[]> {\n\t\treturn new Promise((resolve, reject) => {\n\t\t\tlet results: InsightResult[] = [];\n\t\t\tlet QV: QueryValidator = new QueryValidator();\n\n\t\t\ttry {\n\t\t\t\tif (!fs.pathExistsSync(persistDir)) {\n\t\t\t\t\tthrow new InsightError(\"No datasets added\");\n\t\t\t\t}\n\n\t\t\t\tif (typeof query !== \"object\") {\n\t\t\t\t\tthrow new InsightError(\"Query must be an object\");\n\t\t\t\t}\n\t\t\t\tQV.validateQuery(query as object);\n\t\t\t\tlet parsedQuery = new Query(query as JSONQuery);\n\t\t\t\tresults = parsedQuery.execute();\n\t\t\t\tresolve(results);\n\t\t\t} catch (error) {\n\t\t\t\treject(error);\n\t\t\t}\n\t\t});\n\t}\n\n\tpublic listDatasets(): Promise<InsightDataset[]> {\n\t\treturn new Promise((resolve, reject) => {\n\t\t\tlet result: InsightDataset[] = [];\n\t\t\tfor (let dataset of InsightFacade.datasets.values()) {\n\t\t\t\tif (dataset) {\n\t\t\t\t\tresult.push(dataset);\n\t\t\t\t}\n\t\t\t}\n\t\t\tresolve(result);\n\t\t});\n\t}\n\n\tprivate initialize(): void {\n\t\ttry {\n\t\t\tfs.ensureDirSync(persistDir);\n\t\t\tlet files = fs.readdirSync(persistDir);\n\t\t\tfor (let file of files) {\n\t\t\t\tlet object = fs.readJSONSync(persistDir + \"/\" + file);\n\t\t\t\tlet data: InsightDataset = {\n\t\t\t\t\tid: object.id,\n\t\t\t\t\tkind: object.kind,\n\t\t\t\t\tnumRows: object.numRows,\n\t\t\t\t};\n\t\t\t\tInsightFacade.datasets.set(object.id, data);\n\t\t\t}\n\t\t} catch {\n\t\t\tconsole.error(\"Unable to initialize directory\");\n\t\t}\n\t}\n\n\t// Returns true if id is an empty string, contains only white space or contains an undersore\n\tpublic isNotValidID(id: string): boolean {\n\t\tlet isNotValid: boolean = true;\n\t\tfor (let letter of id) {\n\t\t\tif (letter === \"_\") {\n\t\t\t\treturn true;\n\t\t\t} else if (letter !== \" \") {\n\t\t\t\tisNotValid = false;\n\t\t\t}\n\t\t}\n\t\treturn isNotValid;\n\t}\n\n\tprivate async addSectionDataset(id: string, content: string): Promise<string[]> {\n\t\ttry {\n\t\t\tlet dataset = new Sections(id);\n\t\t\tconst stringBuffer = Buffer.from(content, \"base64\");\n\t\t\tconst zip = new JSZip();\n\t\t\tawait zip.loadAsync(stringBuffer);\n\t\t\tconst files = zip.files;\n\n\t\t\tconst promises = [];\n\n\t\t\tfor (let fileName of Object.keys(files)) {\n\t\t\t\ttry {\n\t\t\t\t\tlet newPromise;\n\t\t\t\t\tif (fileName.length > 8 && fileName.substring(0, 8) === \"courses/\") {\n\t\t\t\t\t\tlet file = zip.files[fileName];\n\t\t\t\t\t\tif (!file.dir) {\n\t\t\t\t\t\t\tnewPromise = file\n\t\t\t\t\t\t\t\t.async(\"text\")\n\t\t\t\t\t\t\t\t.then((fileContent) => {\n\t\t\t\t\t\t\t\t\tlet object = JSON.parse(fileContent);\n\t\t\t\t\t\t\t\t\tlet result = object[\"result\"];\n\t\t\t\t\t\t\t\t\tdataset.addSections(result);\n\t\t\t\t\t\t\t\t})\n\t\t\t\t\t\t\t\t.catch((e) => {\n\t\t\t\t\t\t\t\t\treturn Promise.resolve();\n\t\t\t\t\t\t\t\t}); // Catch any error\n\t\t\t\t\t\t\tpromises.push(newPromise);\n\t\t\t\t\t\t}\n\t\t\t\t\t}\n\t\t\t\t} catch {\n\t\t\t\t\t// It's ok to catch a single itteration\n\t\t\t\t}\n\t\t\t}\n\t\t\tawait Promise.all(promises);\n\n\t\t\tif (dataset.getSize() < 1) {\n\t\t\t\tthrow new InsightError(\"No valid sections\");\n\t\t\t}\n\t\t\tawait this.writeDatasetToFile(dataset, InsightDatasetKind.Sections);\n\t\t\treturn this.updateDatasets(dataset, InsightDatasetKind.Sections);\n\t\t} catch (e) {\n\t\t\tthrow new InsightError(\"Error extracting data: \" + e);\n\t\t}\n\t}\n\n\tprivate async addRoomsDataset(id: string, content: string): Promise<string[]> {\n\t\ttry {\n\t\t\tconst stringBuffer = Buffer.from(content, \"base64\");\n\t\t\tconst zip = new JSZip();\n\t\t\tawait zip.loadAsync(stringBuffer);\n\t\t\tlet index = zip.files[\"index.htm\"];\n\t\t\tif (!index) {\n\t\t\t\tthrow new InsightError(\"No index.htm file\");\n\t\t\t}\n\t\t\tlet indexContent = await index.async(\"text\");\n\t\t\tlet htmlContent = parse(indexContent);\n\t\t\tlet rooms = new Rooms(id);\n\t\t\tlet buildings = rooms.addBuildings(htmlContent);\n\t\t\tlet firstPromise = rooms.getGeolocations(buildings);\n\t\t\tlet promises = [firstPromise];\n\t\t\tfor (let building of buildings) {\n\t\t\t\tlet newPromise;\n\t\t\t\tlet link = building.get(\"href\");\n\t\t\t\tif (link && typeof link === \"string\") {\n\t\t\t\t\tlet buildingFile = zip.files[link];\n\t\t\t\t\tif (buildingFile) {\n\t\t\t\t\t\tnewPromise = buildingFile\n\t\t\t\t\t\t\t.async(\"text\")\n\t\t\t\t\t\t\t.then((buildingContent) => {\n\t\t\t\t\t\t\t\ttry {\n\t\t\t\t\t\t\t\t\tlet parsed = parse(buildingContent);\n\t\t\t\t\t\t\t\t\trooms.addRooms(parsed, building);\n\t\t\t\t\t\t\t\t} catch {\n\t\t\t\t\t\t\t\t\t// Do nothing\n\t\t\t\t\t\t\t\t}\n\t\t\t\t\t\t\t})\n\t\t\t\t\t\t\t.catch(); // Do nothing\n\t\t\t\t\t\tpromises.push(newPromise);\n\t\t\t\t\t}\n\t\t\t\t}\n\t\t\t}\n\t\t\tawait Promise.all(promises);\n\t\t\trooms.update(buildings);\n\n\t\t\tif (rooms.getSize() < 1) {\n\t\t\t\tthrow new InsightError(\"No valid rooms\");\n\t\t\t}\n\t\t\tawait this.writeDatasetToFile(rooms, InsightDatasetKind.Rooms);\n\t\t\treturn this.updateDatasets(rooms, InsightDatasetKind.Rooms);\n\t\t} catch (e) {\n\t\t\tthrow new InsightError(\"Error extracting data: \" + e);\n\t\t}\n\t}\n\n\tprivate writeDatasetToFile(dataset: Sections | Rooms, kind: InsightDatasetKind): Promise<void> {\n\t\tlet data = {\n\t\t\tid: dataset.getId(),\n\t\t\tkind: kind,\n\t\t\tnumRows: dataset.getSize(),\n\t\t\tsections: dataset.getData(),\n\t\t};\n\t\treturn fs.writeFile(persistDir + \"/\" + dataset.getId() + \".json\", JSON.stringify(data));\n\t}\n\n\tprivate updateDatasets(dataset: Sections | Rooms, kind: InsightDatasetKind): Promise<string[]> {\n\t\tlet results: string[] = [];\n\t\tlet data: InsightDataset = {\n\t\t\tid: dataset.getId(),\n\t\t\tkind: kind,\n\t\t\tnumRows: dataset.getSize(),\n\t\t};\n\t\tInsightFacade.datasets.set(dataset.getId(), data);\n\t\tfor (let potentialDataset of InsightFacade.datasets.keys()) {\n\t\t\tif (InsightFacade.datasets.get(potentialDataset)) {\n\t\t\t\tresults.push(potentialDataset);\n\t\t\t}\n\t\t}\n\t\treturn Promise.resolve(results);\n\t}\n}\n"]},"_coverageSchema":"1a1c01bbd47fc00a2c39e90264f33305004495a9","hash":"b869ab494ac4483294dd2238564ae50de9fd0861","contentHash":"47b194fce0aa7c73450b0431b128cbc7e653fcfe91ca439e62d7113cfbcbde74"},"/Users/han/code/cpsc310/c1/project_team123/src/models/Sections.ts":{"path":"/Users/han/code/cpsc310/c1/project_team123/src/models/Sections.ts","statementMap":{"0":{"start":{"line":2,"column":0},"end":{"line":2,"column":62}},"1":{"start":{"line":3,"column":25},"end":{"line":3,"column":64}},"2":{"start":{"line":4,"column":18},"end":{"line":4,"column":38}},"3":{"start":{"line":7,"column":8},"end":{"line":7,"column":64}},"4":{"start":{"line":10,"column":8},"end":{"line":18,"column":9}},"5":{"start":{"line":11,"column":12},"end":{"line":17,"column":13}},"6":{"start":{"line":12,"column":41},"end":{"line":12,"column":65}},"7":{"start":{"line":13,"column":16},"end":{"line":13,"column":49}},"8":{"start":{"line":14,"column":16},"end":{"line":14,"column":28}},"9":{"start":{"line":21,"column":8},"end":{"line":23,"column":9}},"10":{"start":{"line":22,"column":12},"end":{"line":22,"column":73}},"11":{"start":{"line":24,"column":8},"end":{"line":26,"column":9}},"12":{"start":{"line":25,"column":12},"end":{"line":25,"column":37}},"13":{"start":{"line":29,"column":25},"end":{"line":40,"column":9}},"14":{"start":{"line":41,"column":8},"end":{"line":41,"column":26}},"15":{"start":{"line":44,"column":20},"end":{"line":44,"column":32}},"16":{"start":{"line":45,"column":8},"end":{"line":47,"column":9}},"17":{"start":{"line":46,"column":12},"end":{"line":46,"column":75}},"18":{"start":{"line":48,"column":8},"end":{"line":50,"column":9}},"19":{"start":{"line":49,"column":12},"end":{"line":49,"column":23}},"20":{"start":{"line":51,"column":8},"end":{"line":65,"column":9}},"21":{"start":{"line":52,"column":12},"end":{"line":61,"column":13}},"22":{"start":{"line":53,"column":16},"end":{"line":53,"column":38}},"23":{"start":{"line":56,"column":29},"end":{"line":56,"column":46}},"24":{"start":{"line":57,"column":16},"end":{"line":59,"column":17}},"25":{"start":{"line":58,"column":20},"end":{"line":58,"column":62}},"26":{"start":{"line":60,"column":16},"end":{"line":60,"column":30}},"27":{"start":{"line":64,"column":12},"end":{"line":64,"column":93}},"28":{"start":{"line":68,"column":8},"end":{"line":68,"column":54}},"29":{"start":{"line":71,"column":8},"end":{"line":71,"column":54}},"30":{"start":{"line":74,"column":8},"end":{"line":79,"column":9}},"31":{"start":{"line":75,"column":12},"end":{"line":75,"column":24}},"32":{"start":{"line":78,"column":12},"end":{"line":78,"column":53}},"33":{"start":{"line":82,"column":0},"end":{"line":82,"column":27}}},"fnMap":{"0":{"name":"(anonymous_0)","decl":{"start":{"line":6,"column":4},"end":{"line":6,"column":5}},"loc":{"start":{"line":6,"column":20},"end":{"line":8,"column":5}},"line":6},"1":{"name":"(anonymous_1)","decl":{"start":{"line":9,"column":4},"end":{"line":9,"column":5}},"loc":{"start":{"line":9,"column":24},"end":{"line":19,"column":5}},"line":9},"2":{"name":"(anonymous_2)","decl":{"start":{"line":20,"column":4},"end":{"line":20,"column":5}},"loc":{"start":{"line":20,"column":26},"end":{"line":27,"column":5}},"line":20},"3":{"name":"(anonymous_3)","decl":{"start":{"line":28,"column":4},"end":{"line":28,"column":5}},"loc":{"start":{"line":28,"column":24},"end":{"line":42,"column":5}},"line":28},"4":{"name":"(anonymous_4)","decl":{"start":{"line":43,"column":4},"end":{"line":43,"column":5}},"loc":{"start":{"line":43,"column":34},"end":{"line":66,"column":5}},"line":43},"5":{"name":"(anonymous_5)","decl":{"start":{"line":67,"column":4},"end":{"line":67,"column":5}},"loc":{"start":{"line":67,"column":30},"end":{"line":69,"column":5}},"line":67},"6":{"name":"(anonymous_6)","decl":{"start":{"line":70,"column":4},"end":{"line":70,"column":5}},"loc":{"start":{"line":70,"column":30},"end":{"line":72,"column":5}},"line":70},"7":{"name":"(anonymous_7)","decl":{"start":{"line":73,"column":4},"end":{"line":73,"column":5}},"loc":{"start":{"line":73,"column":21},"end":{"line":80,"column":5}},"line":73}},"branchMap":{"0":{"loc":{"start":{"line":10,"column":8},"end":{"line":18,"column":9}},"type":"if","locations":[{"start":{"line":10,"column":8},"end":{"line":18,"column":9}},{"start":{"line":10,"column":8},"end":{"line":18,"column":9}}],"line":10},"1":{"loc":{"start":{"line":21,"column":8},"end":{"line":23,"column":9}},"type":"if","locations":[{"start":{"line":21,"column":8},"end":{"line":23,"column":9}},{"start":{"line":21,"column":8},"end":{"line":23,"column":9}}],"line":21},"2":{"loc":{"start":{"line":45,"column":8},"end":{"line":47,"column":9}},"type":"if","locations":[{"start":{"line":45,"column":8},"end":{"line":47,"column":9}},{"start":{"line":45,"column":8},"end":{"line":47,"column":9}}],"line":45},"3":{"loc":{"start":{"line":48,"column":8},"end":{"line":50,"column":9}},"type":"if","locations":[{"start":{"line":48,"column":8},"end":{"line":50,"column":9}},{"start":{"line":48,"column":8},"end":{"line":50,"column":9}}],"line":48},"4":{"loc":{"start":{"line":52,"column":12},"end":{"line":61,"column":13}},"type":"if","locations":[{"start":{"line":52,"column":12},"end":{"line":61,"column":13}},{"start":{"line":52,"column":12},"end":{"line":61,"column":13}}],"line":52},"5":{"loc":{"start":{"line":57,"column":16},"end":{"line":59,"column":17}},"type":"if","locations":[{"start":{"line":57,"column":16},"end":{"line":59,"column":17}},{"start":{"line":57,"column":16},"end":{"line":59,"column":17}}],"line":57},"6":{"loc":{"start":{"line":57,"column":20},"end":{"line":57,"column":43}},"type":"binary-expr","locations":[{"start":{"line":57,"column":20},"end":{"line":57,"column":27}},{"start":{"line":57,"column":31},"end":{"line":57,"column":43}}],"line":57},"7":{"loc":{"start":{"line":74,"column":8},"end":{"line":79,"column":9}},"type":"if","locations":[{"start":{"line":74,"column":8},"end":{"line":79,"column":9}},{"start":{"line":74,"column":8},"end":{"line":79,"column":9}}],"line":74}},"s":{"0":1,"1":1,"2":1,"3":136,"4":402247,"5":402246,"6":402246,"7":402221,"8":402221,"9":35868,"10":3,"11":35865,"12":402238,"13":402246,"14":402221,"15":3873781,"16":3873781,"17":23,"18":3873758,"19":3217847,"20":655911,"21":655911,"22":402233,"23":253678,"24":253678,"25":2,"26":253676,"27":2,"28":2011192,"29":1862589,"30":402234,"31":148554,"32":253680,"33":1},"f":{"0":136,"1":402247,"2":35868,"3":402246,"4":3873781,"5":2011192,"6":1862589,"7":402234},"b":{"0":[402246,1],"1":[3,35865],"2":[23,3873758],"3":[3217847,655911],"4":[402233,253678],"5":[2,253676],"6":[253678,4],"7":[148554,253680]},"inputSourceMap":{"version":3,"file":"/Users/han/code/cpsc310/c1/project_team123/src/models/Sections.ts","sources":["/Users/han/code/cpsc310/c1/project_team123/src/models/Sections.ts"],"names":[],"mappings":";;AAAA,iEAA8E;AAC9E,uCAAkC;AAelC,MAAqB,QAAS,SAAQ,iBAAO;IAC5C,YAAY,EAAU;QACrB,KAAK,CAAC,EAAE,EAAE,mCAAkB,CAAC,QAAQ,CAAC,CAAC;IACxC,CAAC;IAIM,UAAU,CAAC,OAAY;QAC7B,IAAI,OAAO,KAAK,SAAS,EAAE;YAC1B,IAAI;gBACH,MAAM,gBAAgB,GAAY,IAAI,CAAC,UAAU,CAAC,OAAO,CAAC,CAAC;gBAC3D,IAAI,CAAC,IAAI,CAAC,IAAI,CAAC,gBAAgB,CAAC,CAAC;gBAEjC,IAAI,CAAC,IAAI,EAAE,CAAC;aACZ;YAAC,MAAM;aAEP;SACD;IACF,CAAC;IAIM,WAAW,CAAC,QAAe;QAEjC,IAAI,QAAQ,KAAK,SAAS,EAAE;YAC3B,MAAM,IAAI,6BAAY,CAAC,mBAAmB,CAAC,CAAC;SAC5C;QACD,KAAK,IAAI,OAAO,IAAI,QAAQ,EAAE;YAC7B,IAAI,CAAC,UAAU,CAAC,OAAO,CAAC,CAAC;SACzB;IAEF,CAAC;IAEO,UAAU,CAAC,OAAY;QAC9B,IAAI,UAAU,GAAY;YACzB,IAAI,EAAE,IAAI,CAAC,WAAW,CAAC,OAAO,EAAE,IAAI,CAAC;YACrC,EAAE,EAAE,IAAI,CAAC,WAAW,CAAC,OAAO,EAAE,QAAQ,CAAC;YACvC,KAAK,EAAE,IAAI,CAAC,WAAW,CAAC,OAAO,EAAE,OAAO,CAAC;YACzC,UAAU,EAAE,IAAI,CAAC,WAAW,CAAC,OAAO,EAAE,WAAW,CAAC;YAClD,IAAI,EAAE,IAAI,CAAC,WAAW,CAAC,OAAO,EAAE,SAAS,CAAC;YAC1C,IAAI,EAAE,IAAI,CAAC,OAAO,CAAC,OAAO,CAAC;YAC3B,GAAG,EAAE,IAAI,CAAC,WAAW,CAAC,OAAO,EAAE,KAAK,CAAC;YACrC,IAAI,EAAE,IAAI,CAAC,WAAW,CAAC,OAAO,EAAE,MAAM,CAAC;YACvC,IAAI,EAAE,IAAI,CAAC,WAAW,CAAC,OAAO,EAAE,MAAM,CAAC;YACvC,KAAK,EAAE,IAAI,CAAC,WAAW,CAAC,OAAO,EAAE,OAAO,CAAC;SACzC,CAAC;QACF,OAAO,UAAU,CAAC;IACnB,CAAC;IAGO,SAAS,CAAC,OAAY,EAAE,GAAW,EAAE,IAAyB;QACrE,MAAM,GAAG,GAAG,OAAO,CAAC,GAAG,CAAC,CAAC;QACzB,IAAI,GAAG,KAAK,SAAS,EAAE;YACtB,MAAM,IAAI,6BAAY,CAAC,GAAG,GAAG,eAAe,CAAC,CAAC;SAC9C;QACD,IAAI,OAAO,GAAG,KAAK,IAAI,EAAE;YACxB,OAAO,GAAG,CAAC;SACX;QAED,IAAI;YACH,IAAI,IAAI,KAAK,QAAQ,EAAE;gBAEtB,OAAO,GAAG,CAAC,QAAQ,EAAE,CAAC;aACtB;iBAAM;gBACN,IAAI,MAAM,GAAG,QAAQ,CAAC,GAAG,EAAE,EAAE,CAAC,CAAC;gBAC/B,IAAI,CAAC,MAAM,IAAI,MAAM,KAAK,CAAC,EAAE;oBAC5B,MAAM,IAAI,6BAAY,EAAE,CAAC;iBACzB;gBAED,OAAO,MAAM,CAAC;aACd;SACD;QAAC,MAAM;YACP,MAAM,IAAI,6BAAY,CAAC,GAAG,GAAG,0BAA0B,GAAG,IAAI,CAAC,CAAC;SAChE;IACF,CAAC;IAEO,WAAW,CAAC,OAAY,EAAE,GAAW;QAC5C,OAAO,IAAI,CAAC,SAAS,CAAC,OAAO,EAAE,GAAG,EAAE,QAAQ,CAAW,CAAC;IACzD,CAAC;IAEO,WAAW,CAAC,OAAY,EAAE,GAAW;QAC5C,OAAO,IAAI,CAAC,SAAS,CAAC,OAAO,EAAE,GAAG,EAAE,QAAQ,CAAW,CAAC;IACzD,CAAC;IAEO,OAAO,CAAC,OAAY;QAC3B,IAAI,OAAO,CAAC,SAAS,CAAC,KAAK,SAAS,EAAE;YACrC,OAAO,IAAI,CAAC;SACZ;aAAM;YACN,OAAO,IAAI,CAAC,WAAW,CAAC,OAAO,EAAE,MAAM,CAAC,CAAC;SACzC;IACF,CAAC;CACD;AA3FD,2BA2FC","sourcesContent":["import {InsightDatasetKind, InsightError} from \"../controller/IInsightFacade\";\nimport {Dataset} from \"./Dataset\";\n\nexport interface Section {\n\tuuid: string;\n\tid: string;\n\ttitle: string;\n\tinstructor: string;\n\tdept: string;\n\tyear: number;\n\tavg: number;\n\tpass: number;\n\tfail: number;\n\taudit: number;\n}\n\nexport default class Sections extends Dataset {\n\tconstructor(id: string) {\n\t\tsuper(id, InsightDatasetKind.Sections);\n\t}\n\n\t// Adds section to this.section and increases size by 1\n\t// If section is missing required keys then it does not add\n\tpublic addSection(section: any): void {\n\t\tif (section !== undefined) {\n\t\t\ttry {\n\t\t\t\tconst formattedSection: Section = this.newSection(section);\n\t\t\t\tthis.data.push(formattedSection);\n\t\t\t\t// console.log(this.data)\n\t\t\t\tthis.size++;\n\t\t\t} catch {\n\t\t\t\t// do nothing\n\t\t\t}\n\t\t}\n\t}\n\n\t// Adds sections to a dataset\n\t// Throws InsightError if input list is empty\n\tpublic addSections(sections: any[]): void {\n\t\t// console.log(this.getSize())\n\t\tif (sections === undefined) {\n\t\t\tthrow new InsightError(\"No valid sections\");\n\t\t}\n\t\tfor (let section of sections) {\n\t\t\tthis.addSection(section);\n\t\t}\n\t\t// console.log(this.getSize())\n\t}\n\n\tprivate newSection(section: any): Section {\n\t\tlet newSection: Section = {\n\t\t\tuuid: this.keyToString(section, \"id\"),\n\t\t\tid: this.keyToString(section, \"Course\"),\n\t\t\ttitle: this.keyToString(section, \"Title\"),\n\t\t\tinstructor: this.keyToString(section, \"Professor\"),\n\t\t\tdept: this.keyToString(section, \"Subject\"),\n\t\t\tyear: this.getYear(section),\n\t\t\tavg: this.keyToNumber(section, \"Avg\"),\n\t\t\tpass: this.keyToNumber(section, \"Pass\"),\n\t\t\tfail: this.keyToNumber(section, \"Fail\"),\n\t\t\taudit: this.keyToNumber(section, \"Audit\"),\n\t\t};\n\t\treturn newSection;\n\t}\n\n\t// Checks the type of the key and tries to conver to type, otherwise throws InsightError\n\tprivate keyToType(section: any, key: string, type: \"string\" | \"number\"): string | number {\n\t\tconst obj = section[key];\n\t\tif (obj === undefined) {\n\t\t\tthrow new InsightError(key + \" is undefined\");\n\t\t}\n\t\tif (typeof obj === type) {\n\t\t\treturn obj;\n\t\t}\n\n\t\ttry {\n\t\t\tif (type === \"string\") {\n\t\t\t\t// console.log(\"returning: \" + key)\n\t\t\t\treturn obj.toString();\n\t\t\t} else {\n\t\t\t\tlet result = parseInt(obj, 10);\n\t\t\t\tif (!result && result !== 0) {\n\t\t\t\t\tthrow new InsightError();\n\t\t\t\t}\n\t\t\t\t// console.log(\"returning: \" + key);\n\t\t\t\treturn result;\n\t\t\t}\n\t\t} catch {\n\t\t\tthrow new InsightError(key + \" cannot be converted to \" + type);\n\t\t}\n\t}\n\n\tprivate keyToString(section: any, key: string): string {\n\t\treturn this.keyToType(section, key, \"string\") as string;\n\t}\n\n\tprivate keyToNumber(section: any, key: string): number {\n\t\treturn this.keyToType(section, key, \"number\") as number;\n\t}\n\n\tprivate getYear(section: any): number {\n\t\tif (section[\"Section\"] === \"overall\") {\n\t\t\treturn 1900;\n\t\t} else {\n\t\t\treturn this.keyToNumber(section, \"Year\");\n\t\t}\n\t}\n}\n"]},"_coverageSchema":"1a1c01bbd47fc00a2c39e90264f33305004495a9","hash":"953642cde33462425239b2a2bdba8bbf0a653760","contentHash":"c03ffbd8b4fe71321dadedd02dd69a0349c33b4156d2194fca4042cfb1e24400"},"/Users/han/code/cpsc310/c1/project_team123/src/models/Dataset.ts":{"path":"/Users/han/code/cpsc310/c1/project_team123/src/models/Dataset.ts","statementMap":{"0":{"start":{"line":2,"column":0},"end":{"line":2,"column":62}},"1":{"start":{"line":3,"column":0},"end":{"line":3,"column":25}},"2":{"start":{"line":4,"column":25},"end":{"line":4,"column":64}},"3":{"start":{"line":11,"column":8},"end":{"line":11,"column":22}},"4":{"start":{"line":12,"column":8},"end":{"line":12,"column":21}},"5":{"start":{"line":13,"column":8},"end":{"line":13,"column":25}},"6":{"start":{"line":14,"column":8},"end":{"line":14,"column":23}},"7":{"start":{"line":17,"column":8},"end":{"line":17,"column":23}},"8":{"start":{"line":20,"column":8},"end":{"line":20,"column":25}},"9":{"start":{"line":23,"column":8},"end":{"line":23,"column":25}},"10":{"start":{"line":26,"column":8},"end":{"line":26,"column":25}},"11":{"start":{"line":29,"column":20},"end":{"line":29,"column":29}},"12":{"start":{"line":30,"column":8},"end":{"line":32,"column":11}},"13":{"start":{"line":31,"column":12},"end":{"line":31,"column":113}},"14":{"start":{"line":33,"column":8},"end":{"line":33,"column":19}},"15":{"start":{"line":36,"column":8},"end":{"line":38,"column":9}},"16":{"start":{"line":37,"column":12},"end":{"line":37,"column":77}},"17":{"start":{"line":39,"column":8},"end":{"line":41,"column":9}},"18":{"start":{"line":40,"column":12},"end":{"line":40,"column":45}},"19":{"start":{"line":44,"column":8},"end":{"line":47,"column":9}},"20":{"start":{"line":45,"column":12},"end":{"line":45,"column":34}},"21":{"start":{"line":46,"column":12},"end":{"line":46,"column":24}},"22":{"start":{"line":50,"column":0},"end":{"line":50,"column":26}}},"fnMap":{"0":{"name":"(anonymous_0)","decl":{"start":{"line":10,"column":4},"end":{"line":10,"column":5}},"loc":{"start":{"line":10,"column":26},"end":{"line":15,"column":5}},"line":10},"1":{"name":"(anonymous_1)","decl":{"start":{"line":16,"column":4},"end":{"line":16,"column":5}},"loc":{"start":{"line":16,"column":12},"end":{"line":18,"column":5}},"line":16},"2":{"name":"(anonymous_2)","decl":{"start":{"line":19,"column":4},"end":{"line":19,"column":5}},"loc":{"start":{"line":19,"column":14},"end":{"line":21,"column":5}},"line":19},"3":{"name":"(anonymous_3)","decl":{"start":{"line":22,"column":4},"end":{"line":22,"column":5}},"loc":{"start":{"line":22,"column":14},"end":{"line":24,"column":5}},"line":22},"4":{"name":"(anonymous_4)","decl":{"start":{"line":25,"column":4},"end":{"line":25,"column":5}},"loc":{"start":{"line":25,"column":14},"end":{"line":27,"column":5}},"line":25},"5":{"name":"(anonymous_5)","decl":{"start":{"line":28,"column":4},"end":{"line":28,"column":5}},"loc":{"start":{"line":28,"column":19},"end":{"line":34,"column":5}},"line":28},"6":{"name":"(anonymous_6)","decl":{"start":{"line":30,"column":26},"end":{"line":30,"column":27}},"loc":{"start":{"line":30,"column":37},"end":{"line":32,"column":9}},"line":30},"7":{"name":"(anonymous_7)","decl":{"start":{"line":35,"column":4},"end":{"line":35,"column":5}},"loc":{"start":{"line":35,"column":30},"end":{"line":42,"column":5}},"line":35},"8":{"name":"(anonymous_8)","decl":{"start":{"line":43,"column":4},"end":{"line":43,"column":5}},"loc":{"start":{"line":43,"column":32},"end":{"line":48,"column":5}},"line":43}},"branchMap":{"0":{"loc":{"start":{"line":31,"column":20},"end":{"line":31,"column":104}},"type":"cond-expr","locations":[{"start":{"line":31,"column":81},"end":{"line":31,"column":91}},{"start":{"line":31,"column":94},"end":{"line":31,"column":104}}],"line":31},"1":{"loc":{"start":{"line":36,"column":8},"end":{"line":38,"column":9}},"type":"if","locations":[{"start":{"line":36,"column":8},"end":{"line":38,"column":9}},{"start":{"line":36,"column":8},"end":{"line":38,"column":9}}],"line":36},"2":{"loc":{"start":{"line":44,"column":8},"end":{"line":47,"column":9}},"type":"if","locations":[{"start":{"line":44,"column":8},"end":{"line":47,"column":9}},{"start":{"line":44,"column":8},"end":{"line":47,"column":9}}],"line":44}},"s":{"0":1,"1":1,"2":1,"3":181,"4":181,"5":181,"6":181,"7":188,"8":176,"9":3521399,"10":215,"11":96,"12":96,"13":4468056,"14":96,"15":96,"16":0,"17":96,"18":4468056,"19":4468056,"20":4468056,"21":4468056,"22":1},"f":{"0":181,"1":188,"2":176,"3":3521399,"4":215,"5":96,"6":4468056,"7":96,"8":4468056},"b":{"0":[4458228,9828],"1":[0,96],"2":[4468056,0]},"inputSourceMap":{"version":3,"file":"/Users/han/code/cpsc310/c1/project_team123/src/models/Dataset.ts","sources":["/Users/han/code/cpsc310/c1/project_team123/src/models/Dataset.ts"],"names":[],"mappings":";;;AAAA,iEAA8E;AAE9E,MAAsB,OAAO;IACpB,EAAE,CAAS;IACT,IAAI,CAAS;IACf,IAAI,CAAqB;IACvB,IAAI,CAAQ;IAEtB,YAAY,EAAU,EAAE,IAAwB;QAC/C,IAAI,CAAC,IAAI,GAAG,CAAC,CAAC;QACd,IAAI,CAAC,EAAE,GAAG,EAAE,CAAC;QACb,IAAI,CAAC,IAAI,GAAG,IAAI,CAAC;QACjB,IAAI,CAAC,IAAI,GAAG,EAAE,CAAC;IAChB,CAAC;IAEM,KAAK;QACX,OAAO,IAAI,CAAC,EAAE,CAAC;IAChB,CAAC;IAEM,OAAO;QACb,OAAO,IAAI,CAAC,IAAI,CAAC;IAClB,CAAC;IAEM,OAAO;QACb,OAAO,IAAI,CAAC,IAAI,CAAC;IAClB,CAAC;IAEM,OAAO;QACb,OAAO,IAAI,CAAC,IAAI,CAAC;IAClB,CAAC;IAEM,YAAY;QAClB,MAAM,GAAG,GAAG,IAAI,GAAG,EAAe,CAAC;QACnC,IAAI,CAAC,IAAI,CAAC,OAAO,CAAC,CAAC,KAAK,EAAE,EAAE;YAC3B,GAAG,CAAC,GAAG,CAAC,IAAI,CAAC,IAAI,KAAK,mCAAkB,CAAC,QAAQ,CAAC,CAAC,CAAC,KAAK,CAAC,IAAI,CAAC,CAAC,CAAC,KAAK,CAAC,IAAI,EAAE,KAAK,CAAC,CAAC;QACrF,CAAC,CAAC,CAAC;QACH,OAAO,GAAG,CAAC;IACZ,CAAC;IAEM,eAAe,CAAC,QAAe;QACrC,IAAI,QAAQ,KAAK,SAAS,EAAE;YAC3B,MAAM,IAAI,6BAAY,CAAC,YAAY,IAAI,CAAC,IAAI,EAAE,CAAC,CAAC;SAChD;QACD,KAAK,IAAI,KAAK,IAAI,QAAQ,EAAE;YAC3B,IAAI,CAAC,oBAAoB,CAAC,KAAK,CAAC,CAAC;SACjC;IACF,CAAC;IAEO,oBAAoB,CAAC,KAAU;QACtC,IAAI,KAAK,KAAK,SAAS,EAAE;YACxB,IAAI,CAAC,IAAI,CAAC,IAAI,CAAC,KAAK,CAAC,CAAC;YACtB,IAAI,CAAC,IAAI,EAAE,CAAC;SACZ;IACF,CAAC;CACD;AApDD,0BAoDC","sourcesContent":["import {InsightDatasetKind, InsightError} from \"../controller/IInsightFacade\";\n\nexport abstract class Dataset {\n\tprivate id: string;\n\tprotected size: number;\n\tprivate kind: InsightDatasetKind;\n\tprotected data: any[];\n\n\tconstructor(id: string, kind: InsightDatasetKind) {\n\t\tthis.size = 0;\n\t\tthis.id = id;\n\t\tthis.kind = kind;\n\t\tthis.data = [];\n\t}\n\n\tpublic getId(): string {\n\t\treturn this.id;\n\t}\n\n\tpublic getSize(): number {\n\t\treturn this.size;\n\t}\n\n\tpublic getKind(): InsightDatasetKind {\n\t\treturn this.kind;\n\t}\n\n\tpublic getData(): any[] {\n\t\treturn this.data;\n\t}\n\n\tpublic getDataAsMap(): Map<string, any> {\n\t\tconst map = new Map<string, any>();\n\t\tthis.data.forEach((entry) => {\n\t\t\tmap.set(this.kind === InsightDatasetKind.Sections ? entry.uuid : entry.href, entry);\n\t\t});\n\t\treturn map;\n\t}\n\n\tpublic addDataFromJSON(fileData: any[]): void {\n\t\tif (fileData === undefined) {\n\t\t\tthrow new InsightError(`No valid ${this.kind}`);\n\t\t}\n\t\tfor (let entry of fileData) {\n\t\t\tthis.addAlreadyValidEntry(entry);\n\t\t}\n\t}\n\n\tprivate addAlreadyValidEntry(entry: any) {\n\t\tif (entry !== undefined) {\n\t\t\tthis.data.push(entry);\n\t\t\tthis.size++;\n\t\t}\n\t}\n}\n"]},"_coverageSchema":"1a1c01bbd47fc00a2c39e90264f33305004495a9","hash":"f9ae1f479cd8c806e4db9ec5081e5f45d624a756","contentHash":"20dfe138611a0923623811dad29080c5b566fb13c5e95a5c23513803823b2ada"},"/Users/han/code/cpsc310/c1/project_team123/src/models/Rooms.ts":{"path":"/Users/han/code/cpsc310/c1/project_team123/src/models/Rooms.ts","statementMap":{"0":{"start":{"line":2,"column":22},"end":{"line":4,"column":1}},"1":{"start":{"line":3,"column":4},"end":{"line":3,"column":62}},"2":{"start":{"line":5,"column":0},"end":{"line":5,"column":62}},"3":{"start":{"line":6,"column":25},"end":{"line":6,"column":64}},"4":{"start":{"line":7,"column":20},"end":{"line":7,"column":57}},"5":{"start":{"line":8,"column":18},"end":{"line":8,"column":38}},"6":{"start":{"line":10,"column":16},"end":{"line":10,"column":79}},"7":{"start":{"line":12,"column":8},"end":{"line":12,"column":61}},"8":{"start":{"line":15,"column":24},"end":{"line":15,"column":26}},"9":{"start":{"line":16,"column":21},"end":{"line":16,"column":50}},"10":{"start":{"line":17,"column":8},"end":{"line":26,"column":9}},"11":{"start":{"line":18,"column":23},"end":{"line":18,"column":52}},"12":{"start":{"line":19,"column":23},"end":{"line":19,"column":51}},"13":{"start":{"line":20,"column":12},"end":{"line":25,"column":13}},"14":{"start":{"line":21,"column":31},"end":{"line":21,"column":52}},"15":{"start":{"line":22,"column":16},"end":{"line":24,"column":17}},"16":{"start":{"line":23,"column":20},"end":{"line":23,"column":45}},"17":{"start":{"line":27,"column":8},"end":{"line":27,"column":25}},"18":{"start":{"line":30,"column":29},"end":{"line":30,"column":65}},"19":{"start":{"line":31,"column":8},"end":{"line":35,"column":9}},"20":{"start":{"line":32,"column":12},"end":{"line":34,"column":13}},"21":{"start":{"line":33,"column":16},"end":{"line":33,"column":29}},"22":{"start":{"line":36,"column":8},"end":{"line":36,"column":20}},"23":{"start":{"line":39,"column":23},"end":{"line":39,"column":32}},"24":{"start":{"line":40,"column":8},"end":{"line":40,"column":116}},"25":{"start":{"line":41,"column":8},"end":{"line":41,"column":115}},"26":{"start":{"line":42,"column":8},"end":{"line":42,"column":100}},"27":{"start":{"line":43,"column":8},"end":{"line":43,"column":76}},"28":{"start":{"line":44,"column":8},"end":{"line":44,"column":24}},"29":{"start":{"line":47,"column":20},"end":{"line":47,"column":22}},"30":{"start":{"line":48,"column":21},"end":{"line":48,"column":60}},"31":{"start":{"line":49,"column":8},"end":{"line":64,"column":9}},"32":{"start":{"line":50,"column":23},"end":{"line":50,"column":52}},"33":{"start":{"line":51,"column":23},"end":{"line":51,"column":51}},"34":{"start":{"line":52,"column":12},"end":{"line":63,"column":13}},"35":{"start":{"line":53,"column":27},"end":{"line":53,"column":44}},"36":{"start":{"line":54,"column":32},"end":{"line":54,"column":57}},"37":{"start":{"line":55,"column":29},"end":{"line":55,"column":47}},"38":{"start":{"line":56,"column":16},"end":{"line":59,"column":17}},"39":{"start":{"line":57,"column":31},"end":{"line":57,"column":55}},"40":{"start":{"line":58,"column":20},"end":{"line":58,"column":43}},"41":{"start":{"line":60,"column":16},"end":{"line":62,"column":17}},"42":{"start":{"line":61,"column":20},"end":{"line":61,"column":37}},"43":{"start":{"line":65,"column":8},"end":{"line":65,"column":37}},"44":{"start":{"line":68,"column":8},"end":{"line":92,"column":9}},"45":{"start":{"line":69,"column":24},"end":{"line":69,"column":45}},"46":{"start":{"line":70,"column":12},"end":{"line":72,"column":13}},"47":{"start":{"line":71,"column":16},"end":{"line":71,"column":25}},"48":{"start":{"line":73,"column":12},"end":{"line":91,"column":13}},"49":{"start":{"line":74,"column":16},"end":{"line":90,"column":17}},"50":{"start":{"line":75,"column":35},"end":{"line":87,"column":21}},"51":{"start":{"line":88,"column":20},"end":{"line":88,"column":45}},"52":{"start":{"line":89,"column":20},"end":{"line":89,"column":32}},"53":{"start":{"line":95,"column":27},"end":{"line":95,"column":83}},"54":{"start":{"line":96,"column":8},"end":{"line":100,"column":9}},"55":{"start":{"line":97,"column":12},"end":{"line":99,"column":13}},"56":{"start":{"line":98,"column":16},"end":{"line":98,"column":29}},"57":{"start":{"line":101,"column":8},"end":{"line":103,"column":9}},"58":{"start":{"line":102,"column":12},"end":{"line":102,"column":25}},"59":{"start":{"line":104,"column":8},"end":{"line":104,"column":20}},"60":{"start":{"line":107,"column":19},"end":{"line":107,"column":28}},"61":{"start":{"line":108,"column":8},"end":{"line":108,"column":107}},"62":{"start":{"line":109,"column":8},"end":{"line":109,"column":104}},"63":{"start":{"line":110,"column":8},"end":{"line":110,"column":98}},"64":{"start":{"line":111,"column":8},"end":{"line":111,"column":94}},"65":{"start":{"line":112,"column":8},"end":{"line":112,"column":45}},"66":{"start":{"line":113,"column":8},"end":{"line":113,"column":20}},"67":{"start":{"line":116,"column":21},"end":{"line":116,"column":23}},"68":{"start":{"line":117,"column":19},"end":{"line":117,"column":25}},"69":{"start":{"line":118,"column":8},"end":{"line":128,"column":9}},"70":{"start":{"line":119,"column":23},"end":{"line":119,"column":33}},"71":{"start":{"line":120,"column":12},"end":{"line":124,"column":13}},"72":{"start":{"line":121,"column":16},"end":{"line":123,"column":17}},"73":{"start":{"line":122,"column":20},"end":{"line":122,"column":37}},"74":{"start":{"line":125,"column":12},"end":{"line":127,"column":13}},"75":{"start":{"line":126,"column":16},"end":{"line":126,"column":34}},"76":{"start":{"line":129,"column":8},"end":{"line":129,"column":22}},"77":{"start":{"line":132,"column":19},"end":{"line":132,"column":23}},"78":{"start":{"line":133,"column":8},"end":{"line":140,"column":9}},"79":{"start":{"line":134,"column":12},"end":{"line":139,"column":13}},"80":{"start":{"line":135,"column":16},"end":{"line":135,"column":42}},"81":{"start":{"line":138,"column":16},"end":{"line":138,"column":42}},"82":{"start":{"line":141,"column":8},"end":{"line":141,"column":20}},"83":{"start":{"line":144,"column":20},"end":{"line":144,"column":45}},"84":{"start":{"line":145,"column":8},"end":{"line":161,"column":9}},"85":{"start":{"line":146,"column":29},"end":{"line":146,"column":39}},"86":{"start":{"line":147,"column":12},"end":{"line":160,"column":13}},"87":{"start":{"line":148,"column":16},"end":{"line":159,"column":17}},"88":{"start":{"line":149,"column":20},"end":{"line":158,"column":21}},"89":{"start":{"line":153,"column":36},"end":{"line":153,"column":66}},"90":{"start":{"line":154,"column":24},"end":{"line":156,"column":25}},"91":{"start":{"line":155,"column":28},"end":{"line":155,"column":38}},"92":{"start":{"line":157,"column":24},"end":{"line":157,"column":87}},"93":{"start":{"line":162,"column":8},"end":{"line":162,"column":25}},"94":{"start":{"line":165,"column":29},"end":{"line":165,"column":53}},"95":{"start":{"line":166,"column":8},"end":{"line":175,"column":9}},"96":{"start":{"line":167,"column":29},"end":{"line":167,"column":39}},"97":{"start":{"line":168,"column":12},"end":{"line":174,"column":13}},"98":{"start":{"line":169,"column":16},"end":{"line":173,"column":17}},"99":{"start":{"line":170,"column":20},"end":{"line":172,"column":21}},"100":{"start":{"line":171,"column":24},"end":{"line":171,"column":47}},"101":{"start":{"line":176,"column":8},"end":{"line":176,"column":25}},"102":{"start":{"line":179,"column":23},"end":{"line":179,"column":25}},"103":{"start":{"line":180,"column":8},"end":{"line":206,"column":9}},"104":{"start":{"line":181,"column":26},"end":{"line":181,"column":49}},"105":{"start":{"line":182,"column":12},"end":{"line":205,"column":13}},"106":{"start":{"line":183,"column":16},"end":{"line":204,"column":17}},"107":{"start":{"line":184,"column":20},"end":{"line":184,"column":58}},"108":{"start":{"line":185,"column":34},"end":{"line":200,"column":22}},"109":{"start":{"line":186,"column":24},"end":{"line":199,"column":27}},"110":{"start":{"line":187,"column":39},"end":{"line":187,"column":41}},"111":{"start":{"line":188,"column":28},"end":{"line":190,"column":31}},"112":{"start":{"line":189,"column":32},"end":{"line":189,"column":46}},"113":{"start":{"line":191,"column":28},"end":{"line":196,"column":31}},"114":{"start":{"line":192,"column":45},"end":{"line":192,"column":61}},"115":{"start":{"line":193,"column":32},"end":{"line":193,"column":67}},"116":{"start":{"line":194,"column":32},"end":{"line":194,"column":67}},"117":{"start":{"line":195,"column":32},"end":{"line":195,"column":46}},"118":{"start":{"line":198,"column":28},"end":{"line":198,"column":47}},"119":{"start":{"line":201,"column":20},"end":{"line":201,"column":43}},"120":{"start":{"line":207,"column":8},"end":{"line":207,"column":44}},"121":{"start":{"line":210,"column":0},"end":{"line":210,"column":24}}},"fnMap":{"0":{"name":"(anonymous_0)","decl":{"start":{"line":2,"column":56},"end":{"line":2,"column":57}},"loc":{"start":{"line":2,"column":71},"end":{"line":4,"column":1}},"line":2},"1":{"name":"(anonymous_1)","decl":{"start":{"line":11,"column":4},"end":{"line":11,"column":5}},"loc":{"start":{"line":11,"column":20},"end":{"line":13,"column":5}},"line":11},"2":{"name":"(anonymous_2)","decl":{"start":{"line":14,"column":4},"end":{"line":14,"column":5}},"loc":{"start":{"line":14,"column":24},"end":{"line":28,"column":5}},"line":14},"3":{"name":"(anonymous_3)","decl":{"start":{"line":29,"column":4},"end":{"line":29,"column":5}},"loc":{"start":{"line":29,"column":30},"end":{"line":37,"column":5}},"line":29},"4":{"name":"(anonymous_4)","decl":{"start":{"line":38,"column":4},"end":{"line":38,"column":5}},"loc":{"start":{"line":38,"column":21},"end":{"line":45,"column":5}},"line":38},"5":{"name":"(anonymous_5)","decl":{"start":{"line":46,"column":4},"end":{"line":46,"column":5}},"loc":{"start":{"line":46,"column":40},"end":{"line":66,"column":5}},"line":46},"6":{"name":"(anonymous_6)","decl":{"start":{"line":67,"column":4},"end":{"line":67,"column":5}},"loc":{"start":{"line":67,"column":22},"end":{"line":93,"column":5}},"line":67},"7":{"name":"(anonymous_7)","decl":{"start":{"line":94,"column":4},"end":{"line":94,"column":5}},"loc":{"start":{"line":94,"column":22},"end":{"line":105,"column":5}},"line":94},"8":{"name":"(anonymous_8)","decl":{"start":{"line":106,"column":4},"end":{"line":106,"column":5}},"loc":{"start":{"line":106,"column":17},"end":{"line":114,"column":5}},"line":106},"9":{"name":"(anonymous_9)","decl":{"start":{"line":115,"column":4},"end":{"line":115,"column":5}},"loc":{"start":{"line":115,"column":24},"end":{"line":130,"column":5}},"line":115},"10":{"name":"(anonymous_10)","decl":{"start":{"line":131,"column":4},"end":{"line":131,"column":5}},"loc":{"start":{"line":131,"column":24},"end":{"line":142,"column":5}},"line":131},"11":{"name":"(anonymous_11)","decl":{"start":{"line":143,"column":4},"end":{"line":143,"column":5}},"loc":{"start":{"line":143,"column":36},"end":{"line":163,"column":5}},"line":143},"12":{"name":"(anonymous_12)","decl":{"start":{"line":164,"column":4},"end":{"line":164,"column":5}},"loc":{"start":{"line":164,"column":19},"end":{"line":177,"column":5}},"line":164},"13":{"name":"(anonymous_13)","decl":{"start":{"line":178,"column":4},"end":{"line":178,"column":5}},"loc":{"start":{"line":178,"column":37},"end":{"line":208,"column":5}},"line":178},"14":{"name":"(anonymous_14)","decl":{"start":{"line":185,"column":46},"end":{"line":185,"column":47}},"loc":{"start":{"line":185,"column":67},"end":{"line":200,"column":21}},"line":185},"15":{"name":"(anonymous_15)","decl":{"start":{"line":186,"column":74},"end":{"line":186,"column":75}},"loc":{"start":{"line":186,"column":88},"end":{"line":197,"column":25}},"line":186},"16":{"name":"(anonymous_16)","decl":{"start":{"line":188,"column":48},"end":{"line":188,"column":49}},"loc":{"start":{"line":188,"column":59},"end":{"line":190,"column":29}},"line":188},"17":{"name":"(anonymous_17)","decl":{"start":{"line":191,"column":47},"end":{"line":191,"column":48}},"loc":{"start":{"line":191,"column":53},"end":{"line":196,"column":29}},"line":191},"18":{"name":"(anonymous_18)","decl":{"start":{"line":197,"column":39},"end":{"line":197,"column":40}},"loc":{"start":{"line":197,"column":52},"end":{"line":199,"column":25}},"line":197}},"branchMap":{"0":{"loc":{"start":{"line":2,"column":22},"end":{"line":4,"column":1}},"type":"binary-expr","locations":[{"start":{"line":2,"column":23},"end":{"line":2,"column":27}},{"start":{"line":2,"column":31},"end":{"line":2,"column":51}},{"start":{"line":2,"column":56},"end":{"line":4,"column":1}}],"line":2},"1":{"loc":{"start":{"line":3,"column":11},"end":{"line":3,"column":61}},"type":"cond-expr","locations":[{"start":{"line":3,"column":37},"end":{"line":3,"column":40}},{"start":{"line":3,"column":43},"end":{"line":3,"column":61}}],"line":3},"2":{"loc":{"start":{"line":3,"column":12},"end":{"line":3,"column":33}},"type":"binary-expr","locations":[{"start":{"line":3,"column":12},"end":{"line":3,"column":15}},{"start":{"line":3,"column":19},"end":{"line":3,"column":33}}],"line":3},"3":{"loc":{"start":{"line":22,"column":16},"end":{"line":24,"column":17}},"type":"if","locations":[{"start":{"line":22,"column":16},"end":{"line":24,"column":17}},{"start":{"line":22,"column":16},"end":{"line":24,"column":17}}],"line":22},"4":{"loc":{"start":{"line":32,"column":12},"end":{"line":34,"column":13}},"type":"if","locations":[{"start":{"line":32,"column":12},"end":{"line":34,"column":13}},{"start":{"line":32,"column":12},"end":{"line":34,"column":13}}],"line":32},"5":{"loc":{"start":{"line":56,"column":16},"end":{"line":59,"column":17}},"type":"if","locations":[{"start":{"line":56,"column":16},"end":{"line":59,"column":17}},{"start":{"line":56,"column":16},"end":{"line":59,"column":17}}],"line":56},"6":{"loc":{"start":{"line":56,"column":20},"end":{"line":56,"column":67}},"type":"binary-expr","locations":[{"start":{"line":56,"column":20},"end":{"line":56,"column":43}},{"start":{"line":56,"column":47},"end":{"line":56,"column":67}}],"line":56},"7":{"loc":{"start":{"line":60,"column":16},"end":{"line":62,"column":17}},"type":"if","locations":[{"start":{"line":60,"column":16},"end":{"line":62,"column":17}},{"start":{"line":60,"column":16},"end":{"line":62,"column":17}}],"line":60},"8":{"loc":{"start":{"line":70,"column":12},"end":{"line":72,"column":13}},"type":"if","locations":[{"start":{"line":70,"column":12},"end":{"line":72,"column":13}},{"start":{"line":70,"column":12},"end":{"line":72,"column":13}}],"line":70},"9":{"loc":{"start":{"line":73,"column":12},"end":{"line":91,"column":13}},"type":"if","locations":[{"start":{"line":73,"column":12},"end":{"line":91,"column":13}},{"start":{"line":73,"column":12},"end":{"line":91,"column":13}}],"line":73},"10":{"loc":{"start":{"line":73,"column":16},"end":{"line":73,"column":55}},"type":"binary-expr","locations":[{"start":{"line":73,"column":16},"end":{"line":73,"column":35}},{"start":{"line":73,"column":39},"end":{"line":73,"column":55}}],"line":73},"11":{"loc":{"start":{"line":97,"column":12},"end":{"line":99,"column":13}},"type":"if","locations":[{"start":{"line":97,"column":12},"end":{"line":99,"column":13}},{"start":{"line":97,"column":12},"end":{"line":99,"column":13}}],"line":97},"12":{"loc":{"start":{"line":101,"column":8},"end":{"line":103,"column":9}},"type":"if","locations":[{"start":{"line":101,"column":8},"end":{"line":103,"column":9}},{"start":{"line":101,"column":8},"end":{"line":103,"column":9}}],"line":101},"13":{"loc":{"start":{"line":120,"column":12},"end":{"line":124,"column":13}},"type":"if","locations":[{"start":{"line":120,"column":12},"end":{"line":124,"column":13}},{"start":{"line":120,"column":12},"end":{"line":124,"column":13}}],"line":120},"14":{"loc":{"start":{"line":125,"column":12},"end":{"line":127,"column":13}},"type":"if","locations":[{"start":{"line":125,"column":12},"end":{"line":127,"column":13}},{"start":{"line":125,"column":12},"end":{"line":127,"column":13}}],"line":125},"15":{"loc":{"start":{"line":133,"column":15},"end":{"line":133,"column":60}},"type":"binary-expr","locations":[{"start":{"line":133,"column":15},"end":{"line":133,"column":30}},{"start":{"line":133,"column":34},"end":{"line":133,"column":60}}],"line":133},"16":{"loc":{"start":{"line":134,"column":12},"end":{"line":139,"column":13}},"type":"if","locations":[{"start":{"line":134,"column":12},"end":{"line":139,"column":13}},{"start":{"line":134,"column":12},"end":{"line":139,"column":13}}],"line":134},"17":{"loc":{"start":{"line":147,"column":12},"end":{"line":160,"column":13}},"type":"if","locations":[{"start":{"line":147,"column":12},"end":{"line":160,"column":13}},{"start":{"line":147,"column":12},"end":{"line":160,"column":13}}],"line":147},"18":{"loc":{"start":{"line":149,"column":20},"end":{"line":158,"column":21}},"type":"if","locations":[{"start":{"line":149,"column":20},"end":{"line":158,"column":21}},{"start":{"line":149,"column":20},"end":{"line":158,"column":21}}],"line":149},"19":{"loc":{"start":{"line":149,"column":24},"end":{"line":152,"column":53}},"type":"binary-expr","locations":[{"start":{"line":149,"column":24},"end":{"line":149,"column":38}},{"start":{"line":150,"column":24},"end":{"line":150,"column":50}},{"start":{"line":151,"column":24},"end":{"line":151,"column":39}},{"start":{"line":152,"column":24},"end":{"line":152,"column":53}}],"line":149},"20":{"loc":{"start":{"line":154,"column":24},"end":{"line":156,"column":25}},"type":"if","locations":[{"start":{"line":154,"column":24},"end":{"line":156,"column":25}},{"start":{"line":154,"column":24},"end":{"line":156,"column":25}}],"line":154},"21":{"loc":{"start":{"line":168,"column":12},"end":{"line":174,"column":13}},"type":"if","locations":[{"start":{"line":168,"column":12},"end":{"line":174,"column":13}},{"start":{"line":168,"column":12},"end":{"line":1
[...]
:{"line":60,"column":13}},"29":{"start":{"line":53,"column":16},"end":{"line":59,"column":29}},"30":{"start":{"line":62,"column":8},"end":{"line":62,"column":17}},"31":{"start":{"line":65,"column":0},"end":{"line":65,"column":60}},"32":{"start":{"line":67,"column":4},"end":{"line":99,"column":5}},"33":{"start":{"line":68,"column":8},"end":{"line":98,"column":11}},"34":{"start":{"line":69,"column":29},"end":{"line":69,"column":54}},"35":{"start":{"line":70,"column":31},"end":{"line":70,"column":66}},"36":{"start":{"line":71,"column":12},"end":{"line":71,"column":74}},"37":{"start":{"line":72,"column":26},"end":{"line":72,"column":72}},"38":{"start":{"line":73,"column":12},"end":{"line":97,"column":13}},"39":{"start":{"line":75,"column":20},"end":{"line":75,"column":90}},"40":{"start":{"line":75,"column":75},"end":{"line":75,"column":87}},"41":{"start":{"line":76,"column":20},"end":{"line":76,"column":26}},"42":{"start":{"line":79,"column":20},"end":{"line":79,"column":90}},"43":{"start":{"line":79,"column":75},"end":{"line":79,"column":87}},"44":{"start":{"line":80,"column":20},"end":{"line":80,"column":26}},"45":{"start":{"line":83,"column":32},"end":{"line":83,"column":59}},"46":{"start":{"line":84,"column":20},"end":{"line":84,"column":109}},"47":{"start":{"line":84,"column":49},"end":{"line":84,"column":106}},"48":{"start":{"line":85,"column":20},"end":{"line":85,"column":95}},"49":{"start":{"line":86,"column":20},"end":{"line":86,"column":26}},"50":{"start":{"line":89,"column":32},"end":{"line":89,"column":152}},"51":{"start":{"line":89,"column":64},"end":{"line":89,"column":148}},"52":{"start":{"line":90,"column":20},"end":{"line":90,"column":62}},"53":{"start":{"line":91,"column":20},"end":{"line":91,"column":26}},"54":{"start":{"line":94,"column":20},"end":{"line":94,"column":91}},"55":{"start":{"line":94,"column":71},"end":{"line":94,"column":83}},"56":{"start":{"line":95,"column":20},"end":{"line":95,"column":26}},"57":{"start":{"line":101,"column":0},"end":{"line":101,"column":32}}},"fnMap":{"0":{"name":"(anonymous_0)","decl":{"start":{"line":2,"column":56},"end":{"line":2,"column":57}},"loc":{"start":{"line":2,"column":71},"end":{"line":4,"column":1}},"line":2},"1":{"name":"validateKeyMatchesKind","decl":{"start":{"line":9,"column":9},"end":{"line":9,"column":31}},"loc":{"start":{"line":9,"column":43},"end":{"line":33,"column":1}},"line":9},"2":{"name":"orderEntriesByString","decl":{"start":{"line":35,"column":9},"end":{"line":35,"column":29}},"loc":{"start":{"line":35,"column":50},"end":{"line":42,"column":1}},"line":35},"3":{"name":"(anonymous_3)","decl":{"start":{"line":41,"column":17},"end":{"line":41,"column":18}},"loc":{"start":{"line":41,"column":28},"end":{"line":41,"column":94}},"line":41},"4":{"name":"orderEntriesBySortObject","decl":{"start":{"line":44,"column":9},"end":{"line":44,"column":33}},"loc":{"start":{"line":44,"column":62},"end":{"line":64,"column":1}},"line":44},"5":{"name":"(anonymous_5)","decl":{"start":{"line":45,"column":17},"end":{"line":45,"column":18}},"loc":{"start":{"line":45,"column":27},"end":{"line":63,"column":5}},"line":45},"6":{"name":"applyRules","decl":{"start":{"line":66,"column":9},"end":{"line":66,"column":19}},"loc":{"start":{"line":66,"column":51},"end":{"line":100,"column":1}},"line":66},"7":{"name":"(anonymous_7)","decl":{"start":{"line":68,"column":22},"end":{"line":68,"column":23}},"loc":{"start":{"line":68,"column":37},"end":{"line":98,"column":9}},"line":68},"8":{"name":"(anonymous_8)","decl":{"start":{"line":75,"column":64},"end":{"line":75,"column":65}},"loc":{"start":{"line":75,"column":75},"end":{"line":75,"column":87}},"line":75},"9":{"name":"(anonymous_9)","decl":{"start":{"line":79,"column":64},"end":{"line":79,"column":65}},"loc":{"start":{"line":79,"column":75},"end":{"line":79,"column":87}},"line":79},"10":{"name":"(anonymous_10)","decl":{"start":{"line":84,"column":37},"end":{"line":84,"column":38}},"loc":{"start":{"line":84,"column":49},"end":{"line":84,"column":106}},"line":84},"11":{"name":"(anonymous_11)","decl":{"start":{"line":89,"column":48},"end":{"line":89,"column":49}},"loc":{"start":{"line":89,"column":64},"end":{"line":89,"column":148}},"line":89},"12":{"name":"(anonymous_12)","decl":{"start":{"line":94,"column":60},"end":{"line":94,"column":61}},"loc":{"start":{"line":94,"column":71},"end":{"line":94,"column":83}},"line":94}},"branchMap":{"0":{"loc":{"start":{"line":2,"column":22},"end":{"line":4,"column":1}},"type":"binary-expr","locations":[{"start":{"line":2,"column":23},"end":{"line":2,"column":27}},{"start":{"line":2,"column":31},"end":{"line":2,"column":51}},{"start":{"line":2,"column":56},"end":{"line":4,"column":1}}],"line":2},"1":{"loc":{"start":{"line":3,"column":11},"end":{"line":3,"column":61}},"type":"cond-expr","locations":[{"start":{"line":3,"column":37},"end":{"line":3,"column":40}},{"start":{"line":3,"column":43},"end":{"line":3,"column":61}}],"line":3},"2":{"loc":{"start":{"line":3,"column":12},"end":{"line":3,"column":33}},"type":"binary-expr","locations":[{"start":{"line":3,"column":12},"end":{"line":3,"column":15}},{"start":{"line":3,"column":19},"end":{"line":3,"column":33}}],"line":3},"3":{"loc":{"start":{"line":24,"column":4},"end":{"line":27,"column":5}},"type":"if","locations":[{"start":{"line":24,"column":4},"end":{"line":27,"column":5}},{"start":{"line":24,"column":4},"end":{"line":27,"column":5}}],"line":24},"4":{"loc":{"start":{"line":24,"column":8},"end":{"line":24,"column":47}},"type":"binary-expr","locations":[{"start":{"line":24,"column":8},"end":{"line":24,"column":25}},{"start":{"line":24,"column":29},"end":{"line":24,"column":47}}],"line":24},"5":{"loc":{"start":{"line":25,"column":29},"end":{"line":25,"column":134}},"type":"cond-expr","locations":[{"start":{"line":25,"column":49},"end":{"line":25,"column":105}},{"start":{"line":25,"column":108},"end":{"line":25,"column":134}}],"line":25},"6":{"loc":{"start":{"line":29,"column":4},"end":{"line":32,"column":5}},"type":"if","locations":[{"start":{"line":29,"column":4},"end":{"line":32,"column":5}},{"start":{"line":29,"column":4},"end":{"line":32,"column":5}}],"line":29},"7":{"loc":{"start":{"line":29,"column":8},"end":{"line":30,"column":91}},"type":"binary-expr","locations":[{"start":{"line":29,"column":9},"end":{"line":29,"column":62}},{"start":{"line":29,"column":66},"end":{"line":29,"column":96}},{"start":{"line":30,"column":9},"end":{"line":30,"column":59}},{"start":{"line":30,"column":63},"end":{"line":30,"column":90}}],"line":29},"8":{"loc":{"start":{"line":37,"column":4},"end":{"line":40,"column":5}},"type":"if","locations":[{"start":{"line":37,"column":4},"end":{"line":40,"column":5}},{"start":{"line":37,"column":4},"end":{"line":40,"column":5}}],"line":37},"9":{"loc":{"start":{"line":41,"column":28},"end":{"line":41,"column":94}},"type":"cond-expr","locations":[{"start":{"line":41,"column":56},"end":{"line":41,"column":58}},{"start":{"line":41,"column":61},"end":{"line":41,"column":94}}],"line":41},"10":{"loc":{"start":{"line":41,"column":61},"end":{"line":41,"column":94}},"type":"cond-expr","locations":[{"start":{"line":41,"column":89},"end":{"line":41,"column":90}},{"start":{"line":41,"column":93},"end":{"line":41,"column":94}}],"line":41},"11":{"loc":{"start":{"line":48,"column":12},"end":{"line":51,"column":13}},"type":"if","locations":[{"start":{"line":48,"column":12},"end":{"line":51,"column":13}},{"start":{"line":48,"column":12},"end":{"line":51,"column":13}}],"line":48},"12":{"loc":{"start":{"line":52,"column":12},"end":{"line":60,"column":13}},"type":"if","locations":[{"start":{"line":52,"column":12},"end":{"line":60,"column":13}},{"start":{"line":52,"column":12},"end":{"line":60,"column":13}}],"line":52},"13":{"loc":{"start":{"line":53,"column":23},"end":{"line":59,"column":28}},"type":"cond-expr","locations":[{"start":{"line":54,"column":22},"end":{"line":56,"column":27}},{"start":{"line":57,"column":22},"end":{"line":59,"column":28}}],"line":53},"14":{"loc":{"start":{"line":54,"column":22},"end":{"line":56,"column":27}},"type":"cond-expr","locations":[{"start":{"line":55,"column":26},"end":{"line":55,"column":28}},{"start":{"line":56,"column":26},"end":{"line":56,"column":27}}],"line":54},"15":{"loc":{"start":{"line":57,"column":22},"end":{"line":59,"column":28}},"type":"cond-expr","locations":[{"start":{"line":58,"column":26},"end":{"line":58,"column":27}},{"start":{"line":59,"column":26},"end":{"line":59,"column":28}}],"line":57},"16":{"loc":{"start":{"line":67,"column":4},"end":{"line":99,"column":5}},"type":"if","locations":[{"start":{"line":67,"column":4},"end":{"line":99,"column":5}},{"start":{"line":67,"column":4},"end":{"line":99,"column":5}}],"line":67},"17":{"loc":{"start":{"line":73,"column":12},"end":{"line":97,"column":13}},"type":"switch","locations":[{"start":{"line":74,"column":16},"end":{"line":77,"column":17}},{"start":{"line":78,"column":16},"end":{"line":81,"column":17}},{"start":{"line":82,"column":16},"end":{"line":87,"column":17}},{"start":{"line":88,"column":16},"end":{"line":92,"column":17}},{"start":{"line":93,"column":16},"end":{"line":96,"column":17}}],"line":73}},"s":{"0":1,"1":1,"2":1,"3":1,"4":1,"5":1,"6":1097809,"7":1097809,"8":1097809,"9":2,"10":2,"11":1097807,"12":1097807,"13":4,"14":1,"15":47,"16":47,"17":44,"18":43,"19":46,"20":174724,"21":1,"22":17,"23":1964,"24":2027,"25":2027,"26":1124,"27":1123,"28":2026,"29":1691,"30":272,"31":1,"32":815,"33":814,"34":1008,"35":1008,"36":1008,"37":1008,"38":1008,"39":486,"40":534151,"41":486,"42":12,"43":64616,"44":12,"45":365,"46":365,"47":516900,"48":365,"49":365,"50":12,"51":64616,"52":12,"53":12,"54":133,"55":64998,"56":133,"57":1},"f":{"0":1,"1":1097809,"2":47,"3":174724,"4":17,"5":1964,"6":815,"7":1008,"8":534151,"9":64616,"10":516900,"11":64616,"12":64998},"b":{"0":[1,1,1],"1":[0,1],"2":[1,1],"3":[2,1097807],"4":[1097809,1097808],"5":[1,1],"6":[4,1097803],"7":[1097807,1086281,1097804,11526],"8":[44,3],"9":[90920,83804],"10":[61586,22218],"11":[1124,903],"12":[1691,335],"13":[691,1000],"14":[390,301],"15":[259,741],"16":[814,1],"17":[486,12,365,12,133]},"inputSourceMap":{"version":3,"file":"/Users/han/code/cpsc310/c1/project_team123/src/utils/QueryUtils.ts","sources":["/Users/han/code/cpsc310/c1/project_team123/src/utils/QueryUtils.ts"],"names":[],"mappings":";;;;;;AAAA,4DAAiC;AAEjC,iEAA8E;AAQ9E,SAAgB,sBAAsB,CAAC,GAAuB,EAAE,IAAoC;IACnG,MAAM,aAAa,GAAG,CAAC,KAAK,EAAE,MAAM,EAAE,MAAM,EAAE,OAAO,EAAE,MAAM,EAAE,MAAM,EAAE,IAAI,EAAE,YAAY,EAAE,OAAO,EAAE,MAAM,CAAC,CAAC;IAC5G,MAAM,UAAU,GAAG;QAClB,KAAK;QACL,KAAK;QACL,OAAO;QACP,UAAU;QACV,WAAW;QACX,QAAQ;QACR,MAAM;QACN,SAAS;QACT,MAAM;QACN,WAAW;QACX,MAAM;KACN,CAAC;IAGF,IAAI,GAAG,KAAK,SAAS,IAAI,IAAI,KAAK,SAAS,EAAE;QAC5C,MAAM,YAAY,GACjB,GAAG,KAAK,SAAS,CAAC,CAAC,CAAC,wDAAwD,CAAC,CAAC,CAAC,0BAA0B,CAAC;QAC3G,MAAM,IAAI,6BAAY,CAAC,gBAAgB,YAAY,EAAE,CAAC,CAAC;KACvD;IAED,MAAM,KAAK,GAAG,GAAG,CAAC,KAAK,CAAC,GAAG,CAAC,CAAC,CAAC,CAAC,CAAC;IAChC,IACC,CAAC,IAAI,KAAK,mCAAkB,CAAC,QAAQ,IAAI,CAAC,aAAa,CAAC,QAAQ,CAAC,KAAK,CAAC,CAAC;QACxE,CAAC,IAAI,KAAK,mCAAkB,CAAC,KAAK,IAAI,CAAC,UAAU,CAAC,QAAQ,CAAC,KAAK,CAAC,CAAC,EACjE;QACD,MAAM,IAAI,6BAAY,CAAC,gBAAgB,GAAG,EAAE,CAAC,CAAC;KAC9C;AACF,CAAC;AA9BD,wDA8BC;AAQD,SAAgB,oBAAoB,CAAC,OAAc,EAAE,GAAW,EAAE,IAAoC;IACrG,IAAI,QAAQ,GAAG,GAAG,CAAC;IAGnB,IAAI,QAAQ,CAAC,QAAQ,CAAC,GAAG,CAAC,EAAE;QAC3B,sBAAsB,CAAC,QAAQ,EAAE,IAAI,CAAC,CAAC;QACvC,QAAQ,GAAG,QAAQ,CAAC,KAAK,CAAC,GAAG,CAAC,CAAC,CAAC,CAAC,CAAC;KAClC;IAGD,OAAO,CAAC,IAAI,CAAC,CAAC,CAAC,EAAE,CAAC,EAAE,EAAE,CAAC,CAAC,CAAC,CAAC,QAAQ,CAAC,GAAG,CAAC,CAAC,QAAQ,CAAC,CAAC,CAAC,CAAC,CAAC,CAAC,CAAC,CAAC,CAAC,CAAC,CAAC,QAAQ,CAAC,GAAG,CAAC,CAAC,QAAQ,CAAC,CAAC,CAAC,CAAC,CAAC,CAAC,CAAC,CAAC,CAAC,CAAC,CAAC,CAAC;AAC9F,CAAC;AAXD,oDAWC;AAQD,SAAgB,wBAAwB,CACvC,OAAc,EACd,WAAiB,EACjB,IAAoC;IAEpC,OAAO,CAAC,IAAI,CAAC,CAAC,CAAC,EAAE,CAAC,EAAE,EAAE;QACrB,KAAK,IAAI,GAAG,IAAI,WAAW,CAAC,IAAI,EAAE;YACjC,IAAI,QAAQ,GAAG,GAAG,CAAC;YAGnB,IAAI,GAAG,CAAC,QAAQ,CAAC,GAAG,CAAC,EAAE;gBACtB,sBAAsB,CAAC,QAAQ,EAAE,IAAI,CAAC,CAAC;gBACvC,QAAQ,GAAG,GAAG,CAAC,KAAK,CAAC,GAAG,CAAC,CAAC,CAAC,CAAC,CAAC;aAC7B;YAGD,IAAI,CAAC,CAAC,QAAQ,CAAC,KAAK,CAAC,CAAC,QAAQ,CAAC,EAAE;gBAChC,OAAO,CAAC,CAAC,QAAQ,CAAC,GAAG,CAAC,CAAC,QAAQ,CAAC;oBAC/B,CAAC,CAAC,WAAW,CAAC,GAAG,KAAK,IAAI;wBACzB,CAAC,CAAC,CAAC,CAAC;wBACJ,CAAC,CAAC,CAAC;oBACJ,CAAC,CAAC,WAAW,CAAC,GAAG,KAAK,IAAI;wBAC1B,CAAC,CAAC,CAAC;wBACH,CAAC,CAAC,CAAC,CAAC,CAAC;aACN;SACD;QAED,OAAO,CAAC,CAAC;IACV,CAAC,CAAC,CAAC;AACJ,CAAC;AA7BD,4DA6BC;AASD,SAAgB,UAAU,CACzB,QAAe,EACf,MAAW,EACX,KAA8B,EAC9B,IAAoC;IAEpC,IAAI,KAAK,KAAK,SAAS,EAAE;QACxB,KAAK,CAAC,OAAO,CAAC,CAAC,SAAS,EAAE,EAAE;YAC3B,MAAM,QAAQ,GAAG,MAAM,CAAC,IAAI,CAAC,SAAS,CAAC,CAAC,CAAC,CAAC,CAAC;YAC3C,MAAM,UAAU,GAAG,MAAM,CAAC,IAAI,CAAC,SAAS,CAAC,QAAQ,CAAC,CAAC,CAAC,CAAC,CAAe,CAAC;YACrE,sBAAsB,CAAC,SAAS,CAAC,QAAQ,CAAC,CAAC,UAAU,CAAC,EAAE,IAAI,CAAC,CAAC;YAC9D,MAAM,KAAK,GAAG,SAAS,CAAC,QAAQ,CAAC,CAAC,UAAU,CAAC,EAAE,KAAK,CAAC,GAAG,CAAC,CAAC,CAAC,CAAC,CAAC;YAI7D,QAAQ,UAAU,EAAE;gBACnB,KAAK,KAAK,CAAC,CAAC;oBACX,MAAM,CAAC,QAAQ,CAAC,GAAG,IAAI,CAAC,GAAG,CAAC,GAAG,QAAQ,CAAC,GAAG,CAAC,CAAC,KAAK,EAAE,EAAE,CAAC,KAAK,CAAC,KAAe,CAAW,CAAC,CAAC,CAAC;oBAC1F,MAAM;iBACM;gBACb,KAAK,KAAK,CAAC,CAAC;oBACX,MAAM,CAAC,QAAQ,CAAC,GAAG,IAAI,CAAC,GAAG,CAAC,GAAG,QAAQ,CAAC,GAAG,CAAC,CAAC,KAAK,EAAE,EAAE,CAAC,KAAK,CAAC,KAAe,CAAW,CAAC,CAAC,CAAC;oBAC1F,MAAM;iBACN;gBACD,KAAK,KAAK,CAAC,CAAC;oBACX,IAAI,KAAK,GAAG,IAAI,oBAAO,CAAC,CAAC,CAAC,CAAC;oBAC3B,QAAQ,CAAC,OAAO,CAAC,CAAC,KAAK,EAAE,EAAE,CAAC,CAAC,KAAK,GAAG,KAAK,CAAC,GAAG,CAAC,IAAI,oBAAO,CAAC,KAAK,CAAC,KAAe,CAAW,CAAC,CAAC,CAAC,CAAC,CAAC;oBAChG,MAAM,CAAC,QAAQ,CAAC,GAAG,MAAM,CAAC,CAAC,KAAK,CAAC,QAAQ,EAAE,GAAG,QAAQ,CAAC,MAAM,CAAC,CAAC,OAAO,CAAC,CAAC,CAAC,CAAC,CAAC;oBAC3E,MAAM;iBACN;gBACD,KAAK,KAAK,CAAC,CAAC;oBACX,MAAM,GAAG,GAAG,QAAQ,CAAC,MAAM,CAC1B,CAAC,GAAG,EAAE,KAAK,EAAE,EAAE,CAAC,IAAI,oBAAO,CAAC,GAAG,CAAC,CAAC,GAAG,CAAC,IAAI,oBAAO,CAAC,KAAK,CAAC,KAAe,CAAW,CAAC,CAAC,CAAC,QAAQ,EAAE,EAC9F,CAAC,CACD,CAAC;oBACF,MAAM,CAAC,QAAQ,CAAC,GAAG,MAAM,CAAC,GAAG,CAAC,OAAO,CAAC,CAAC,CAAC,CAAC,CAAC;oBAC1C,MAAM;iBACN;gBACD,KAAK,OAAO,CAAC,CAAC;oBACb,MAAM,CAAC,QAAQ,CAAC,GAAG,IAAI,GAAG,CAAC,QAAQ,CAAC,GAAG,CAAC,CAAC,KAAK,EAAE,EAAE,CAAC,KAAK,CAAC,KAAe,CAAC,CAAC,CAAC,CAAC,IAAI,CAAC;oBACjF,MAAM;iBACM;aACb;QACF,CAAC,CAAC,CAAC;KACH;AACF,CAAC;AA7CD,gCA6CC","sourcesContent":["import Decimal from \"decimal.js\";\nimport {ApplyRule, ApplyToken, Sort} from \"../models/IQuery\";\nimport {InsightDatasetKind, InsightError} from \"../controller/IInsightFacade\";\n\n/**\n * Validates if the given key matches the expected fields based on the dataset kind.\n * @param {string | undefined} key - The key to be validated.\n * @param {InsightDatasetKind | undefined} kind - The kind of dataset being considered.\n * @throws {InsightError} If key or kind is undefined, or if the key does not match the dataset kind.\n */\nexport function validateKeyMatchesKind(key: string | undefined, kind: InsightDatasetKind | undefined): void {\n\tconst SectionFields = [\"avg\", \"pass\", \"fail\", \"audit\", \"year\", \"dept\", \"id\", \"instructor\", \"title\", \"uuid\"];\n\tconst RoomFields = [\n\t\t\"lat\",\n\t\t\"lon\",\n\t\t\"seats\",\n\t\t\"fullname\",\n\t\t\"shortname\",\n\t\t\"number\",\n\t\t\"name\",\n\t\t\"address\",\n\t\t\"type\",\n\t\t\"furniture\",\n\t\t\"href\",\n\t];\n\n\t// Handle undefined key or kind cases\n\tif (key === undefined || kind === undefined) {\n\t\tconst errorMessage =\n\t\t\tkey === undefined ? \"Key undefined when validating match with dataset kind.\" : \"Dataset has no kind set.\";\n\t\tthrow new InsightError(`Fatal error. ${errorMessage}`);\n\t}\n\t// Validate key against dataset kind\n\tconst field = key.split(\"_\")[1];\n\tif (\n\t\t(kind === InsightDatasetKind.Sections && !SectionFields.includes(field)) ||\n\t\t(kind === InsightDatasetKind.Rooms && !RoomFields.includes(field))\n\t) {\n\t\tthrow new InsightError(`Invalid key: ${key}`);\n\t}\n}\n\n/**\n * Orders the given entries based on a specified key in ascending order.\n * @param {any[]} entries - The array of entries to be sorted.\n * @param {string} key - The key by which entries should be sorted.\n * @param {InsightDatasetKind | undefined} kind - The kind of dataset being considered.\n */\nexport function orderEntriesByString(entries: any[], key: string, kind: InsightDatasetKind | undefined): void {\n\tlet orderKey = key;\n\n\t// Extract the actual field name if the key is prefixed with dataset type\n\tif (orderKey.includes(\"_\")) {\n\t\tvalidateKeyMatchesKind(orderKey, kind);\n\t\torderKey = orderKey.split(\"_\")[1];\n\t}\n\n\t// Sort entries\n\tentries.sort((a, b) => (a[orderKey] < b[orderKey] ? -1 : a[orderKey] > b[orderKey] ? 1 : 0));\n}\n\n/**\n * Orders the given entries based on the provided sort object.\n * @param {any[]} entries - The array of entries to be sorted.\n * @param {Sort} orderObject - The sort object containing direction and keys to order by.\n * @param {InsightDatasetKind | undefined} kind - The kind of dataset being considered.\n */\nexport function orderEntriesBySortObject(\n\tentries: any[],\n\torderObject: Sort,\n\tkind: InsightDatasetKind | undefined\n): void {\n\tentries.sort((a, b) => {\n\t\tfor (let key of orderObject.keys) {\n\t\t\tlet orderKey = key;\n\n\t\t\t// Extract the actual field name if the key is prefixed with dataset type\n\t\t\tif (key.includes(\"_\")) {\n\t\t\t\tvalidateKeyMatchesKind(orderKey, kind);\n\t\t\t\torderKey = key.split(\"_\")[1];\n\t\t\t}\n\n\t\t\t// Compare values and return based on sort direction\n\t\t\tif (a[orderKey] !== b[orderKey]) {\n\t\t\t\treturn a[orderKey] < b[orderKey]\n\t\t\t\t\t? orderObject.dir === \"UP\"\n\t\t\t\t\t\t? -1\n\t\t\t\t\t\t: 1\n\t\t\t\t\t: orderObject.dir === \"UP\"\n\t\t\t\t\t? 1\n\t\t\t\t\t: -1;\n\t\t\t}\n\t\t}\n\t\t// If entries are equal for all keys, they are considered the same\n\t\treturn 0;\n\t});\n}\n\n/**\n * Applies the provided rules on the sections and populates the result object.\n * @param {any[]} sections - The array of sections to apply the rules on.\n * @param {any} result - The result object to populate.\n * @param {ApplyRule[] | undefined} rules - The array of rules to apply.\n * @param {InsightDatasetKind | undefined} kind - The kind of dataset being considered.\n */\nexport function applyRules(\n\tsections: any[],\n\tresult: any,\n\trules: ApplyRule[] | undefined,\n\tkind: InsightDatasetKind | undefined\n): void {\n\tif (rules !== undefined) {\n\t\trules.forEach((applyRule) => {\n\t\t\tconst applyKey = Object.keys(applyRule)[0];\n\t\t\tconst applyToken = Object.keys(applyRule[applyKey])[0] as ApplyToken;\n\t\t\tvalidateKeyMatchesKind(applyRule[applyKey][applyToken], kind);\n\t\t\tconst field = applyRule[applyKey][applyToken]?.split(\"_\")[1];\n\n\n\t\t\t// Apply the rule based on its token\n\t\t\tswitch (applyToken) {\n\t\t\t\tcase \"MAX\": {\n\t\t\t\t\tresult[applyKey] = Math.max(...sections.map((entry) => entry[field as string] as number));\n\t\t\t\t\tbreak;\n                }\n\t\t\t\tcase \"MIN\": {\n\t\t\t\t\tresult[applyKey] = Math.min(...sections.map((entry) => entry[field as string] as number));\n\t\t\t\t\tbreak;\n\t\t\t\t}\n\t\t\t\tcase \"AVG\": {\n\t\t\t\t\tlet total = new Decimal(0);\n\t\t\t\t\tsections.forEach((entry) => (total = total.add(new Decimal(entry[field as string] as number))));\n\t\t\t\t\tresult[applyKey] = Number((total.toNumber() / sections.length).toFixed(2));\n\t\t\t\t\tbreak;\n\t\t\t\t}\n\t\t\t\tcase \"SUM\": {\n\t\t\t\t\tconst sum = sections.reduce(\n\t\t\t\t\t\t(acc, entry) => new Decimal(acc).add(new Decimal(entry[field as string] as number)).toNumber(),\n\t\t\t\t\t\t0\n\t\t\t\t\t);\n\t\t\t\t\tresult[applyKey] = Number(sum.toFixed(2));\n\t\t\t\t\tbreak;\n\t\t\t\t}\n\t\t\t\tcase \"COUNT\": {\n\t\t\t\t\tresult[applyKey] = new Set(sections.map((entry) => entry[field as string])).size;\n\t\t\t\t\tbreak;\n                }\n\t\t\t}\n\t\t});\n\t}\n}\n"]},"_coverageSchema":"1a1c01bbd47fc00a2c39e90264f33305004495a9","hash":"356fbdb301dc0d93e86669c823233adff77b6d54","contentHash":"9b09fc32c58e5cd4f2e6fe359d5a3bac455efaaa945e12755622bbe5612dfaca"}}