{"C:\\Users\\jonah\\Desktop\\Personal Projects\\project_team123\\src\\controller\\IInsightFacade.ts":{"path":"C:\\Users\\jonah\\Desktop\\Personal Projects\\project_team123\\src\\controller\\IInsightFacade.ts","statementMap":{"0":{"start":{"line":2,"column":0},"end":{"line":2,"column":62}},"1":{"start":{"line":3,"column":0},"end":{"line":3,"column":113}},"2":{"start":{"line":5,"column":0},"end":{"line":8,"column":89}},"3":{"start":{"line":6,"column":4},"end":{"line":6,"column":48}},"4":{"start":{"line":7,"column":4},"end":{"line":7,"column":42}},"5":{"start":{"line":11,"column":8},"end":{"line":11,"column":23}},"6":{"start":{"line":12,"column":8},"end":{"line":12,"column":52}},"7":{"start":{"line":15,"column":0},"end":{"line":15,"column":36}},"8":{"start":{"line":18,"column":8},"end":{"line":18,"column":23}},"9":{"start":{"line":19,"column":8},"end":{"line":19,"column":53}},"10":{"start":{"line":22,"column":0},"end":{"line":22,"column":38}},"11":{"start":{"line":25,"column":8},"end":{"line":25,"column":23}},"12":{"start":{"line":26,"column":8},"end":{"line":26,"column":59}},"13":{"start":{"line":29,"column":0},"end":{"line":29,"column":50}}},"fnMap":{"0":{"name":"(anonymous_0)","decl":{"start":{"line":5,"column":1},"end":{"line":5,"column":2}},"loc":{"start":{"line":5,"column":31},"end":{"line":8,"column":1}},"line":5},"1":{"name":"(anonymous_1)","decl":{"start":{"line":10,"column":4},"end":{"line":10,"column":5}},"loc":{"start":{"line":10,"column":25},"end":{"line":13,"column":5}},"line":10},"2":{"name":"(anonymous_2)","decl":{"start":{"line":17,"column":4},"end":{"line":17,"column":5}},"loc":{"start":{"line":17,"column":25},"end":{"line":20,"column":5}},"line":17},"3":{"name":"(anonymous_3)","decl":{"start":{"line":24,"column":4},"end":{"line":24,"column":5}},"loc":{"start":{"line":24,"column":25},"end":{"line":27,"column":5}},"line":24}},"branchMap":{"0":{"loc":{"start":{"line":8,"column":24},"end":{"line":8,"column":87}},"type":"binary-expr","locations":[{"start":{"line":8,"column":24},"end":{"line":8,"column":50}},{"start":{"line":8,"column":55},"end":{"line":8,"column":86}}],"line":8}},"s":{"0":1,"1":1,"2":1,"3":1,"4":1,"5":227,"6":227,"7":1,"8":3,"9":3,"10":1,"11":3,"12":3,"13":1},"f":{"0":1,"1":227,"2":3,"3":3},"b":{"0":[1,1]},"inputSourceMap":{"version":3,"file":"C:/Users/jonah/Desktop/Personal Projects/project_team123/src/controller/IInsightFacade.ts","sources":["C:/Users/jonah/Desktop/Personal Projects/project_team123/src/controller/IInsightFacade.ts"],"names":[],"mappings":";;;AAMA,IAAY,kBAGX;AAHD,WAAY,kBAAkB;IAC7B,2CAAqB,CAAA;IACrB,qCAAe,CAAA;AAChB,CAAC,EAHW,kBAAkB,GAAlB,0BAAkB,KAAlB,0BAAkB,QAG7B;AAYD,MAAa,YAAa,SAAQ,KAAK;IACtC,YAAY,OAAgB;QAC3B,KAAK,CAAC,OAAO,CAAC,CAAC;QACf,KAAK,CAAC,iBAAiB,CAAC,IAAI,EAAE,YAAY,CAAC,CAAC;IAC7C,CAAC;CACD;AALD,oCAKC;AAED,MAAa,aAAc,SAAQ,KAAK;IACvC,YAAY,OAAgB;QAC3B,KAAK,CAAC,OAAO,CAAC,CAAC;QACf,KAAK,CAAC,iBAAiB,CAAC,IAAI,EAAE,aAAa,CAAC,CAAC;IAC9C,CAAC;CACD;AALD,sCAKC;AAED,MAAa,mBAAoB,SAAQ,KAAK;IAC7C,YAAY,OAAgB;QAC3B,KAAK,CAAC,OAAO,CAAC,CAAC;QACf,KAAK,CAAC,iBAAiB,CAAC,IAAI,EAAE,mBAAmB,CAAC,CAAC;IACpD,CAAC;CACD;AALD,kDAKC","sourcesContent":["/*\n * This is the primary high-level API for the project. In this folder there should be:\n * A class called InsightFacade, this should be in a file called InsightFacade.ts.\n * You should not change this interface at all or the test suite will not work.\n */\n\nexport enum InsightDatasetKind {\n\tSections = \"sections\",\n\tRooms = \"rooms\",\n}\n\nexport interface InsightDataset {\n\tid: string;\n\tkind: InsightDatasetKind;\n\tnumRows: number;\n}\n\nexport interface InsightResult {\n\t[key: string]: string | number;\n}\n\nexport class InsightError extends Error {\n\tconstructor(message?: string) {\n\t\tsuper(message);\n\t\tError.captureStackTrace(this, InsightError);\n\t}\n}\n\nexport class NotFoundError extends Error {\n\tconstructor(message?: string) {\n\t\tsuper(message);\n\t\tError.captureStackTrace(this, NotFoundError);\n\t}\n}\n\nexport class ResultTooLargeError extends Error {\n\tconstructor(message?: string) {\n\t\tsuper(message);\n\t\tError.captureStackTrace(this, ResultTooLargeError);\n\t}\n}\n\nexport interface IInsightFacade {\n\t/**\n\t * Add a dataset to insightUBC.\n\t *\n\t * @param id  The id of the dataset being added. Follows the format /^[^_]+$/\n\t * @param content  The base64 content of the dataset. This content should be in the form of a serialized zip file.\n\t * @param kind  The kind of the dataset\n\t *\n\t * @return Promise <string[]>\n\t *\n\t * The promise should fulfill on a successful add, reject for any failures.\n\t * The promise should fulfill with a string array,\n\t * containing the ids of all currently added datasets upon a successful add.\n\t * The promise should reject with an InsightError describing the error.\n\t *\n\t * An id is invalid if it contains an underscore, or is only whitespace characters.\n\t * If id is the same as the id of an already added dataset, the dataset should be rejected and not saved.\n\t *\n\t * After receiving the dataset, it should be processed into a data structure of\n\t * your design. The processed data structure should be persisted to disk; your\n\t * system should be able to load this persisted value into memory for answering\n\t * queries.\n\t *\n\t * Ultimately, a dataset must be added or loaded from disk before queries can\n\t * be successfully answered.\n\t */\n\taddDataset(id: string, content: string, kind: InsightDatasetKind): Promise<string[]>;\n\n\t/**\n\t * Remove a dataset from insightUBC.\n\t *\n\t * @param id  The id of the dataset to remove. Follows the format /^[^_]+$/\n\t *\n\t * @return Promise <string>\n\t *\n\t * The promise should fulfill upon a successful removal, reject on any error.\n\t * Attempting to remove a dataset that hasn't been added yet counts as an error.\n\t *\n\t * An id is invalid if it contains an underscore, or is only whitespace characters.\n\t *\n\t * The promise should fulfill the id of the dataset that was removed.\n\t * The promise should reject with a NotFoundError (if a valid id was not yet added)\n\t * or an InsightError (invalid id or any other source of failure) describing the error.\n\t *\n\t * This will delete both disk and memory caches for the dataset for the id meaning\n\t * that subsequent queries for that id should fail unless a new addDataset happens first.\n\t */\n\tremoveDataset(id: string): Promise<string>;\n\n\t/**\n\t * Perform a query on insightUBC.\n\t *\n\t * @param query  The query to be performed.\n\t *\n\t * If a query is incorrectly formatted, references a dataset not added (in memory or on disk),\n\t * or references multiple datasets, it should be rejected.\n\t *\n\t * @return Promise <InsightResult[]>\n\t *\n\t * The promise should fulfill with an array of results.\n\t * The promise should reject with a ResultTooLargeError (if the query returns too many results)\n\t * or an InsightError (for any other source of failure) describing the error.\n\t */\n\tperformQuery(query: unknown): Promise<InsightResult[]>;\n\n\t/**\n\t * List all currently added datasets, their types, and number of rows.\n\t *\n\t * @return Promise <InsightDataset[]>\n\t * The promise should fulfill an array of currently added InsightDatasets, and will only fulfill.\n\t */\n\tlistDatasets(): Promise<InsightDataset[]>;\n}\n"]},"_coverageSchema":"1a1c01bbd47fc00a2c39e90264f33305004495a9","hash":"d47666835c4ecddbcc3bd0a086bf82a634ac4da0","contentHash":"d761353b137d345aa2135bd749043e4bd34fad94c92e663c586fa23538b973e2"},"C:\\Users\\jonah\\Desktop\\Personal Projects\\project_team123\\src\\controller\\InsightFacade.ts":{"path":"C:\\Users\\jonah\\Desktop\\Personal Projects\\project_team123\\src\\controller\\InsightFacade.ts","statementMap":{"0":{"start":{"line":2,"column":22},"end":{"line":4,"column":1}},"1":{"start":{"line":3,"column":4},"end":{"line":3,"column":62}},"2":{"start":{"line":5,"column":0},"end":{"line":5,"column":62}},"3":{"start":{"line":6,"column":25},"end":{"line":6,"column":52}},"4":{"start":{"line":7,"column":19},"end":{"line":7,"column":65}},"5":{"start":{"line":8,"column":16},"end":{"line":8,"column":59}},"6":{"start":{"line":9,"column":19},"end":{"line":9,"column":55}},"7":{"start":{"line":10,"column":16},"end":{"line":10,"column":49}},"8":{"start":{"line":11,"column":25},"end":{"line":11,"column":76}},"9":{"start":{"line":12,"column":16},"end":{"line":12,"column":42}},"10":{"start":{"line":13,"column":17},"end":{"line":13,"column":34}},"11":{"start":{"line":14,"column":19},"end":{"line":14,"column":27}},"12":{"start":{"line":18,"column":8},"end":{"line":18,"column":43}},"13":{"start":{"line":19,"column":8},"end":{"line":19,"column":26}},"14":{"start":{"line":20,"column":8},"end":{"line":20,"column":49}},"15":{"start":{"line":23,"column":8},"end":{"line":25,"column":9}},"16":{"start":{"line":24,"column":12},"end":{"line":24,"column":83}},"17":{"start":{"line":26,"column":8},"end":{"line":28,"column":9}},"18":{"start":{"line":27,"column":12},"end":{"line":27,"column":102}},"19":{"start":{"line":29,"column":8},"end":{"line":31,"column":9}},"20":{"start":{"line":30,"column":12},"end":{"line":30,"column":55}},"21":{"start":{"line":32,"column":8},"end":{"line":32,"column":49}},"22":{"start":{"line":35,"column":8},"end":{"line":37,"column":9}},"23":{"start":{"line":36,"column":12},"end":{"line":36,"column":83}},"24":{"start":{"line":38,"column":8},"end":{"line":40,"column":9}},"25":{"start":{"line":39,"column":12},"end":{"line":39,"column":99}},"26":{"start":{"line":41,"column":8},"end":{"line":48,"column":9}},"27":{"start":{"line":42,"column":12},"end":{"line":42,"column":77}},"28":{"start":{"line":43,"column":12},"end":{"line":43,"column":50}},"29":{"start":{"line":44,"column":12},"end":{"line":44,"column":39}},"30":{"start":{"line":47,"column":12},"end":{"line":47,"column":95}},"31":{"start":{"line":51,"column":8},"end":{"line":69,"column":11}},"32":{"start":{"line":52,"column":26},"end":{"line":52,"column":28}},"33":{"start":{"line":53,"column":21},"end":{"line":53,"column":51}},"34":{"start":{"line":54,"column":12},"end":{"line":68,"column":13}},"35":{"start":{"line":55,"column":16},"end":{"line":57,"column":17}},"36":{"start":{"line":56,"column":20},"end":{"line":56,"column":81}},"37":{"start":{"line":58,"column":16},"end":{"line":60,"column":17}},"38":{"start":{"line":59,"column":20},"end":{"line":59,"column":87}},"39":{"start":{"line":61,"column":16},"end":{"line":61,"column":40}},"40":{"start":{"line":62,"column":34},"end":{"line":62,"column":58}},"41":{"start":{"line":63,"column":16},"end":{"line":63,"column":48}},"42":{"start":{"line":64,"column":16},"end":{"line":64,"column":33}},"43":{"start":{"line":67,"column":16},"end":{"line":67,"column":30}},"44":{"start":{"line":72,"column":8},"end":{"line":80,"column":11}},"45":{"start":{"line":73,"column":25},"end":{"line":73,"column":27}},"46":{"start":{"line":74,"column":12},"end":{"line":78,"column":13}},"47":{"start":{"line":75,"column":16},"end":{"line":77,"column":17}},"48":{"start":{"line":76,"column":20},"end":{"line":76,"column":41}},"49":{"start":{"line":79,"column":12},"end":{"line":79,"column":28}},"50":{"start":{"line":83,"column":8},"end":{"line":98,"column":9}},"51":{"start":{"line":84,"column":12},"end":{"line":84,"column":57}},"52":{"start":{"line":85,"column":24},"end":{"line":85,"column":66}},"53":{"start":{"line":86,"column":12},"end":{"line":94,"column":13}},"54":{"start":{"line":87,"column":29},"end":{"line":87,"column":85}},"55":{"start":{"line":88,"column":27},"end":{"line":92,"column":17}},"56":{"start":{"line":93,"column":16},"end":{"line":93,"column":60}},"57":{"start":{"line":97,"column":12},"end":{"line":97,"column":60}},"58":{"start":{"line":101,"column":25},"end":{"line":101,"column":29}},"59":{"start":{"line":102,"column":8},"end":{"line":109,"column":9}},"60":{"start":{"line":103,"column":12},"end":{"line":108,"column":13}},"61":{"start":{"line":104,"column":16},"end":{"line":104,"column":28}},"62":{"start":{"line":106,"column":17},"end":{"line":108,"column":13}},"63":{"start":{"line":107,"column":16},"end":{"line":107,"column":35}},"64":{"start":{"line":110,"column":8},"end":{"line":110,"column":26}},"65":{"start":{"line":113,"column":8},"end":{"line":152,"column":9}},"66":{"start":{"line":114,"column":26},"end":{"line":114,"column":52}},"67":{"start":{"line":115,"column":33},"end":{"line":115,"column":63}},"68":{"start":{"line":116,"column":24},"end":{"line":116,"column":45}},"69":{"start":{"line":117,"column":12},"end":{"line":117,"column":46}},"70":{"start":{"line":118,"column":26},"end":{"line":118,"column":35}},"71":{"start":{"line":119,"column":29},"end":{"line":119,"column":31}},"72":{"start":{"line":120,"column":12},"end":{"line":142,"column":13}},"73":{"start":{"line":121,"column":16},"end":{"line":141,"column":17}},"74":{"start":{"line":123,"column":20},"end":{"line":138,"column":21}},"75":{"start":{"line":124,"column":35},"end":{"line":124,"column":54}},"76":{"start":{"line":125,"column":24},"end":{"line":137,"column":25}},"77":{"start":{"line":126,"column":28},"end":{"line":135,"column":31}},"78":{"start":{"line":129,"column":45},"end":{"line":129,"column":68}},"79":{"start":{"line":130,"column":45},"end":{"line":130,"column":61}},"80":{"start":{"line":131,"column":32},"end":{"line":131,"column":60}},"81":{"start":{"line":134,"column":32},"end":{"line":134,"column":57}},"82":{"start":{"line":136,"column":28},"end":{"line":136,"column":54}},"83":{"start":{"line":143,"column":12},"end":{"line":143,"column":40}},"84":{"start":{"line":144,"column":12},"end":{"line":146,"column":13}},"85":{"start":{"line":145,"column":16},"end":{"line":145,"column":77}},"86":{"start":{"line":147,"column":12},"end":{"line":147,"column":97}},"87":{"start":{"line":148,"column":12},"end":{"line":148,"column":94}},"88":{"start":{"line":151,"column":12},"end":{"line":151,"column":83}},"89":{"start":{"line":155,"column":8},"end":{"line":200,"column":9}},"90":{"start":{"line":156,"column":33},"end":{"line":156,"column":63}},"91":{"start":{"line":157,"column":24},"end":{"line":157,"column":45}},"92":{"start":{"line":158,"column":12},"end":{"line":158,"column":46}},"93":{"start":{"line":159,"column":24},"end":{"line":159,"column":46}},"94":{"start":{"line":160,"column":12},"end":{"line":162,"column":13}},"95":{"start":{"line":161,"column":16},"end":{"line":161,"column":77}},"96":{"start":{"line":163,"column":31},"end":{"line":163,"column":56}},"97":{"start":{"line":164,"column":30},"end":{"line":164,"column":63}},"98":{"start":{"line":165,"column":24},"end":{"line":165,"column":47}},"99":{"start":{"line":166,"column":28},"end":{"line":166,"column":59}},"100":{"start":{"line":167,"column":31},"end":{"line":167,"column":63}},"101":{"start":{"line":168,"column":27},"end":{"line":168,"column":41}},"102":{"start":{"line":169,"column":12},"end":{"line":189,"column":13}},"103":{"start":{"line":171,"column":27},"end":{"line":171,"column":47}},"104":{"start":{"line":172,"column":16},"end":{"line":188,"column":17}},"105":{"start":{"line":173,"column":39},"end":{"line":173,"column":54}},"106":{"start":{"line":174,"column":20},"end":{"line":187,"column":21}},"107":{"start":{"line":175,"column":24},"end":{"line":185,"column":37}},"108":{"start":{"line":178,"column":28},"end":{"line":183,"column":29}},"109":{"start":{"line":179,"column":45},"end":{"line":179,"column":81}},"110":{"start":{"line":180,"column":32},"end":{"line":180,"column":65}},"111":{"start":{"line":186,"column":24},"end":{"line":186,"column":50}},"112":{"start":{"line":190,"column":12},"end":{"line":190,"column":40}},"113":{"start":{"line":191,"column":12},"end":{"line":191,"column":36}},"114":{"start":{"line":192,"column":12},"end":{"line":194,"column":13}},"115":{"start":{"line":193,"column":16},"end":{"line":193,"column":74}},"116":{"start":{"line":195,"column":12},"end":{"line":195,"column":92}},"117":{"start":{"line":196,"column":12},"end":{"line":196,"column":89}},"118":{"start":{"line":199,"column":12},"end":{"line":199,"column":83}},"119":{"start":{"line":203,"column":19},"end":{"line":208,"column":9}},"120":{"start":{"line":209,"column":8},"end":{"line":209,"column":112}},"121":{"start":{"line":212,"column":22},"end":{"line":212,"column":24}},"122":{"start":{"line":213,"column":19},"end":{"line":217,"column":9}},"123":{"start":{"line":218,"column":8},"end":{"line":218,"column":58}},"124":{"start":{"line":219,"column":8},"end":{"line":223,"column":9}},"125":{"start":{"line":220,"column":12},"end":{"line":222,"column":13}},"126":{"start":{"line":221,"column":16},"end":{"line":221,"column":47}},"127":{"start":{"line":224,"column":8},"end":{"line":224,"column":40}},"128":{"start":{"line":227,"column":0},"end":{"line":227,"column":32}}},"fnMap":{"0":{"name":"(anonymous_0)","decl":{"start":{"line":2,"column":56},"end":{"line":2,"column":57}},"loc":{"start":{"line":2,"column":71},"end":{"line":4,"column":1}},"line":2},"1":{"name":"(anonymous_1)","decl":{"start":{"line":17,"column":4},"end":{"line":17,"column":5}},"loc":{"start":{"line":17,"column":18},"end":{"line":21,"column":5}},"line":17},"2":{"name":"(anonymous_2)","decl":{"start":{"line":22,"column":4},"end":{"line":22,"column":5}},"loc":{"start":{"line":22,"column":40},"end":{"line":33,"column":5}},"line":22},"3":{"name":"(anonymous_3)","decl":{"start":{"line":34,"column":4},"end":{"line":34,"column":5}},"loc":{"start":{"line":34,"column":28},"end":{"line":49,"column":5}},"line":34},"4":{"name":"(anonymous_4)","decl":{"start":{"line":50,"column":4},"end":{"line":50,"column":5}},"loc":{"start":{"line":50,"column":24},"end":{"line":70,"column":5}},"line":50},"5":{"name":"(anonymous_5)","decl":{"start":{"line":51,"column":27},"end":{"line":51,"column":28}},"loc":{"start":{"line":51,"column":48},"end":{"line":69,"column":9}},"line":51},"6":{"name":"(anonymous_6)","decl":{"start":{"line":71,"column":4},"end":{"line":71,"column":5}},"loc":{"start":{"line":71,"column":19},"end":{"line":81,"column":5}},"line":71},"7":{"name":"(anonymous_7)","decl":{"start":{"line":72,"column":27},"end":{"line":72,"column":28}},"loc":{"start":{"line":72,"column":48},"end":{"line":80,"column":9}},"line":72},"8":{"name":"(anonymous_8)","decl":{"start":{"line":82,"column":4},"end":{"line":82,"column":5}},"loc":{"start":{"line":82,"column":17},"end":{"line":99,"column":5}},"line":82},"9":{"name":"(anonymous_9)","decl":{"start":{"line":100,"column":4},"end":{"line":100,"column":5}},"loc":{"start":{"line":100,"column":21},"end":{"line":111,"column":5}},"line":100},"10":{"name":"(anonymous_10)","decl":{"start":{"line":112,"column":4},"end":{"line":112,"column":5}},"loc":{"start":{"line":112,"column":41},"end":{"line":153,"column":5}},"line":112},"11":{"name":"(anonymous_11)","decl":{"start":{"line":128,"column":38},"end":{"line":128,"column":39}},"loc":{"start":{"line":128,"column":55},"end":{"line":132,"column":29}},"line":128},"12":{"name":"(anonymous_12)","decl":{"start":{"line":133,"column":39},"end":{"line":133,"column":40}},"loc":{"start":{"line":133,"column":46},"end":{"line":135,"column":29}},"line":133},"13":{"name":"(anonymous_13)","decl":{"start":{"line":154,"column":4},"end":{"line":154,"column":5}},"loc":{"start":{"line":154,"column":39},"end":{"line":201,"column":5}},"line":154},"14":{"name":"(anonymous_14)","decl":{"start":{"line":177,"column":34},"end":{"line":177,"column":35}},"loc":{"start":{"line":177,"column":55},"end":{"line":184,"column":25}},"line":177},"15":{"name":"(anonymous_15)","decl":{"start":{"line":202,"column":4},"end":{"line":202,"column":5}},"loc":{"start":{"line":202,"column":38},"end":{"line":210,"column":5}},"line":202},"16":{"name":"(anonymous_16)","decl":{"start":{"line":211,"column":4},"end":{"line":211,"column":5}},"loc":{"start":{"line":211,"column":34},"end":{"line":225,"column":5}},"line":211}},"branchMap":{"0":{"loc":{"start":{"line":2,"column":22},"end":{"line":4,"column":1}},"type":"binary-expr","locations":[{"start":{"line":2,"column":23},"end":{"line":2,"column":27}},{"start":{"line":2,"column":31},"end":{"line":2,"column":51}},{"start":{"line":2,"column":56},"end":{"line":4,"column":1}}],"line":2},"1":{"loc":{"start":{"line":3,"column":11},"end":{"line":3,"column":61}},"type":"cond-expr","locations":[{"start":{"line":3,"column":37},"end":{"line":3,"column":40}},{"start":{"line":3,"column":43},"end":{"line":3,"column":61}}],"line":3},"2":{"loc":{"start":{"line":3,"column":12},"end":{"line":3,"column":33}},"type":"binary-expr","locations":[{"start":{"line":3,"column":12},"end":{"line":3,"column":15}},{"start":{"line":3,"column":19},"end":{"line":3,"column":33}}],"line":3},"3":{"loc":{"start":{"line":23,"column":8},"end":{"line":25,"column":9}},"type":"if","locations":[{"start":{"line":23,"column":8},"end":{"line":25,"column":9}},{"start":{"line":23,"column":8},"end":{"line":25,"column":9}}],"line":23},"4":{"loc":{"start":{"line":26,"column":8},"end":{"line":28,"column":9}},"type":"if","locations":[{"start":{"line":26,"column":8},"end":{"line":28,"column":9}},{"start":{"line":26,"column":8},"end":{"line":28,"column":9}}],"line":26},"5":{"loc":{"start":{"line":29,"column":8},"end":{"line":31,"column":9}},"type":"if","locations":[{"start":{"line":29,"column":8},"end":{"line":31,"column":9}},{"start":{"line":29,"column":8},"end":{"line":31,"column":9}}],"line":29},"6":{"loc":{"start":{"line":35,"column":8},"end":{"line":37,"column":9}},"type":"if","locations":[{"start":{"line":35,"column":8},"end":{"line":37,"column":9}},{"start":{"line":35,"column":8},"end":{"line":37,"column":9}}],"line":35},"7":{"loc":{"start":{"line":38,"column":8},"end":{"line":40,"column":9}},"type":"if","locations":[{"start":{"line":38,"column":8},"end":{"line":40,"column":9}},{"start":{"line":38,"column":8},"end":{"line":40,"column":9}}],"line":38},"8":{"loc":{"start":{"line":55,"column":16},"end":{"line":57,"column":17}},"type":"if","locations":[{"start":{"line":55,"column":16},"end":{"line":57,"column":17}},{"start":{"line":55,"column":16},"end":{"line":57,"column":17}}],"line":55},"9":{"loc":{"start":{"line":58,"column":16},"end":{"line":60,"column":17}},"type":"if","locations":[{"start":{"line":58,"column":16},"end":{"line":60,"column":17}},{"start":{"line":58,"column":16},"end":{"line":60,"column":17}}],"line":58},"10":{"loc":{"start":{"line":75,"column":16},"end":{"line":77,"column":17}},"type":"if","locations":[{"start":{"line":75,"column":16},"end":{"line":77,"column":17}},{"start":{"line":75,"column":16},"end":{"line":77,"column":17}}],"line":75},"11":{"loc":{"start":{"line":103,"column":12},"end":{"line":108,"column":13}},"type":"if","locations":[{"start":{"line":103,"column":12},"end":{"line":108,"column":13}},{"start":{"line":103,"column":12},"end":{"line":108,"column":13}}],"line":103},"12":{"loc":{"start":{"line":106,"column":17},"end":{"line":108,"column":13}},"type":"if","locations":[{"start":{"line":106,"column":17},"end":{"line":108,"column":13}},{"start":{"line":106,"column":17},"end":{"line":108,"column":13}}],"line":106},"13":{"loc":{"start":{"line":123,"column":20},"end":{"line":138,"column":21}},"type":"if","locations":[{"start":{"line":123,"column":20},"end":{"line":138,"column":21}},{"start":{"line":123,"column":20},"end":{"line":138,"column":21}}],"line":123},"14":{"loc":{"start":{"line":123,"column":24},"end":{"line":123,"column":86}},"type":"binary-expr","locations":[{"start":{"line":123,"column":24},"end":{"line":123,"column":43}},{"start":{"line":123,"column":47},"end":{"line":123,"column":86}}],"line":123},"15":{"loc":{"start":{"line":125,"column":24},"end":{"line":137,"column":25}},"type":"if","locations":[{"start":{"line":125,"column":24},"end":{"line":137,"column":25}},{"start":{"line":125,"column":24},"end":{"line":137,"column":25}}],"line":125},"16":{"loc":{"start":{"line":144,"column":12},"end":{"line":146,"column":13}},"type":"if","locations":[{"start":{"line":144,"column":12},"end":{"line":146,"column":13}},{"start":{"line":144,"column":12},"end":{"line":146,"column":13}}],"line":144},"17":{"loc":{"start":{"line":160,"column":12},"end":{"line":162,"column":13}},"type":"if","locations":[{"start":{"line":160,"column":12},"end":{"line":162,"column":13}},{"start":{"line":160,"column":12},"end":{"line":162,"column":13}}],"line":160},"18":{"loc":{"start":{"line":172,"column":16},"end":{"line":188,"column":17}},"type":"if","locations":[{"start":{"line":172,"column":16},"end":{"line":188,"column":17}},{"start":{"line":172,"column":16},"end":{"line":188,"column":17}}],"line":172},"19":{"loc":{"start":{"line":172,"column":20},"end":{"line":172,"column":52}},"type":"binary-expr","locations":[{"start":{"line":172,"column":20},"end":{"line":172,"column":24}},{"start":{"line":172,"column":28},"end":{"line":172,"column":52}}],"line":172},"20":{"loc":{"start":{"line":174,"column":20},"end":{"line":187,"column":21}},"type":"if","locations":[{"start":{"line":174,"column":20},"end":{"line":187,"column":21}},{"start":{"line":174,"column":20},"end":{"line":187,"column":21}}],"line":174},"21":{"loc":{"start":{"line":192,"column":12},"end":{"line":194,"column":13}},"type":"if","locations":[{"start":{"line":192,"column":12},"end":{"line":194,"column":13}},{"start":{"line":192,"column":12},"end":{"line":194,"column":13}}],"line":192},"22":{"loc":{"start":{"line":220,"column":12},"end":{"line":222,"column":13}},"type":"if","locations":[{"start":{"line":220,"column":12},"end":{"line":222,"column":13}},{"start":{"line":220,"column":12},"end":{"line":222,"column":13}}],"line":220}},"s":{"0":1,"1":5,"2":1,"3":1,"4":1,"5":1,"6":1,"7":1,"8":1,"9":1,"10":1,"11":1,"12":71,"13":71,"14":71,"15":91,"16":8,"17":83,"18":4,"19":79,"20":54,"21":25,"22":18,"23":3,"24":15,"25":3,"26":12,"27":12,"28":12,"29":12,"30":0,"31":113,"32":113,"33":113,"34":113,"35":113,"36":0,"37":113,"38":2,"39":111,"40":50,"41":50,"42":43,"43":70,"44":15,"45":15,"46":15,"47":20,"48":17,"49":15,"50":71,"51":71,"52":71,"53":71,"54":10,"55":10,"56":10,"57":0,"58":120,"59":120,"60":514,"61":7,"62":507,"63":474,"64":113,"65":54,"66":54,"67":54,"68":54,"69":54,"70":51,"71":51,"72":51,"73":30021,"74":30021,"75":29926,"76":29926,"77":29926,"78":29926,"79":29921,"80":29921,"81":9,"82":29926,"83":51,"84":51,"85":11,"86":40,"87":40,"88":14,"89":25,"90":25,"91":25,"92":25,"93":22,"94":22,"95":6,"96":16,"97":16,"98":16,"99":16,"100":16,"101":16,"102":16,"103":309,"104":309,"105":309,"106":309,"107":89,"108":89,"109":89,"110":89,"111":89,"112":16,"113":16,"114":16,"115":11,"116":5,"117":5,"118":20,"119":45,"120":45,"121":45,"122":45,"123":45,"124":45,"125":59,"126":59,"127":45,"128":1},"f":{"0":5,"1":71,"2":91,"3":18,"4":113,"5":113,"6":15,"7":15,"8":71,"9":120,"10":54,"11":29926,"12":9,"13":25,"14":89,"15":45,"16":45},"b":{"0":[1,1,1],"1":[3,2],"2":[5,5],"3":[8,83],"4":[4,79],"5":[54,25],"6":[3,15],"7":[3,12],"8":[0,113],"9":[2,111],"10":[17,3],"11":[7,507],"12":[474,33],"13":[29926,95],"14":[30021,29981],"15":[29926,0],"16":[11,40],"17":[6,16],"18":[309,0],"19":[309,309],"20":[89,220],"21":[11,5],"22":[59,0]},"inputSourceMap":{"version":3,"file":"C:/Users/jonah/Desktop/Personal Projects/project_team123/src/controller/InsightFacade.ts","sources":["C:/Users/jonah/Desktop/Personal Projects/project_team123/src/controller/InsightFacade.ts"],"names":[],"mappings":";;;;;AAAA,qDAO0B;AAC1B,kEAA0C;AAC1C,4DAAoC;AAEpC,wDAA0B;AAC1B,kDAA0B;AAC1B,6EAAqD;AACrD,2CAAsC;AAEtC,mCAA6B;AAG7B,MAAM,UAAU,GAAG,QAAQ,CAAC;AAO5B,MAAqB,aAAa;IAEzB,MAAM,CAAC,QAAQ,CAAsC;IAE7D;QACC,aAAa,CAAC,QAAQ,GAAG,IAAI,GAAG,EAAE,CAAC;QACnC,IAAI,CAAC,UAAU,EAAE,CAAC;QAClB,OAAO,CAAC,GAAG,CAAC,2BAA2B,CAAC,CAAC;IAC1C,CAAC;IAMM,KAAK,CAAC,UAAU,CAAC,EAAU,EAAE,OAAe,EAAE,IAAwB;QAC5E,IAAI,IAAI,CAAC,YAAY,CAAC,EAAE,CAAC,EAAE;YAE1B,OAAO,OAAO,CAAC,MAAM,CAAC,IAAI,6BAAY,CAAC,YAAY,CAAC,CAAC,CAAC;SACtD;QAED,IAAI,aAAa,CAAC,QAAQ,CAAC,GAAG,CAAC,EAAE,CAAC,EAAE;YACnC,OAAO,OAAO,CAAC,MAAM,CAAC,IAAI,6BAAY,CAAC,+BAA+B,CAAC,CAAC,CAAC;SACzE;QAED,IAAI,IAAI,KAAK,mCAAkB,CAAC,QAAQ,EAAE;YACzC,OAAO,IAAI,CAAC,iBAAiB,CAAC,EAAE,EAAE,OAAO,CAAC,CAAC;SAC3C;QACD,OAAO,IAAI,CAAC,eAAe,CAAC,EAAE,EAAE,OAAO,CAAC,CAAC;IAC1C,CAAC;IAKM,KAAK,CAAC,aAAa,CAAC,EAAU;QACpC,IAAI,IAAI,CAAC,YAAY,CAAC,EAAE,CAAC,EAAE;YAC1B,OAAO,OAAO,CAAC,MAAM,CAAC,IAAI,6BAAY,CAAC,YAAY,CAAC,CAAC,CAAC;SACtD;QACD,IAAI,CAAC,aAAa,CAAC,QAAQ,CAAC,GAAG,CAAC,EAAE,CAAC,EAAE;YACpC,OAAO,OAAO,CAAC,MAAM,CAAC,IAAI,8BAAa,CAAC,2BAA2B,CAAC,CAAC,CAAC;SACtE;QAED,IAAI;YACH,MAAM,kBAAE,CAAC,MAAM,CAAC,UAAU,GAAG,GAAG,GAAG,EAAE,GAAG,OAAO,CAAC,CAAC;YACjD,aAAa,CAAC,QAAQ,CAAC,GAAG,CAAC,EAAE,EAAE,KAAK,CAAC,CAAC;YACtC,OAAO,OAAO,CAAC,OAAO,CAAC,EAAE,CAAC,CAAC;SAC3B;QAAC,MAAM;YACP,OAAO,OAAO,CAAC,MAAM,CAAC,IAAI,6BAAY,CAAC,wBAAwB,CAAC,CAAC,CAAC;SAClE;IACF,CAAC;IAOM,YAAY,CAAC,KAAc;QACjC,OAAO,IAAI,OAAO,CAAC,CAAC,OAAO,EAAE,MAAM,EAAE,EAAE;YACtC,IAAI,OAAO,GAAoB,EAAE,CAAC;YAClC,IAAI,EAAE,GAAmB,IAAI,wBAAc,EAAE,CAAC;YAE9C,IAAI;gBACH,IAAI,CAAC,kBAAE,CAAC,cAAc,CAAC,UAAU,CAAC,EAAE;oBACnC,MAAM,IAAI,6BAAY,CAAC,mBAAmB,CAAC,CAAC;iBAC5C;gBAED,IAAI,OAAO,KAAK,KAAK,QAAQ,EAAE;oBAC9B,MAAM,IAAI,6BAAY,CAAC,yBAAyB,CAAC,CAAC;iBAClD;gBACD,EAAE,CAAC,aAAa,CAAC,KAAe,CAAC,CAAC;gBAClC,IAAI,WAAW,GAAG,IAAI,aAAK,CAAC,KAAkB,CAAC,CAAC;gBAChD,OAAO,GAAG,WAAW,CAAC,OAAO,EAAE,CAAC;gBAChC,OAAO,CAAC,OAAO,CAAC,CAAC;aACjB;YAAC,OAAO,KAAK,EAAE;gBACf,MAAM,CAAC,KAAK,CAAC,CAAC;aACd;QACF,CAAC,CAAC,CAAC;IACJ,CAAC;IAEM,YAAY;QAClB,OAAO,IAAI,OAAO,CAAC,CAAC,OAAO,EAAE,MAAM,EAAE,EAAE;YACtC,IAAI,MAAM,GAAqB,EAAE,CAAC;YAClC,KAAK,IAAI,OAAO,IAAI,aAAa,CAAC,QAAQ,CAAC,MAAM,EAAE,EAAE;gBACpD,IAAI,OAAO,EAAE;oBACZ,MAAM,CAAC,IAAI,CAAC,OAAO,CAAC,CAAC;iBACrB;aACD;YACD,OAAO,CAAC,MAAM,CAAC,CAAC;QACjB,CAAC,CAAC,CAAC;IACJ,CAAC;IAEO,UAAU;QACjB,IAAI;YACH,kBAAE,CAAC,aAAa,CAAC,UAAU,CAAC,CAAC;YAC7B,IAAI,KAAK,GAAG,kBAAE,CAAC,WAAW,CAAC,UAAU,CAAC,CAAC;YACvC,KAAK,IAAI,IAAI,IAAI,KAAK,EAAE;gBACvB,IAAI,MAAM,GAAG,kBAAE,CAAC,YAAY,CAAC,UAAU,GAAG,GAAG,GAAG,IAAI,CAAC,CAAC;gBACtD,IAAI,IAAI,GAAmB;oBAC1B,EAAE,EAAE,MAAM,CAAC,EAAE;oBACb,IAAI,EAAE,MAAM,CAAC,IAAI;oBACjB,OAAO,EAAE,MAAM,CAAC,OAAO;iBACvB,CAAC;gBACF,aAAa,CAAC,QAAQ,CAAC,GAAG,CAAC,MAAM,CAAC,EAAE,EAAE,IAAI,CAAC,CAAC;aAC5C;SACD;QAAC,MAAM;YACP,OAAO,CAAC,KAAK,CAAC,gCAAgC,CAAC,CAAC;SAChD;IACF,CAAC;IAGM,YAAY,CAAC,EAAU;QAC7B,IAAI,UAAU,GAAY,IAAI,CAAC;QAC/B,KAAK,IAAI,MAAM,IAAI,EAAE,EAAE;YACtB,IAAI,MAAM,KAAK,GAAG,EAAE;gBACnB,OAAO,IAAI,CAAC;aACZ;iBAAM,IAAI,MAAM,KAAK,GAAG,EAAE;gBAC1B,UAAU,GAAG,KAAK,CAAC;aACnB;SACD;QACD,OAAO,UAAU,CAAC;IACnB,CAAC;IAEO,KAAK,CAAC,iBAAiB,CAAC,EAAU,EAAE,OAAe;QAC1D,IAAI;YACH,IAAI,OAAO,GAAG,IAAI,kBAAQ,CAAC,EAAE,CAAC,CAAC;YAC/B,MAAM,YAAY,GAAG,MAAM,CAAC,IAAI,CAAC,OAAO,EAAE,QAAQ,CAAC,CAAC;YACpD,MAAM,GAAG,GAAG,IAAI,eAAK,EAAE,CAAC;YACxB,MAAM,GAAG,CAAC,SAAS,CAAC,YAAY,CAAC,CAAC;YAClC,MAAM,KAAK,GAAG,GAAG,CAAC,KAAK,CAAC;YAExB,MAAM,QAAQ,GAAG,EAAE,CAAC;YAEpB,KAAK,IAAI,QAAQ,IAAI,MAAM,CAAC,IAAI,CAAC,KAAK,CAAC,EAAE;gBACxC,IAAI;oBACH,IAAI,UAAU,CAAC;oBACf,IAAI,QAAQ,CAAC,MAAM,GAAG,CAAC,IAAI,QAAQ,CAAC,SAAS,CAAC,CAAC,EAAE,CAAC,CAAC,KAAK,UAAU,EAAE;wBACnE,IAAI,IAAI,GAAG,GAAG,CAAC,KAAK,CAAC,QAAQ,CAAC,CAAC;wBAC/B,IAAI,CAAC,IAAI,CAAC,GAAG,EAAE;4BACd,UAAU,GAAG,IAAI;iCACf,KAAK,CAAC,MAAM,CAAC;iCACb,IAAI,CAAC,CAAC,WAAW,EAAE,EAAE;gCACrB,IAAI,MAAM,GAAG,IAAI,CAAC,KAAK,CAAC,WAAW,CAAC,CAAC;gCACrC,IAAI,MAAM,GAAG,MAAM,CAAC,QAAQ,CAAC,CAAC;gCAC9B,OAAO,CAAC,WAAW,CAAC,MAAM,CAAC,CAAC;4BAC7B,CAAC,CAAC;iCACD,KAAK,CAAC,CAAC,CAAC,EAAE,EAAE;gCACZ,OAAO,OAAO,CAAC,OAAO,EAAE,CAAC;4BAC1B,CAAC,CAAC,CAAC;4BACJ,QAAQ,CAAC,IAAI,CAAC,UAAU,CAAC,CAAC;yBAC1B;qBACD;iBACD;gBAAC,MAAM;iBAEP;aACD;YACD,MAAM,OAAO,CAAC,GAAG,CAAC,QAAQ,CAAC,CAAC;YAE5B,IAAI,OAAO,CAAC,OAAO,EAAE,GAAG,CAAC,EAAE;gBAC1B,MAAM,IAAI,6BAAY,CAAC,mBAAmB,CAAC,CAAC;aAC5C;YACD,MAAM,IAAI,CAAC,kBAAkB,CAAC,OAAO,EAAE,mCAAkB,CAAC,QAAQ,CAAC,CAAC;YACpE,OAAO,IAAI,CAAC,cAAc,CAAC,OAAO,EAAE,mCAAkB,CAAC,QAAQ,CAAC,CAAC;SACjE;QAAC,OAAO,CAAC,EAAE;YACX,MAAM,IAAI,6BAAY,CAAC,yBAAyB,GAAG,CAAC,CAAC,CAAC;SACtD;IACF,CAAC;IAEO,KAAK,CAAC,eAAe,CAAC,EAAU,EAAE,OAAe;QACxD,IAAI;YACH,MAAM,YAAY,GAAG,MAAM,CAAC,IAAI,CAAC,OAAO,EAAE,QAAQ,CAAC,CAAC;YACpD,MAAM,GAAG,GAAG,IAAI,eAAK,EAAE,CAAC;YACxB,MAAM,GAAG,CAAC,SAAS,CAAC,YAAY,CAAC,CAAC;YAClC,IAAI,KAAK,GAAG,GAAG,CAAC,KAAK,CAAC,WAAW,CAAC,CAAC;YACnC,IAAI,CAAC,KAAK,EAAE;gBACX,MAAM,IAAI,6BAAY,CAAC,mBAAmB,CAAC,CAAC;aAC5C;YACD,IAAI,YAAY,GAAG,MAAM,KAAK,CAAC,KAAK,CAAC,MAAM,CAAC,CAAC;YAC7C,IAAI,WAAW,GAAG,IAAA,cAAK,EAAC,YAAY,CAAC,CAAC;YACtC,IAAI,KAAK,GAAG,IAAI,eAAK,CAAC,EAAE,CAAC,CAAC;YAC1B,IAAI,SAAS,GAAG,KAAK,CAAC,YAAY,CAAC,WAAW,CAAC,CAAC;YAChD,IAAI,YAAY,GAAG,KAAK,CAAC,eAAe,CAAC,SAAS,CAAC,CAAC;YACpD,IAAI,QAAQ,GAAG,CAAC,YAAY,CAAC,CAAC;YAC9B,KAAK,IAAI,QAAQ,IAAI,SAAS,EAAE;gBAC/B,IAAI,UAAU,CAAC;gBACf,IAAI,IAAI,GAAG,QAAQ,CAAC,GAAG,CAAC,MAAM,CAAC,CAAC;gBAChC,IAAI,IAAI,IAAI,OAAO,IAAI,KAAK,QAAQ,EAAE;oBACrC,IAAI,YAAY,GAAG,GAAG,CAAC,KAAK,CAAC,IAAI,CAAC,CAAC;oBACnC,IAAI,YAAY,EAAE;wBACjB,UAAU,GAAG,YAAY;6BACvB,KAAK,CAAC,MAAM,CAAC;6BACb,IAAI,CAAC,CAAC,eAAe,EAAE,EAAE;4BACzB,IAAI;gCACH,IAAI,MAAM,GAAG,IAAA,cAAK,EAAC,eAAe,CAAC,CAAC;gCACpC,KAAK,CAAC,QAAQ,CAAC,MAAM,EAAE,QAAQ,CAAC,CAAC;6BACjC;4BAAC,MAAM;6BAEP;wBACF,CAAC,CAAC;6BACD,KAAK,EAAE,CAAC;wBACV,QAAQ,CAAC,IAAI,CAAC,UAAU,CAAC,CAAC;qBAC1B;iBACD;aACD;YACD,MAAM,OAAO,CAAC,GAAG,CAAC,QAAQ,CAAC,CAAC;YAC5B,KAAK,CAAC,MAAM,CAAC,SAAS,CAAC,CAAC;YAExB,IAAI,KAAK,CAAC,OAAO,EAAE,GAAG,CAAC,EAAE;gBACxB,MAAM,IAAI,6BAAY,CAAC,gBAAgB,CAAC,CAAC;aACzC;YACD,MAAM,IAAI,CAAC,kBAAkB,CAAC,KAAK,EAAE,mCAAkB,CAAC,KAAK,CAAC,CAAC;YAC/D,OAAO,IAAI,CAAC,cAAc,CAAC,KAAK,EAAE,mCAAkB,CAAC,KAAK,CAAC,CAAC;SAC5D;QAAC,OAAO,CAAC,EAAE;YACX,MAAM,IAAI,6BAAY,CAAC,yBAAyB,GAAG,CAAC,CAAC,CAAC;SACtD;IACF,CAAC;IAEO,kBAAkB,CAAC,OAAyB,EAAE,IAAwB;QAC7E,IAAI,IAAI,GAAG;YACV,EAAE,EAAE,OAAO,CAAC,KAAK,EAAE;YACnB,IAAI,EAAE,IAAI;YACV,OAAO,EAAE,OAAO,CAAC,OAAO,EAAE;YAC1B,QAAQ,EAAE,OAAO,CAAC,WAAW,EAAE;SAC/B,CAAC;QACF,OAAO,kBAAE,CAAC,SAAS,CAAC,UAAU,GAAG,GAAG,GAAG,OAAO,CAAC,KAAK,EAAE,GAAG,OAAO,EAAE,IAAI,CAAC,SAAS,CAAC,IAAI,CAAC,CAAC,CAAC;IACzF,CAAC;IAEO,cAAc,CAAC,OAAyB,EAAE,IAAwB;QACzE,IAAI,OAAO,GAAa,EAAE,CAAC;QAC3B,IAAI,IAAI,GAAmB;YAC1B,EAAE,EAAE,OAAO,CAAC,KAAK,EAAE;YACnB,IAAI,EAAE,IAAI;YACV,OAAO,EAAE,OAAO,CAAC,OAAO,EAAE;SAC1B,CAAC;QACF,aAAa,CAAC,QAAQ,CAAC,GAAG,CAAC,OAAO,CAAC,KAAK,EAAE,EAAE,IAAI,CAAC,CAAC;QAClD,KAAK,IAAI,gBAAgB,IAAI,aAAa,CAAC,QAAQ,CAAC,IAAI,EAAE,EAAE;YAC3D,IAAI,aAAa,CAAC,QAAQ,CAAC,GAAG,CAAC,gBAAgB,CAAC,EAAE;gBACjD,OAAO,CAAC,IAAI,CAAC,gBAAgB,CAAC,CAAC;aAC/B;SACD;QACD,OAAO,OAAO,CAAC,OAAO,CAAC,OAAO,CAAC,CAAC;IACjC,CAAC;CACD;AAhPD,gCAgPC","sourcesContent":["import {\n\tIInsightFacade,\n\tInsightDataset,\n\tInsightDatasetKind,\n\tInsightError,\n\tInsightResult,\n\tNotFoundError,\n} from \"./IInsightFacade\";\nimport Sections from \"../models/Sections\";\nimport Rooms from \"../models/Rooms\";\n\nimport fs from \"fs-extra\";\nimport JSZip from \"jszip\";\nimport QueryValidator from \"../utils/QueryValidator\";\nimport {Query} from \"../models/Query\";\nimport {JSONQuery} from \"../models/IQuery\";\nimport {parse} from \"parse5\";\nimport {Document} from \"parse5/dist/tree-adapters/default\";\n\nconst persistDir = \"./data\";\n// const tempDir = \"./temp\";\n\n/**\n * This is the main programmatic entry point for the project.\n * Method documentation is in IInsightFacade\n */\nexport default class InsightFacade implements IInsightFacade {\n\t// Datasets is a map of dataset ids to if they are used or not.\n\tprivate static datasets: Map<string, InsightDataset | false>;\n\n\tconstructor() {\n\t\tInsightFacade.datasets = new Map();\n\t\tthis.initialize();\n\t\tconsole.log(\"InsightFacadeImpl::init()\");\n\t}\n\n\t// 1. Check valid InsightDatasetKind\n\t// 2. Check valid id\n\t// 3. Check Valid content\n\t// 4. Add dataset\n\tpublic async addDataset(id: string, content: string, kind: InsightDatasetKind): Promise<string[]> {\n\t\tif (this.isNotValidID(id)) {\n\t\t\t// Reject if id is not valid\n\t\t\treturn Promise.reject(new InsightError(\"Invalid id\"));\n\t\t}\n\t\t// Reject if a dataset with the same id is already present\n\t\tif (InsightFacade.datasets.get(id)) {\n\t\t\treturn Promise.reject(new InsightError(\"id already present in dataset\"));\n\t\t}\n\n\t\tif (kind === InsightDatasetKind.Sections) {\n\t\t\treturn this.addSectionDataset(id, content);\n\t\t}\n\t\treturn this.addRoomsDataset(id, content);\n\t}\n\n\t// 1. Check valid id\n\t// 2. Check id is in dataset\n\t// 3. Remove dataset\n\tpublic async removeDataset(id: string): Promise<string> {\n\t\tif (this.isNotValidID(id)) {\n\t\t\treturn Promise.reject(new InsightError(\"Invalid id\"));\n\t\t}\n\t\tif (!InsightFacade.datasets.get(id)) {\n\t\t\treturn Promise.reject(new NotFoundError(\"ID not present in dataset\"));\n\t\t}\n\n\t\ttry {\n\t\t\tawait fs.remove(persistDir + \"/\" + id + \".json\");\n\t\t\tInsightFacade.datasets.set(id, false);\n\t\t\treturn Promise.resolve(id);\n\t\t} catch {\n\t\t\treturn Promise.reject(new InsightError(\"Error removing dataset\"));\n\t\t}\n\t}\n\n\t// 1. Check dataset is present\n\t// 2. Check Query is valid\n\t// 3. Check id is a query that was added\n\t// 4. Check that output is not too large\n\t// 5. return output\n\tpublic performQuery(query: unknown): Promise<InsightResult[]> {\n\t\treturn new Promise((resolve, reject) => {\n\t\t\tlet results: InsightResult[] = [];\n\t\t\tlet QV: QueryValidator = new QueryValidator();\n\n\t\t\ttry {\n\t\t\t\tif (!fs.pathExistsSync(persistDir)) {\n\t\t\t\t\tthrow new InsightError(\"No datasets added\");\n\t\t\t\t}\n\n\t\t\t\tif (typeof query !== \"object\") {\n\t\t\t\t\tthrow new InsightError(\"Query must be an object\");\n\t\t\t\t}\n\t\t\t\tQV.validateQuery(query as object);\n\t\t\t\tlet parsedQuery = new Query(query as JSONQuery);\n\t\t\t\tresults = parsedQuery.execute();\n\t\t\t\tresolve(results);\n\t\t\t} catch (error) {\n\t\t\t\treject(error);\n\t\t\t}\n\t\t});\n\t}\n\n\tpublic listDatasets(): Promise<InsightDataset[]> {\n\t\treturn new Promise((resolve, reject) => {\n\t\t\tlet result: InsightDataset[] = [];\n\t\t\tfor (let dataset of InsightFacade.datasets.values()) {\n\t\t\t\tif (dataset) {\n\t\t\t\t\tresult.push(dataset);\n\t\t\t\t}\n\t\t\t}\n\t\t\tresolve(result);\n\t\t});\n\t}\n\n\tprivate initialize(): void {\n\t\ttry {\n\t\t\tfs.ensureDirSync(persistDir);\n\t\t\tlet files = fs.readdirSync(persistDir);\n\t\t\tfor (let file of files) {\n\t\t\t\tlet object = fs.readJSONSync(persistDir + \"/\" + file);\n\t\t\t\tlet data: InsightDataset = {\n\t\t\t\t\tid: object.id,\n\t\t\t\t\tkind: object.kind,\n\t\t\t\t\tnumRows: object.numRows,\n\t\t\t\t};\n\t\t\t\tInsightFacade.datasets.set(object.id, data);\n\t\t\t}\n\t\t} catch {\n\t\t\tconsole.error(\"Unable to initialize directory\");\n\t\t}\n\t}\n\n\t// Returns true if id is an empty string, contains only white space or contains an undersore\n\tpublic isNotValidID(id: string): boolean {\n\t\tlet isNotValid: boolean = true;\n\t\tfor (let letter of id) {\n\t\t\tif (letter === \"_\") {\n\t\t\t\treturn true;\n\t\t\t} else if (letter !== \" \") {\n\t\t\t\tisNotValid = false;\n\t\t\t}\n\t\t}\n\t\treturn isNotValid;\n\t}\n\n\tprivate async addSectionDataset(id: string, content: string): Promise<string[]> {\n\t\ttry {\n\t\t\tlet dataset = new Sections(id);\n\t\t\tconst stringBuffer = Buffer.from(content, \"base64\");\n\t\t\tconst zip = new JSZip();\n\t\t\tawait zip.loadAsync(stringBuffer);\n\t\t\tconst files = zip.files;\n\n\t\t\tconst promises = [];\n\n\t\t\tfor (let fileName of Object.keys(files)) {\n\t\t\t\ttry {\n\t\t\t\t\tlet newPromise;\n\t\t\t\t\tif (fileName.length > 8 && fileName.substring(0, 8) === \"courses/\") {\n\t\t\t\t\t\tlet file = zip.files[fileName];\n\t\t\t\t\t\tif (!file.dir) {\n\t\t\t\t\t\t\tnewPromise = file\n\t\t\t\t\t\t\t\t.async(\"text\")\n\t\t\t\t\t\t\t\t.then((fileContent) => {\n\t\t\t\t\t\t\t\t\tlet object = JSON.parse(fileContent);\n\t\t\t\t\t\t\t\t\tlet result = object[\"result\"];\n\t\t\t\t\t\t\t\t\tdataset.addSections(result);\n\t\t\t\t\t\t\t\t})\n\t\t\t\t\t\t\t\t.catch((e) => {\n\t\t\t\t\t\t\t\t\treturn Promise.resolve();\n\t\t\t\t\t\t\t\t}); // Catch any error\n\t\t\t\t\t\t\tpromises.push(newPromise);\n\t\t\t\t\t\t}\n\t\t\t\t\t}\n\t\t\t\t} catch {\n\t\t\t\t\t// It's ok to catch a single itteration\n\t\t\t\t}\n\t\t\t}\n\t\t\tawait Promise.all(promises);\n\n\t\t\tif (dataset.getSize() < 1) {\n\t\t\t\tthrow new InsightError(\"No valid sections\");\n\t\t\t}\n\t\t\tawait this.writeDatasetToFile(dataset, InsightDatasetKind.Sections);\n\t\t\treturn this.updateDatasets(dataset, InsightDatasetKind.Sections);\n\t\t} catch (e) {\n\t\t\tthrow new InsightError(\"Error extracting data: \" + e);\n\t\t}\n\t}\n\n\tprivate async addRoomsDataset(id: string, content: string): Promise<string[]> {\n\t\ttry {\n\t\t\tconst stringBuffer = Buffer.from(content, \"base64\");\n\t\t\tconst zip = new JSZip();\n\t\t\tawait zip.loadAsync(stringBuffer);\n\t\t\tlet index = zip.files[\"index.htm\"];\n\t\t\tif (!index) {\n\t\t\t\tthrow new InsightError(\"No index.htm file\");\n\t\t\t}\n\t\t\tlet indexContent = await index.async(\"text\");\n\t\t\tlet htmlContent = parse(indexContent);\n\t\t\tlet rooms = new Rooms(id);\n\t\t\tlet buildings = rooms.addBuildings(htmlContent);\n\t\t\tlet firstPromise = rooms.getGeolocations(buildings);\n\t\t\tlet promises = [firstPromise];\n\t\t\tfor (let building of buildings) {\n\t\t\t\tlet newPromise;\n\t\t\t\tlet link = building.get(\"href\");\n\t\t\t\tif (link && typeof link === \"string\") {\n\t\t\t\t\tlet buildingFile = zip.files[link];\n\t\t\t\t\tif (buildingFile) {\n\t\t\t\t\t\tnewPromise = buildingFile\n\t\t\t\t\t\t\t.async(\"text\")\n\t\t\t\t\t\t\t.then((buildingContent) => {\n\t\t\t\t\t\t\t\ttry {\n\t\t\t\t\t\t\t\t\tlet parsed = parse(buildingContent);\n\t\t\t\t\t\t\t\t\trooms.addRooms(parsed, building);\n\t\t\t\t\t\t\t\t} catch {\n\t\t\t\t\t\t\t\t\t// Do nothing\n\t\t\t\t\t\t\t\t}\n\t\t\t\t\t\t\t})\n\t\t\t\t\t\t\t.catch(); // Do nothing\n\t\t\t\t\t\tpromises.push(newPromise);\n\t\t\t\t\t}\n\t\t\t\t}\n\t\t\t}\n\t\t\tawait Promise.all(promises);\n\t\t\trooms.update(buildings);\n\t\t\t\n\t\t\tif (rooms.getSize() < 1) {\n\t\t\t\tthrow new InsightError(\"No valid rooms\");\n\t\t\t}\n\t\t\tawait this.writeDatasetToFile(rooms, InsightDatasetKind.Rooms);\n\t\t\treturn this.updateDatasets(rooms, InsightDatasetKind.Rooms);\n\t\t} catch (e) {\n\t\t\tthrow new InsightError(\"Error extracting data: \" + e);\n\t\t}\n\t}\n\n\tprivate writeDatasetToFile(dataset: Sections | Rooms, kind: InsightDatasetKind): Promise<void> {\n\t\tlet data = {\n\t\t\tid: dataset.getId(),\n\t\t\tkind: kind,\n\t\t\tnumRows: dataset.getSize(),\n\t\t\tsections: dataset.getSections(),\n\t\t};\n\t\treturn fs.writeFile(persistDir + \"/\" + dataset.getId() + \".json\", JSON.stringify(data));\n\t}\n\n\tprivate updateDatasets(dataset: Sections | Rooms, kind: InsightDatasetKind): Promise<string[]> {\n\t\tlet results: string[] = [];\n\t\tlet data: InsightDataset = {\n\t\t\tid: dataset.getId(),\n\t\t\tkind: kind,\n\t\t\tnumRows: dataset.getSize(),\n\t\t};\n\t\tInsightFacade.datasets.set(dataset.getId(), data);\n\t\tfor (let potentialDataset of InsightFacade.datasets.keys()) {\n\t\t\tif (InsightFacade.datasets.get(potentialDataset)) {\n\t\t\t\tresults.push(potentialDataset);\n\t\t\t}\n\t\t}\n\t\treturn Promise.resolve(results);\n\t}\n}\n"]},"_coverageSchema":"1a1c01bbd47fc00a2c39e90264f33305004495a9","hash":"1d5ee6e5870c458ab63ece6a9e85f19227550ad6","contentHash":"372c474254143e244301420e90c5027798875a4d96615d771d706071342330f5"},"C:\\Users\\jonah\\Desktop\\Personal Projects\\project_team123\\src\\models\\Sections.ts":{"path":"C:\\Users\\jonah\\Desktop\\Personal Projects\\project_team123\\src\\models\\Sections.ts","statementMap":{"0":{"start":{"line":2,"column":0},"end":{"line":2,"column":62}},"1":{"start":{"line":3,"column":25},"end":{"line":3,"column":64}},"2":{"start":{"line":10,"column":8},"end":{"line":10,"column":21}},"3":{"start":{"line":11,"column":8},"end":{"line":11,"column":22}},"4":{"start":{"line":12,"column":8},"end":{"line":12,"column":27}},"5":{"start":{"line":13,"column":8},"end":{"line":13,"column":65}},"6":{"start":{"line":16,"column":8},"end":{"line":16,"column":23}},"7":{"start":{"line":19,"column":8},"end":{"line":19,"column":25}},"8":{"start":{"line":22,"column":8},"end":{"line":22,"column":29}},"9":{"start":{"line":25,"column":20},"end":{"line":25,"column":29}},"10":{"start":{"line":26,"column":8},"end":{"line":28,"column":11}},"11":{"start":{"line":27,"column":12},"end":{"line":27,"column":41}},"12":{"start":{"line":29,"column":8},"end":{"line":29,"column":19}},"13":{"start":{"line":32,"column":8},"end":{"line":40,"column":9}},"14":{"start":{"line":33,"column":12},"end":{"line":39,"column":13}},"15":{"start":{"line":34,"column":41},"end":{"line":34,"column":65}},"16":{"start":{"line":35,"column":16},"end":{"line":35,"column":53}},"17":{"start":{"line":36,"column":16},"end":{"line":36,"column":28}},"18":{"start":{"line":43,"column":8},"end":{"line":45,"column":9}},"19":{"start":{"line":44,"column":12},"end":{"line":44,"column":73}},"20":{"start":{"line":46,"column":8},"end":{"line":48,"column":9}},"21":{"start":{"line":47,"column":12},"end":{"line":47,"column":37}},"22":{"start":{"line":51,"column":25},"end":{"line":62,"column":9}},"23":{"start":{"line":63,"column":8},"end":{"line":63,"column":26}},"24":{"start":{"line":66,"column":20},"end":{"line":66,"column":32}},"25":{"start":{"line":67,"column":8},"end":{"line":69,"column":9}},"26":{"start":{"line":68,"column":12},"end":{"line":68,"column":75}},"27":{"start":{"line":70,"column":8},"end":{"line":72,"column":9}},"28":{"start":{"line":71,"column":12},"end":{"line":71,"column":23}},"29":{"start":{"line":73,"column":8},"end":{"line":87,"column":9}},"30":{"start":{"line":74,"column":12},"end":{"line":83,"column":13}},"31":{"start":{"line":75,"column":16},"end":{"line":75,"column":38}},"32":{"start":{"line":78,"column":29},"end":{"line":78,"column":46}},"33":{"start":{"line":79,"column":16},"end":{"line":81,"column":17}},"34":{"start":{"line":80,"column":20},"end":{"line":80,"column":62}},"35":{"start":{"line":82,"column":16},"end":{"line":82,"column":30}},"36":{"start":{"line":86,"column":12},"end":{"line":86,"column":93}},"37":{"start":{"line":90,"column":8},"end":{"line":90,"column":54}},"38":{"start":{"line":93,"column":8},"end":{"line":93,"column":54}},"39":{"start":{"line":96,"column":8},"end":{"line":101,"column":9}},"40":{"start":{"line":97,"column":12},"end":{"line":97,"column":24}},"41":{"start":{"line":100,"column":12},"end":{"line":100,"column":53}},"42":{"start":{"line":104,"column":0},"end":{"line":104,"column":27}}},"fnMap":{"0":{"name":"(anonymous_0)","decl":{"start":{"line":9,"column":4},"end":{"line":9,"column":5}},"loc":{"start":{"line":9,"column":20},"end":{"line":14,"column":5}},"line":9},"1":{"name":"(anonymous_1)","decl":{"start":{"line":15,"column":4},"end":{"line":15,"column":5}},"loc":{"start":{"line":15,"column":12},"end":{"line":17,"column":5}},"line":15},"2":{"name":"(anonymous_2)","decl":{"start":{"line":18,"column":4},"end":{"line":18,"column":5}},"loc":{"start":{"line":18,"column":14},"end":{"line":20,"column":5}},"line":18},"3":{"name":"(anonymous_3)","decl":{"start":{"line":21,"column":4},"end":{"line":21,"column":5}},"loc":{"start":{"line":21,"column":18},"end":{"line":23,"column":5}},"line":21},"4":{"name":"(anonymous_4)","decl":{"start":{"line":24,"column":4},"end":{"line":24,"column":5}},"loc":{"start":{"line":24,"column":23},"end":{"line":30,"column":5}},"line":24},"5":{"name":"(anonymous_5)","decl":{"start":{"line":26,"column":30},"end":{"line":26,"column":31}},"loc":{"start":{"line":26,"column":43},"end":{"line":28,"column":9}},"line":26},"6":{"name":"(anonymous_6)","decl":{"start":{"line":31,"column":4},"end":{"line":31,"column":5}},"loc":{"start":{"line":31,"column":24},"end":{"line":41,"column":5}},"line":31},"7":{"name":"(anonymous_7)","decl":{"start":{"line":42,"column":4},"end":{"line":42,"column":5}},"loc":{"start":{"line":42,"column":26},"end":{"line":49,"column":5}},"line":42},"8":{"name":"(anonymous_8)","decl":{"start":{"line":50,"column":4},"end":{"line":50,"column":5}},"loc":{"start":{"line":50,"column":24},"end":{"line":64,"column":5}},"line":50},"9":{"name":"(anonymous_9)","decl":{"start":{"line":65,"column":4},"end":{"line":65,"column":5}},"loc":{"start":{"line":65,"column":34},"end":{"line":88,"column":5}},"line":65},"10":{"name":"(anonymous_10)","decl":{"start":{"line":89,"column":4},"end":{"line":89,"column":5}},"loc":{"start":{"line":89,"column":30},"end":{"line":91,"column":5}},"line":89},"11":{"name":"(anonymous_11)","decl":{"start":{"line":92,"column":4},"end":{"line":92,"column":5}},"loc":{"start":{"line":92,"column":30},"end":{"line":94,"column":5}},"line":92},"12":{"name":"(anonymous_12)","decl":{"start":{"line":95,"column":4},"end":{"line":95,"column":5}},"loc":{"start":{"line":95,"column":21},"end":{"line":102,"column":5}},"line":95}},"branchMap":{"0":{"loc":{"start":{"line":32,"column":8},"end":{"line":40,"column":9}},"type":"if","locations":[{"start":{"line":32,"column":8},"end":{"line":40,"column":9}},{"start":{"line":32,"column":8},"end":{"line":40,"column":9}}],"line":32},"1":{"loc":{"start":{"line":43,"column":8},"end":{"line":45,"column":9}},"type":"if","locations":[{"start":{"line":43,"column":8},"end":{"line":45,"column":9}},{"start":{"line":43,"column":8},"end":{"line":45,"column":9}}],"line":43},"2":{"loc":{"start":{"line":67,"column":8},"end":{"line":69,"column":9}},"type":"if","locations":[{"start":{"line":67,"column":8},"end":{"line":69,"column":9}},{"start":{"line":67,"column":8},"end":{"line":69,"column":9}}],"line":67},"3":{"loc":{"start":{"line":70,"column":8},"end":{"line":72,"column":9}},"type":"if","locations":[{"start":{"line":70,"column":8},"end":{"line":72,"column":9}},{"start":{"line":70,"column":8},"end":{"line":72,"column":9}}],"line":70},"4":{"loc":{"start":{"line":74,"column":12},"end":{"line":83,"column":13}},"type":"if","locations":[{"start":{"line":74,"column":12},"end":{"line":83,"column":13}},{"start":{"line":74,"column":12},"end":{"line":83,"column":13}}],"line":74},"5":{"loc":{"start":{"line":79,"column":16},"end":{"line":81,"column":17}},"type":"if","locations":[{"start":{"line":79,"column":16},"end":{"line":81,"column":17}},{"start":{"line":79,"column":16},"end":{"line":81,"column":17}}],"line":79},"6":{"loc":{"start":{"line":79,"column":20},"end":{"line":79,"column":43}},"type":"binary-expr","locations":[{"start":{"line":79,"column":20},"end":{"line":79,"column":27}},{"start":{"line":79,"column":31},"end":{"line":79,"column":43}}],"line":79},"7":{"loc":{"start":{"line":96,"column":8},"end":{"line":101,"column":9}},"type":"if","locations":[{"start":{"line":96,"column":8},"end":{"line":101,"column":9}},{"start":{"line":96,"column":8},"end":{"line":101,"column":9}}],"line":96}},"s":{"0":1,"1":1,"2":116,"3":116,"4":116,"5":116,"6":160,"7":143,"8":132,"9":43,"10":43,"11":2778316,"12":43,"13":3309787,"14":3309786,"15":3309786,"16":3309761,"17":3309761,"18":29970,"19":3,"20":29967,"21":3309778,"22":3309786,"23":3309761,"24":32973802,"25":32973802,"26":23,"27":32973779,"28":32422471,"29":551308,"30":551308,"31":337621,"32":213687,"33":213687,"34":2,"35":213685,"36":2,"37":16548892,"38":16424910,"39":3309774,"40":123933,"41":3185841,"42":1},"f":{"0":116,"1":160,"2":143,"3":132,"4":43,"5":2778316,"6":3309787,"7":29970,"8":3309786,"9":32973802,"10":16548892,"11":16424910,"12":3309774},"b":{"0":[3309786,1],"1":[3,29967],"2":[23,32973779],"3":[32422471,551308],"4":[337621,213687],"5":[2,213685],"6":[213687,4],"7":[123933,3185841]},"inputSourceMap":{"version":3,"file":"C:/Users/jonah/Desktop/Personal Projects/project_team123/src/models/Sections.ts","sources":["C:/Users/jonah/Desktop/Personal Projects/project_team123/src/models/Sections.ts"],"names":[],"mappings":";;AAAA,iEAA8E;AAe9E,MAAqB,QAAQ;IACpB,EAAE,CAAS;IACX,IAAI,CAAS;IACb,QAAQ,CAAY;IACpB,IAAI,CAAqB;IAEjC,YAAY,EAAU;QACrB,IAAI,CAAC,EAAE,GAAG,EAAE,CAAC;QACb,IAAI,CAAC,IAAI,GAAG,CAAC,CAAC;QACd,IAAI,CAAC,QAAQ,GAAG,EAAE,CAAC;QACnB,IAAI,CAAC,IAAI,GAAG,mCAAkB,CAAC,QAAQ,CAAC;IACzC,CAAC;IAGM,KAAK;QACX,OAAO,IAAI,CAAC,EAAE,CAAC;IAChB,CAAC;IAEM,OAAO;QACb,OAAO,IAAI,CAAC,IAAI,CAAC;IAClB,CAAC;IAEM,WAAW;QACjB,OAAO,IAAI,CAAC,QAAQ,CAAC;IACtB,CAAC;IAEM,gBAAgB;QACtB,MAAM,GAAG,GAAG,IAAI,GAAG,EAAmB,CAAC;QACvC,IAAI,CAAC,QAAQ,CAAC,OAAO,CAAC,CAAC,OAAO,EAAE,EAAE;YACjC,GAAG,CAAC,GAAG,CAAC,OAAO,CAAC,EAAE,EAAE,OAAO,CAAC,CAAC;QAC9B,CAAC,CAAC,CAAC;QACH,OAAO,GAAG,CAAC;IACZ,CAAC;IAIM,UAAU,CAAC,OAAY;QAC7B,IAAI,OAAO,KAAK,SAAS,EAAE;YAC1B,IAAI;gBACH,MAAM,gBAAgB,GAAY,IAAI,CAAC,UAAU,CAAC,OAAO,CAAC,CAAC;gBAC3D,IAAI,CAAC,QAAQ,CAAC,IAAI,CAAC,gBAAgB,CAAC,CAAC;gBAErC,IAAI,CAAC,IAAI,EAAE,CAAC;aACZ;YAAC,MAAM;aAEP;SACD;IACF,CAAC;IAIM,WAAW,CAAC,QAAe;QAEjC,IAAI,QAAQ,KAAK,SAAS,EAAE;YAC3B,MAAM,IAAI,6BAAY,CAAC,mBAAmB,CAAC,CAAC;SAC5C;QACD,KAAK,IAAI,OAAO,IAAI,QAAQ,EAAE;YAC7B,IAAI,CAAC,UAAU,CAAC,OAAO,CAAC,CAAC;SACzB;IAEF,CAAC;IAEO,UAAU,CAAC,OAAY;QAC9B,IAAI,UAAU,GAAY;YACzB,EAAE,EAAE,IAAI,CAAC,WAAW,CAAC,OAAO,EAAE,IAAI,CAAC;YACnC,MAAM,EAAE,IAAI,CAAC,WAAW,CAAC,OAAO,EAAE,QAAQ,CAAC;YAC3C,KAAK,EAAE,IAAI,CAAC,WAAW,CAAC,OAAO,EAAE,OAAO,CAAC;YACzC,SAAS,EAAE,IAAI,CAAC,WAAW,CAAC,OAAO,EAAE,WAAW,CAAC;YACjD,OAAO,EAAE,IAAI,CAAC,WAAW,CAAC,OAAO,EAAE,SAAS,CAAC;YAC7C,IAAI,EAAE,IAAI,CAAC,OAAO,CAAC,OAAO,CAAC;YAC3B,GAAG,EAAE,IAAI,CAAC,WAAW,CAAC,OAAO,EAAE,KAAK,CAAC;YACrC,IAAI,EAAE,IAAI,CAAC,WAAW,CAAC,OAAO,EAAE,MAAM,CAAC;YACvC,IAAI,EAAE,IAAI,CAAC,WAAW,CAAC,OAAO,EAAE,MAAM,CAAC;YACvC,KAAK,EAAE,IAAI,CAAC,WAAW,CAAC,OAAO,EAAE,OAAO,CAAC;SACzC,CAAC;QACF,OAAO,UAAU,CAAC;IACnB,CAAC;IAGO,SAAS,CAAC,OAAY,EAAE,GAAW,EAAE,IAAyB;QACrE,MAAM,GAAG,GAAG,OAAO,CAAC,GAAG,CAAC,CAAC;QACzB,IAAI,GAAG,KAAK,SAAS,EAAE;YACtB,MAAM,IAAI,6BAAY,CAAC,GAAG,GAAG,eAAe,CAAC,CAAC;SAC9C;QACD,IAAI,OAAO,GAAG,KAAK,IAAI,EAAE;YACxB,OAAO,GAAG,CAAC;SACX;QAED,IAAI;YACH,IAAI,IAAI,KAAK,QAAQ,EAAE;gBAEtB,OAAO,GAAG,CAAC,QAAQ,EAAE,CAAC;aACtB;iBAAM;gBACN,IAAI,MAAM,GAAG,QAAQ,CAAC,GAAG,EAAE,EAAE,CAAC,CAAC;gBAC/B,IAAI,CAAC,MAAM,IAAI,MAAM,KAAK,CAAC,EAAE;oBAC5B,MAAM,IAAI,6BAAY,EAAE,CAAC;iBACzB;gBAED,OAAO,MAAM,CAAC;aACd;SACD;QAAC,MAAM;YACP,MAAM,IAAI,6BAAY,CAAC,GAAG,GAAG,0BAA0B,GAAG,IAAI,CAAC,CAAC;SAChE;IACF,CAAC;IAEO,WAAW,CAAC,OAAY,EAAE,GAAW;QAC5C,OAAO,IAAI,CAAC,SAAS,CAAC,OAAO,EAAE,GAAG,EAAE,QAAQ,CAAW,CAAC;IACzD,CAAC;IAEO,WAAW,CAAC,OAAY,EAAE,GAAW;QAC5C,OAAO,IAAI,CAAC,SAAS,CAAC,OAAO,EAAE,GAAG,EAAE,QAAQ,CAAW,CAAC;IACzD,CAAC;IAEO,OAAO,CAAC,OAAY;QAC3B,IAAI,OAAO,CAAC,SAAS,CAAC,KAAK,SAAS,EAAE;YACrC,OAAO,IAAI,CAAC;SACZ;aAAM;YACN,OAAO,IAAI,CAAC,WAAW,CAAC,OAAO,EAAE,MAAM,CAAC,CAAC;SACzC;IACF,CAAC;CACD;AAxHD,2BAwHC","sourcesContent":["import {InsightDatasetKind, InsightError} from \"../controller/IInsightFacade\";\n\nexport interface Section {\n\tid: string;\n\tCourse: string;\n\tTitle: string;\n\tProfessor: string;\n\tSubject: string;\n\tYear: number;\n\tAvg: number;\n\tPass: number;\n\tFail: number;\n\tAudit: number;\n}\n\nexport default class Sections {\n\tprivate id: string;\n\tprivate size: number;\n\tprivate sections: Section[];\n\tprivate kind: InsightDatasetKind;\n\n\tconstructor(id: string) {\n\t\tthis.id = id;\n\t\tthis.size = 0;\n\t\tthis.sections = [];\n\t\tthis.kind = InsightDatasetKind.Sections;\n\t}\n\n\t// Getters\n\tpublic getId(): string {\n\t\treturn this.id;\n\t}\n\n\tpublic getSize(): number {\n\t\treturn this.size;\n\t}\n\n\tpublic getSections(): Section[] {\n\t\treturn this.sections;\n\t}\n\n\tpublic getSectionsAsMap(): Map<string, Section> {\n\t\tconst map = new Map<string, Section>();\n\t\tthis.sections.forEach((section) => {\n\t\t\tmap.set(section.id, section);\n\t\t});\n\t\treturn map;\n\t}\n\n\t// Adds section to this.section and increases size by 1\n\t// If section is missing required keys then it does not add\n\tpublic addSection(section: any): void {\n\t\tif (section !== undefined) {\n\t\t\ttry {\n\t\t\t\tconst formattedSection: Section = this.newSection(section);\n\t\t\t\tthis.sections.push(formattedSection);\n\t\t\t\t// console.log(this.sections)\n\t\t\t\tthis.size++;\n\t\t\t} catch {\n\t\t\t\t// do nothing\n\t\t\t}\n\t\t}\n\t}\n\n\t// Adds sections to a dataset\n\t// Throws InsightError if input list is empty\n\tpublic addSections(sections: any[]): void {\n\t\t// console.log(this.getSize())\n\t\tif (sections === undefined) {\n\t\t\tthrow new InsightError(\"No valid sections\");\n\t\t}\n\t\tfor (let section of sections) {\n\t\t\tthis.addSection(section);\n\t\t}\n\t\t// console.log(this.getSize())\n\t}\n\n\tprivate newSection(section: any): Section {\n\t\tlet newSection: Section = {\n\t\t\tid: this.keyToString(section, \"id\"),\n\t\t\tCourse: this.keyToString(section, \"Course\"),\n\t\t\tTitle: this.keyToString(section, \"Title\"),\n\t\t\tProfessor: this.keyToString(section, \"Professor\"),\n\t\t\tSubject: this.keyToString(section, \"Subject\"),\n\t\t\tYear: this.getYear(section),\n\t\t\tAvg: this.keyToNumber(section, \"Avg\"),\n\t\t\tPass: this.keyToNumber(section, \"Pass\"),\n\t\t\tFail: this.keyToNumber(section, \"Fail\"),\n\t\t\tAudit: this.keyToNumber(section, \"Audit\"),\n\t\t};\n\t\treturn newSection;\n\t}\n\n\t// Checks the type of the key and tries to conver to type, otherwise throws InsightError\n\tprivate keyToType(section: any, key: string, type: \"string\" | \"number\"): string | number {\n\t\tconst obj = section[key];\n\t\tif (obj === undefined) {\n\t\t\tthrow new InsightError(key + \" is undefined\");\n\t\t}\n\t\tif (typeof obj === type) {\n\t\t\treturn obj;\n\t\t}\n\n\t\ttry {\n\t\t\tif (type === \"string\") {\n\t\t\t\t// console.log(\"returning: \" + key)\n\t\t\t\treturn obj.toString();\n\t\t\t} else {\n\t\t\t\tlet result = parseInt(obj, 10);\n\t\t\t\tif (!result && result !== 0) {\n\t\t\t\t\tthrow new InsightError();\n\t\t\t\t}\n\t\t\t\t// console.log(\"returning: \" + key);\n\t\t\t\treturn result;\n\t\t\t}\n\t\t} catch {\n\t\t\tthrow new InsightError(key + \" cannot be converted to \" + type);\n\t\t}\n\t}\n\n\tprivate keyToString(section: any, key: string): string {\n\t\treturn this.keyToType(section, key, \"string\") as string;\n\t}\n\n\tprivate keyToNumber(section: any, key: string): number {\n\t\treturn this.keyToType(section, key, \"number\") as number;\n\t}\n\n\tprivate getYear(section: any): number {\n\t\tif (section[\"Section\"] === \"overall\") {\n\t\t\treturn 1900;\n\t\t} else {\n\t\t\treturn this.keyToNumber(section, \"Year\");\n\t\t}\n\t}\n}\n"]},"_coverageSchema":"1a1c01bbd47fc00a2c39e90264f33305004495a9","hash":"86f46e57f3e8daecea6a2310a214ddd4c0777a27","contentHash":"e173b26922c2b5b88a1c6f14522be32385d64005f42b0a50e2744d3ef7d823c1"},"C:\\Users\\jonah\\Desktop\\Personal Projects\\project_team123\\src\\models\\Rooms.ts":{"path":"C:\\Users\\jonah\\Desktop\\Personal Projects\\project_team123\\src\\models\\Rooms.ts","statementMap":{"0":{"start":{"line":2,"column":22},"end":{"line":4,"column":1}},"1":{"start":{"line":3,"column":4},"end":{"line":3,"column":62}},"2":{"start":{"line":5,"column":0},"end":{"line":5,"column":62}},"3":{"start":{"line":6,"column":20},"end":{"line":6,"column":57}},"4":{"start":{"line":11,"column":16},"end":{"line":11,"column":79}},"5":{"start":{"line":13,"column":8},"end":{"line":13,"column":21}},"6":{"start":{"line":14,"column":8},"end":{"line":14,"column":24}},"7":{"start":{"line":15,"column":8},"end":{"line":15,"column":22}},"8":{"start":{"line":18,"column":8},"end":{"line":18,"column":23}},"9":{"start":{"line":21,"column":8},"end":{"line":21,"column":26}},"10":{"start":{"line":24,"column":8},"end":{"line":24,"column":26}},"11":{"start":{"line":27,"column":8},"end":{"line":27,"column":25}},"12":{"start":{"line":30,"column":24},"end":{"line":30,"column":26}},"13":{"start":{"line":31,"column":21},"end":{"line":31,"column":50}},"14":{"start":{"line":32,"column":8},"end":{"line":41,"column":9}},"15":{"start":{"line":33,"column":23},"end":{"line":33,"column":52}},"16":{"start":{"line":34,"column":23},"end":{"line":34,"column":51}},"17":{"start":{"line":35,"column":12},"end":{"line":40,"column":13}},"18":{"start":{"line":36,"column":31},"end":{"line":36,"column":52}},"19":{"start":{"line":37,"column":16},"end":{"line":39,"column":17}},"20":{"start":{"line":38,"column":20},"end":{"line":38,"column":45}},"21":{"start":{"line":42,"column":8},"end":{"line":42,"column":25}},"22":{"start":{"line":45,"column":29},"end":{"line":45,"column":65}},"23":{"start":{"line":46,"column":8},"end":{"line":50,"column":9}},"24":{"start":{"line":47,"column":12},"end":{"line":49,"column":13}},"25":{"start":{"line":48,"column":16},"end":{"line":48,"column":29}},"26":{"start":{"line":51,"column":8},"end":{"line":51,"column":20}},"27":{"start":{"line":54,"column":23},"end":{"line":54,"column":32}},"28":{"start":{"line":55,"column":8},"end":{"line":55,"column":116}},"29":{"start":{"line":56,"column":8},"end":{"line":56,"column":115}},"30":{"start":{"line":57,"column":8},"end":{"line":57,"column":100}},"31":{"start":{"line":58,"column":8},"end":{"line":58,"column":76}},"32":{"start":{"line":59,"column":8},"end":{"line":59,"column":24}},"33":{"start":{"line":62,"column":20},"end":{"line":62,"column":22}},"34":{"start":{"line":63,"column":21},"end":{"line":63,"column":60}},"35":{"start":{"line":64,"column":8},"end":{"line":79,"column":9}},"36":{"start":{"line":65,"column":23},"end":{"line":65,"column":52}},"37":{"start":{"line":66,"column":23},"end":{"line":66,"column":51}},"38":{"start":{"line":67,"column":12},"end":{"line":78,"column":13}},"39":{"start":{"line":68,"column":27},"end":{"line":68,"column":44}},"40":{"start":{"line":69,"column":32},"end":{"line":69,"column":57}},"41":{"start":{"line":70,"column":29},"end":{"line":70,"column":47}},"42":{"start":{"line":71,"column":16},"end":{"line":74,"column":17}},"43":{"start":{"line":72,"column":31},"end":{"line":72,"column":55}},"44":{"start":{"line":73,"column":20},"end":{"line":73,"column":43}},"45":{"start":{"line":75,"column":16},"end":{"line":77,"column":17}},"46":{"start":{"line":76,"column":20},"end":{"line":76,"column":37}},"47":{"start":{"line":80,"column":8},"end":{"line":80,"column":37}},"48":{"start":{"line":83,"column":8},"end":{"line":107,"column":9}},"49":{"start":{"line":84,"column":24},"end":{"line":84,"column":45}},"50":{"start":{"line":85,"column":12},"end":{"line":87,"column":13}},"51":{"start":{"line":86,"column":16},"end":{"line":86,"column":25}},"52":{"start":{"line":88,"column":12},"end":{"line":106,"column":13}},"53":{"start":{"line":89,"column":16},"end":{"line":105,"column":17}},"54":{"start":{"line":90,"column":35},"end":{"line":102,"column":21}},"55":{"start":{"line":103,"column":20},"end":{"line":103,"column":46}},"56":{"start":{"line":104,"column":20},"end":{"line":104,"column":32}},"57":{"start":{"line":110,"column":27},"end":{"line":110,"column":83}},"58":{"start":{"line":111,"column":8},"end":{"line":115,"column":9}},"59":{"start":{"line":112,"column":12},"end":{"line":114,"column":13}},"60":{"start":{"line":113,"column":16},"end":{"line":113,"column":29}},"61":{"start":{"line":116,"column":8},"end":{"line":118,"column":9}},"62":{"start":{"line":117,"column":12},"end":{"line":117,"column":25}},"63":{"start":{"line":119,"column":8},"end":{"line":119,"column":20}},"64":{"start":{"line":122,"column":19},"end":{"line":122,"column":28}},"65":{"start":{"line":123,"column":8},"end":{"line":123,"column":107}},"66":{"start":{"line":124,"column":8},"end":{"line":124,"column":104}},"67":{"start":{"line":125,"column":8},"end":{"line":125,"column":98}},"68":{"start":{"line":126,"column":8},"end":{"line":126,"column":94}},"69":{"start":{"line":127,"column":8},"end":{"line":127,"column":45}},"70":{"start":{"line":128,"column":8},"end":{"line":128,"column":20}},"71":{"start":{"line":131,"column":21},"end":{"line":131,"column":23}},"72":{"start":{"line":132,"column":19},"end":{"line":132,"column":25}},"73":{"start":{"line":133,"column":8},"end":{"line":143,"column":9}},"74":{"start":{"line":134,"column":23},"end":{"line":134,"column":33}},"75":{"start":{"line":135,"column":12},"end":{"line":139,"column":13}},"76":{"start":{"line":136,"column":16},"end":{"line":138,"column":17}},"77":{"start":{"line":137,"column":20},"end":{"line":137,"column":37}},"78":{"start":{"line":140,"column":12},"end":{"line":142,"column":13}},"79":{"start":{"line":141,"column":16},"end":{"line":141,"column":34}},"80":{"start":{"line":144,"column":8},"end":{"line":144,"column":22}},"81":{"start":{"line":147,"column":19},"end":{"line":147,"column":23}},"82":{"start":{"line":148,"column":8},"end":{"line":155,"column":9}},"83":{"start":{"line":149,"column":12},"end":{"line":154,"column":13}},"84":{"start":{"line":150,"column":16},"end":{"line":150,"column":42}},"85":{"start":{"line":153,"column":16},"end":{"line":153,"column":42}},"86":{"start":{"line":156,"column":8},"end":{"line":156,"column":20}},"87":{"start":{"line":159,"column":20},"end":{"line":159,"column":45}},"88":{"start":{"line":160,"column":8},"end":{"line":176,"column":9}},"89":{"start":{"line":161,"column":29},"end":{"line":161,"column":39}},"90":{"start":{"line":162,"column":12},"end":{"line":175,"column":13}},"91":{"start":{"line":163,"column":16},"end":{"line":174,"column":17}},"92":{"start":{"line":164,"column":20},"end":{"line":173,"column":21}},"93":{"start":{"line":168,"column":36},"end":{"line":168,"column":66}},"94":{"start":{"line":169,"column":24},"end":{"line":171,"column":25}},"95":{"start":{"line":170,"column":28},"end":{"line":170,"column":38}},"96":{"start":{"line":172,"column":24},"end":{"line":172,"column":87}},"97":{"start":{"line":177,"column":8},"end":{"line":177,"column":25}},"98":{"start":{"line":180,"column":29},"end":{"line":180,"column":53}},"99":{"start":{"line":181,"column":8},"end":{"line":190,"column":9}},"100":{"start":{"line":182,"column":29},"end":{"line":182,"column":39}},"101":{"start":{"line":183,"column":12},"end":{"line":189,"column":13}},"102":{"start":{"line":184,"column":16},"end":{"line":188,"column":17}},"103":{"start":{"line":185,"column":20},"end":{"line":187,"column":21}},"104":{"start":{"line":186,"column":24},"end":{"line":186,"column":47}},"105":{"start":{"line":191,"column":8},"end":{"line":191,"column":25}},"106":{"start":{"line":194,"column":23},"end":{"line":194,"column":25}},"107":{"start":{"line":195,"column":8},"end":{"line":221,"column":9}},"108":{"start":{"line":196,"column":26},"end":{"line":196,"column":49}},"109":{"start":{"line":197,"column":12},"end":{"line":220,"column":13}},"110":{"start":{"line":198,"column":16},"end":{"line":219,"column":17}},"111":{"start":{"line":199,"column":20},"end":{"line":199,"column":58}},"112":{"start":{"line":200,"column":34},"end":{"line":215,"column":22}},"113":{"start":{"line":201,"column":24},"end":{"line":214,"column":27}},"114":{"start":{"line":202,"column":39},"end":{"line":202,"column":41}},"115":{"start":{"line":203,"column":28},"end":{"line":205,"column":31}},"116":{"start":{"line":204,"column":32},"end":{"line":204,"column":46}},"117":{"start":{"line":206,"column":28},"end":{"line":211,"column":31}},"118":{"start":{"line":207,"column":45},"end":{"line":207,"column":61}},"119":{"start":{"line":208,"column":32},"end":{"line":208,"column":67}},"120":{"start":{"line":209,"column":32},"end":{"line":209,"column":67}},"121":{"start":{"line":210,"column":32},"end":{"line":210,"column":46}},"122":{"start":{"line":213,"column":28},"end":{"line":213,"column":47}},"123":{"start":{"line":216,"column":20},"end":{"line":216,"column":43}},"124":{"start":{"line":222,"column":8},"end":{"line":222,"column":44}},"125":{"start":{"line":225,"column":0},"end":{"line":225,"column":24}}},"fnMap":{"0":{"name":"(anonymous_0)","decl":{"start":{"line":2,"column":56},"end":{"line":2,"column":57}},"loc":{"start":{"line":2,"column":71},"end":{"line":4,"column":1}},"line":2},"1":{"name":"(anonymous_1)","decl":{"start":{"line":12,"column":4},"end":{"line":12,"column":5}},"loc":{"start":{"line":12,"column":20},"end":{"line":16,"column":5}},"line":12},"2":{"name":"(anonymous_2)","decl":{"start":{"line":17,"column":4},"end":{"line":17,"column":5}},"loc":{"start":{"line":17,"column":12},"end":{"line":19,"column":5}},"line":17},"3":{"name":"(anonymous_3)","decl":{"start":{"line":20,"column":4},"end":{"line":20,"column":5}},"loc":{"start":{"line":20,"column":15},"end":{"line":22,"column":5}},"line":20},"4":{"name":"(anonymous_4)","decl":{"start":{"line":23,"column":4},"end":{"line":23,"column":5}},"loc":{"start":{"line":23,"column":18},"end":{"line":25,"column":5}},"line":23},"5":{"name":"(anonymous_5)","decl":{"start":{"line":26,"column":4},"end":{"line":26,"column":5}},"loc":{"start":{"line":26,"column":14},"end":{"line":28,"column":5}},"line":26},"6":{"name":"(anonymous_6)","decl":{"start":{"line":29,"column":4},"end":{"line":29,"column":5}},"loc":{"start":{"line":29,"column":24},"end":{"line":43,"column":5}},"line":29},"7":{"name":"(anonymous_7)","decl":{"start":{"line":44,"column":4},"end":{"line":44,"column":5}},"loc":{"start":{"line":44,"column":30},"end":{"line":52,"column":5}},"line":44},"8":{"name":"(anonymous_8)","decl":{"start":{"line":53,"column":4},"end":{"line":53,"column":5}},"loc":{"start":{"line":53,"column":21},"end":{"line":60,"column":5}},"line":53},"9":{"name":"(anonymous_9)","decl":{"start":{"line":61,"column":4},"end":{"line":61,"column":5}},"loc":{"start":{"line":61,"column":40},"end":{"line":81,"column":5}},"line":61},"10":{"name":"(anonymous_10)","decl":{"start":{"line":82,"column":4},"end":{"line":82,"column":5}},"loc":{"start":{"line":82,"column":22},"end":{"line":108,"column":5}},"line":82},"11":{"name":"(anonymous_11)","decl":{"start":{"line":109,"column":4},"end":{"line":109,"column":5}},"loc":{"start":{"line":109,"column":22},"end":{"line":120,"column":5}},"line":109},"12":{"name":"(anonymous_12)","decl":{"start":{"line":121,"column":4},"end":{"line":121,"column":5}},"loc":{"start":{"line":121,"column":17},"end":{"line":129,"column":5}},"line":121},"13":{"name":"(anonymous_13)","decl":{"start":{"line":130,"column":4},"end":{"line":130,"column":5}},"loc":{"start":{"line":130,"column":24},"end":{"line":145,"column":5}},"line":130},"14":{"name":"(anonymous_14)","decl":{"start":{"line":146,"column":4},"end":{"line":146,"column":5}},"loc":{"start":{"line":146,"column":24},"end":{"line":157,"column":5}},"line":146},"15":{"name":"(anonymous_15)","decl":{"start":{"line":158,"column":4},"end":{"line":158,"column":5}},"loc":{"start":{"line":158,"column":36},"end":{"line":178,"column":5}},"line":158},"16":{"name":"(anonymous_16)","decl":{"start":{"line":179,"column":4},"end":{"line":179,"column":5}},"loc":{"start":{"line":179,"column":19},"end":{"line":192,"column":5}},"line":179},"17":{"name":"(anonymous_17)","decl":{"start":{"line":193,"column":4},"end":{"line":193,"column":5}},"loc":{"start":{"line":193,"column":37},"end":{"line":223,"column":5}},"line":193},"18":{"name":"(anonymous_18)","decl":{"start":{"line":200,"column":46},"end":{"line":200,"column":47}},"loc":{"start":{"line":200,"column":67},"end":{"line":215,"column":21}},"line":200},"19":{"name":"(anonymous_19)","decl":{"start":{"line":201,"column":74},"end":{"line":201,"column":75}},"loc":{"start":{"line":201,"column":88},"end":{"line":212,"column":25}},"line":201},"20":{"name":"(anonymous_20)","decl":{"start":{"line":203,"column":48},"end":{"line":203,"column":49}},"loc":{"start":{"line":203,"column":59},"end":{"line":205,"column":29}},"line":203},"21":{"name":"(anonymous_21)","decl":{"start":{"line":206,"column":47},"end":{"line":206,"column":48}},"loc":{"start":{"line":206,"column":53},"end":{"line":211,"column":29}},"line":206},"22":{"name":"(anonymous_22)","decl":{"start":{"line":212,"column":39},"end":{"line":212,"column":40}},"loc":{"start":{"line":212,"column":52},"end":{"line":214,"column":25}},"line":212}},"branchMap":{"0":{"loc":{"start":{"line":2,"column":22},"end":{"line":4,"column":1}},"type":"binary-expr","locations":[{"start":{"line":2,"column":23},"end":{"line":2,"column":27}},{"start":{"line":2,"column":31},"end":{"line":2,"column":51}},{"start":{"line":2,"column":56},"end":{"line":4,"column":1}}],"line":2},"1":{"loc":{"start":{"line":3,"column":11},"end":{"line":3,"column":61}},"type":"cond-expr","locations":[{"start":{"line":3,"column":37},"end":{"line":3,"column":40}},{"start":{"line":3,"column":43},"end":{"line":3,"column":61}}],"line":3},"2":{"loc":{"start":{"line":3,"column":12},"end":{"line":3,"column":33}},"type":"binary-expr","locations":[{"start":{"line":3,"column":12},"end":{"line":3,"column":15}},{"start":{"line":3,"column":19},"end":{"line":3,"column":33}}],"line":3},"3":{"loc":{"start":{"line":37,"column":16},"end":{"line":39,"column":17}},"type":"if","locations":[{"start":{"line":37,"column":16},"end":{"line":39,"column":17}},{"start":{"line":37,"column":16},"end":{"line":39,"column":17}}],"line":37},"4":{"loc":{"start":{"line":47,"column":12},"end":{"line":49,"column":13}},"type":"if","locations":[{"start":{"line":47,"column":12},"end":{"line":49,"column":13}},{"start":{"line":47,"column":12},"end":{"line":49,"column":13}}],"line":47},"5":{"loc":{"start":{"line":71,"column":16},"end":{"line":74,"column":17}},"type":"if","locations":[{"start":{"line":71,"column":16},"end":{"line":74,"column":17}},{"start":{"line":71,"column":16},"end":{"line":74,"column":17}}],"line":71},"6":{"loc":{"start":{"line":71,"column":20},"end":{"line":71,"column":67}},"type":"binary-expr","locations":[{"start":{"line":71,"column":20},"end":{"line":71,"column":43}},{"start":{"line":71,"column":47},"end":{"line":71,"column":67}}],"line":71},"7":{"loc":{"start":{"line":75,"column":16},"end":{"line":77,"column":17}},"type":"if","locations":[{"start":{"line":75,"column":16},"end":{"line":77,"column":17}},{"start":{"line":75,"column":16},"end":{"line":77,"column":17}}],"line":75},"8":{"loc":{"start":{"line":85,"column":12},"end":{"line":87,"column":13}},"type":"if","locations":[{"start":{"line":85,"column":12},"end":{"line":87,"column":13}},{"start":{"line":85,"column":12},"end":{"line":87,"column":13}}],"line":85},"9":{"loc":{"start":{"line":88,"column":12},"end":{"line":106,"column":13}},"type":"if","locations":[{"start":{"line":88,"column":12},"end":{"line":106,"column":13}},{"start":{"line":88,"column":12},"end":{"line":106,"column":13}}],"line":88},"10":{"loc":{"start":{"line":88,"column":16},"end":{"line":88,"column":55}},"type":"binary-expr","locations":[{"start":{"line":88,"column":16},"end":{"line":88,"column":35}},{"start":{"line":88,"column":39},"end":{"line":88,"column":55}}],"line":88},"11":{"loc":{"start":{"line":112,"column":12},"end":{"line":114,"column":13}},"type":"if","locations":[{"start":{"line":112,"column":12},"end":{"line":114,"column":13}},{"start":{"line":112,"column":12},"end":{"line":114,"column":13}}],"line":112},"12":{"loc":{"start":{"line":116,"column":8},"end":{"line":118,"column":9}},"type":"if","locations":[{"start":{"line":116,"column":8},"end":{"line":118,"column":9}},{"start":{"line":116,"column":8},"end":{"line":118,"column":9}}],"line":116},"13":{"loc":{"start":{"line":135,"column":12},"end":{"line":139,"column":13}},"type":"if","locations":[{"start":{"line":135,"column":12},"end":{"line":139,"column":13}},{"start":{"line":135,"column":12},"end":{"line":139,"column":13}}],"line":135},"14":{"loc":{"start":{"line":140,"column":12},"end":{"line":142,"column":13}},"type":"if","locations":[{"start":{"line":140,"column":12},"end":{"line":142,"column":13}},{"start":{"line":140,"column":12},"end":{"line":142,"column":13}}],"line":140},"15":{"loc":{"start":{"line":148,"column":15},"end":{"line":148,"column":60}},"type":"binary-expr","locations":[{"start":{"line":148,"column":15},"end":{"line":148,"column":30}},{"start":{"line":148,"column":34},"end":{"line":148,"column":60}}],"line":148},"16":{"loc":{"start":{"line":149,"column":12},"end":{"line":154,"column":13}},"type":"if","locations":[{"start":{"line":149,"column":12},"end":{"line":154,"column":13}},{"start":{"line":149,"column":12},"end":{"line":154,"column":13}}],"line":149},"17":{"loc":{"start":{"line":162,"column":12},"end":{"line":175,"column":13}},"type":"if","locations":[{"start":{"line":162,"column":12},"end":{"line":175,"column":13}},{"start":{"line":162,"column":12},"end":{"line":175,"column":13}}],"line":162},"18":{"loc":{"start":{"line":164,"column":20},"end":{"line":173,"column":21}},"type":"if","locations":[{"start":{"line":164,"column":20},"end":{"line":173,"column":21}},{"start":{"line":164,"column":20},"end":{"line":173,"column":21}}],"line":164},"19":{"loc":{"start":{"line":164,"column":24},"end":{"line":167,"column":53}},"type":"binary-expr","locations":[{"start":{"line":164,"column":24},"end":{"line":164,"column":38}},{"start":{"line":165,"column":24},"end":{"line":165,"column":50}},{"start":{"line":166,"column":24},"end":{"line":166,"column":39}},{"start":{"line":167,"column":24},"end":{"line":167,"column":53}}],"line":164},"20":{"loc":{"start":{"line":169,"column":24},"end":{"line":171,"column":25}},"type":"if","locations":[{"start":{"line":169,"column":24},"end":{"line":171,"column":25}},{"start":{"line":169,"column":24},"end":{"line":171,"column":25}}],"line":169},"21":{"loc":{"start":{"line":183,"column":12},"end":{"line":189,"column":13}},"type":"if","locations":[{"start":{"line":183,"column":12},"end":{"line":189,"column":13}},{"start":{"line":183,"column":12},"end":{"line":189,"column":13}}],"line":183},"22":{"loc":{"start":{"line":185,"column":20},"end":{"line":187,"column":21}},"type":"if","locations":[{"start":{"line":185,"column":20},"end":{"line":187,"column":21}},{"start":{"line":185,"column":20},"end":{"line":187,"column":21}}],"line":185},"23":{"loc":{"start":{"line":185,"column":24},"end":{"line":185,"column":67}},"type":"binary-expr","locations":[{"start":{"line":185,"column":24},"end":{"line":185,"column":38}},{"start":{"line":185,"column":42},"end":{"line":185,"column":67}}],"line":185},"24":{"loc":{"start":{"line":197,"column":12},"end":{"line":220,"column":13}},"type":"if","locations":[{"start":{"line":197,"column":12},"end":{"line":220,"column":13}},{"start":{"line":197,"column":12},"end":{"line":220,"column":13}}],"line":197}},"s":{"0":1,"1":1,"2":1,"3":1,"4":16,"5":16,"6":16,"7":16,"8":20,"9":0,"10":5,"11":26,"12":16,"13":16,"14":16,"15":17,"16":17,"17":17,"18":309,"19":309,"20":309,"21":16,"22":309,"23":309,"24":927,"25":0,"26":309,"27":309,"28":309,"29":309,"30":309,"31":309,"32":309,"33":89,"34":89,"35":89,"36":55,"37":55,"38":55,"39":387,"40":387,"41":387,"42":387,"43":386,"44":386,"45":387,"46":381,"47":89,"48":16,"49":309,"50":309,"51":2,"52":307,"53":48,"54":377,"55":377,"56":377,"57":387,"58":387,"59":2314,"60":4,"61":383,"62":2,"63":381,"64":387,"65":387,"66":387,"67":387,"68":387,"69":387,"70":387,"71":3420,"72":3420,"73":3420,"74":287088,"75":287088,"76":127511,"77":283668,"78":287088,"79":14895,"80":3420,"81":4925,"82":4925,"83":6300,"84":4920,"85":1380,"86":4925,"87":2475,"88":2475,"89":8217,"90":8217,"91":8217,"92":8217,"93":2465,"94":2465,"95":5,"96":2460,"97":10,"98":696,"99":696,"100":694,"101":694,"102":694,"103":694,"104":694,"105":2,"106":16,"107":16,"108":309,"109":309,"110":309,"111":309,"112":309,"113":309,"114":309,"115":309,"116":309,"117":309,"118":309,"119":309,"120":309,"121":309,"122":0,"123":309,"124":16,"125":1},"f":{"0":1,"1":16,"2":20,"3":0,"4":5,"5":26,"6":16,"7":309,"8":309,"9":89,"10":16,"11":387,"12":387,"13":3420,"14":4925,"15":2475,"16":696,"17":16,"18":309,"19":309,"20":309,"21":309,"22":0},"b":{"0":[1,1,1],"1":[0,1],"2":[1,1],"3":[309,0],"4":[0,927],"5":[386,1],"6":[387,387],"7":[381,6],"8":[2,307],"9":[48,259],"10":[307,87],"11":[4,2310],"12":[2,381],"13":[127511,159577],"14":[14895,272193],"15":[11225,6305],"16":[4920,1380],"17":[8217,0],"18":[2465,5752],"19":[8217,8217,8217,8217],"20":[5,2460],"21":[694,0],"22":[694,0],"23":[694,694],"24":[309,0]},"inputSourceMap":{"version":3,"file":"C:/Users/jonah/Desktop/Personal Projects/project_team123/src/models/Rooms.ts","sources":["C:/Users/jonah/Desktop/Personal Projects/project_team123/src/models/Rooms.ts"],"names":[],"mappings":";;;;;AAEA,0DAA6B;AAyB7B,MAAqB,KAAK;IACjB,EAAE,CAAS;IACX,KAAK,CAAS;IACd,IAAI,CAAS;IACb,SAAS,GAAW,+DAA+D,CAAC;IAE5F,YAAY,EAAU;QACrB,IAAI,CAAC,EAAE,GAAG,EAAE,CAAC;QACb,IAAI,CAAC,KAAK,GAAG,EAAE,CAAC;QAChB,IAAI,CAAC,IAAI,GAAG,CAAC,CAAC;IACf,CAAC;IAEM,KAAK;QACX,OAAO,IAAI,CAAC,EAAE,CAAC;IAChB,CAAC;IAEM,QAAQ;QACd,OAAO,IAAI,CAAC,KAAK,CAAC;IACnB,CAAC;IAEM,WAAW;QACjB,OAAO,
[...]
,{"start":{"line":142,"column":39},"end":{"line":142,"column":63}}],"line":142},"38":{"loc":{"start":{"line":145,"column":17},"end":{"line":150,"column":13}},"type":"if","locations":[{"start":{"line":145,"column":17},"end":{"line":150,"column":13}},{"start":{"line":145,"column":17},"end":{"line":150,"column":13}}],"line":145},"39":{"loc":{"start":{"line":145,"column":21},"end":{"line":145,"column":68}},"type":"binary-expr","locations":[{"start":{"line":145,"column":21},"end":{"line":145,"column":40}},{"start":{"line":145,"column":44},"end":{"line":145,"column":68}}],"line":145},"40":{"loc":{"start":{"line":148,"column":17},"end":{"line":150,"column":13}},"type":"if","locations":[{"start":{"line":148,"column":17},"end":{"line":150,"column":13}},{"start":{"line":148,"column":17},"end":{"line":150,"column":13}}],"line":148},"41":{"loc":{"start":{"line":148,"column":21},"end":{"line":148,"column":70}},"type":"binary-expr","locations":[{"start":{"line":148,"column":21},"end":{"line":148,"column":40}},{"start":{"line":148,"column":44},"end":{"line":148,"column":70}}],"line":148},"42":{"loc":{"start":{"line":161,"column":8},"end":{"line":178,"column":9}},"type":"if","locations":[{"start":{"line":161,"column":8},"end":{"line":178,"column":9}},{"start":{"line":161,"column":8},"end":{"line":178,"column":9}}],"line":161},"43":{"loc":{"start":{"line":166,"column":20},"end":{"line":168,"column":21}},"type":"if","locations":[{"start":{"line":166,"column":20},"end":{"line":168,"column":21}},{"start":{"line":166,"column":20},"end":{"line":168,"column":21}}],"line":166},"44":{"loc":{"start":{"line":182,"column":8},"end":{"line":184,"column":9}},"type":"if","locations":[{"start":{"line":182,"column":8},"end":{"line":184,"column":9}},{"start":{"line":182,"column":8},"end":{"line":184,"column":9}}],"line":182},"45":{"loc":{"start":{"line":189,"column":12},"end":{"line":191,"column":13}},"type":"if","locations":[{"start":{"line":189,"column":12},"end":{"line":191,"column":13}},{"start":{"line":189,"column":12},"end":{"line":191,"column":13}}],"line":189},"46":{"loc":{"start":{"line":193,"column":8},"end":{"line":205,"column":9}},"type":"if","locations":[{"start":{"line":193,"column":8},"end":{"line":205,"column":9}},{"start":{"line":193,"column":8},"end":{"line":205,"column":9}}],"line":193},"47":{"loc":{"start":{"line":197,"column":16},"end":{"line":202,"column":17}},"type":"if","locations":[{"start":{"line":197,"column":16},"end":{"line":202,"column":17}},{"start":{"line":197,"column":16},"end":{"line":202,"column":17}}],"line":197},"48":{"loc":{"start":{"line":200,"column":21},"end":{"line":202,"column":17}},"type":"if","locations":[{"start":{"line":200,"column":21},"end":{"line":202,"column":17}},{"start":{"line":200,"column":21},"end":{"line":202,"column":17}}],"line":200}},"s":{"0":1,"1":148,"2":148,"3":148,"4":148,"5":148,"6":96,"7":148,"8":0,"9":0,"10":0,"11":1,"12":1,"13":0,"14":1,"15":1,"16":0,"17":1,"18":1,"19":1,"20":148,"21":148,"22":1,"23":1,"24":1,"25":2,"26":1,"27":1,"28":1,"29":1,"30":1,"31":1,"32":50,"33":50,"34":50,"35":50,"36":50,"37":50,"38":50,"39":50,"40":4,"41":46,"42":46,"43":46,"44":46,"45":46,"46":102,"47":0,"48":102,"49":22,"50":80,"51":60,"52":20,"53":17,"54":3,"55":2,"56":1,"57":1,"58":64612,"59":1,"60":2,"61":2,"62":2,"63":129224,"64":59,"65":2,"66":17,"67":17,"68":17,"69":17,"70":17,"71":1098404,"72":193836,"73":3093,"74":904568,"75":129224,"76":3532,"77":775344,"78":193836,"79":2313,"80":581508,"81":2663,"82":17,"83":60,"84":60,"85":60,"86":60,"87":60,"88":60,"89":60,"90":3876720,"91":284394,"92":3592326,"93":707158,"94":2885168,"95":34908,"96":60,"97":22,"98":22,"99":22,"100":54,"101":22,"102":22,"103":16,"104":121722,"105":16,"106":16,"107":27,"108":27,"109":140575,"110":121527,"111":6,"112":11,"113":10240,"114":22,"115":46,"116":3,"117":43,"118":43,"119":43,"120":18877,"121":18877,"122":18877,"123":43,"124":41,"125":41,"126":41,"127":173484,"128":90261,"129":83223,"130":61014,"131":22209,"132":43,"133":18877,"134":18877,"135":45098,"136":45098,"137":18877,"138":43,"139":1},"f":{"0":148,"1":96,"2":0,"3":1,"4":0,"5":1,"6":2,"7":50,"8":50,"9":46,"10":102,"11":64612,"12":2,"13":129224,"14":17,"15":1098404,"16":60,"17":3876720,"18":22,"19":54,"20":121722,"21":11,"22":10240,"23":46,"24":18877,"25":173484,"26":18877,"27":45098},"b":{"0":[1,1,1],"1":[1,0],"2":[148,0],"3":[148,0],"4":[148,148],"5":[0,148],"6":[148,0],"7":[0,0],"8":[1,1,1],"9":[1,0],"10":[1,1,1],"11":[0,1],"12":[1,1],"13":[1,0],"14":[148,0],"15":[148,148],"16":[1,1,1],"17":[2,0],"18":[2,2],"19":[4,46],"20":[0,102],"21":[22,80],"22":[102,86],"23":[60,20],"24":[80,64,35],"25":[17,3],"26":[2,1],"27":[59,129165],"28":[193836,904568],"29":[1098404,323060],"30":[3093,190743],"31":[129224,775344],"32":[3532,125692],"33":[193836,581508],"34":[2313,191523],"35":[2663,578845],"36":[284394,3592326],"37":[3876720,1873748],"38":[707158,2885168],"39":[3592326,1033792],"40":[34908,2850260],"41":[2885168,969180],"42":[16,6],"43":[121527,19048],"44":[3,43],"45":[18877,0],"46":[41,2],"47":[90261,83223],"48":[61014,22209]},"inputSourceMap":{"version":3,"file":"C:/Users/jonah/Desktop/Personal Projects/project_team123/src/models/Query.ts","sources":["C:/Users/jonah/Desktop/Personal Projects/project_team123/src/models/Query.ts"],"names":[],"mappings":";;;;;;;;;;;;;;;;;;;;;;;;;;;;;AAAA,iEAA8F;AAe9F,6CAA+B;AAC/B,6EAAqD;AACrD,0DAA6C;AAE7C,MAAa,KAAK;IACV,KAAK,CAAS;IACd,OAAO,CAAU;IACjB,WAAW,CAAS;IAEnB,SAAS,GAAG,QAAQ,CAAC;IACrB,IAAI,CAAW;IACf,qBAAqB,GAAG;QAC/B,IAAI,EAAE,IAAI;QACV,EAAE,EAAE,QAAQ;QACZ,KAAK,EAAE,OAAO;QACd,UAAU,EAAE,WAAW;QACvB,IAAI,EAAE,SAAS;QACf,IAAI,EAAE,MAAM;QACZ,GAAG,EAAE,KAAK;QACV,IAAI,EAAE,MAAM;QACZ,IAAI,EAAE,MAAM;QACZ,KAAK,EAAE,OAAO;KACd,CAAC;IAEF,YAAY,SAAoB;QAC/B,IAAI,EAAE,GAAmB,IAAI,wBAAc,EAAE,CAAC;QAC9C,IAAI,CAAC,WAAW,GAAG,EAAE,CAAC,aAAa,CAAC,SAAS,CAAC,CAAC;QAC/C,IAAI,CAAC,KAAK,GAAG,SAAS,CAAC,KAAK,CAAC;QAC7B,IAAI,CAAC,OAAO,GAAG,SAAS,CAAC,OAAO,CAAC;QACjC,IAAI,CAAC,IAAI,GAAG,IAAI,kBAAQ,CAAC,IAAI,CAAC,WAAW,CAAC,CAAC;IAC5C,CAAC;IAEM,OAAO;QACb,IAAI,CAAC,EAAE,CAAC,cAAc,CAAC,IAAI,CAAC,SAAS,GAAG,GAAG,GAAG,IAAI,CAAC,WAAW,GAAG,OAAO,CAAC,EAAE;YAC1E,MAAM,IAAI,6BAAY,CAAC,qBAAqB,IAAI,CAAC,WAAW,8BAA8B,CAAC,CAAC;SAC5F;QACD,IAAI,CAAC,QAAQ,EAAE,CAAC;QAChB,MAAM,UAAU,GAAG,IAAI,CAAC,WAAW,CAAC,IAAI,CAAC,KAAK,CAAC,CAAC;QAChD,OAAO,IAAI,CAAC,aAAa,CAAC,UAAU,CAAC,CAAC;IACvC,CAAC;IAEO,QAAQ;QACf,MAAM,MAAM,GAAG,EAAE,CAAC,YAAY,CAAC,IAAI,CAAC,SAAS,GAAG,GAAG,GAAG,IAAI,CAAC,WAAW,GAAG,OAAO,CAAC,CAAC;QAClF,IAAI,CAAC,IAAI,CAAC,WAAW,CAAC,MAAM,CAAC,QAAQ,CAAC,CAAC;IACxC,CAAC;IAEO,WAAW,CAAC,KAAa;QAChC,IAAI,CAAC,KAAK,EAAE;YACX,MAAM,IAAI,6BAAY,CAAC,qDAAqD,CAAC,CAAC;SAC9E;aAAM,IAAI,KAAK,IAAI,KAAK,IAAI,IAAI,IAAI,KAAK,EAAE;YAC3C,OAAO,IAAI,CAAC,qBAAqB,CAAC,KAAwB,CAAC,CAAC;SAC5D;aAAM,IAAI,IAAI,IAAI,KAAK,IAAI,IAAI,IAAI,KAAK,IAAI,IAAI,IAAI,KAAK,EAAE;YAC3D,OAAO,IAAI,CAAC,iBAAiB,CAAC,KAAoB,CAAC,CAAC;SACpD;aAAM,IAAI,IAAI,IAAI,KAAK,EAAE;YACzB,OAAO,IAAI,CAAC,iBAAiB,CAAC,KAAoB,CAAC,CAAC;SACpD;aAAM,IAAI,KAAK,IAAI,KAAK,EAAE;YAC1B,OAAO,IAAI,CAAC,cAAc,CAAC,KAAiB,CAAC,CAAC;SAC9C;aAAM;YACN,MAAM,GAAG,GAAG,IAAI,GAAG,EAAU,CAAC;YAC9B,IAAI,CAAC,IAAI,CAAC,WAAW,EAAE,CAAC,OAAO,CAAC,CAAC,OAAO,EAAE,EAAE;gBAC3C,GAAG,CAAC,GAAG,CAAC,OAAO,CAAC,EAAE,CAAC,CAAC;YACrB,CAAC,CAAC,CAAC;YACH,OAAO,GAAG,CAAC;SACX;IACF,CAAC;IAEO,cAAc,CAAC,KAAe;QAErC,MAAM,WAAW,GAAG,IAAI,CAAC,WAAW,CAAC,KAAK,CAAC,GAAG,CAAC,CAAC;QAGhD,MAAM,cAAc,GAAG,IAAI,GAAG,EAAU,CAAC;QACzC,IAAI,CAAC,IAAI,CAAC,WAAW,EAAE,CAAC,OAAO,CAAC,CAAC,OAAO,EAAE,EAAE;YAC3C,IAAI,CAAC,WAAW,CAAC,GAAG,CAAC,OAAO,CAAC,EAAE,CAAC,EAAE;gBACjC,cAAc,CAAC,GAAG,CAAC,OAAO,CAAC,EAAE,CAAC,CAAC;aAC/B;QACF,CAAC,CAAC,CAAC;QAEH,OAAO,cAAc,CAAC;IACvB,CAAC;IAEM,iBAAiB,CAAC,KAAkB;QAC1C,MAAM,eAAe,GAAG,IAAI,GAAG,EAAU,CAAC;QAC1C,MAAM,GAAG,GAAG,MAAM,CAAC,IAAI,CAAC,KAAK,CAAC,EAAE,CAAC,CAAC,CAAC,CAAC,CAAC;QACrC,MAAM,MAAM,GAAG,IAAI,CAAC,qBAAqB,CAAC,GAAG,CAAC,KAAK,CAAC,GAAG,CAAC,CAAC,CAAC,CAAW,CAAC,CAAC;QACvE,MAAM,MAAM,GAAG,KAAK,CAAC,EAAE,CAAC,GAAG,CAAC,CAAC;QAE7B,IAAI,CAAC,IAAI,CAAC,WAAW,EAAE,CAAC,OAAO,CAAC,CAAC,OAAY,EAAE,EAAE;YAChD,IAAI,MAAM,CAAC,UAAU,CAAC,GAAG,CAAC,IAAI,MAAM,CAAC,QAAQ,CAAC,GAAG,CAAC,EAAE;gBAEnD,IAAI,OAAO,CAAC,MAAM,CAAC,CAAC,QAAQ,CAAC,MAAM,CAAC,SAAS,CAAC,CAAC,EAAE,MAAM,CAAC,MAAM,GAAG,CAAC,CAAC,CAAC,EAAE;oBACrE,eAAe,CAAC,GAAG,CAAC,OAAO,CAAC,EAAE,CAAC,CAAC;iBAChC;aACD;iBAAM,IAAI,MAAM,CAAC,UAAU,CAAC,GAAG,CAAC,EAAE;gBAElC,IAAI,OAAO,CAAC,MAAM,CAAC,CAAC,QAAQ,CAAC,MAAM,CAAC,SAAS,CAAC,CAAC,CAAC,CAAC,EAAE;oBAClD,eAAe,CAAC,GAAG,CAAC,OAAO,CAAC,EAAE,CAAC,CAAC;iBAChC;aACD;iBAAM,IAAI,MAAM,CAAC,QAAQ,CAAC,GAAG,CAAC,EAAE;gBAEhC,IAAI,OAAO,CAAC,MAAM,CAAC,CAAC,UAAU,CAAC,MAAM,CAAC,SAAS,CAAC,CAAC,EAAE,MAAM,CAAC,MAAM,GAAG,CAAC,CAAC,CAAC,EAAE;oBACvE,eAAe,CAAC,GAAG,CAAC,OAAO,CAAC,EAAE,CAAC,CAAC;iBAChC;aACD;iBAAM;gBAEN,IAAI,OAAO,CAAC,MAAM,CAAC,KAAK,MAAM,EAAE;oBAC/B,eAAe,CAAC,GAAG,CAAC,OAAO,CAAC,EAAE,CAAC,CAAC;iBAChC;aACD;QACF,CAAC,CAAC,CAAC;QACH,OAAO,eAAe,CAAC;IACxB,CAAC;IAEO,iBAAiB,CAAC,KAAkB;QAC3C,MAAM,eAAe,GAAG,IAAI,GAAG,EAAU,CAAC;QAC1C,MAAM,UAAU,GAAsB,MAAM,CAAC,IAAI,CAAC,KAAK,CAAC,CAAC,CAAC,CAAgB,CAAC;QAC3E,MAAM,aAAa,GAAG,KAAK,CAAC,UAAU,CAAW,CAAC;QAClD,MAAM,UAAU,GAAW,MAAM,CAAC,IAAI,CAAC,aAAa,CAAC,CAAC,CAAC,CAAC,CAAC,KAAK,CAAC,GAAG,CAAC,CAAC,CAAC,CAAC,CAAC;QAEvE,MAAM,MAAM,GAAG,IAAI,CAAC,qBAAqB,CAAC,UAAoB,CAAC,CAAC;QAChE,MAAM,MAAM,GAAG,MAAM,CAAC,MAAM,CAAC,aAAa,CAAC,CAAC,CAAC,CAAC,CAAC;QAE/C,IAAI,CAAC,IAAI,CAAC,WAAW,EAAE,CAAC,OAAO,CAAC,CAAC,OAAY,EAAE,EAAE;YAChD,IAAI,UAAU,KAAK,IAAI,IAAI,OAAO,CAAC,MAAM,CAAC,GAAG,MAAM,EAAE;gBACpD,eAAe,CAAC,GAAG,CAAC,OAAO,CAAC,EAAE,CAAC,CAAC;aAChC;iBAAM,IAAI,UAAU,KAAK,IAAI,IAAI,OAAO,CAAC,MAAM,CAAC,GAAG,MAAM,EAAE;gBAC3D,eAAe,CAAC,GAAG,CAAC,OAAO,CAAC,EAAE,CAAC,CAAC;aAChC;iBAAM,IAAI,UAAU,KAAK,IAAI,IAAI,OAAO,CAAC,MAAM,CAAC,KAAK,MAAM,EAAE;gBAC7D,eAAe,CAAC,GAAG,CAAC,OAAO,CAAC,EAAE,CAAC,CAAC;aAChC;QACF,CAAC,CAAC,CAAC;QACH,OAAO,eAAe,CAAC;IACxB,CAAC;IAEO,qBAAqB,CAAC,KAAsB;QACnD,MAAM,WAAW,GAAuB,EAAE,CAAC;QAC3C,MAAM,QAAQ,GAAG,MAAM,CAAC,IAAI,CAAC,KAAK,CAAC,CAAC,CAAC,CAAU,CAAC;QAEhD,KAAK,CAAC,QAAQ,CAAC,EAAE,OAAO,CAAC,CAAC,UAAU,EAAE,EAAE;YACvC,WAAW,CAAC,IAAI,CAAC,IAAI,CAAC,WAAW,CAAC,UAAU,CAAC,CAAC,CAAC;QAChD,CAAC,CAAC,CAAC;QAEH,MAAM,MAAM,GAAG,IAAI,GAAG,EAAU,CAAC;QACjC,IAAI,QAAQ,KAAK,KAAK,EAAE;YAEvB,WAAW,CAAC,CAAC,CAAC,EAAE,OAAO,CAAC,CAAC,IAAI,EAAE,EAAE,CAAC,MAAM,CAAC,GAAG,CAAC,IAAI,CAAC,CAAC,CAAC;YAGpD,KAAK,IAAI,CAAC,GAAG,CAAC,EAAE,CAAC,GAAG,WAAW,CAAC,MAAM,EAAE,CAAC,EAAE,EAAE;gBAC5C,MAAM,UAAU,GAAG,WAAW,CAAC,CAAC,CAAC,CAAC;gBAClC,KAAK,MAAM,IAAI,IAAI,MAAM,EAAE;oBAC1B,IAAI,CAAC,UAAU,CAAC,GAAG,CAAC,IAAI,CAAC,EAAE;wBAC1B,MAAM,CAAC,MAAM,CAAC,IAAI,CAAC,CAAC;qBACpB;iBACD;aACD;SACD;aAAM;YAEN,WAAW,CAAC,OAAO,CAAC,CAAC,OAAO,EAAE,EAAE;gBAC/B,OAAO,CAAC,OAAO,CAAC,CAAC,IAAI,EAAE,EAAE;oBACxB,MAAM,CAAC,GAAG,CAAC,IAAI,CAAC,CAAC;gBAClB,CAAC,CAAC,CAAC;YACJ,CAAC,CAAC,CAAC;SACH;QACD,OAAO,MAAM,CAAC;IACf,CAAC;IAEO,aAAa,CAAC,KAAkB;QACvC,IAAI,KAAK,CAAC,IAAI,GAAG,IAAI,EAAE;YACtB,MAAM,IAAI,oCAAmB,CAAC,2BAA2B,CAAC,CAAC;SAC3D;QAGD,MAAM,WAAW,GAAG,IAAI,CAAC,IAAI,CAAC,gBAAgB,EAAE,CAAC;QACjD,MAAM,gBAAgB,GAAc,EAAE,CAAC;QACvC,KAAK,CAAC,OAAO,CAAC,CAAC,IAAI,EAAE,EAAE;YACtB,MAAM,OAAO,GAAG,WAAW,CAAC,GAAG,CAAC,IAAI,CAAC,CAAC;YACtC,IAAI,OAAO,EAAE;gBACZ,gBAAgB,CAAC,IAAI,CAAC,OAAO,CAAC,CAAC;aAC/B;QACF,CAAC,CAAC,CAAC;QAGH,IAAI,IAAI,CAAC,OAAO,CAAC,KAAK,EAAE;YACvB,MAAM,UAAU,GAAG,IAAI,CAAC,OAAO,CAAC,KAAK,CAAC,KAAK,CAAC,GAAG,CAAC,CAAC,CAAC,CAAC,CAAC;YAEpD,MAAM,QAAQ,GAAkB,IAAI,CAAC,qBAAqB,CAAC,UAA6B,CAAkB,CAAC;YAE3G,gBAAgB,CAAC,IAAI,CAAC,CAAC,CAAC,EAAE,CAAC,EAAE,EAAE;gBAC9B,IAAI,CAAC,CAAC,QAAQ,CAAC,GAAG,CAAC,CAAC,QAAQ,CAAC,EAAE;oBAC9B,OAAO,CAAC,CAAC,CAAC;iBACV;qBAAM,IAAI,CAAC,CAAC,QAAQ,CAAC,GAAG,CAAC,CAAC,QAAQ,CAAC,EAAE;oBACrC,OAAO,CAAC,CAAC;iBACT;gBACD,OAAO,CAAC,CAAC;YACV,CAAC,CAAC,CAAC;SACH;QAGD,MAAM,MAAM,GAAoB,gBAAgB,CAAC,GAAG,CAAC,CAAC,OAAO,EAAE,EAAE;YAEhE,MAAM,OAAO,GAA2B,EAAE,CAAC;YAC3C,IAAI,CAAC,OAAO,CAAC,OAAO,CAAC,OAAO,CAAC,CAAC,MAAM,EAAE,EAAE;gBACvC,MAAM,GAAG,GAAW,MAAM,CAAC,KAAK,CAAC,GAAG,CAAC,CAAC,CAAC,CAAC,CAAC;gBACzC,OAAO,CAAC,MAAM,CAAC,GAAG,OAAO,CAAC,IAAI,CAAC,qBAAqB,CAAC,GAAsB,CAAkB,CAAC,CAAC;YAChG,CAAC,CAAC,CAAC;YACH,OAAO,OAAwB,CAAC;QACjC,CAAC,CAAC,CAAC;QACH,OAAO,MAAM,CAAC;IACf,CAAC;CACD;AA9MD,sBA8MC","sourcesContent":["import {InsightError, InsightResult, ResultTooLargeError} from \"../controller/IInsightFacade\";\nimport {\n\tFilter,\n\tIQuery,\n\tJSONQuery,\n\tLogic,\n\tLogicComparison,\n\tMComparator,\n\tMComparison,\n\tMField,\n\tNegation,\n\tOptions,\n\tSComparison,\n\tSField,\n} from \"./IQuery\";\nimport * as fs from \"fs-extra\";\nimport QueryValidator from \"../utils/QueryValidator\";\nimport Sections, {Section} from \"./Sections\";\n\nexport class Query implements IQuery {\n\tpublic WHERE: Filter;\n\tpublic OPTIONS: Options;\n\tpublic datasetName: string;\n\n\tprivate directory = \"./data\";\n\tprivate data: Sections;\n\tprivate datasetToFileMappings = {\n\t\tuuid: \"id\",\n\t\tid: \"Course\",\n\t\ttitle: \"Title\",\n\t\tinstructor: \"Professor\",\n\t\tdept: \"Subject\",\n\t\tyear: \"Year\",\n\t\tavg: \"Avg\",\n\t\tpass: \"Pass\",\n\t\tfail: \"Fail\",\n\t\taudit: \"Audit\",\n\t};\n\n\tconstructor(queryJSON: JSONQuery) {\n\t\tlet QV: QueryValidator = new QueryValidator();\n\t\tthis.datasetName = QV.validateQuery(queryJSON);\n\t\tthis.WHERE = queryJSON.WHERE;\n\t\tthis.OPTIONS = queryJSON.OPTIONS;\n\t\tthis.data = new Sections(this.datasetName);\n\t}\n\n\tpublic execute(): InsightResult[] {\n\t\tif (!fs.pathExistsSync(this.directory + \"/\" + this.datasetName + \".json\")) {\n\t\t\tthrow new InsightError(`Cannot query from ${this.datasetName} due to not being added yet.`);\n\t\t}\n\t\tthis.loadData();\n\t\tconst afterWhere = this.handleWhere(this.WHERE);\n\t\treturn this.handleOptions(afterWhere);\n\t}\n\n\tprivate loadData() {\n\t\tconst object = fs.readJSONSync(this.directory + \"/\" + this.datasetName + \".json\");\n\t\tthis.data.addSections(object.sections);\n\t}\n\n\tprivate handleWhere(input: Filter): Set<string> {\n\t\tif (!input) {\n\t\t\tthrow new InsightError(\"this.WHERE should not be NULL after query validated\");\n\t\t} else if (\"AND\" in input || \"OR\" in input) {\n\t\t\treturn this.handleLogicComparison(input as LogicComparison);\n\t\t} else if (\"LT\" in input || \"GT\" in input || \"EQ\" in input) {\n\t\t\treturn this.handleMComparison(input as MComparison);\n\t\t} else if (\"IS\" in input) {\n\t\t\treturn this.handleSComparison(input as SComparison);\n\t\t} else if (\"NOT\" in input) {\n\t\t\treturn this.handleNegation(input as Negation);\n\t\t} else {\n\t\t\tconst all = new Set<string>();\n\t\t\tthis.data.getSections().forEach((section) => {\n\t\t\t\tall.add(section.id);\n\t\t\t});\n\t\t\treturn all;\n\t\t}\n\t}\n\n\tprivate handleNegation(input: Negation): Set<string> {\n\t\t// Handle the filter inside the NOT and get its result.\n\t\tconst innerResult = this.handleWhere(input.NOT);\n\n\t\t// Subtract innerResult from allUUIDs to get the result of the NOT filter.\n\t\tconst negationResult = new Set<string>();\n\t\tthis.data.getSections().forEach((section) => {\n\t\t\tif (!innerResult.has(section.id)) {\n\t\t\t\tnegationResult.add(section.id);\n\t\t\t}\n\t\t});\n\n\t\treturn negationResult;\n\t}\n\n\tpublic handleSComparison(input: SComparison): Set<string> {\n\t\tconst sectionMappings = new Set<string>();\n\t\tconst key = Object.keys(input.IS)[0]; // Dataset name + SField\n\t\tconst sField = this.datasetToFileMappings[key.split(\"_\")[1] as SField]; // SField\n\t\tconst sValue = input.IS[key];\n\n\t\tthis.data.getSections().forEach((section: any) => {\n\t\t\tif (sValue.startsWith(\"*\") && sValue.endsWith(\"*\")) {\n\t\t\t\t// Contains inputstring\n\t\t\t\tif (section[sField].includes(sValue.substring(1, sValue.length - 1))) {\n\t\t\t\t\tsectionMappings.add(section.id);\n\t\t\t\t}\n\t\t\t} else if (sValue.startsWith(\"*\")) {\n\t\t\t\t// Ends with inputstring\n\t\t\t\tif (section[sField].endsWith(sValue.substring(1))) {\n\t\t\t\t\tsectionMappings.add(section.id);\n\t\t\t\t}\n\t\t\t} else if (sValue.endsWith(\"*\")) {\n\t\t\t\t// Starts with inputstring\n\t\t\t\tif (section[sField].startsWith(sValue.substring(0, sValue.length - 1))) {\n\t\t\t\t\tsectionMappings.add(section.id);\n\t\t\t\t}\n\t\t\t} else {\n\t\t\t\t// Matches inputstring exactly\n\t\t\t\tif (section[sField] === sValue) {\n\t\t\t\t\tsectionMappings.add(section.id);\n\t\t\t\t}\n\t\t\t}\n\t\t});\n\t\treturn sectionMappings;\n\t}\n\n\tprivate handleMComparison(input: MComparison): Set<string> {\n\t\tconst sectionMappings = new Set<string>();\n\t\tconst compareKey: keyof MComparison = Object.keys(input)[0] as MComparator; // GT, LT, or EQ\n\t\tconst compareObject = input[compareKey] as object;\n\t\tconst datasetKey: string = Object.keys(compareObject)[0].split(\"_\")[1]; // MField\n\n\t\tconst mField = this.datasetToFileMappings[datasetKey as MField]; // MField but as a File key\n\t\tconst mValue = Object.values(compareObject)[0];\n\n\t\tthis.data.getSections().forEach((section: any) => {\n\t\t\tif (compareKey === \"GT\" && section[mField] > mValue) {\n\t\t\t\tsectionMappings.add(section.id);\n\t\t\t} else if (compareKey === \"LT\" && section[mField] < mValue) {\n\t\t\t\tsectionMappings.add(section.id);\n\t\t\t} else if (compareKey === \"EQ\" && section[mField] === mValue) {\n\t\t\t\tsectionMappings.add(section.id);\n\t\t\t}\n\t\t});\n\t\treturn sectionMappings;\n\t}\n\n\tprivate handleLogicComparison(input: LogicComparison): Set<string> {\n\t\tconst allMappings: Array<Set<string>> = [];\n\t\tconst logicKey = Object.keys(input)[0] as Logic;\n\n\t\tinput[logicKey]?.forEach((comparison) => {\n\t\t\tallMappings.push(this.handleWhere(comparison));\n\t\t});\n\n\t\tconst result = new Set<string>();\n\t\tif (logicKey === \"AND\") {\n\t\t\t// Initialize result with elements from the first set\n\t\t\tallMappings[0]?.forEach((uuid) => result.add(uuid));\n\n\t\t\t// Iterate over the remaining sets and filter out elements not common to all sets\n\t\t\tfor (let i = 1; i < allMappings.length; i++) {\n\t\t\t\tconst currentSet = allMappings[i];\n\t\t\t\tfor (const uuid of result) {\n\t\t\t\t\tif (!currentSet.has(uuid)) {\n\t\t\t\t\t\tresult.delete(uuid);\n\t\t\t\t\t}\n\t\t\t\t}\n\t\t\t}\n\t\t} else {\n\t\t\t// For OR logic, add all unique elements from all sets\n\t\t\tallMappings.forEach((mapping) => {\n\t\t\t\tmapping.forEach((uuid) => {\n\t\t\t\t\tresult.add(uuid);\n\t\t\t\t});\n\t\t\t});\n\t\t}\n\t\treturn result;\n\t}\n\n\tprivate handleOptions(input: Set<string>): InsightResult[] {\n\t\tif (input.size > 5000) {\n\t\t\tthrow new ResultTooLargeError(\"Greater than 5000 results\");\n\t\t}\n\n\t\t// Get all sections and only add input sections to array\n\t\tconst allSections = this.data.getSectionsAsMap();\n\t\tconst selectedSections: Section[] = [];\n\t\tinput.forEach((uuid) => {\n\t\t\tconst section = allSections.get(uuid);\n\t\t\tif (section) {\n\t\t\t\tselectedSections.push(section);\n\t\t\t}\n\t\t});\n\n\t\t// Handle order\n\t\tif (this.OPTIONS.ORDER) {\n\t\t\tconst datasetKey = this.OPTIONS.ORDER.split(\"_\")[1];\n\n\t\t\tconst orderKey: keyof Section = this.datasetToFileMappings[datasetKey as MField | SField] as keyof Section;\n\n\t\t\tselectedSections.sort((a, b) => {\n\t\t\t\tif (a[orderKey] < b[orderKey]) {\n\t\t\t\t\treturn -1;\n\t\t\t\t} else if (a[orderKey] > b[orderKey]) {\n\t\t\t\t\treturn 1;\n\t\t\t\t}\n\t\t\t\treturn 0;\n\t\t\t});\n\t\t}\n\n\t\t// Return insightResults\n\t\tconst result: InsightResult[] = selectedSections.map((section) => {\n\t\t\t// Only keep the fields listed in this.OPTIONS.COLUMNS\n\t\t\tconst insight: Partial<InsightResult> = {};\n\t\t\tthis.OPTIONS.COLUMNS.forEach((column) => {\n\t\t\t\tconst key: string = column.split(\"_\")[1]; // assuming the column field is like 'sections_avg'\n\t\t\t\tinsight[column] = section[this.datasetToFileMappings[key as MField | SField] as keyof Section];\n\t\t\t});\n\t\t\treturn insight as InsightResult; // forcibly cast the Partial<InsightResult> to InsightResult\n\t\t});\n\t\treturn result;\n\t}\n}\n"]},"_coverageSchema":"1a1c01bbd47fc00a2c39e90264f33305004495a9","hash":"ec61cff21d64f2009b4bec16733d9e6d3db3df0e","contentHash":"7c6d36b005341cfa20858acb9c2c2ad1f965119fb95332a51f38e3025889c125"}}