{"C:\\Users\\jonah\\Desktop\\Personal Projects\\project_team123\\src\\controller\\IInsightFacade.ts":{"path":"C:\\Users\\jonah\\Desktop\\Personal Projects\\project_team123\\src\\controller\\IInsightFacade.ts","statementMap":{"0":{"start":{"line":2,"column":0},"end":{"line":2,"column":62}},"1":{"start":{"line":3,"column":0},"end":{"line":3,"column":113}},"2":{"start":{"line":5,"column":0},"end":{"line":8,"column":89}},"3":{"start":{"line":6,"column":4},"end":{"line":6,"column":48}},"4":{"start":{"line":7,"column":4},"end":{"line":7,"column":42}},"5":{"start":{"line":11,"column":8},"end":{"line":11,"column":23}},"6":{"start":{"line":12,"column":8},"end":{"line":12,"column":52}},"7":{"start":{"line":15,"column":0},"end":{"line":15,"column":36}},"8":{"start":{"line":18,"column":8},"end":{"line":18,"column":23}},"9":{"start":{"line":19,"column":8},"end":{"line":19,"column":53}},"10":{"start":{"line":22,"column":0},"end":{"line":22,"column":38}},"11":{"start":{"line":25,"column":8},"end":{"line":25,"column":23}},"12":{"start":{"line":26,"column":8},"end":{"line":26,"column":59}},"13":{"start":{"line":29,"column":0},"end":{"line":29,"column":50}}},"fnMap":{"0":{"name":"(anonymous_0)","decl":{"start":{"line":5,"column":1},"end":{"line":5,"column":2}},"loc":{"start":{"line":5,"column":31},"end":{"line":8,"column":1}},"line":5},"1":{"name":"(anonymous_1)","decl":{"start":{"line":10,"column":4},"end":{"line":10,"column":5}},"loc":{"start":{"line":10,"column":25},"end":{"line":13,"column":5}},"line":10},"2":{"name":"(anonymous_2)","decl":{"start":{"line":17,"column":4},"end":{"line":17,"column":5}},"loc":{"start":{"line":17,"column":25},"end":{"line":20,"column":5}},"line":17},"3":{"name":"(anonymous_3)","decl":{"start":{"line":24,"column":4},"end":{"line":24,"column":5}},"loc":{"start":{"line":24,"column":25},"end":{"line":27,"column":5}},"line":24}},"branchMap":{"0":{"loc":{"start":{"line":8,"column":24},"end":{"line":8,"column":87}},"type":"binary-expr","locations":[{"start":{"line":8,"column":24},"end":{"line":8,"column":50}},{"start":{"line":8,"column":55},"end":{"line":8,"column":86}}],"line":8}},"s":{"0":1,"1":1,"2":1,"3":1,"4":1,"5":260,"6":260,"7":1,"8":3,"9":3,"10":1,"11":3,"12":3,"13":1},"f":{"0":1,"1":260,"2":3,"3":3},"b":{"0":[1,1]},"inputSourceMap":{"version":3,"file":"C:/Users/jonah/Desktop/Personal Projects/project_team123/src/controller/IInsightFacade.ts","sources":["C:/Users/jonah/Desktop/Personal Projects/project_team123/src/controller/IInsightFacade.ts"],"names":[],"mappings":";;;AAMA,IAAY,kBAGX;AAHD,WAAY,kBAAkB;IAC7B,2CAAqB,CAAA;IACrB,qCAAe,CAAA;AAChB,CAAC,EAHW,kBAAkB,GAAlB,0BAAkB,KAAlB,0BAAkB,QAG7B;AAYD,MAAa,YAAa,SAAQ,KAAK;IACtC,YAAY,OAAgB;QAC3B,KAAK,CAAC,OAAO,CAAC,CAAC;QACf,KAAK,CAAC,iBAAiB,CAAC,IAAI,EAAE,YAAY,CAAC,CAAC;IAC7C,CAAC;CACD;AALD,oCAKC;AAED,MAAa,aAAc,SAAQ,KAAK;IACvC,YAAY,OAAgB;QAC3B,KAAK,CAAC,OAAO,CAAC,CAAC;QACf,KAAK,CAAC,iBAAiB,CAAC,IAAI,EAAE,aAAa,CAAC,CAAC;IAC9C,CAAC;CACD;AALD,sCAKC;AAED,MAAa,mBAAoB,SAAQ,KAAK;IAC7C,YAAY,OAAgB;QAC3B,KAAK,CAAC,OAAO,CAAC,CAAC;QACf,KAAK,CAAC,iBAAiB,CAAC,IAAI,EAAE,mBAAmB,CAAC,CAAC;IACpD,CAAC;CACD;AALD,kDAKC","sourcesContent":["/*\n * This is the primary high-level API for the project. In this folder there should be:\n * A class called InsightFacade, this should be in a file called InsightFacade.ts.\n * You should not change this interface at all or the test suite will not work.\n */\n\nexport enum InsightDatasetKind {\n\tSections = \"sections\",\n\tRooms = \"rooms\",\n}\n\nexport interface InsightDataset {\n\tid: string;\n\tkind: InsightDatasetKind;\n\tnumRows: number;\n}\n\nexport interface InsightResult {\n\t[key: string]: string | number;\n}\n\nexport class InsightError extends Error {\n\tconstructor(message?: string) {\n\t\tsuper(message);\n\t\tError.captureStackTrace(this, InsightError);\n\t}\n}\n\nexport class NotFoundError extends Error {\n\tconstructor(message?: string) {\n\t\tsuper(message);\n\t\tError.captureStackTrace(this, NotFoundError);\n\t}\n}\n\nexport class ResultTooLargeError extends Error {\n\tconstructor(message?: string) {\n\t\tsuper(message);\n\t\tError.captureStackTrace(this, ResultTooLargeError);\n\t}\n}\n\nexport interface IInsightFacade {\n\t/**\n\t * Add a dataset to insightUBC.\n\t *\n\t * @param id  The id of the dataset being added. Follows the format /^[^_]+$/\n\t * @param content  The base64 content of the dataset. This content should be in the form of a serialized zip file.\n\t * @param kind  The kind of the dataset\n\t *\n\t * @return Promise <string[]>\n\t *\n\t * The promise should fulfill on a successful add, reject for any failures.\n\t * The promise should fulfill with a string array,\n\t * containing the ids of all currently added datasets upon a successful add.\n\t * The promise should reject with an InsightError describing the error.\n\t *\n\t * An id is invalid if it contains an underscore, or is only whitespace characters.\n\t * If id is the same as the id of an already added dataset, the dataset should be rejected and not saved.\n\t *\n\t * After receiving the dataset, it should be processed into a data structure of\n\t * your design. The processed data structure should be persisted to disk; your\n\t * system should be able to load this persisted value into memory for answering\n\t * queries.\n\t *\n\t * Ultimately, a dataset must be added or loaded from disk before queries can\n\t * be successfully answered.\n\t */\n\taddDataset(id: string, content: string, kind: InsightDatasetKind): Promise<string[]>;\n\n\t/**\n\t * Remove a dataset from insightUBC.\n\t *\n\t * @param id  The id of the dataset to remove. Follows the format /^[^_]+$/\n\t *\n\t * @return Promise <string>\n\t *\n\t * The promise should fulfill upon a successful removal, reject on any error.\n\t * Attempting to remove a dataset that hasn't been added yet counts as an error.\n\t *\n\t * An id is invalid if it contains an underscore, or is only whitespace characters.\n\t *\n\t * The promise should fulfill the id of the dataset that was removed.\n\t * The promise should reject with a NotFoundError (if a valid id was not yet added)\n\t * or an InsightError (invalid id or any other source of failure) describing the error.\n\t *\n\t * This will delete both disk and memory caches for the dataset for the id meaning\n\t * that subsequent queries for that id should fail unless a new addDataset happens first.\n\t */\n\tremoveDataset(id: string): Promise<string>;\n\n\t/**\n\t * Perform a query on insightUBC.\n\t *\n\t * @param query  The query to be performed.\n\t *\n\t * If a query is incorrectly formatted, references a dataset not added (in memory or on disk),\n\t * or references multiple datasets, it should be rejected.\n\t *\n\t * @return Promise <InsightResult[]>\n\t *\n\t * The promise should fulfill with an array of results.\n\t * The promise should reject with a ResultTooLargeError (if the query returns too many results)\n\t * or an InsightError (for any other source of failure) describing the error.\n\t */\n\tperformQuery(query: unknown): Promise<InsightResult[]>;\n\n\t/**\n\t * List all currently added datasets, their types, and number of rows.\n\t *\n\t * @return Promise <InsightDataset[]>\n\t * The promise should fulfill an array of currently added InsightDatasets, and will only fulfill.\n\t */\n\tlistDatasets(): Promise<InsightDataset[]>;\n}\n"]},"_coverageSchema":"1a1c01bbd47fc00a2c39e90264f33305004495a9","hash":"d47666835c4ecddbcc3bd0a086bf82a634ac4da0","contentHash":"d761353b137d345aa2135bd749043e4bd34fad94c92e663c586fa23538b973e2"},"C:\\Users\\jonah\\Desktop\\Personal Projects\\project_team123\\src\\controller\\InsightFacade.ts":{"path":"C:\\Users\\jonah\\Desktop\\Personal Projects\\project_team123\\src\\controller\\InsightFacade.ts","statementMap":{"0":{"start":{"line":2,"column":22},"end":{"line":4,"column":1}},"1":{"start":{"line":3,"column":4},"end":{"line":3,"column":62}},"2":{"start":{"line":5,"column":0},"end":{"line":5,"column":62}},"3":{"start":{"line":6,"column":25},"end":{"line":6,"column":52}},"4":{"start":{"line":7,"column":19},"end":{"line":7,"column":65}},"5":{"start":{"line":8,"column":16},"end":{"line":8,"column":59}},"6":{"start":{"line":9,"column":19},"end":{"line":9,"column":55}},"7":{"start":{"line":10,"column":16},"end":{"line":10,"column":49}},"8":{"start":{"line":11,"column":25},"end":{"line":11,"column":77}},"9":{"start":{"line":12,"column":16},"end":{"line":12,"column":42}},"10":{"start":{"line":13,"column":17},"end":{"line":13,"column":34}},"11":{"start":{"line":14,"column":19},"end":{"line":14,"column":27}},"12":{"start":{"line":18,"column":8},"end":{"line":18,"column":43}},"13":{"start":{"line":19,"column":8},"end":{"line":19,"column":26}},"14":{"start":{"line":22,"column":8},"end":{"line":24,"column":9}},"15":{"start":{"line":23,"column":12},"end":{"line":23,"column":83}},"16":{"start":{"line":25,"column":8},"end":{"line":27,"column":9}},"17":{"start":{"line":26,"column":12},"end":{"line":26,"column":102}},"18":{"start":{"line":28,"column":8},"end":{"line":30,"column":9}},"19":{"start":{"line":29,"column":12},"end":{"line":29,"column":55}},"20":{"start":{"line":31,"column":8},"end":{"line":31,"column":49}},"21":{"start":{"line":34,"column":8},"end":{"line":36,"column":9}},"22":{"start":{"line":35,"column":12},"end":{"line":35,"column":83}},"23":{"start":{"line":37,"column":8},"end":{"line":39,"column":9}},"24":{"start":{"line":38,"column":12},"end":{"line":38,"column":99}},"25":{"start":{"line":40,"column":8},"end":{"line":47,"column":9}},"26":{"start":{"line":41,"column":12},"end":{"line":41,"column":77}},"27":{"start":{"line":42,"column":12},"end":{"line":42,"column":50}},"28":{"start":{"line":43,"column":12},"end":{"line":43,"column":39}},"29":{"start":{"line":46,"column":12},"end":{"line":46,"column":95}},"30":{"start":{"line":50,"column":8},"end":{"line":68,"column":11}},"31":{"start":{"line":51,"column":26},"end":{"line":51,"column":28}},"32":{"start":{"line":52,"column":21},"end":{"line":52,"column":51}},"33":{"start":{"line":53,"column":12},"end":{"line":67,"column":13}},"34":{"start":{"line":54,"column":16},"end":{"line":56,"column":17}},"35":{"start":{"line":55,"column":20},"end":{"line":55,"column":81}},"36":{"start":{"line":57,"column":16},"end":{"line":59,"column":17}},"37":{"start":{"line":58,"column":20},"end":{"line":58,"column":87}},"38":{"start":{"line":60,"column":16},"end":{"line":60,"column":40}},"39":{"start":{"line":61,"column":34},"end":{"line":61,"column":58}},"40":{"start":{"line":62,"column":16},"end":{"line":62,"column":48}},"41":{"start":{"line":63,"column":16},"end":{"line":63,"column":33}},"42":{"start":{"line":66,"column":16},"end":{"line":66,"column":30}},"43":{"start":{"line":71,"column":8},"end":{"line":79,"column":11}},"44":{"start":{"line":72,"column":25},"end":{"line":72,"column":27}},"45":{"start":{"line":73,"column":12},"end":{"line":77,"column":13}},"46":{"start":{"line":74,"column":16},"end":{"line":76,"column":17}},"47":{"start":{"line":75,"column":20},"end":{"line":75,"column":41}},"48":{"start":{"line":78,"column":12},"end":{"line":78,"column":28}},"49":{"start":{"line":82,"column":8},"end":{"line":97,"column":9}},"50":{"start":{"line":83,"column":12},"end":{"line":83,"column":57}},"51":{"start":{"line":84,"column":24},"end":{"line":84,"column":66}},"52":{"start":{"line":85,"column":12},"end":{"line":93,"column":13}},"53":{"start":{"line":86,"column":29},"end":{"line":86,"column":85}},"54":{"start":{"line":87,"column":27},"end":{"line":91,"column":17}},"55":{"start":{"line":92,"column":16},"end":{"line":92,"column":60}},"56":{"start":{"line":96,"column":12},"end":{"line":96,"column":60}},"57":{"start":{"line":100,"column":25},"end":{"line":100,"column":29}},"58":{"start":{"line":101,"column":8},"end":{"line":108,"column":9}},"59":{"start":{"line":102,"column":12},"end":{"line":107,"column":13}},"60":{"start":{"line":103,"column":16},"end":{"line":103,"column":28}},"61":{"start":{"line":105,"column":17},"end":{"line":107,"column":13}},"62":{"start":{"line":106,"column":16},"end":{"line":106,"column":35}},"63":{"start":{"line":109,"column":8},"end":{"line":109,"column":26}},"64":{"start":{"line":112,"column":8},"end":{"line":151,"column":9}},"65":{"start":{"line":113,"column":26},"end":{"line":113,"column":52}},"66":{"start":{"line":114,"column":33},"end":{"line":114,"column":63}},"67":{"start":{"line":115,"column":24},"end":{"line":115,"column":45}},"68":{"start":{"line":116,"column":12},"end":{"line":116,"column":46}},"69":{"start":{"line":117,"column":26},"end":{"line":117,"column":35}},"70":{"start":{"line":118,"column":29},"end":{"line":118,"column":31}},"71":{"start":{"line":119,"column":12},"end":{"line":141,"column":13}},"72":{"start":{"line":120,"column":16},"end":{"line":140,"column":17}},"73":{"start":{"line":122,"column":20},"end":{"line":137,"column":21}},"74":{"start":{"line":123,"column":35},"end":{"line":123,"column":54}},"75":{"start":{"line":124,"column":24},"end":{"line":136,"column":25}},"76":{"start":{"line":125,"column":28},"end":{"line":134,"column":31}},"77":{"start":{"line":128,"column":45},"end":{"line":128,"column":68}},"78":{"start":{"line":129,"column":45},"end":{"line":129,"column":61}},"79":{"start":{"line":130,"column":32},"end":{"line":130,"column":60}},"80":{"start":{"line":133,"column":32},"end":{"line":133,"column":57}},"81":{"start":{"line":135,"column":28},"end":{"line":135,"column":54}},"82":{"start":{"line":142,"column":12},"end":{"line":142,"column":40}},"83":{"start":{"line":143,"column":12},"end":{"line":145,"column":13}},"84":{"start":{"line":144,"column":16},"end":{"line":144,"column":77}},"85":{"start":{"line":146,"column":12},"end":{"line":146,"column":97}},"86":{"start":{"line":147,"column":12},"end":{"line":147,"column":94}},"87":{"start":{"line":150,"column":12},"end":{"line":150,"column":83}},"88":{"start":{"line":154,"column":8},"end":{"line":199,"column":9}},"89":{"start":{"line":155,"column":33},"end":{"line":155,"column":63}},"90":{"start":{"line":156,"column":24},"end":{"line":156,"column":45}},"91":{"start":{"line":157,"column":12},"end":{"line":157,"column":46}},"92":{"start":{"line":158,"column":24},"end":{"line":158,"column":46}},"93":{"start":{"line":159,"column":12},"end":{"line":161,"column":13}},"94":{"start":{"line":160,"column":16},"end":{"line":160,"column":77}},"95":{"start":{"line":162,"column":31},"end":{"line":162,"column":56}},"96":{"start":{"line":163,"column":30},"end":{"line":163,"column":63}},"97":{"start":{"line":164,"column":24},"end":{"line":164,"column":47}},"98":{"start":{"line":165,"column":28},"end":{"line":165,"column":59}},"99":{"start":{"line":166,"column":31},"end":{"line":166,"column":63}},"100":{"start":{"line":167,"column":27},"end":{"line":167,"column":41}},"101":{"start":{"line":168,"column":12},"end":{"line":188,"column":13}},"102":{"start":{"line":170,"column":27},"end":{"line":170,"column":47}},"103":{"start":{"line":171,"column":16},"end":{"line":187,"column":17}},"104":{"start":{"line":172,"column":39},"end":{"line":172,"column":54}},"105":{"start":{"line":173,"column":20},"end":{"line":186,"column":21}},"106":{"start":{"line":174,"column":24},"end":{"line":184,"column":37}},"107":{"start":{"line":177,"column":28},"end":{"line":182,"column":29}},"108":{"start":{"line":178,"column":45},"end":{"line":178,"column":81}},"109":{"start":{"line":179,"column":32},"end":{"line":179,"column":65}},"110":{"start":{"line":185,"column":24},"end":{"line":185,"column":50}},"111":{"start":{"line":189,"column":12},"end":{"line":189,"column":40}},"112":{"start":{"line":190,"column":12},"end":{"line":190,"column":36}},"113":{"start":{"line":191,"column":12},"end":{"line":193,"column":13}},"114":{"start":{"line":192,"column":16},"end":{"line":192,"column":74}},"115":{"start":{"line":194,"column":12},"end":{"line":194,"column":92}},"116":{"start":{"line":195,"column":12},"end":{"line":195,"column":89}},"117":{"start":{"line":198,"column":12},"end":{"line":198,"column":83}},"118":{"start":{"line":202,"column":19},"end":{"line":207,"column":9}},"119":{"start":{"line":208,"column":8},"end":{"line":208,"column":112}},"120":{"start":{"line":211,"column":22},"end":{"line":211,"column":24}},"121":{"start":{"line":212,"column":19},"end":{"line":216,"column":9}},"122":{"start":{"line":217,"column":8},"end":{"line":217,"column":58}},"123":{"start":{"line":218,"column":8},"end":{"line":222,"column":9}},"124":{"start":{"line":219,"column":12},"end":{"line":221,"column":13}},"125":{"start":{"line":220,"column":16},"end":{"line":220,"column":47}},"126":{"start":{"line":223,"column":8},"end":{"line":223,"column":40}},"127":{"start":{"line":226,"column":0},"end":{"line":226,"column":32}}},"fnMap":{"0":{"name":"(anonymous_0)","decl":{"start":{"line":2,"column":56},"end":{"line":2,"column":57}},"loc":{"start":{"line":2,"column":71},"end":{"line":4,"column":1}},"line":2},"1":{"name":"(anonymous_1)","decl":{"start":{"line":17,"column":4},"end":{"line":17,"column":5}},"loc":{"start":{"line":17,"column":18},"end":{"line":20,"column":5}},"line":17},"2":{"name":"(anonymous_2)","decl":{"start":{"line":21,"column":4},"end":{"line":21,"column":5}},"loc":{"start":{"line":21,"column":40},"end":{"line":32,"column":5}},"line":21},"3":{"name":"(anonymous_3)","decl":{"start":{"line":33,"column":4},"end":{"line":33,"column":5}},"loc":{"start":{"line":33,"column":28},"end":{"line":48,"column":5}},"line":33},"4":{"name":"(anonymous_4)","decl":{"start":{"line":49,"column":4},"end":{"line":49,"column":5}},"loc":{"start":{"line":49,"column":24},"end":{"line":69,"column":5}},"line":49},"5":{"name":"(anonymous_5)","decl":{"start":{"line":50,"column":27},"end":{"line":50,"column":28}},"loc":{"start":{"line":50,"column":48},"end":{"line":68,"column":9}},"line":50},"6":{"name":"(anonymous_6)","decl":{"start":{"line":70,"column":4},"end":{"line":70,"column":5}},"loc":{"start":{"line":70,"column":19},"end":{"line":80,"column":5}},"line":70},"7":{"name":"(anonymous_7)","decl":{"start":{"line":71,"column":27},"end":{"line":71,"column":28}},"loc":{"start":{"line":71,"column":48},"end":{"line":79,"column":9}},"line":71},"8":{"name":"(anonymous_8)","decl":{"start":{"line":81,"column":4},"end":{"line":81,"column":5}},"loc":{"start":{"line":81,"column":17},"end":{"line":98,"column":5}},"line":81},"9":{"name":"(anonymous_9)","decl":{"start":{"line":99,"column":4},"end":{"line":99,"column":5}},"loc":{"start":{"line":99,"column":21},"end":{"line":110,"column":5}},"line":99},"10":{"name":"(anonymous_10)","decl":{"start":{"line":111,"column":4},"end":{"line":111,"column":5}},"loc":{"start":{"line":111,"column":41},"end":{"line":152,"column":5}},"line":111},"11":{"name":"(anonymous_11)","decl":{"start":{"line":127,"column":38},"end":{"line":127,"column":39}},"loc":{"start":{"line":127,"column":55},"end":{"line":131,"column":29}},"line":127},"12":{"name":"(anonymous_12)","decl":{"start":{"line":132,"column":39},"end":{"line":132,"column":40}},"loc":{"start":{"line":132,"column":46},"end":{"line":134,"column":29}},"line":132},"13":{"name":"(anonymous_13)","decl":{"start":{"line":153,"column":4},"end":{"line":153,"column":5}},"loc":{"start":{"line":153,"column":39},"end":{"line":200,"column":5}},"line":153},"14":{"name":"(anonymous_14)","decl":{"start":{"line":176,"column":34},"end":{"line":176,"column":35}},"loc":{"start":{"line":176,"column":55},"end":{"line":183,"column":25}},"line":176},"15":{"name":"(anonymous_15)","decl":{"start":{"line":201,"column":4},"end":{"line":201,"column":5}},"loc":{"start":{"line":201,"column":38},"end":{"line":209,"column":5}},"line":201},"16":{"name":"(anonymous_16)","decl":{"start":{"line":210,"column":4},"end":{"line":210,"column":5}},"loc":{"start":{"line":210,"column":34},"end":{"line":224,"column":5}},"line":210}},"branchMap":{"0":{"loc":{"start":{"line":2,"column":22},"end":{"line":4,"column":1}},"type":"binary-expr","locations":[{"start":{"line":2,"column":23},"end":{"line":2,"column":27}},{"start":{"line":2,"column":31},"end":{"line":2,"column":51}},{"start":{"line":2,"column":56},"end":{"line":4,"column":1}}],"line":2},"1":{"loc":{"start":{"line":3,"column":11},"end":{"line":3,"column":61}},"type":"cond-expr","locations":[{"start":{"line":3,"column":37},"end":{"line":3,"column":40}},{"start":{"line":3,"column":43},"end":{"line":3,"column":61}}],"line":3},"2":{"loc":{"start":{"line":3,"column":12},"end":{"line":3,"column":33}},"type":"binary-expr","locations":[{"start":{"line":3,"column":12},"end":{"line":3,"column":15}},{"start":{"line":3,"column":19},"end":{"line":3,"column":33}}],"line":3},"3":{"loc":{"start":{"line":22,"column":8},"end":{"line":24,"column":9}},"type":"if","locations":[{"start":{"line":22,"column":8},"end":{"line":24,"column":9}},{"start":{"line":22,"column":8},"end":{"line":24,"column":9}}],"line":22},"4":{"loc":{"start":{"line":25,"column":8},"end":{"line":27,"column":9}},"type":"if","locations":[{"start":{"line":25,"column":8},"end":{"line":27,"column":9}},{"start":{"line":25,"column":8},"end":{"line":27,"column":9}}],"line":25},"5":{"loc":{"start":{"line":28,"column":8},"end":{"line":30,"column":9}},"type":"if","locations":[{"start":{"line":28,"column":8},"end":{"line":30,"column":9}},{"start":{"line":28,"column":8},"end":{"line":30,"column":9}}],"line":28},"6":{"loc":{"start":{"line":34,"column":8},"end":{"line":36,"column":9}},"type":"if","locations":[{"start":{"line":34,"column":8},"end":{"line":36,"column":9}},{"start":{"line":34,"column":8},"end":{"line":36,"column":9}}],"line":34},"7":{"loc":{"start":{"line":37,"column":8},"end":{"line":39,"column":9}},"type":"if","locations":[{"start":{"line":37,"column":8},"end":{"line":39,"column":9}},{"start":{"line":37,"column":8},"end":{"line":39,"column":9}}],"line":37},"8":{"loc":{"start":{"line":54,"column":16},"end":{"line":56,"column":17}},"type":"if","locations":[{"start":{"line":54,"column":16},"end":{"line":56,"column":17}},{"start":{"line":54,"column":16},"end":{"line":56,"column":17}}],"line":54},"9":{"loc":{"start":{"line":57,"column":16},"end":{"line":59,"column":17}},"type":"if","locations":[{"start":{"line":57,"column":16},"end":{"line":59,"column":17}},{"start":{"line":57,"column":16},"end":{"line":59,"column":17}}],"line":57},"10":{"loc":{"start":{"line":74,"column":16},"end":{"line":76,"column":17}},"type":"if","locations":[{"start":{"line":74,"column":16},"end":{"line":76,"column":17}},{"start":{"line":74,"column":16},"end":{"line":76,"column":17}}],"line":74},"11":{"loc":{"start":{"line":102,"column":12},"end":{"line":107,"column":13}},"type":"if","locations":[{"start":{"line":102,"column":12},"end":{"line":107,"column":13}},{"start":{"line":102,"column":12},"end":{"line":107,"column":13}}],"line":102},"12":{"loc":{"start":{"line":105,"column":17},"end":{"line":107,"column":13}},"type":"if","locations":[{"start":{"line":105,"column":17},"end":{"line":107,"column":13}},{"start":{"line":105,"column":17},"end":{"line":107,"column":13}}],"line":105},"13":{"loc":{"start":{"line":122,"column":20},"end":{"line":137,"column":21}},"type":"if","locations":[{"start":{"line":122,"column":20},"end":{"line":137,"column":21}},{"start":{"line":122,"column":20},"end":{"line":137,"column":21}}],"line":122},"14":{"loc":{"start":{"line":122,"column":24},"end":{"line":122,"column":86}},"type":"binary-expr","locations":[{"start":{"line":122,"column":24},"end":{"line":122,"column":43}},{"start":{"line":122,"column":47},"end":{"line":122,"column":86}}],"line":122},"15":{"loc":{"start":{"line":124,"column":24},"end":{"line":136,"column":25}},"type":"if","locations":[{"start":{"line":124,"column":24},"end":{"line":136,"column":25}},{"start":{"line":124,"column":24},"end":{"line":136,"column":25}}],"line":124},"16":{"loc":{"start":{"line":143,"column":12},"end":{"line":145,"column":13}},"type":"if","locations":[{"start":{"line":143,"column":12},"end":{"line":145,"column":13}},{"start":{"line":143,"column":12},"end":{"line":145,"column":13}}],"line":143},"17":{"loc":{"start":{"line":159,"column":12},"end":{"line":161,"column":13}},"type":"if","locations":[{"start":{"line":159,"column":12},"end":{"line":161,"column":13}},{"start":{"line":159,"column":12},"end":{"line":161,"column":13}}],"line":159},"18":{"loc":{"start":{"line":171,"column":16},"end":{"line":187,"column":17}},"type":"if","locations":[{"start":{"line":171,"column":16},"end":{"line":187,"column":17}},{"start":{"line":171,"column":16},"end":{"line":187,"column":17}}],"line":171},"19":{"loc":{"start":{"line":171,"column":20},"end":{"line":171,"column":52}},"type":"binary-expr","locations":[{"start":{"line":171,"column":20},"end":{"line":171,"column":24}},{"start":{"line":171,"column":28},"end":{"line":171,"column":52}}],"line":171},"20":{"loc":{"start":{"line":173,"column":20},"end":{"line":186,"column":21}},"type":"if","locations":[{"start":{"line":173,"column":20},"end":{"line":186,"column":21}},{"start":{"line":173,"column":20},"end":{"line":186,"column":21}}],"line":173},"21":{"loc":{"start":{"line":191,"column":12},"end":{"line":193,"column":13}},"type":"if","locations":[{"start":{"line":191,"column":12},"end":{"line":193,"column":13}},{"start":{"line":191,"column":12},"end":{"line":193,"column":13}}],"line":191},"22":{"loc":{"start":{"line":219,"column":12},"end":{"line":221,"column":13}},"type":"if","locations":[{"start":{"line":219,"column":12},"end":{"line":221,"column":13}},{"start":{"line":219,"column":12},"end":{"line":221,"column":13}}],"line":219}},"s":{"0":1,"1":5,"2":1,"3":1,"4":1,"5":1,"6":1,"7":1,"8":1,"9":1,"10":1,"11":1,"12":73,"13":73,"14":93,"15":8,"16":85,"17":4,"18":81,"19":55,"20":26,"21":17,"22":3,"23":14,"24":3,"25":11,"26":11,"27":11,"28":11,"29":0,"30":177,"31":177,"32":177,"33":177,"34":177,"35":0,"36":177,"37":2,"38":175,"39":94,"40":94,"41":88,"42":89,"43":14,"44":14,"45":14,"46":19,"47":17,"48":14,"49":73,"50":73,"51":73,"52":73,"53":10,"54":10,"55":10,"56":0,"57":121,"58":121,"59":522,"60":7,"61":515,"62":482,"63":114,"64":55,"65":55,"66":55,"67":55,"68":55,"69":52,"70":52,"71":52,"72":35966,"73":35966,"74":35870,"75":35870,"76":35870,"77":35870,"78":35865,"79":35865,"80":9,"81":35870,"82":52,"83":52,"84":11,"85":41,"86":41,"87":14,"88":26,"89":26,"90":26,"91":26,"92":23,"93":23,"94":5,"95":18,"96":18,"97":18,"98":18,"99":18,"100":18,"101":18,"102":311,"103":311,"104":311,"105":311,"106":163,"107":163,"108":163,"109":163,"110":163,"111":18,"112":18,"113":18,"114":12,"115":6,"116":6,"117":20,"118":47,"119":47,"120":47,"121":47,"122":47,"123":47,"124":61,"125":61,"126":47,"127":1},"f":{"0":5,"1":73,"2":93,"3":17,"4":177,"5":177,"6":14,"7":14,"8":73,"9":121,"10":55,"11":35870,"12":9,"13":26,"14":163,"15":47,"16":47},"b":{"0":[1,1,1],"1":[3,2],"2":[5,5],"3":[8,85],"4":[4,81],"5":[55,26],"6":[3,14],"7":[3,11],"8":[0,177],"9":[2,175],"10":[17,2],"11":[7,515],"12":[482,33],"13":[35870,96],"14":[35966,35925],"15":[35870,0],"16":[11,41],"17":[5,18],"18":[311,0],"19":[311,311],"20":[163,148],"21":[12,6],"22":[61,0]},"inputSourceMap":{"version":3,"file":"C:/Users/jonah/Desktop/Personal Projects/project_team123/src/controller/InsightFacade.ts","sources":["C:/Users/jonah/Desktop/Personal Projects/project_team123/src/controller/InsightFacade.ts"],"names":[],"mappings":";;;;;AAAA,qDAO0B;AAC1B,kEAA0C;AAC1C,4DAAoC;AAEpC,wDAA0B;AAC1B,kDAA0B;AAC1B,8EAAsD;AACtD,2CAAsC;AAEtC,mCAA6B;AAG7B,MAAM,UAAU,GAAG,QAAQ,CAAC;AAO5B,MAAqB,aAAa;IAEzB,MAAM,CAAC,QAAQ,CAAsC;IAE7D;QACC,aAAa,CAAC,QAAQ,GAAG,IAAI,GAAG,EAAE,CAAC;QACnC,IAAI,CAAC,UAAU,EAAE,CAAC;IAEnB,CAAC;IAMM,KAAK,CAAC,UAAU,CAAC,EAAU,EAAE,OAAe,EAAE,IAAwB;QAC5E,IAAI,IAAI,CAAC,YAAY,CAAC,EAAE,CAAC,EAAE;YAE1B,OAAO,OAAO,CAAC,MAAM,CAAC,IAAI,6BAAY,CAAC,YAAY,CAAC,CAAC,CAAC;SACtD;QAED,IAAI,aAAa,CAAC,QAAQ,CAAC,GAAG,CAAC,EAAE,CAAC,EAAE;YACnC,OAAO,OAAO,CAAC,MAAM,CAAC,IAAI,6BAAY,CAAC,+BAA+B,CAAC,CAAC,CAAC;SACzE;QAED,IAAI,IAAI,KAAK,mCAAkB,CAAC,QAAQ,EAAE;YACzC,OAAO,IAAI,CAAC,iBAAiB,CAAC,EAAE,EAAE,OAAO,CAAC,CAAC;SAC3C;QACD,OAAO,IAAI,CAAC,eAAe,CAAC,EAAE,EAAE,OAAO,CAAC,CAAC;IAC1C,CAAC;IAKM,KAAK,CAAC,aAAa,CAAC,EAAU;QACpC,IAAI,IAAI,CAAC,YAAY,CAAC,EAAE,CAAC,EAAE;YAC1B,OAAO,OAAO,CAAC,MAAM,CAAC,IAAI,6BAAY,CAAC,YAAY,CAAC,CAAC,CAAC;SACtD;QACD,IAAI,CAAC,aAAa,CAAC,QAAQ,CAAC,GAAG,CAAC,EAAE,CAAC,EAAE;YACpC,OAAO,OAAO,CAAC,MAAM,CAAC,IAAI,8BAAa,CAAC,2BAA2B,CAAC,CAAC,CAAC;SACtE;QAED,IAAI;YACH,MAAM,kBAAE,CAAC,MAAM,CAAC,UAAU,GAAG,GAAG,GAAG,EAAE,GAAG,OAAO,CAAC,CAAC;YACjD,aAAa,CAAC,QAAQ,CAAC,GAAG,CAAC,EAAE,EAAE,KAAK,CAAC,CAAC;YACtC,OAAO,OAAO,CAAC,OAAO,CAAC,EAAE,CAAC,CAAC;SAC3B;QAAC,MAAM;YACP,OAAO,OAAO,CAAC,MAAM,CAAC,IAAI,6BAAY,CAAC,wBAAwB,CAAC,CAAC,CAAC;SAClE;IACF,CAAC;IAOM,YAAY,CAAC,KAAc;QACjC,OAAO,IAAI,OAAO,CAAC,CAAC,OAAO,EAAE,MAAM,EAAE,EAAE;YACtC,IAAI,OAAO,GAAoB,EAAE,CAAC;YAClC,IAAI,EAAE,GAAmB,IAAI,wBAAc,EAAE,CAAC;YAE9C,IAAI;gBACH,IAAI,CAAC,kBAAE,CAAC,cAAc,CAAC,UAAU,CAAC,EAAE;oBACnC,MAAM,IAAI,6BAAY,CAAC,mBAAmB,CAAC,CAAC;iBAC5C;gBAED,IAAI,OAAO,KAAK,KAAK,QAAQ,EAAE;oBAC9B,MAAM,IAAI,6BAAY,CAAC,yBAAyB,CAAC,CAAC;iBAClD;gBACD,EAAE,CAAC,aAAa,CAAC,KAAe,CAAC,CAAC;gBAClC,IAAI,WAAW,GAAG,IAAI,aAAK,CAAC,KAAkB,CAAC,CAAC;gBAChD,OAAO,GAAG,WAAW,CAAC,OAAO,EAAE,CAAC;gBAChC,OAAO,CAAC,OAAO,CAAC,CAAC;aACjB;YAAC,OAAO,KAAK,EAAE;gBACf,MAAM,CAAC,KAAK,CAAC,CAAC;aACd;QACF,CAAC,CAAC,CAAC;IACJ,CAAC;IAEM,YAAY;QAClB,OAAO,IAAI,OAAO,CAAC,CAAC,OAAO,EAAE,MAAM,EAAE,EAAE;YACtC,IAAI,MAAM,GAAqB,EAAE,CAAC;YAClC,KAAK,IAAI,OAAO,IAAI,aAAa,CAAC,QAAQ,CAAC,MAAM,EAAE,EAAE;gBACpD,IAAI,OAAO,EAAE;oBACZ,MAAM,CAAC,IAAI,CAAC,OAAO,CAAC,CAAC;iBACrB;aACD;YACD,OAAO,CAAC,MAAM,CAAC,CAAC;QACjB,CAAC,CAAC,CAAC;IACJ,CAAC;IAEO,UAAU;QACjB,IAAI;YACH,kBAAE,CAAC,aAAa,CAAC,UAAU,CAAC,CAAC;YAC7B,IAAI,KAAK,GAAG,kBAAE,CAAC,WAAW,CAAC,UAAU,CAAC,CAAC;YACvC,KAAK,IAAI,IAAI,IAAI,KAAK,EAAE;gBACvB,IAAI,MAAM,GAAG,kBAAE,CAAC,YAAY,CAAC,UAAU,GAAG,GAAG,GAAG,IAAI,CAAC,CAAC;gBACtD,IAAI,IAAI,GAAmB;oBAC1B,EAAE,EAAE,MAAM,CAAC,EAAE;oBACb,IAAI,EAAE,MAAM,CAAC,IAAI;oBACjB,OAAO,EAAE,MAAM,CAAC,OAAO;iBACvB,CAAC;gBACF,aAAa,CAAC,QAAQ,CAAC,GAAG,CAAC,MAAM,CAAC,EAAE,EAAE,IAAI,CAAC,CAAC;aAC5C;SACD;QAAC,MAAM;YACP,OAAO,CAAC,KAAK,CAAC,gCAAgC,CAAC,CAAC;SAChD;IACF,CAAC;IAGM,YAAY,CAAC,EAAU;QAC7B,IAAI,UAAU,GAAY,IAAI,CAAC;QAC/B,KAAK,IAAI,MAAM,IAAI,EAAE,EAAE;YACtB,IAAI,MAAM,KAAK,GAAG,EAAE;gBACnB,OAAO,IAAI,CAAC;aACZ;iBAAM,IAAI,MAAM,KAAK,GAAG,EAAE;gBAC1B,UAAU,GAAG,KAAK,CAAC;aACnB;SACD;QACD,OAAO,UAAU,CAAC;IACnB,CAAC;IAEO,KAAK,CAAC,iBAAiB,CAAC,EAAU,EAAE,OAAe;QAC1D,IAAI;YACH,IAAI,OAAO,GAAG,IAAI,kBAAQ,CAAC,EAAE,CAAC,CAAC;YAC/B,MAAM,YAAY,GAAG,MAAM,CAAC,IAAI,CAAC,OAAO,EAAE,QAAQ,CAAC,CAAC;YACpD,MAAM,GAAG,GAAG,IAAI,eAAK,EAAE,CAAC;YACxB,MAAM,GAAG,CAAC,SAAS,CAAC,YAAY,CAAC,CAAC;YAClC,MAAM,KAAK,GAAG,GAAG,CAAC,KAAK,CAAC;YAExB,MAAM,QAAQ,GAAG,EAAE,CAAC;YAEpB,KAAK,IAAI,QAAQ,IAAI,MAAM,CAAC,IAAI,CAAC,KAAK,CAAC,EAAE;gBACxC,IAAI;oBACH,IAAI,UAAU,CAAC;oBACf,IAAI,QAAQ,CAAC,MAAM,GAAG,CAAC,IAAI,QAAQ,CAAC,SAAS,CAAC,CAAC,EAAE,CAAC,CAAC,KAAK,UAAU,EAAE;wBACnE,IAAI,IAAI,GAAG,GAAG,CAAC,KAAK,CAAC,QAAQ,CAAC,CAAC;wBAC/B,IAAI,CAAC,IAAI,CAAC,GAAG,EAAE;4BACd,UAAU,GAAG,IAAI;iCACf,KAAK,CAAC,MAAM,CAAC;iCACb,IAAI,CAAC,CAAC,WAAW,EAAE,EAAE;gCACrB,IAAI,MAAM,GAAG,IAAI,CAAC,KAAK,CAAC,WAAW,CAAC,CAAC;gCACrC,IAAI,MAAM,GAAG,MAAM,CAAC,QAAQ,CAAC,CAAC;gCAC9B,OAAO,CAAC,WAAW,CAAC,MAAM,CAAC,CAAC;4BAC7B,CAAC,CAAC;iCACD,KAAK,CAAC,CAAC,CAAC,EAAE,EAAE;gCACZ,OAAO,OAAO,CAAC,OAAO,EAAE,CAAC;4BAC1B,CAAC,CAAC,CAAC;4BACJ,QAAQ,CAAC,IAAI,CAAC,UAAU,CAAC,CAAC;yBAC1B;qBACD;iBACD;gBAAC,MAAM;iBAEP;aACD;YACD,MAAM,OAAO,CAAC,GAAG,CAAC,QAAQ,CAAC,CAAC;YAE5B,IAAI,OAAO,CAAC,OAAO,EAAE,GAAG,CAAC,EAAE;gBAC1B,MAAM,IAAI,6BAAY,CAAC,mBAAmB,CAAC,CAAC;aAC5C;YACD,MAAM,IAAI,CAAC,kBAAkB,CAAC,OAAO,EAAE,mCAAkB,CAAC,QAAQ,CAAC,CAAC;YACpE,OAAO,IAAI,CAAC,cAAc,CAAC,OAAO,EAAE,mCAAkB,CAAC,QAAQ,CAAC,CAAC;SACjE;QAAC,OAAO,CAAC,EAAE;YACX,MAAM,IAAI,6BAAY,CAAC,yBAAyB,GAAG,CAAC,CAAC,CAAC;SACtD;IACF,CAAC;IAEO,KAAK,CAAC,eAAe,CAAC,EAAU,EAAE,OAAe;QACxD,IAAI;YACH,MAAM,YAAY,GAAG,MAAM,CAAC,IAAI,CAAC,OAAO,EAAE,QAAQ,CAAC,CAAC;YACpD,MAAM,GAAG,GAAG,IAAI,eAAK,EAAE,CAAC;YACxB,MAAM,GAAG,CAAC,SAAS,CAAC,YAAY,CAAC,CAAC;YAClC,IAAI,KAAK,GAAG,GAAG,CAAC,KAAK,CAAC,WAAW,CAAC,CAAC;YACnC,IAAI,CAAC,KAAK,EAAE;gBACX,MAAM,IAAI,6BAAY,CAAC,mBAAmB,CAAC,CAAC;aAC5C;YACD,IAAI,YAAY,GAAG,MAAM,KAAK,CAAC,KAAK,CAAC,MAAM,CAAC,CAAC;YAC7C,IAAI,WAAW,GAAG,IAAA,cAAK,EAAC,YAAY,CAAC,CAAC;YACtC,IAAI,KAAK,GAAG,IAAI,eAAK,CAAC,EAAE,CAAC,CAAC;YAC1B,IAAI,SAAS,GAAG,KAAK,CAAC,YAAY,CAAC,WAAW,CAAC,CAAC;YAChD,IAAI,YAAY,GAAG,KAAK,CAAC,eAAe,CAAC,SAAS,CAAC,CAAC;YACpD,IAAI,QAAQ,GAAG,CAAC,YAAY,CAAC,CAAC;YAC9B,KAAK,IAAI,QAAQ,IAAI,SAAS,EAAE;gBAC/B,IAAI,UAAU,CAAC;gBACf,IAAI,IAAI,GAAG,QAAQ,CAAC,GAAG,CAAC,MAAM,CAAC,CAAC;gBAChC,IAAI,IAAI,IAAI,OAAO,IAAI,KAAK,QAAQ,EAAE;oBACrC,IAAI,YAAY,GAAG,GAAG,CAAC,KAAK,CAAC,IAAI,CAAC,CAAC;oBACnC,IAAI,YAAY,EAAE;wBACjB,UAAU,GAAG,YAAY;6BACvB,KAAK,CAAC,MAAM,CAAC;6BACb,IAAI,CAAC,CAAC,eAAe,EAAE,EAAE;4BACzB,IAAI;gCACH,IAAI,MAAM,GAAG,IAAA,cAAK,EAAC,eAAe,CAAC,CAAC;gCACpC,KAAK,CAAC,QAAQ,CAAC,MAAM,EAAE,QAAQ,CAAC,CAAC;6BACjC;4BAAC,MAAM;6BAEP;wBACF,CAAC,CAAC;6BACD,KAAK,EAAE,CAAC;wBACV,QAAQ,CAAC,IAAI,CAAC,UAAU,CAAC,CAAC;qBAC1B;iBACD;aACD;YACD,MAAM,OAAO,CAAC,GAAG,CAAC,QAAQ,CAAC,CAAC;YAC5B,KAAK,CAAC,MAAM,CAAC,SAAS,CAAC,CAAC;YAExB,IAAI,KAAK,CAAC,OAAO,EAAE,GAAG,CAAC,EAAE;gBACxB,MAAM,IAAI,6BAAY,CAAC,gBAAgB,CAAC,CAAC;aACzC;YACD,MAAM,IAAI,CAAC,kBAAkB,CAAC,KAAK,EAAE,mCAAkB,CAAC,KAAK,CAAC,CAAC;YAC/D,OAAO,IAAI,CAAC,cAAc,CAAC,KAAK,EAAE,mCAAkB,CAAC,KAAK,CAAC,CAAC;SAC5D;QAAC,OAAO,CAAC,EAAE;YACX,MAAM,IAAI,6BAAY,CAAC,yBAAyB,GAAG,CAAC,CAAC,CAAC;SACtD;IACF,CAAC;IAEO,kBAAkB,CAAC,OAAyB,EAAE,IAAwB;QAC7E,IAAI,IAAI,GAAG;YACV,EAAE,EAAE,OAAO,CAAC,KAAK,EAAE;YACnB,IAAI,EAAE,IAAI;YACV,OAAO,EAAE,OAAO,CAAC,OAAO,EAAE;YAC1B,QAAQ,EAAE,OAAO,CAAC,OAAO,EAAE;SAC3B,CAAC;QACF,OAAO,kBAAE,CAAC,SAAS,CAAC,UAAU,GAAG,GAAG,GAAG,OAAO,CAAC,KAAK,EAAE,GAAG,OAAO,EAAE,IAAI,CAAC,SAAS,CAAC,IAAI,CAAC,CAAC,CAAC;IACzF,CAAC;IAEO,cAAc,CAAC,OAAyB,EAAE,IAAwB;QACzE,IAAI,OAAO,GAAa,EAAE,CAAC;QAC3B,IAAI,IAAI,GAAmB;YAC1B,EAAE,EAAE,OAAO,CAAC,KAAK,EAAE;YACnB,IAAI,EAAE,IAAI;YACV,OAAO,EAAE,OAAO,CAAC,OAAO,EAAE;SAC1B,CAAC;QACF,aAAa,CAAC,QAAQ,CAAC,GAAG,CAAC,OAAO,CAAC,KAAK,EAAE,EAAE,IAAI,CAAC,CAAC;QAClD,KAAK,IAAI,gBAAgB,IAAI,aAAa,CAAC,QAAQ,CAAC,IAAI,EAAE,EAAE;YAC3D,IAAI,aAAa,CAAC,QAAQ,CAAC,GAAG,CAAC,gBAAgB,CAAC,EAAE;gBACjD,OAAO,CAAC,IAAI,CAAC,gBAAgB,CAAC,CAAC;aAC/B;SACD;QACD,OAAO,OAAO,CAAC,OAAO,CAAC,OAAO,CAAC,CAAC;IACjC,CAAC;CACD;AAhPD,gCAgPC","sourcesContent":["import {\r\n\tIInsightFacade,\r\n\tInsightDataset,\r\n\tInsightDatasetKind,\r\n\tInsightError,\r\n\tInsightResult,\r\n\tNotFoundError,\r\n} from \"./IInsightFacade\";\r\nimport Sections from \"../models/Sections\";\r\nimport Rooms from \"../models/Rooms\";\r\n\r\nimport fs from \"fs-extra\";\r\nimport JSZip from \"jszip\";\r\nimport QueryValidator from \"../models/QueryValidator\";\r\nimport {Query} from \"../models/Query\";\r\nimport {JSONQuery} from \"../models/IQuery\";\r\nimport {parse} from \"parse5\";\r\nimport {Document} from \"parse5/dist/tree-adapters/default\";\r\n\r\nconst persistDir = \"./data\";\r\n// const tempDir = \"./temp\";\r\n\r\n/**\r\n * This is the main programmatic entry point for the project.\r\n * Method documentation is in IInsightFacade\r\n */\r\nexport default class InsightFacade implements IInsightFacade {\r\n\t// Datasets is a map of dataset ids to if they are used or not.\r\n\tprivate static datasets: Map<string, InsightDataset | false>;\r\n\r\n\tconstructor() {\r\n\t\tInsightFacade.datasets = new Map();\r\n\t\tthis.initialize();\r\n\t\t// console.log(\"InsightFacadeImpl::init()\");\r\n\t}\r\n\r\n\t// 1. Check valid InsightDatasetKind\r\n\t// 2. Check valid id\r\n\t// 3. Check Valid content\r\n\t// 4. Add dataset\r\n\tpublic async addDataset(id: string, content: string, kind: InsightDatasetKind): Promise<string[]> {\r\n\t\tif (this.isNotValidID(id)) {\r\n\t\t\t// Reject if id is not valid\r\n\t\t\treturn Promise.reject(new InsightError(\"Invalid id\"));\r\n\t\t}\r\n\t\t// Reject if a dataset with the same id is already present\r\n\t\tif (InsightFacade.datasets.get(id)) {\r\n\t\t\treturn Promise.reject(new InsightError(\"id already present in dataset\"));\r\n\t\t}\r\n\r\n\t\tif (kind === InsightDatasetKind.Sections) {\r\n\t\t\treturn this.addSectionDataset(id, content);\r\n\t\t}\r\n\t\treturn this.addRoomsDataset(id, content);\r\n\t}\r\n\r\n\t// 1. Check valid id\r\n\t// 2. Check id is in dataset\r\n\t// 3. Remove dataset\r\n\tpublic async removeDataset(id: string): Promise<string> {\r\n\t\tif (this.isNotValidID(id)) {\r\n\t\t\treturn Promise.reject(new InsightError(\"Invalid id\"));\r\n\t\t}\r\n\t\tif (!InsightFacade.datasets.get(id)) {\r\n\t\t\treturn Promise.reject(new NotFoundError(\"ID not present in dataset\"));\r\n\t\t}\r\n\r\n\t\ttry {\r\n\t\t\tawait fs.remove(persistDir + \"/\" + id + \".json\");\r\n\t\t\tInsightFacade.datasets.set(id, false);\r\n\t\t\treturn Promise.resolve(id);\r\n\t\t} catch {\r\n\t\t\treturn Promise.reject(new InsightError(\"Error removing dataset\"));\r\n\t\t}\r\n\t}\r\n\r\n\t// 1. Check dataset is present\r\n\t// 2. Check Query is valid\r\n\t// 3. Check id is a query that was added\r\n\t// 4. Check that output is not too large\r\n\t// 5. return output\r\n\tpublic performQuery(query: unknown): Promise<InsightResult[]> {\r\n\t\treturn new Promise((resolve, reject) => {\r\n\t\t\tlet results: InsightResult[] = [];\r\n\t\t\tlet QV: QueryValidator = new QueryValidator();\r\n\r\n\t\t\ttry {\r\n\t\t\t\tif (!fs.pathExistsSync(persistDir)) {\r\n\t\t\t\t\tthrow new InsightError(\"No datasets added\");\r\n\t\t\t\t}\r\n\r\n\t\t\t\tif (typeof query !== \"object\") {\r\n\t\t\t\t\tthrow new InsightError(\"Query must be an object\");\r\n\t\t\t\t}\r\n\t\t\t\tQV.validateQuery(query as object);\r\n\t\t\t\tlet parsedQuery = new Query(query as JSONQuery);\r\n\t\t\t\tresults = parsedQuery.execute();\r\n\t\t\t\tresolve(results);\r\n\t\t\t} catch (error) {\r\n\t\t\t\treject(error);\r\n\t\t\t}\r\n\t\t});\r\n\t}\r\n\r\n\tpublic listDatasets(): Promise<InsightDataset[]> {\r\n\t\treturn new Promise((resolve, reject) => {\r\n\t\t\tlet result: InsightDataset[] = [];\r\n\t\t\tfor (let dataset of InsightFacade.datasets.values()) {\r\n\t\t\t\tif (dataset) {\r\n\t\t\t\t\tresult.push(dataset);\r\n\t\t\t\t}\r\n\t\t\t}\r\n\t\t\tresolve(result);\r\n\t\t});\r\n\t}\r\n\r\n\tprivate initialize(): void {\r\n\t\ttry {\r\n\t\t\tfs.ensureDirSync(persistDir);\r\n\t\t\tlet files = fs.readdirSync(persistDir);\r\n\t\t\tfor (let file of files) {\r\n\t\t\t\tlet object = fs.readJSONSync(persistDir + \"/\" + file);\r\n\t\t\t\tlet data: InsightDataset = {\r\n\t\t\t\t\tid: object.id,\r\n\t\t\t\t\tkind: object.kind,\r\n\t\t\t\t\tnumRows: object.numRows,\r\n\t\t\t\t};\r\n\t\t\t\tInsightFacade.datasets.set(object.id, data);\r\n\t\t\t}\r\n\t\t} catch {\r\n\t\t\tconsole.error(\"Unable to initialize directory\");\r\n\t\t}\r\n\t}\r\n\r\n\t// Returns true if id is an empty string, contains only white space or contains an undersore\r\n\tpublic isNotValidID(id: string): boolean {\r\n\t\tlet isNotValid: boolean = true;\r\n\t\tfor (let letter of id) {\r\n\t\t\tif (letter === \"_\") {\r\n\t\t\t\treturn true;\r\n\t\t\t} else if (letter !== \" \") {\r\n\t\t\t\tisNotValid = false;\r\n\t\t\t}\r\n\t\t}\r\n\t\treturn isNotValid;\r\n\t}\r\n\r\n\tprivate async addSectionDataset(id: string, content: string): Promise<string[]> {\r\n\t\ttry {\r\n\t\t\tlet dataset = new Sections(id);\r\n\t\t\tconst stringBuffer = Buffer.from(content, \"base64\");\r\n\t\t\tconst zip = new JSZip();\r\n\t\t\tawait zip.loadAsync(stringBuffer);\r\n\t\t\tconst files = zip.files;\r\n\r\n\t\t\tconst promises = [];\r\n\r\n\t\t\tfor (let fileName of Object.keys(files)) {\r\n\t\t\t\ttry {\r\n\t\t\t\t\tlet newPromise;\r\n\t\t\t\t\tif (fileName.length > 8 && fileName.substring(0, 8) === \"courses/\") {\r\n\t\t\t\t\t\tlet file = zip.files[fileName];\r\n\t\t\t\t\t\tif (!file.dir) {\r\n\t\t\t\t\t\t\tnewPromise = file\r\n\t\t\t\t\t\t\t\t.async(\"text\")\r\n\t\t\t\t\t\t\t\t.then((fileContent) => {\r\n\t\t\t\t\t\t\t\t\tlet object = JSON.parse(fileContent);\r\n\t\t\t\t\t\t\t\t\tlet result = object[\"result\"];\r\n\t\t\t\t\t\t\t\t\tdataset.addSections(result);\r\n\t\t\t\t\t\t\t\t})\r\n\t\t\t\t\t\t\t\t.catch((e) => {\r\n\t\t\t\t\t\t\t\t\treturn Promise.resolve();\r\n\t\t\t\t\t\t\t\t}); // Catch any error\r\n\t\t\t\t\t\t\tpromises.push(newPromise);\r\n\t\t\t\t\t\t}\r\n\t\t\t\t\t}\r\n\t\t\t\t} catch {\r\n\t\t\t\t\t// It's ok to catch a single itteration\r\n\t\t\t\t}\r\n\t\t\t}\r\n\t\t\tawait Promise.all(promises);\r\n\r\n\t\t\tif (dataset.getSize() < 1) {\r\n\t\t\t\tthrow new InsightError(\"No valid sections\");\r\n\t\t\t}\r\n\t\t\tawait this.writeDatasetToFile(dataset, InsightDatasetKind.Sections);\r\n\t\t\treturn this.updateDatasets(dataset, InsightDatasetKind.Sections);\r\n\t\t} catch (e) {\r\n\t\t\tthrow new InsightError(\"Error extracting data: \" + e);\r\n\t\t}\r\n\t}\r\n\r\n\tprivate async addRoomsDataset(id: string, content: string): Promise<string[]> {\r\n\t\ttry {\r\n\t\t\tconst stringBuffer = Buffer.from(content, \"base64\");\r\n\t\t\tconst zip = new JSZip();\r\n\t\t\tawait zip.loadAsync(stringBuffer);\r\n\t\t\tlet index = zip.files[\"index.htm\"];\r\n\t\t\tif (!index) {\r\n\t\t\t\tthrow new InsightError(\"No index.htm file\");\r\n\t\t\t}\r\n\t\t\tlet indexContent = await index.async(\"text\");\r\n\t\t\tlet htmlContent = parse(indexContent);\r\n\t\t\tlet rooms = new Rooms(id);\r\n\t\t\tlet buildings = rooms.addBuildings(htmlContent);\r\n\t\t\tlet firstPromise = rooms.getGeolocations(buildings);\r\n\t\t\tlet promises = [firstPromise];\r\n\t\t\tfor (let building of buildings) {\r\n\t\t\t\tlet newPromise;\r\n\t\t\t\tlet link = building.get(\"href\");\r\n\t\t\t\tif (link && typeof link === \"string\") {\r\n\t\t\t\t\tlet buildingFile = zip.files[link];\r\n\t\t\t\t\tif (buildingFile) {\r\n\t\t\t\t\t\tnewPromise = buildingFile\r\n\t\t\t\t\t\t\t.async(\"text\")\r\n\t\t\t\t\t\t\t.then((buildingContent) => {\r\n\t\t\t\t\t\t\t\ttry {\r\n\t\t\t\t\t\t\t\t\tlet parsed = parse(buildingContent);\r\n\t\t\t\t\t\t\t\t\trooms.addRooms(parsed, building);\r\n\t\t\t\t\t\t\t\t} catch {\r\n\t\t\t\t\t\t\t\t\t// Do nothing\r\n\t\t\t\t\t\t\t\t}\r\n\t\t\t\t\t\t\t})\r\n\t\t\t\t\t\t\t.catch(); // Do nothing\r\n\t\t\t\t\t\tpromises.push(newPromise);\r\n\t\t\t\t\t}\r\n\t\t\t\t}\r\n\t\t\t}\r\n\t\t\tawait Promise.all(promises);\r\n\t\t\trooms.update(buildings);\r\n\r\n\t\t\tif (rooms.getSize() < 1) {\r\n\t\t\t\tthrow new InsightError(\"No valid rooms\");\r\n\t\t\t}\r\n\t\t\tawait this.writeDatasetToFile(rooms, InsightDatasetKind.Rooms);\r\n\t\t\treturn this.updateDatasets(rooms, InsightDatasetKind.Rooms);\r\n\t\t} catch (e) {\r\n\t\t\tthrow new InsightError(\"Error extracting data: \" + e);\r\n\t\t}\r\n\t}\r\n\r\n\tprivate writeDatasetToFile(dataset: Sections | Rooms, kind: InsightDatasetKind): Promise<void> {\r\n\t\tlet data = {\r\n\t\t\tid: dataset.getId(),\r\n\t\t\tkind: kind,\r\n\t\t\tnumRows: dataset.getSize(),\r\n\t\t\tsections: dataset.getData(),\r\n\t\t};\r\n\t\treturn fs.writeFile(persistDir + \"/\" + dataset.getId() + \".json\", JSON.stringify(data));\r\n\t}\r\n\r\n\tprivate updateDatasets(dataset: Sections | Rooms, kind: InsightDatasetKind): Promise<string[]> {\r\n\t\tlet results: string[] = [];\r\n\t\tlet data: InsightDataset = {\r\n\t\t\tid: dataset.getId(),\r\n\t\t\tkind: kind,\r\n\t\t\tnumRows: dataset.getSize(),\r\n\t\t};\r\n\t\tInsightFacade.datasets.set(dataset.getId(), data);\r\n\t\tfor (let potentialDataset of InsightFacade.datasets.keys()) {\r\n\t\t\tif (InsightFacade.datasets.get(potentialDataset)) {\r\n\t\t\t\tresults.push(potentialDataset);\r\n\t\t\t}\r\n\t\t}\r\n\t\treturn Promise.resolve(results);\r\n\t}\r\n}\r\n"]},"_coverageSchema":"1a1c01bbd47fc00a2c39e90264f33305004495a9","hash":"5cf78dea8929eed663096df6267b907467615d14","contentHash":"e14ca38c0cc6245e3b0122ba9b8611aed68ea69d6960f4ff11c85cd9b6f31ab5"},"C:\\Users\\jonah\\Desktop\\Personal Projects\\project_team123\\src\\models\\Sections.ts":{"path":"C:\\Users\\jonah\\Desktop\\Personal Projects\\project_team123\\src\\models\\Sections.ts","statementMap":{"0":{"start":{"line":2,"column":0},"end":{"line":2,"column":62}},"1":{"start":{"line":3,"column":25},"end":{"line":3,"column":64}},"2":{"start":{"line":4,"column":18},"end":{"line":4,"column":38}},"3":{"start":{"line":8,"column":8},"end":{"line":8,"column":64}},"4":{"start":{"line":9,"column":8},"end":{"line":9,"column":27}},"5":{"start":{"line":12,"column":8},"end":{"line":12,"column":29}},"6":{"start":{"line":15,"column":8},"end":{"line":17,"column":9}},"7":{"start":{"line":16,"column":12},"end":{"line":16,"column":73}},"8":{"start":{"line":18,"column":8},"end":{"line":20,"column":9}},"9":{"start":{"line":19,"column":12},"end":{"line":19,"column":49}},"10":{"start":{"line":23,"column":20},"end":{"line":23,"column":29}},"11":{"start":{"line":24,"column":8},"end":{"line":26,"column":11}},"12":{"start":{"line":25,"column":12},"end":{"line":25,"column":43}},"13":{"start":{"line":27,"column":8},"end":{"line":27,"column":19}},"14":{"start":{"line":30,"column":8},"end":{"line":33,"column":9}},"15":{"start":{"line":31,"column":12},"end":{"line":31,"column":40}},"16":{"start":{"line":32,"column":12},"end":{"line":32,"column":24}},"17":{"start":{"line":36,"column":8},"end":{"line":44,"column":9}},"18":{"start":{"line":37,"column":12},"end":{"line":43,"column":13}},"19":{"start":{"line":38,"column":41},"end":{"line":38,"column":65}},"20":{"start":{"line":39,"column":16},"end":{"line":39,"column":53}},"21":{"start":{"line":40,"column":16},"end":{"line":40,"column":28}},"22":{"start":{"line":47,"column":8},"end":{"line":49,"column":9}},"23":{"start":{"line":48,"column":12},"end":{"line":48,"column":73}},"24":{"start":{"line":50,"column":8},"end":{"line":52,"column":9}},"25":{"start":{"line":51,"column":12},"end":{"line":51,"column":37}},"26":{"start":{"line":55,"column":25},"end":{"line":66,"column":9}},"27":{"start":{"line":67,"column":8},"end":{"line":67,"column":26}},"28":{"start":{"line":70,"column":20},"end":{"line":70,"column":32}},"29":{"start":{"line":71,"column":8},"end":{"line":73,"column":9}},"30":{"start":{"line":72,"column":12},"end":{"line":72,"column":75}},"31":{"start":{"line":74,"column":8},"end":{"line":76,"column":9}},"32":{"start":{"line":75,"column":12},"end":{"line":75,"column":23}},"33":{"start":{"line":77,"column":8},"end":{"line":91,"column":9}},"34":{"start":{"line":78,"column":12},"end":{"line":87,"column":13}},"35":{"start":{"line":79,"column":16},"end":{"line":79,"column":38}},"36":{"start":{"line":82,"column":29},"end":{"line":82,"column":46}},"37":{"start":{"line":83,"column":16},"end":{"line":85,"column":17}},"38":{"start":{"line":84,"column":20},"end":{"line":84,"column":62}},"39":{"start":{"line":86,"column":16},"end":{"line":86,"column":30}},"40":{"start":{"line":90,"column":12},"end":{"line":90,"column":93}},"41":{"start":{"line":94,"column":8},"end":{"line":94,"column":54}},"42":{"start":{"line":97,"column":8},"end":{"line":97,"column":54}},"43":{"start":{"line":100,"column":8},"end":{"line":105,"column":9}},"44":{"start":{"line":101,"column":12},"end":{"line":101,"column":24}},"45":{"start":{"line":104,"column":12},"end":{"line":104,"column":53}},"46":{"start":{"line":108,"column":0},"end":{"line":108,"column":27}}},"fnMap":{"0":{"name":"(anonymous_0)","decl":{"start":{"line":7,"column":4},"end":{"line":7,"column":5}},"loc":{"start":{"line":7,"column":20},"end":{"line":10,"column":5}},"line":7},"1":{"name":"(anonymous_1)","decl":{"start":{"line":11,"column":4},"end":{"line":11,"column":5}},"loc":{"start":{"line":11,"column":14},"end":{"line":13,"column":5}},"line":11},"2":{"name":"(anonymous_2)","decl":{"start":{"line":14,"column":4},"end":{"line":14,"column":5}},"loc":{"start":{"line":14,"column":30},"end":{"line":21,"column":5}},"line":14},"3":{"name":"(anonymous_3)","decl":{"start":{"line":22,"column":4},"end":{"line":22,"column":5}},"loc":{"start":{"line":22,"column":19},"end":{"line":28,"column":5}},"line":22},"4":{"name":"(anonymous_4)","decl":{"start":{"line":24,"column":30},"end":{"line":24,"column":31}},"loc":{"start":{"line":24,"column":43},"end":{"line":26,"column":9}},"line":24},"5":{"name":"(anonymous_5)","decl":{"start":{"line":29,"column":4},"end":{"line":29,"column":5}},"loc":{"start":{"line":29,"column":36},"end":{"line":34,"column":5}},"line":29},"6":{"name":"(anonymous_6)","decl":{"start":{"line":35,"column":4},"end":{"line":35,"column":5}},"loc":{"start":{"line":35,"column":24},"end":{"line":45,"column":5}},"line":35},"7":{"name":"(anonymous_7)","decl":{"start":{"line":46,"column":4},"end":{"line":46,"column":5}},"loc":{"start":{"line":46,"column":26},"end":{"line":53,"column":5}},"line":46},"8":{"name":"(anonymous_8)","decl":{"start":{"line":54,"column":4},"end":{"line":54,"column":5}},"loc":{"start":{"line":54,"column":24},"end":{"line":68,"column":5}},"line":54},"9":{"name":"(anonymous_9)","decl":{"start":{"line":69,"column":4},"end":{"line":69,"column":5}},"loc":{"start":{"line":69,"column":34},"end":{"line":92,"column":5}},"line":69},"10":{"name":"(anonymous_10)","decl":{"start":{"line":93,"column":4},"end":{"line":93,"column":5}},"loc":{"start":{"line":93,"column":30},"end":{"line":95,"column":5}},"line":93},"11":{"name":"(anonymous_11)","decl":{"start":{"line":96,"column":4},"end":{"line":96,"column":5}},"loc":{"start":{"line":96,"column":30},"end":{"line":98,"column":5}},"line":96},"12":{"name":"(anonymous_12)","decl":{"start":{"line":99,"column":4},"end":{"line":99,"column":5}},"loc":{"start":{"line":99,"column":21},"end":{"line":106,"column":5}},"line":99}},"branchMap":{"0":{"loc":{"start":{"line":15,"column":8},"end":{"line":17,"column":9}},"type":"if","locations":[{"start":{"line":15,"column":8},"end":{"line":17,"column":9}},{"start":{"line":15,"column":8},"end":{"line":17,"column":9}}],"line":15},"1":{"loc":{"start":{"line":30,"column":8},"end":{"line":33,"column":9}},"type":"if","locations":[{"start":{"line":30,"column":8},"end":{"line":33,"column":9}},{"start":{"line":30,"column":8},"end":{"line":33,"column":9}}],"line":30},"2":{"loc":{"start":{"line":36,"column":8},"end":{"line":44,"column":9}},"type":"if","locations":[{"start":{"line":36,"column":8},"end":{"line":44,"column":9}},{"start":{"line":36,"column":8},"end":{"line":44,"column":9}}],"line":36},"3":{"loc":{"start":{"line":47,"column":8},"end":{"line":49,"column":9}},"type":"if","locations":[{"start":{"line":47,"column":8},"end":{"line":49,"column":9}},{"start":{"line":47,"column":8},"end":{"line":49,"column":9}}],"line":47},"4":{"loc":{"start":{"line":71,"column":8},"end":{"line":73,"column":9}},"type":"if","locations":[{"start":{"line":71,"column":8},"end":{"line":73,"column":9}},{"start":{"line":71,"column":8},"end":{"line":73,"column":9}}],"line":71},"5":{"loc":{"start":{"line":74,"column":8},"end":{"line":76,"column":9}},"type":"if","locations":[{"start":{"line":74,"column":8},"end":{"line":76,"column":9}},{"start":{"line":74,"column":8},"end":{"line":76,"column":9}}],"line":74},"6":{"loc":{"start":{"line":78,"column":12},"end":{"line":87,"column":13}},"type":"if","locations":[{"start":{"line":78,"column":12},"end":{"line":87,"column":13}},{"start":{"line":78,"column":12},"end":{"line":87,"column":13}}],"line":78},"7":{"loc":{"start":{"line":83,"column":16},"end":{"line":85,"column":17}},"type":"if","locations":[{"start":{"line":83,"column":16},"end":{"line":85,"column":17}},{"start":{"line":83,"column":16},"end":{"line":85,"column":17}}],"line":83},"8":{"loc":{"start":{"line":83,"column":20},"end":{"line":83,"column":43}},"type":"binary-expr","locations":[{"start":{"line":83,"column":20},"end":{"line":83,"column":27}},{"start":{"line":83,"column":31},"end":{"line":83,"column":43}}],"line":83},"9":{"loc":{"start":{"line":100,"column":8},"end":{"line":105,"column":9}},"type":"if","locations":[{"start":{"line":100,"column":8},"end":{"line":105,"column":9}},{"start":{"line":100,"column":8},"end":{"line":105,"column":9}}],"line":100}},"s":{"0":1,"1":1,"2":1,"3":136,"4":136,"5":164,"6":69,"7":0,"8":69,"9":4458228,"10":69,"11":69,"12":4458228,"13":69,"14":4458228,"15":4458228,"16":4458228,"17":402247,"18":402246,"19":402246,"20":402221,"21":402221,"22":35868,"23":3,"24":35865,"25":402238,"26":402246,"27":402221,"28":3873781,"29":3873781,"30":23,"31":3873758,"32":3217847,"33":655911,"34":655911,"35":402233,"36":253678,"37":253678,"38":2,"39":253676,"40":2,"41":2011192,"42":1862589,"43":402234,"44":148554,"45":253680,"46":1},"f":{"0":136,"1":164,"2":69,"3":69,"4":4458228,"5":4458228,"6":402247,"7":35868,"8":402246,"9":3873781,"10":2011192,"11":1862589,"12":402234},"b":{"0":[0,69],"1":[4458228,0],"2":[402246,1],"3":[3,35865],"4":[23,3873758],"5":[3217847,655911],"6":[402233,253678],"7":[2,253676],"8":[253678,4],"9":[148554,253680]},"inputSourceMap":{"version":3,"file":"C:/Users/jonah/Desktop/Personal Projects/project_team123/src/models/Sections.ts","sources":["C:/Users/jonah/Desktop/Personal Projects/project_team123/src/models/Sections.ts"],"names":[],"mappings":";;AAAA,iEAA8E;AAC9E,uCAAkC;AAelC,MAAqB,QAAS,SAAQ,iBAAO;IACpC,QAAQ,CAAY;IAE5B,YAAY,EAAU;QACrB,KAAK,CAAC,EAAE,EAAE,mCAAkB,CAAC,QAAQ,CAAC,CAAC;QACvC,IAAI,CAAC,QAAQ,GAAG,EAAE,CAAC;IACpB,CAAC;IAEM,OAAO;QACb,OAAO,IAAI,CAAC,QAAQ,CAAC;IACtB,CAAC;IAEM,eAAe,CAAC,QAAe;QACrC,IAAI,QAAQ,KAAK,SAAS,EAAE;YAC3B,MAAM,IAAI,6BAAY,CAAC,mBAAmB,CAAC,CAAC;SAC5C;QACD,KAAK,IAAI,OAAO,IAAI,QAAQ,EAAE;YAC7B,IAAI,CAAC,sBAAsB,CAAC,OAAO,CAAC,CAAC;SACrC;IACF,CAAC;IAEM,YAAY;QAClB,MAAM,GAAG,GAAG,IAAI,GAAG,EAAmB,CAAC;QACvC,IAAI,CAAC,QAAQ,CAAC,OAAO,CAAC,CAAC,OAAO,EAAE,EAAE;YACjC,GAAG,CAAC,GAAG,CAAC,OAAO,CAAC,IAAI,EAAE,OAAO,CAAC,CAAC;QAChC,CAAC,CAAC,CAAC;QACH,OAAO,GAAG,CAAC;IACZ,CAAC;IAEO,sBAAsB,CAAC,OAAY;QAC1C,IAAI,OAAO,KAAK,SAAS,EAAE;YAC1B,IAAI,CAAC,QAAQ,CAAC,IAAI,CAAC,OAAkB,CAAC,CAAC;YACvC,IAAI,CAAC,IAAI,EAAE,CAAC;SACZ;IACF,CAAC;IAIM,UAAU,CAAC,OAAY;QAC7B,IAAI,OAAO,KAAK,SAAS,EAAE;YAC1B,IAAI;gBACH,MAAM,gBAAgB,GAAY,IAAI,CAAC,UAAU,CAAC,OAAO,CAAC,CAAC;gBAC3D,IAAI,CAAC,QAAQ,CAAC,IAAI,CAAC,gBAAgB,CAAC,CAAC;gBAErC,IAAI,CAAC,IAAI,EAAE,CAAC;aACZ;YAAC,MAAM;aAEP;SACD;IACF,CAAC;IAIM,WAAW,CAAC,QAAe;QAEjC,IAAI,QAAQ,KAAK,SAAS,EAAE;YAC3B,MAAM,IAAI,6BAAY,CAAC,mBAAmB,CAAC,CAAC;SAC5C;QACD,KAAK,IAAI,OAAO,IAAI,QAAQ,EAAE;YAC7B,IAAI,CAAC,UAAU,CAAC,OAAO,CAAC,CAAC;SACzB;IAEF,CAAC;IAEO,UAAU,CAAC,OAAY;QAC9B,IAAI,UAAU,GAAY;YACzB,IAAI,EAAE,IAAI,CAAC,WAAW,CAAC,OAAO,EAAE,IAAI,CAAC;YACrC,EAAE,EAAE,IAAI,CAAC,WAAW,CAAC,OAAO,EAAE,QAAQ,CAAC;YACvC,KAAK,EAAE,IAAI,CAAC,WAAW,CAAC,OAAO,EAAE,OAAO,CAAC;YACzC,UAAU,EAAE,IAAI,CAAC,WAAW,CAAC,OAAO,EAAE,WAAW,CAAC;YAClD,IAAI,EAAE,IAAI,CAAC,WAAW,CAAC,OAAO,EAAE,SAAS,CAAC;YAC1C,IAAI,EAAE,IAAI,CAAC,OAAO,CAAC,OAAO,CAAC;YAC3B,GAAG,EAAE,IAAI,CAAC,WAAW,CAAC,OAAO,EAAE,KAAK,CAAC;YACrC,IAAI,EAAE,IAAI,CAAC,WAAW,CAAC,OAAO,EAAE,MAAM,CAAC;YACvC,IAAI,EAAE,IAAI,CAAC,WAAW,CAAC,OAAO,EAAE,MAAM,CAAC;YACvC,KAAK,EAAE,IAAI,CAAC,WAAW,CAAC,OAAO,EAAE,OAAO,CAAC;SACzC,CAAC;QACF,OAAO,UAAU,CAAC;IACnB,CAAC;IAGO,SAAS,CAAC,OAAY,EAAE,GAAW,EAAE,IAAyB;QACrE,MAAM,GAAG,GAAG,OAAO,CAAC,GAAG,CAAC,CAAC;QACzB,IAAI,GAAG,KAAK,SAAS,EAAE;YACtB,MAAM,IAAI,6BAAY,CAAC,GAAG,GAAG,eAAe,CAAC,CAAC;SAC9C;QACD,IAAI,OAAO,GAAG,KAAK,IAAI,EAAE;YACxB,OAAO,GAAG,CAAC;SACX;QAED,IAAI;YACH,IAAI,IAAI,KAAK,QAAQ,EAAE;gBAEtB,OAAO,GAAG,CAAC,QAAQ,EAAE,CAAC;aACtB;iBAAM;gBACN,IAAI,MAAM,GAAG,QAAQ,CAAC,GAAG,EAAE,EAAE,CAAC,CAAC;gBAC/B,IAAI,CAAC,MAAM,IAAI,MAAM,KAAK,CAAC,EAAE;oBAC5B,MAAM,IAAI,6BAAY,EAAE,CAAC;iBACzB;gBAED,OAAO,MAAM,CAAC;aACd;SACD;QAAC,MAAM;YACP,MAAM,IAAI,6BAAY,CAAC,GAAG,GAAG,0BAA0B,GAAG,IAAI,CAAC,CAAC;SAChE;IACF,CAAC;IAEO,WAAW,CAAC,OAAY,EAAE,GAAW;QAC5C,OAAO,IAAI,CAAC,SAAS,CAAC,OAAO,EAAE,GAAG,EAAE,QAAQ,CAAW,CAAC;IACzD,CAAC;IAEO,WAAW,CAAC,OAAY,EAAE,GAAW;QAC5C,OAAO,IAAI,CAAC,SAAS,CAAC,OAAO,EAAE,GAAG,EAAE,QAAQ,CAAW,CAAC;IACzD,CAAC;IAEO,OAAO,CAAC,OAAY;QAC3B,IAAI,OAAO,CAAC,SAAS,CAAC,KAAK,SAAS,EAAE;YACrC,OAAO,IAAI,CAAC;SACZ;aAAM;YACN,OAAO,IAAI,CAAC,WAAW,CAAC,OAAO,EAAE,MAAM,CAAC,CAAC;SACzC;IACF,CAAC;CACD;AA1HD,2BA0HC","sourcesContent":["import {InsightDatasetKind, InsightError} from \"../controller/IInsightFacade\";\r\nimport {Dataset} from \"./Dataset\";\r\n\r\nexport interface Section {\r\n\tuuid: string;\r\n\tid: string;\r\n\ttitle: string;\r\n\tinstructor: string;\r\n\tdept: string;\r\n\tyear: number;\r\n\tavg: number;\r\n\tpass: number;\r\n\tfail: number;\r\n\taudit: number;\r\n}\r\n\r\nexport default class Sections extends Dataset {\r\n\tprivate sections: Section[];\r\n\r\n\tconstructor(id: string) {\r\n\t\tsuper(id, InsightDatasetKind.Sections);\r\n\t\tthis.sections = [];\r\n\t}\r\n\r\n\tpublic getData(): Section[] {\r\n\t\treturn this.sections;\r\n\t}\r\n\r\n\tpublic addDataFromJSON(fileData: any[]): void {\r\n\t\tif (fileData === undefined) {\r\n\t\t\tthrow new InsightError(\"No valid sections\");\r\n\t\t}\r\n\t\tfor (let section of fileData) {\r\n\t\t\tthis.addAlreadyValidSection(section);\r\n\t\t}\r\n\t}\r\n\r\n\tpublic getDataAsMap(): Map<string, any> {\r\n\t\tconst map = new Map<string, Section>();\r\n\t\tthis.sections.forEach((section) => {\r\n\t\t\tmap.set(section.uuid, section);\r\n\t\t});\r\n\t\treturn map;\r\n\t}\r\n\r\n\tprivate addAlreadyValidSection(section: any): void {\r\n\t\tif (section !== undefined) {\r\n\t\t\tthis.sections.push(section as Section);\r\n\t\t\tthis.size++;\r\n\t\t}\r\n\t}\r\n\r\n\t// Adds section to this.section and increases size by 1\r\n\t// If section is missing required keys then it does not add\r\n\tpublic addSection(section: any): void {\r\n\t\tif (section !== undefined) {\r\n\t\t\ttry {\r\n\t\t\t\tconst formattedSection: Section = this.newSection(section);\r\n\t\t\t\tthis.sections.push(formattedSection);\r\n\t\t\t\t// console.log(this.sections)\r\n\t\t\t\tthis.size++;\r\n\t\t\t} catch {\r\n\t\t\t\t// do nothing\r\n\t\t\t}\r\n\t\t}\r\n\t}\r\n\r\n\t// Adds sections to a dataset\r\n\t// Throws InsightError if input list is empty\r\n\tpublic addSections(sections: any[]): void {\r\n\t\t// console.log(this.getSize())\r\n\t\tif (sections === undefined) {\r\n\t\t\tthrow new InsightError(\"No valid sections\");\r\n\t\t}\r\n\t\tfor (let section of sections) {\r\n\t\t\tthis.addSection(section);\r\n\t\t}\r\n\t\t// console.log(this.getSize())\r\n\t}\r\n\r\n\tprivate newSection(section: any): Section {\r\n\t\tlet newSection: Section = {\r\n\t\t\tuuid: this.keyToString(section, \"id\"),\r\n\t\t\tid: this.keyToString(section, \"Course\"),\r\n\t\t\ttitle: this.keyToString(section, \"Title\"),\r\n\t\t\tinstructor: this.keyToString(section, \"Professor\"),\r\n\t\t\tdept: this.keyToString(section, \"Subject\"),\r\n\t\t\tyear: this.getYear(section),\r\n\t\t\tavg: this.keyToNumber(section, \"Avg\"),\r\n\t\t\tpass: this.keyToNumber(section, \"Pass\"),\r\n\t\t\tfail: this.keyToNumber(section, \"Fail\"),\r\n\t\t\taudit: this.keyToNumber(section, \"Audit\"),\r\n\t\t};\r\n\t\treturn newSection;\r\n\t}\r\n\r\n\t// Checks the type of the key and tries to conver to type, otherwise throws InsightError\r\n\tprivate keyToType(section: any, key: string, type: \"string\" | \"number\"): string | number {\r\n\t\tconst obj = section[key];\r\n\t\tif (obj === undefined) {\r\n\t\t\tthrow new InsightError(key + \" is undefined\");\r\n\t\t}\r\n\t\tif (typeof obj === type) {\r\n\t\t\treturn obj;\r\n\t\t}\r\n\r\n\t\ttry {\r\n\t\t\tif (type === \"string\") {\r\n\t\t\t\t// console.log(\"returning: \" + key)\r\n\t\t\t\treturn obj.toString();\r\n\t\t\t} else {\r\n\t\t\t\tlet result = parseInt(obj, 10);\r\n\t\t\t\tif (!result && result !== 0) {\r\n\t\t\t\t\tthrow new InsightError();\r\n\t\t\t\t}\r\n\t\t\t\t// console.log(\"returning: \" + key);\r\n\t\t\t\treturn result;\r\n\t\t\t}\r\n\t\t} catch {\r\n\t\t\tthrow new InsightError(key + \" cannot be converted to \" + type);\r\n\t\t}\r\n\t}\r\n\r\n\tprivate keyToString(section: any, key: string): string {\r\n\t\treturn this.keyToType(section, key, \"string\") as string;\r\n\t}\r\n\r\n\tprivate keyToNumber(section: any, key: string): number {\r\n\t\treturn this.keyToType(section, key, \"number\") as number;\r\n\t}\r\n\r\n\tprivate getYear(section: any): number {\r\n\t\tif (section[\"Section\"] === \"overall\") {\r\n\t\t\treturn 1900;\r\n\t\t} else {\r\n\t\t\treturn this.keyToNumber(section, \"Year\");\r\n\t\t}\r\n\t}\r\n}\r\n"]},"_coverageSchema":"1a1c01bbd47fc00a2c39e90264f33305004495a9","hash":"af8c92ac6cc618e7ea6fc8eee8bb73e553e0d255","contentHash":"34726f4e74831f4e953491feb7f8e5ef68bb47fa4c6b3c035f55b0dc2eaf9628"},"C:\\Users\\jonah\\Desktop\\Personal Projects\\project_team123\\src\\models\\Dataset.ts":{"path":"C:\\Users\\jonah\\Desktop\\Personal Projects\\project_team123\\src\\models\\Dataset.ts","statementMap":{"0":{"start":{"line":2,"column":0},"end":{"line":2,"column":62}},"1":{"start":{"line":3,"column":0},"end":{"line":3,"column":25}},"2":{"start":{"line":9,"column":8},"end":{"line":9,"column":22}},"3":{"start":{"line":10,"column":8},"end":{"line":10,"column":21}},"4":{"start":{"line":11,"column":8},"end":{"line":11,"column":25}},"5":{"start":{"line":14,"column":8},"end":{"line":14,"column":23}},"6":{"start":{"line":17,"column":8},"end":{"line":17,"column":25}},"7":{"start":{"line":20,"column":8},"end":{"line":20,"column":25}},"8":{"start":{"line":23,"column":0},"end":{"line":23,"column":26}}},"fnMap":{"0":{"name":"(anonymous_0)","decl":{"start":{"line":8,"column":4},"end":{"line":8,"column":5}},"loc":{"start":{"line":8,"column":26},"end":{"line":12,"column":5}},"line":8},"1":{"name":"(anonymous_1)","decl":{"start":{"line":13,"column":4},"end":{"line":13,"column":5}},"loc":{"start":{"line":13,"column":12},"end":{"line":15,"column":5}},"line":13},"2":{"name":"(anonymous_2)","decl":{"start":{"line":16,"column":4},"end":{"line":16,"column":5}},"loc":{"start":{"line":16,"column":14},"end":{"line":18,"column":5}},"line":16},"3":{"name":"(anonymous_3)","decl":{"start":{"line":19,"column":4},"end":{"line":19,"column":5}},"loc":{"start":{"line":19,"column":14},"end":{"line":21,"column":5}},"line":19}},"branchMap":{},"s":{"0":1,"1":1,"2":176,"3":176,"4":176,"5":188,"6":176,"7":3517468,"8":1},"f":{"0":176,"1":188,"2":176,"3":3517468},"b":{},"inputSourceMap":{"version":3,"file":"C:/Users/jonah/Desktop/Personal Projects/project_team123/src/models/Dataset.ts","sources":["C:/Users/jonah/Desktop/Personal Projects/project_team123/src/models/Dataset.ts"],"names":[],"mappings":";;;AAEA,MAAsB,OAAO;IACpB,EAAE,CAAS;IACT,IAAI,CAAS;IACf,IAAI,CAAqB;IAEjC,YAAY,EAAU,EAAE,IAAwB;QAC/C,IAAI,CAAC,IAAI,GAAG,CAAC,CAAC;QACd,IAAI,CAAC,EAAE,GAAG,EAAE,CAAC;QACb,IAAI,CAAC,IAAI,GAAG,IAAI,CAAC;IAClB,CAAC;IAEM,KAAK;QACX,OAAO,IAAI,CAAC,EAAE,CAAC;IAChB,CAAC;IAEM,OAAO;QACb,OAAO,IAAI,CAAC,IAAI,CAAC;IAClB,CAAC;IAEM,OAAO;QACb,OAAO,IAAI,CAAC,IAAI,CAAC;IAClB,CAAC;CAOD;AA5BD,0BA4BC","sourcesContent":["import {InsightDatasetKind} from \"../controller/IInsightFacade\";\r\n\r\nexport abstract class Dataset {\r\n\tprivate id: string;\r\n\tprotected size: number;\r\n\tprivate kind: InsightDatasetKind;\r\n\r\n\tconstructor(id: string, kind: InsightDatasetKind) {\r\n\t\tthis.size = 0;\r\n\t\tthis.id = id;\r\n\t\tthis.kind = kind;\r\n\t}\r\n\r\n\tpublic getId(): string {\r\n\t\treturn this.id;\r\n\t}\r\n\r\n\tpublic getSize(): number {\r\n\t\treturn this.size;\r\n\t}\r\n\r\n\tpublic getKind(): InsightDatasetKind {\r\n\t\treturn this.kind;\r\n\t}\r\n\r\n    public abstract getData(): any[];\r\n\r\n    public abstract getDataAsMap(): Map<string, any>;\r\n\r\n    public abstract addDataFromJSON(fileData: any[]): void;\r\n}\r\n"]},"_coverageSchema":"1a1c01bbd47fc00a2c39e90264f33305004495a9","hash":"073473a79d2dc5db324557d4eb3611193bc3e583","contentHash":"d739ace502392a6b48abd745b3aa399f1af9e142401587201ef9cca00f45b69b"},"C:\\Users\\jonah\\Desktop\\Personal Projects\\project_team123\\src\\models\\Rooms.ts":{"path":"C:\\Users\\jonah\\Desktop\\Personal Projects\\project_team123\\src\\models\\Rooms.ts","statementMap":{"0":{"start":{"line":2,"column":22},"end":{"line":4,"column":1}},"1":{"start":{"line":3,"column":4},"end":{"line":3,"column":62}},"2":{"start":{"line":5,"column":0},"end":{"line":5,"column":62}},"3":{"start":{"line":6,"column":25},"end":{"line":6,"column":64}},"4":{"start":{"line":7,"column":20},"end":{"line":7,"column":57}},"5":{"start":{"line":8,"column":18},"end":{"line":8,"column":38}},"6":{"start":{"line":11,"column":16},"end":{"line":11,"column":79}},"7":{"start":{"line":13,"column":8},"end":{"line":13,"column":61}},"8":{"start":{"line":14,"column":8},"end":{"line":14,"column":24}},"9":{"start":{"line":17,"column":8},"end":{"line":17,"column":26}},"10":{"start":{"line":20,"column":20},"end":{"line":20,"column":29}},"11":{"start":{"line":21,"column":8},"end":{"line":23,"column":11}},"12":{"start":{"line":22,"column":12},"end":{"line":22,"column":37}},"13":{"start":{"line":24,"column":8},"end":{"line":24,"column":19}},"14":{"start":{"line":27,"column":8},"end":{"line":29,"column":9}},"15":{"start":{"line":28,"column":12},"end":{"line":28,"column":70}},"16":{"start":{"line":30,"column":8},"end":{"line":32,"column":9}},"17":{"start":{"line":31,"column":12},"end":{"line":31,"column":43}},"18":{"start":{"line":35,"column":8},"end":{"line":38,"column":9}},"19":{"start":{"line":36,"column":12},"end":{"line":36,"column":34}},"20":{"start":{"line":37,"column":12},"end":{"line":37,"column":24}},"21":{"start":{"line":41,"column":24},"end":{"line":41,"column":26}},"22":{"start":{"line":42,"column":21},"end":{"line":42,"column":50}},"23":{"start":{"line":43,"column":8},"end":{"line":52,"column":9}},"24":{"start":{"line":44,"column":23},"end":{"line":44,"column":52}},"25":{"start":{"line":45,"column":23},"end":{"line":45,"column":51}},"26":{"start":{"line":46,"column":12},"end":{"line":51,"column":13}},"27":{"start":{"line":47,"column":31},"end":{"line":47,"column":52}},"28":{"start":{"line":48,"column":16},"end":{"line":50,"column":17}},"29":{"start":{"line":49,"column":20},"end":{"line":49,"column":45}},"30":{"start":{"line":53,"column":8},"end":{"line":53,"column":25}},"31":{"start":{"line":56,"column":29},"end":{"line":56,"column":65}},"32":{"start":{"line":57,"column":8},"end":{"line":61,"column":9}},"33":{"start":{"line":58,"column":12},"end":{"line":60,"column":13}},"34":{"start":{"line":59,"column":16},"end":{"line":59,"column":29}},"35":{"start":{"line":62,"column":8},"end":{"line":62,"column":20}},"36":{"start":{"line":65,"column":23},"end":{"line":65,"column":32}},"37":{"start":{"line":66,"column":8},"end":{"line":66,"column":116}},"38":{"start":{"line":67,"column":8},"end":{"line":67,"column":115}},"39":{"start":{"line":68,"column":8},"end":{"line":68,"column":100}},"40":{"start":{"line":69,"column":8},"end":{"line":69,"column":76}},"41":{"start":{"line":70,"column":8},"end":{"line":70,"column":24}},"42":{"start":{"line":73,"column":20},"end":{"line":73,"column":22}},"43":{"start":{"line":74,"column":21},"end":{"line":74,"column":60}},"44":{"start":{"line":75,"column":8},"end":{"line":90,"column":9}},"45":{"start":{"line":76,"column":23},"end":{"line":76,"column":52}},"46":{"start":{"line":77,"column":23},"end":{"line":77,"column":51}},"47":{"start":{"line":78,"column":12},"end":{"line":89,"column":13}},"48":{"start":{"line":79,"column":27},"end":{"line":79,"column":44}},"49":{"start":{"line":80,"column":32},"end":{"line":80,"column":57}},"50":{"start":{"line":81,"column":29},"end":{"line":81,"column":47}},"51":{"start":{"line":82,"column":16},"end":{"line":85,"column":17}},"52":{"start":{"line":83,"column":31},"end":{"line":83,"column":55}},"53":{"start":{"line":84,"column":20},"end":{"line":84,"column":43}},"54":{"start":{"line":86,"column":16},"end":{"line":88,"column":17}},"55":{"start":{"line":87,"column":20},"end":{"line":87,"column":37}},"56":{"start":{"line":91,"column":8},"end":{"line":91,"column":37}},"57":{"start":{"line":94,"column":8},"end":{"line":118,"column":9}},"58":{"start":{"line":95,"column":24},"end":{"line":95,"column":45}},"59":{"start":{"line":96,"column":12},"end":{"line":98,"column":13}},"60":{"start":{"line":97,"column":16},"end":{"line":97,"column":25}},"61":{"start":{"line":99,"column":12},"end":{"line":117,"column":13}},"62":{"start":{"line":100,"column":16},"end":{"line":116,"column":17}},"63":{"start":{"line":101,"column":35},"end":{"line":113,"column":21}},"64":{"start":{"line":114,"column":20},"end":{"line":114,"column":46}},"65":{"start":{"line":115,"column":20},"end":{"line":115,"column":32}},"66":{"start":{"line":121,"column":27},"end":{"line":121,"column":83}},"67":{"start":{"line":122,"column":8},"end":{"line":126,"column":9}},"68":{"start":{"line":123,"column":12},"end":{"line":125,"column":13}},"69":{"start":{"line":124,"column":16},"end":{"line":124,"column":29}},"70":{"start":{"line":127,"column":8},"end":{"line":129,"column":9}},"71":{"start":{"line":128,"column":12},"end":{"line":128,"column":25}},"72":{"start":{"line":130,"column":8},"end":{"line":130,"column":20}},"73":{"start":{"line":133,"column":19},"end":{"line":133,"column":28}},"74":{"start":{"line":134,"column":8},"end":{"line":134,"column":107}},"75":{"start":{"line":135,"column":8},"end":{"line":135,"column":104}},"76":{"start":{"line":136,"column":8},"end":{"line":136,"column":98}},"77":{"start":{"line":137,"column":8},"end":{"line":137,"column":94}},"78":{"start":{"line":138,"column":8},"end":{"line":138,"column":45}},"79":{"start":{"line":139,"column":8},"end":{"line":139,"column":20}},"80":{"start":{"line":142,"column":21},"end":{"line":142,"column":23}},"81":{"start":{"line":143,"column":19},"end":{"line":143,"column":25}},"82":{"start":{"line":144,"column":8},"end":{"line":154,"column":9}},"83":{"start":{"line":145,"column":23},"end":{"line":145,"column":33}},"84":{"start":{"line":146,"column":12},"end":{"line":150,"column":13}},"85":{"start":{"line":147,"column":16},"end":{"line":149,"column":17}},"86":{"start":{"line":148,"column":20},"end":{"line":148,"column":37}},"87":{"start":{"line":151,"column":12},"end":{"line":153,"column":13}},"88":{"start":{"line":152,"column":16},"end":{"line":152,"column":34}},"89":{"start":{"line":155,"column":8},"end":{"line":155,"column":22}},"90":{"start":{"line":158,"column":19},"end":{"line":158,"column":23}},"91":{"start":{"line":159,"column":8},"end":{"line":166,"column":9}},"92":{"start":{"line":160,"column":12},"end":{"line":165,"column":13}},"93":{"start":{"line":161,"column":16},"end":{"line":161,"column":42}},"94":{"start":{"line":164,"column":16},"end":{"line":164,"column":42}},"95":{"start":{"line":167,"column":8},"end":{"line":167,"column":20}},"96":{"start":{"line":170,"column":20},"end":{"line":170,"column":45}},"97":{"start":{"line":171,"column":8},"end":{"line":187,"column":9}},"98":{"start":{"line":172,"column":29},"end":{"line":172,"column":39}},"99":{"start":{"line":173,"column":12},"end":{"line":186,"column":13}},"100":{"start":{"line":174,"column":16},"end":{"line":185,"column":17}},"101":{"start":{"line":175,"column":20},"end":{"line":184,"column":21}},"102":{"start":{"line":179,"column":36},"end":{"line":179,"column":66}},"103":{"start":{"line":180,"column":24},"end":{"line":182,"column":25}},"104":{"start":{"line":181,"column":28},"end":{"line":181,"column":38}},"105":{"start":{"line":183,"column":24},"end":{"line":183,"column":87}},"106":{"start":{"line":188,"column":8},"end":{"line":188,"column":25}},"107":{"start":{"line":191,"column":29},"end":{"line":191,"column":53}},"108":{"start":{"line":192,"column":8},"end":{"line":201,"column":9}},"109":{"start":{"line":193,"column":29},"end":{"line":193,"column":39}},"110":{"start":{"line":194,"column":12},"end":{"line":200,"column":13}},"111":{"start":{"line":195,"column":16},"end":{"line":199,"column":17}},"112":{"start":{"line":196,"column":20},"end":{"line":198,"column":21}},"113":{"start":{"line":197,"column":24},"end":{"line":197,"column":47}},"114":{"start":{"line":202,"column":8},"end":{"line":202,"column":25}},"115":{"start":{"line":205,"column":23},"end":{"line":205,"column":25}},"116":{"start":{"line":206,"column":8},"end":{"line":232,"column":9}},"117":{"start":{"line":207,"column":26},"end":{"line":207,"column":49}},"118":{"start":{"line":208,"column":12},"end":{"line":231,"column":13}},"119":{"start":{"line":209,"column":16},"end":{"line":230,"column":17}},"120":{"start":{"line":210,"column":20},"end":{"line":210,"column":58}},"121":{"start":{"line":211,"column":34},"end":{"line":226,"column":22}},"122":{"start":{"line":212,"column":24},"end":{"line":225,"column":27}},"123":{"start":{"line":213,"column":39},"end":{"line":213,"column":41}},"124":{"start":{"line":214,"column":28},"end":{"line":216,"column":31}},"125":{"start":{"line":215,"column":32},"end":{"line":215,"column":46}},"126":{"start":{"line":217,"column":28},"end":{"line":222,"column":31}},"127":{"start":{"line":218,"column":45},"end":{"line":218,"column":61}},"128":{"start":{"line":219,"column":32},"end":{"line":219,"column":67}},"129":{"start":{"line":220,"column":32},"end":{"line":220,"column":67}},"130":{"start":{"line":221,"column":32},"end":{"line":221,"column":46}},"131":{"start":{"line":224,"column":28},"end":{"line":224,"column":47}},"132":{"start":{"line":227,"column":20},"end":{"line":227,"column":43}},"133":{"start":{"line":233,"column":8},"end":{"line":233,"column":44}},"134":{"start":{"line":236,"column":0},"end":{"line":236,"column":24}}},"fnMap":{"0":{"name":"(anonymous_0)","decl":{"start":{"line":2,"column":56},"end":{"line":2,"column":57}},"loc":{"start":{"line":2,"column":71},"end":{"line":4,"column":1}},"line":2},"1":{"name":"(anonymous_1)","decl":{"start":{"line":12,"column":4},"end":{"line":12,"column":5}},"loc":{"start":{"line":12,"column":20},"end":{"line":15,"column":5}},"line":12},"2":{"name":"(anonymous_2)","decl":{"start":{"line":16,"column":4},"end":{"line":16,"column":5}},"loc":{"start":{"line":16,"column":14},"end":{"line":18,"column":5}},"line":16},"3":{"name":"(anonymous_3)","decl":{"start":{"line":19,"column":4},"end":{"line":19,"column":5}},"loc":{"start":{"line":19,"column":19},"end":{"line":25,"column":5}},"line":19},"4":{"name":"(anonymous_4)","decl":{"start":{"line":21,"column":27},"end":{"line":21,"column":28}},"loc":{"start":{"line":21,"column":37},"end":{"line":23,"column":9}},"line":21},"5":{"name":"(anonymous_5)","decl":{"start":{"line":26,"column":4},"end":{"line":26,"column":5}},"loc":{"start":{"line":26,"column":30},"end":{"line":33,"column":5}},"line":26},"6":{"name":"(anonymous_6)","decl":{"start":{"line":34,"column":4},"end":{"line":34,"column":5}},"loc":{"start":{"line":34,"column":30},"end":{"line":39,"column":5}},"line":34},"7":{"name":"(anonymous_7)","decl":{"start":{"line":40,"column":4},"end":{"line":40,"column":5}},"loc":{"start":{"line":40,"column":24},"end":{"line":54,"column":5}},"line":40},"8":{"name":"(anonymous_8)","decl":{"start":{"line":55,"column":4},"end":{"line":55,"column":5}},"loc":{"start":{"line":55,"column":30},"end":{"line":63,"column":5}},"line":55},"9":{"name":"(anonymous_9)","decl":{"start":{"line":64,"column":4},"end":{"line":64,"column":5}},"loc":{"start":{"line":64,"column":21},"end":{"line":71,"column":5}},"line":64},"10":{"name":"(anonymous_10)","decl":{"start":{"line":72,"column":4},"end":{"line":72,"column":5}},"loc":{"start":{"line":72,"column":40},"end":{"line":92,"column":5}},"line":72},"11":{"name":"(anonymous_11)","decl":{"start":{"line":93,"column":4},"end":{"line":93,"column":5}},"loc":{"start":{"line":93,"column":22},"end":{"line":119,"column":5}},"line":93},"12":{"name":"(anonymous_12)","decl":{"start":{"line":120,"column":4},"end":{"line":120,"column":5}},"loc":{"start":{"line":120,"column":22},"end":{"line":131,"column":5}},"line":120},"13":{"name":"(anonymous_13)","decl":{"start":{"line":132,"column":4},"end":{"line":132,"column":5}},"loc":{"start":{"line":132,"column":17},"end":{"line":140,"column":5}},"line":132},"14":{"name":"(anonymous_14)","decl":{"start":{"line":141,"column":4},"end":{"line":141,"column":5}},"loc":{"start":{"line":141,"column":24},"end":{"line":156,"column":5}},"line":141},"15":{"name":"(anonymous_15)","decl":{"start":{"line":157,"column":4},"end":{"line":157,"column":5}},"loc":{"start":{"line":157,"column":24},"end":{"line":168,"column":5}},"line":157},"16":{"name":"(anonymous_16)","decl":{"start":{"line":169,"column":4},"end":{"line":169,"column":5}},"loc":{"start":{"line":169,"column":36},"end":{"line":189,"column":5}},"line":169},"17":{"name":"(anonymous_17)","decl":{"start":{"line":190,"column":4},"end":{"line":190,"column":5}},"loc":{"start":{"line":190,"column":19},"end":{"line":203,"column":5}},"line":190},"18":{"name":"(anonymous_18)","decl":{"start":{"line":204,"column":4},"end":{"line":204,"column":5}},"loc":{"start":{"line":204,"column":37},"end":{"line":234,"column":5}},"line":204},"19":{"name":"(anonymous_19)","decl":{"start":{"line":211,"column":46},"end":{"line":211,"column":47}},"loc":{"start":{"line":211,"column":67},"end":{"line":226,"column":21}},"line":211},"20":{"name":"(anonymous_20)","decl":{"start":{"line":212,"column":74},"end":{"line":212,"column":75}},"loc":{"start":{"line":212,"column":88},"end":{"line":223,"column":25}},"line":212},"21":{"name":"(anonymous_21)","decl":{"start":{"line":214,"column":48},"end":{"line":214,"column":49}},"loc":{"start":{"line":214,"column":59},"end":{"line":216,"column":29}},"line":214},"22":{"name":"(anonymous_22)","decl":{"start":{"line":217,"column":47},"end":{"line":217,"column":48}},"loc":{"start":{"line":217,"column":53},"end":{"line":222,"column":29}},"line":217},"23":{"name":"(anonymous_23)","decl":{"start":{"line":223,"column":39},"end":{"line":223,"column":40}},"loc":{"start":{"line":223,"column":52},"end":{"line":225,"column":25}},"line":223}},"branchMap":{"0":{"loc":{"start":{"line":2,"column":22},"end":{"line":4,"column":1}},"type":"binary-expr","locations":[{"start":{"line":2,"column":23},"end":{"line":2,"column":27}},{"start":{"line":2,"column":31},"end":{"line":2,"column":51}},{"start":{"line":2,"column":56},"end":{"line":4,"column":1}}],"line":2},"1":{"loc":{"start":{"line":3,"column":11},"end":{"line":3,"column":61}},"type":"cond-expr","locations":[{"start":{"line":3,"column":37},"end":{"line":3,"column":40}},{"start":{"line":3,"column":43},"end":{"line":3,"column":61}}],"line":3},"2":{"loc":{"start":{"line":3,"column":12},"end":{"line":3,"column":33}},"type":"binary-expr","locations":[{"start":{"line":3,"column":12},"end":{"line":3,"column":15}},{"start":{"line":3,"column":19},"end":{"line":3,"column":33}}],"line":3},"3":{"loc":{"start":{"line":27,"column":8},"end":{"line":29,"column":9}},"type":"if","locations":[{"start":{"line":27,"column":8},"end":{"line":29,"column":9}},{"start":{"line":27,"column":8},"end":{"line":29,"column":9}}],"line":27},"4":{"loc":{"start":{"line":35,"column":8},"end":{"line":38,"column":9}},"type":"if","locations":[{"start":{"line":35,"column":8},"end":{"line":38,"column":9}},{"start":{"line":35,"column":8},"end":{"line":38,"column":9}}],"line":35},"5":{"loc":{"start":{"line":48,"column":16},"end":{"line":50,"column":17}},"type":"if","locations":[{"start":{"line":48,"column":16},"end":{"line":50,"column":17}},{"start":{"line":48,"column":16},"end":{"line":50,"column":17}}],"line":48},"6":{"loc":{"start":{"line":58,"column":12},"end":{"line":60,"column":13}},"type":"if","locations":[{"start":{"line":58,"column":12},"end":{"line":60,"column":13}},{"start":{"line":58,"column":12},"end":{"line":60,"column":13}}],"line":58},"7":{"loc":{"start":{"line":82,"column":16},"end":{"line":85,"column":17}},"type":"if","locations":[{"start":{"line":82,"column":16},"end":{"line":85,"column":17}},{"start":{"line":82,"column":16},"end":{"line":85,"column":17}}],"line":82},"8":{"loc":{"start":{"line":82,"column":20},"end":{"line":82,"column":67}},"type":"binary-expr","locations":[{"start":{"line":82,"column":20},"end":{"line":82,"column":43}},{"start":{"line":82,"column":47},"end":{"line":82,"column":67}}],"line":82},"9":{"loc":{"start":{"line":86,"column":16},"end":{"line":88,"column":17}},"type":"if","locations":[{"start":{"line":86,"column":16},"end":{"line":88,"column":17}},{"start":{"line":86,"column":16},"end":{"line":88,"column":17}}],"line":86},"10":{"loc":{"start":{"line":96,"column":12},"end":{"line":98,"column":13}},"type":"if","locations":[{"start":{"line":96,"column":12},"end":{"line":98,"column":13}},{"start":{"line":96,"column":12},"end":{"line":98,"column":13}}],"line":96},"11":{"loc":{"start":{"line":99,"column":12},"end":{"line":117,"column":13}},"type":"if","loca
[...]
:44,"column":8},"end":{"line":49,"column":9}},"22":{"start":{"line":45,"column":12},"end":{"line":45,"column":22}},"23":{"start":{"line":47,"column":13},"end":{"line":49,"column":9}},"24":{"start":{"line":48,"column":12},"end":{"line":48,"column":21}},"25":{"start":{"line":50,"column":8},"end":{"line":50,"column":17}},"26":{"start":{"line":53,"column":0},"end":{"line":53,"column":54}},"27":{"start":{"line":55,"column":4},"end":{"line":70,"column":7}},"28":{"start":{"line":56,"column":8},"end":{"line":68,"column":9}},"29":{"start":{"line":57,"column":27},"end":{"line":57,"column":30}},"30":{"start":{"line":58,"column":12},"end":{"line":61,"column":13}},"31":{"start":{"line":59,"column":16},"end":{"line":59,"column":55}},"32":{"start":{"line":60,"column":16},"end":{"line":60,"column":45}},"33":{"start":{"line":62,"column":12},"end":{"line":67,"column":13}},"34":{"start":{"line":63,"column":16},"end":{"line":63,"column":57}},"35":{"start":{"line":65,"column":17},"end":{"line":67,"column":13}},"36":{"start":{"line":66,"column":16},"end":{"line":66,"column":57}},"37":{"start":{"line":69,"column":8},"end":{"line":69,"column":17}},"38":{"start":{"line":72,"column":0},"end":{"line":72,"column":62}},"39":{"start":{"line":74,"column":4},"end":{"line":106,"column":5}},"40":{"start":{"line":75,"column":8},"end":{"line":105,"column":11}},"41":{"start":{"line":76,"column":29},"end":{"line":76,"column":54}},"42":{"start":{"line":77,"column":31},"end":{"line":77,"column":66}},"43":{"start":{"line":78,"column":12},"end":{"line":78,"column":74}},"44":{"start":{"line":79,"column":26},"end":{"line":79,"column":72}},"45":{"start":{"line":80,"column":24},"end":{"line":80,"column":51}},"46":{"start":{"line":82,"column":12},"end":{"line":104,"column":13}},"47":{"start":{"line":84,"column":20},"end":{"line":84,"column":94}},"48":{"start":{"line":84,"column":77},"end":{"line":84,"column":91}},"49":{"start":{"line":85,"column":20},"end":{"line":85,"column":26}},"50":{"start":{"line":87,"column":20},"end":{"line":87,"column":94}},"51":{"start":{"line":87,"column":77},"end":{"line":87,"column":91}},"52":{"start":{"line":88,"column":20},"end":{"line":88,"column":26}},"53":{"start":{"line":90,"column":20},"end":{"line":92,"column":23}},"54":{"start":{"line":91,"column":24},"end":{"line":91,"column":84}},"55":{"start":{"line":93,"column":20},"end":{"line":93,"column":95}},"56":{"start":{"line":94,"column":20},"end":{"line":94,"column":26}},"57":{"start":{"line":96,"column":20},"end":{"line":98,"column":26}},"58":{"start":{"line":97,"column":24},"end":{"line":97,"column":118}},"59":{"start":{"line":99,"column":20},"end":{"line":99,"column":62}},"60":{"start":{"line":100,"column":20},"end":{"line":100,"column":26}},"61":{"start":{"line":102,"column":20},"end":{"line":102,"column":95}},"62":{"start":{"line":102,"column":73},"end":{"line":102,"column":87}},"63":{"start":{"line":103,"column":20},"end":{"line":103,"column":26}},"64":{"start":{"line":108,"column":0},"end":{"line":108,"column":32}}},"fnMap":{"0":{"name":"(anonymous_0)","decl":{"start":{"line":2,"column":56},"end":{"line":2,"column":57}},"loc":{"start":{"line":2,"column":71},"end":{"line":4,"column":1}},"line":2},"1":{"name":"validateKeyMatchesKind","decl":{"start":{"line":9,"column":9},"end":{"line":9,"column":31}},"loc":{"start":{"line":9,"column":43},"end":{"line":36,"column":1}},"line":9},"2":{"name":"orderSectionsByString","decl":{"start":{"line":38,"column":9},"end":{"line":38,"column":30}},"loc":{"start":{"line":38,"column":65},"end":{"line":52,"column":1}},"line":38},"3":{"name":"(anonymous_3)","decl":{"start":{"line":43,"column":26},"end":{"line":43,"column":27}},"loc":{"start":{"line":43,"column":36},"end":{"line":51,"column":5}},"line":43},"4":{"name":"orderSectionsBySortObject","decl":{"start":{"line":54,"column":9},"end":{"line":54,"column":34}},"loc":{"start":{"line":54,"column":72},"end":{"line":71,"column":1}},"line":54},"5":{"name":"(anonymous_5)","decl":{"start":{"line":55,"column":26},"end":{"line":55,"column":27}},"loc":{"start":{"line":55,"column":36},"end":{"line":70,"column":5}},"line":55},"6":{"name":"applyRules","decl":{"start":{"line":73,"column":9},"end":{"line":73,"column":19}},"loc":{"start":{"line":73,"column":51},"end":{"line":107,"column":1}},"line":73},"7":{"name":"(anonymous_7)","decl":{"start":{"line":75,"column":22},"end":{"line":75,"column":23}},"loc":{"start":{"line":75,"column":37},"end":{"line":105,"column":9}},"line":75},"8":{"name":"(anonymous_8)","decl":{"start":{"line":84,"column":64},"end":{"line":84,"column":65}},"loc":{"start":{"line":84,"column":77},"end":{"line":84,"column":91}},"line":84},"9":{"name":"(anonymous_9)","decl":{"start":{"line":87,"column":64},"end":{"line":87,"column":65}},"loc":{"start":{"line":87,"column":77},"end":{"line":87,"column":91}},"line":87},"10":{"name":"(anonymous_10)","decl":{"start":{"line":90,"column":37},"end":{"line":90,"column":38}},"loc":{"start":{"line":90,"column":50},"end":{"line":92,"column":21}},"line":90},"11":{"name":"(anonymous_11)","decl":{"start":{"line":96,"column":42},"end":{"line":96,"column":43}},"loc":{"start":{"line":96,"column":60},"end":{"line":98,"column":21}},"line":96},"12":{"name":"(anonymous_12)","decl":{"start":{"line":102,"column":60},"end":{"line":102,"column":61}},"loc":{"start":{"line":102,"column":73},"end":{"line":102,"column":87}},"line":102}},"branchMap":{"0":{"loc":{"start":{"line":2,"column":22},"end":{"line":4,"column":1}},"type":"binary-expr","locations":[{"start":{"line":2,"column":23},"end":{"line":2,"column":27}},{"start":{"line":2,"column":31},"end":{"line":2,"column":51}},{"start":{"line":2,"column":56},"end":{"line":4,"column":1}}],"line":2},"1":{"loc":{"start":{"line":3,"column":11},"end":{"line":3,"column":61}},"type":"cond-expr","locations":[{"start":{"line":3,"column":37},"end":{"line":3,"column":40}},{"start":{"line":3,"column":43},"end":{"line":3,"column":61}}],"line":3},"2":{"loc":{"start":{"line":3,"column":12},"end":{"line":3,"column":33}},"type":"binary-expr","locations":[{"start":{"line":3,"column":12},"end":{"line":3,"column":15}},{"start":{"line":3,"column":19},"end":{"line":3,"column":33}}],"line":3},"3":{"loc":{"start":{"line":24,"column":4},"end":{"line":35,"column":5}},"type":"if","locations":[{"start":{"line":24,"column":4},"end":{"line":35,"column":5}},{"start":{"line":24,"column":4},"end":{"line":35,"column":5}}],"line":24},"4":{"loc":{"start":{"line":27,"column":9},"end":{"line":35,"column":5}},"type":"if","locations":[{"start":{"line":27,"column":9},"end":{"line":35,"column":5}},{"start":{"line":27,"column":9},"end":{"line":35,"column":5}}],"line":27},"5":{"loc":{"start":{"line":30,"column":9},"end":{"line":35,"column":5}},"type":"if","locations":[{"start":{"line":30,"column":9},"end":{"line":35,"column":5}},{"start":{"line":30,"column":9},"end":{"line":35,"column":5}}],"line":30},"6":{"loc":{"start":{"line":30,"column":13},"end":{"line":30,"column":112}},"type":"binary-expr","locations":[{"start":{"line":30,"column":13},"end":{"line":30,"column":66}},{"start":{"line":30,"column":70},"end":{"line":30,"column":112}}],"line":30},"7":{"loc":{"start":{"line":33,"column":9},"end":{"line":35,"column":5}},"type":"if","locations":[{"start":{"line":33,"column":9},"end":{"line":35,"column":5}},{"start":{"line":33,"column":9},"end":{"line":35,"column":5}}],"line":33},"8":{"loc":{"start":{"line":33,"column":13},"end":{"line":33,"column":106}},"type":"binary-expr","locations":[{"start":{"line":33,"column":13},"end":{"line":33,"column":63}},{"start":{"line":33,"column":67},"end":{"line":33,"column":106}}],"line":33},"9":{"loc":{"start":{"line":39,"column":4},"end":{"line":42,"column":5}},"type":"if","locations":[{"start":{"line":39,"column":4},"end":{"line":42,"column":5}},{"start":{"line":39,"column":4},"end":{"line":42,"column":5}}],"line":39},"10":{"loc":{"start":{"line":44,"column":8},"end":{"line":49,"column":9}},"type":"if","locations":[{"start":{"line":44,"column":8},"end":{"line":49,"column":9}},{"start":{"line":44,"column":8},"end":{"line":49,"column":9}}],"line":44},"11":{"loc":{"start":{"line":47,"column":13},"end":{"line":49,"column":9}},"type":"if","locations":[{"start":{"line":47,"column":13},"end":{"line":49,"column":9}},{"start":{"line":47,"column":13},"end":{"line":49,"column":9}}],"line":47},"12":{"loc":{"start":{"line":58,"column":12},"end":{"line":61,"column":13}},"type":"if","locations":[{"start":{"line":58,"column":12},"end":{"line":61,"column":13}},{"start":{"line":58,"column":12},"end":{"line":61,"column":13}}],"line":58},"13":{"loc":{"start":{"line":62,"column":12},"end":{"line":67,"column":13}},"type":"if","locations":[{"start":{"line":62,"column":12},"end":{"line":67,"column":13}},{"start":{"line":62,"column":12},"end":{"line":67,"column":13}}],"line":62},"14":{"loc":{"start":{"line":63,"column":23},"end":{"line":63,"column":56}},"type":"cond-expr","locations":[{"start":{"line":63,"column":50},"end":{"line":63,"column":52}},{"start":{"line":63,"column":55},"end":{"line":63,"column":56}}],"line":63},"15":{"loc":{"start":{"line":65,"column":17},"end":{"line":67,"column":13}},"type":"if","locations":[{"start":{"line":65,"column":17},"end":{"line":67,"column":13}},{"start":{"line":65,"column":17},"end":{"line":67,"column":13}}],"line":65},"16":{"loc":{"start":{"line":66,"column":23},"end":{"line":66,"column":56}},"type":"cond-expr","locations":[{"start":{"line":66,"column":50},"end":{"line":66,"column":51}},{"start":{"line":66,"column":54},"end":{"line":66,"column":56}}],"line":66},"17":{"loc":{"start":{"line":74,"column":4},"end":{"line":106,"column":5}},"type":"if","locations":[{"start":{"line":74,"column":4},"end":{"line":106,"column":5}},{"start":{"line":74,"column":4},"end":{"line":106,"column":5}}],"line":74},"18":{"loc":{"start":{"line":82,"column":12},"end":{"line":104,"column":13}},"type":"switch","locations":[{"start":{"line":83,"column":16},"end":{"line":85,"column":26}},{"start":{"line":86,"column":16},"end":{"line":88,"column":26}},{"start":{"line":89,"column":16},"end":{"line":94,"column":26}},{"start":{"line":95,"column":16},"end":{"line":100,"column":26}},{"start":{"line":101,"column":16},"end":{"line":103,"column":26}}],"line":82}},"s":{"0":1,"1":1,"2":1,"3":1,"4":1,"5":1,"6":1094932,"7":1094932,"8":1094932,"9":0,"10":1094932,"11":0,"12":1094932,"13":0,"14":1094932,"15":0,"16":1,"17":45,"18":42,"19":42,"20":45,"21":174721,"22":90919,"23":83802,"24":61584,"25":22218,"26":1,"27":13,"28":1951,"29":2014,"30":2014,"31":1111,"32":1111,"33":2014,"34":685,"35":1329,"36":994,"37":272,"38":1,"39":688,"40":688,"41":841,"42":841,"43":841,"44":841,"45":841,"46":841,"47":444,"48":534017,"49":444,"50":11,"51":64612,"52":11,"53":364,"54":516896,"55":364,"56":364,"57":11,"58":64612,"59":11,"60":11,"61":11,"62":64612,"63":11,"64":1},"f":{"0":1,"1":1094932,"2":45,"3":174721,"4":13,"5":1951,"6":688,"7":841,"8":534017,"9":64612,"10":516896,"11":64612,"12":64612},"b":{"0":[1,1,1],"1":[0,1],"2":[1,1],"3":[0,1094932],"4":[0,1094932],"5":[0,1094932],"6":[1094932,1086257],"7":[0,1094932],"8":[1094932,8675],"9":[42,3],"10":[90919,83802],"11":[61584,22218],"12":[1111,903],"13":[685,1329],"14":[388,297],"15":[994,335],"16":[257,737],"17":[688,0],"18":[444,11,364,11,11]},"inputSourceMap":{"version":3,"file":"C:/Users/jonah/Desktop/Personal Projects/project_team123/src/utils/QueryUtils.ts","sources":["C:/Users/jonah/Desktop/Personal Projects/project_team123/src/utils/QueryUtils.ts"],"names":[],"mappings":";;;;;;AAAA,4DAAiC;AAGjC,iEAA8E;AAE9E,SAAgB,sBAAsB,CAAC,GAAuB,EAAE,IAAoC;IACnG,MAAM,aAAa,GAAG,CAAC,KAAK,EAAE,MAAM,EAAE,MAAM,EAAE,OAAO,EAAE,MAAM,EAAE,MAAM,EAAE,IAAI,EAAE,YAAY,EAAE,OAAO,EAAE,MAAM,CAAC,CAAC;IAC5G,MAAM,UAAU,GAAG;QAClB,KAAK;QACL,KAAK;QACL,OAAO;QACP,UAAU;QACV,WAAW;QACX,QAAQ;QACR,MAAM;QACN,SAAS;QACT,MAAM;QACN,WAAW;QACX,MAAM;KACN,CAAC;IACF,IAAI,GAAG,KAAK,SAAS,EAAE;QACtB,MAAM,IAAI,6BAAY,CAAC,qEAAqE,CAAC,CAAC;KAC9F;SAAM,IAAI,IAAI,KAAK,SAAS,EAAE;QAC9B,MAAM,IAAI,6BAAY,CAAC,uCAAuC,CAAC,CAAC;KAChE;SAAM,IAAI,IAAI,KAAK,mCAAkB,CAAC,QAAQ,IAAI,CAAC,aAAa,CAAC,QAAQ,CAAC,GAAG,CAAC,KAAK,CAAC,GAAG,CAAC,CAAC,CAAC,CAAC,CAAC,EAAE;QAC9F,MAAM,IAAI,6BAAY,CAAC,gBAAgB,GAAG,EAAE,CAAC,CAAC;KAC9C;SAAM,IAAI,IAAI,KAAK,mCAAkB,CAAC,KAAK,IAAI,CAAC,UAAU,CAAC,QAAQ,CAAC,GAAG,CAAC,KAAK,CAAC,GAAG,CAAC,CAAC,CAAC,CAAC,CAAC,EAAE;QACxF,MAAM,IAAI,6BAAY,CAAC,gBAAgB,GAAG,EAAE,CAAC,CAAC;KAC9C;AACF,CAAC;AAxBD,wDAwBC;AAED,SAAgB,qBAAqB,CACpC,gBAAuB,EACvB,QAAgB,EAChB,IAAoC;IAEpC,IAAI,QAAQ,CAAC,QAAQ,CAAC,GAAG,CAAC,EAAE;QAC3B,sBAAsB,CAAC,QAAQ,EAAE,IAAI,CAAC,CAAC;QACvC,QAAQ,GAAG,QAAQ,CAAC,KAAK,CAAC,GAAG,CAAC,CAAC,CAAC,CAAC,CAAC;KAClC;IAED,gBAAgB,CAAC,IAAI,CAAC,CAAC,CAAC,EAAE,CAAC,EAAE,EAAE;QAC9B,IAAI,CAAC,CAAC,QAAQ,CAAC,GAAG,CAAC,CAAC,QAAQ,CAAC,EAAE;YAC9B,OAAO,CAAC,CAAC,CAAC;SACV;aAAM,IAAI,CAAC,CAAC,QAAQ,CAAC,GAAG,CAAC,CAAC,QAAQ,CAAC,EAAE;YACrC,OAAO,CAAC,CAAC;SACT;QACD,OAAO,CAAC,CAAC;IACV,CAAC,CAAC,CAAC;AACJ,CAAC;AAlBD,sDAkBC;AAED,SAAgB,yBAAyB,CACxC,gBAAuB,EACvB,WAAiB,EACjB,IAAoC;IAEpC,gBAAgB,CAAC,IAAI,CAAC,CAAC,CAAC,EAAE,CAAC,EAAE,EAAE;QAC9B,KAAK,IAAI,GAAG,IAAI,WAAW,CAAC,IAAI,EAAE;YACjC,IAAI,QAAQ,GAAG,GAAG,CAAC;YAGnB,IAAI,GAAG,CAAC,QAAQ,CAAC,GAAG,CAAC,EAAE;gBACtB,sBAAsB,CAAC,QAAQ,EAAE,IAAI,CAAC,CAAC;gBACvC,QAAQ,GAAG,GAAG,CAAC,KAAK,CAAC,GAAG,CAAC,CAAC,CAAC,CAAC,CAAC;aAC7B;YAED,IAAI,CAAC,CAAC,QAAQ,CAAC,GAAG,CAAC,CAAC,QAAQ,CAAC,EAAE;gBAC9B,OAAO,WAAW,CAAC,GAAG,KAAK,IAAI,CAAC,CAAC,CAAC,CAAC,CAAC,CAAC,CAAC,CAAC,CAAC,CAAC;aACzC;iBAAM,IAAI,CAAC,CAAC,QAAQ,CAAC,GAAG,CAAC,CAAC,QAAQ,CAAC,EAAE;gBACrC,OAAO,WAAW,CAAC,GAAG,KAAK,IAAI,CAAC,CAAC,CAAC,CAAC,CAAC,CAAC,CAAC,CAAC,CAAC,CAAC;aACzC;SAED;QACD,OAAO,CAAC,CAAC;IACV,CAAC,CAAC,CAAC;AACJ,CAAC;AAxBD,8DAwBC;AAED,SAAgB,UAAU,CACzB,QAAmB,EACnB,MAAW,EACX,KAA8B,EAC9B,IAAoC;IAEpC,IAAI,KAAK,KAAK,SAAS,EAAE;QACxB,KAAK,CAAC,OAAO,CAAC,CAAC,SAAS,EAAE,EAAE;YAC3B,MAAM,QAAQ,GAAG,MAAM,CAAC,IAAI,CAAC,SAAS,CAAC,CAAC,CAAC,CAAC,CAAC;YAC3C,MAAM,UAAU,GAAG,MAAM,CAAC,IAAI,CAAC,SAAS,CAAC,QAAQ,CAAC,CAAC,CAAC,CAAC,CAAe,CAAC;YACrE,sBAAsB,CAAC,SAAS,CAAC,QAAQ,CAAC,CAAC,UAAU,CAAC,EAAE,IAAI,CAAC,CAAC;YAC9D,MAAM,KAAK,GAAG,SAAS,CAAC,QAAQ,CAAC,CAAC,UAAU,CAAC,EAAE,KAAK,CAAC,GAAG,CAAC,CAAC,CAAC,CAAC,CAAC;YAE7D,IAAI,KAAK,GAAG,IAAI,oBAAO,CAAC,CAAC,CAAC,CAAC;YAC3B,IAAI,GAAG,CAAC;YAER,QAAQ,UAAU,EAAE;gBACnB,KAAK,KAAK;oBACT,MAAM,CAAC,QAAQ,CAAC,GAAG,IAAI,CAAC,GAAG,CAC1B,GAAG,QAAQ,CAAC,GAAG,CAAC,CAAC,OAAO,EAAE,EAAE,CAAC,OAAO,CAAC,KAAsB,CAAW,CAAC,CACvE,CAAC;oBACF,MAAM;gBACP,KAAK,KAAK;oBACT,MAAM,CAAC,QAAQ,CAAC,GAAG,IAAI,CAAC,GAAG,CAC1B,GAAG,QAAQ,CAAC,GAAG,CAAC,CAAC,OAAO,EAAE,EAAE,CAAC,OAAO,CAAC,KAAsB,CAAW,CAAC,CACvE,CAAC;oBACF,MAAM;gBACP,KAAK,KAAK;oBACT,QAAQ,CAAC,OAAO,CAAC,CAAC,OAAO,EAAE,EAAE;wBAC5B,KAAK,GAAG,KAAK,CAAC,GAAG,CAAC,IAAI,oBAAO,CAAC,OAAO,CAAC,KAAsB,CAAW,CAAC,CAAC,CAAC;oBAC3E,CAAC,CAAC,CAAC;oBACH,MAAM,CAAC,QAAQ,CAAC,GAAG,MAAM,CAAC,CAAC,KAAK,CAAC,QAAQ,EAAE,GAAG,QAAQ,CAAC,MAAM,CAAC,CAAC,OAAO,CAAC,CAAC,CAAC,CAAC,CAAC;oBAC3E,MAAM;gBACP,KAAK,KAAK;oBACT,GAAG,GAAG,QAAQ,CAAC,MAAM,CAAC,CAAC,GAAG,EAAE,OAAO,EAAE,EAAE;wBACtC,OAAO,IAAI,oBAAO,CAAC,GAAG,CAAC,CAAC,GAAG,CAAC,IAAI,oBAAO,CAAC,OAAO,CAAC,KAAsB,CAAW,CAAC,CAAC,CAAC,QAAQ,EAAE,CAAC;oBAChG,CAAC,EAAE,CAAC,CAAC,CAAC;oBACN,MAAM,CAAC,QAAQ,CAAC,GAAG,MAAM,CAAC,GAAG,CAAC,OAAO,CAAC,CAAC,CAAC,CAAC,CAAC;oBAC1C,MAAM;gBACP,KAAK,OAAO;oBACX,MAAM,CAAC,QAAQ,CAAC,GAAG,IAAI,GAAG,CACzB,QAAQ,CAAC,GAAG,CAAC,CAAC,OAAO,EAAE,EAAE,CAAC,OAAO,CAAC,KAAsB,CAAW,CAAC,CACpE,CAAC,IAAI,CAAC;oBACP,MAAM;aACP;QACF,CAAC,CAAC,CAAC;KACH;AACF,CAAC;AA/CD,gCA+CC","sourcesContent":["import Decimal from \"decimal.js\";\r\nimport {ApplyRule, ApplyToken, Sort} from \"../models/IQuery\";\r\nimport {Section} from \"../models/Sections\";\r\nimport {InsightDatasetKind, InsightError} from \"../controller/IInsightFacade\";\r\n\r\nexport function validateKeyMatchesKind(key: string | undefined, kind: InsightDatasetKind | undefined) {\r\n\tconst SectionFields = [\"avg\", \"pass\", \"fail\", \"audit\", \"year\", \"dept\", \"id\", \"instructor\", \"title\", \"uuid\"];\r\n\tconst RoomFields = [\r\n\t\t\"lat\",\r\n\t\t\"lon\",\r\n\t\t\"seats\",\r\n\t\t\"fullname\",\r\n\t\t\"shortname\",\r\n\t\t\"number\",\r\n\t\t\"name\",\r\n\t\t\"address\",\r\n\t\t\"type\",\r\n\t\t\"furniture\",\r\n\t\t\"href\",\r\n\t];\r\n\tif (key === undefined) {\r\n\t\tthrow new InsightError(\"Fatal error. Key undefined when validating match with dataset kind.\");\r\n\t} else if (kind === undefined) {\r\n\t\tthrow new InsightError(\"Fatal error. Dataset has no kind set.\");\r\n\t} else if (kind === InsightDatasetKind.Sections && !SectionFields.includes(key.split(\"_\")[1])) {\r\n\t\tthrow new InsightError(`Invalid key: ${key}`);\r\n\t} else if (kind === InsightDatasetKind.Rooms && !RoomFields.includes(key.split(\"_\")[1])) {\r\n\t\tthrow new InsightError(`Invalid key: ${key}`);\r\n\t}\r\n}\r\n\r\nexport function orderSectionsByString(\r\n\tselectedSections: any[],\r\n\torderKey: string,\r\n\tkind: InsightDatasetKind | undefined\r\n): void {\r\n\tif (orderKey.includes(\"_\")) {\r\n\t\tvalidateKeyMatchesKind(orderKey, kind);\r\n\t\torderKey = orderKey.split(\"_\")[1];\r\n\t}\r\n\r\n\tselectedSections.sort((a, b) => {\r\n\t\tif (a[orderKey] < b[orderKey]) {\r\n\t\t\treturn -1;\r\n\t\t} else if (a[orderKey] > b[orderKey]) {\r\n\t\t\treturn 1;\r\n\t\t}\r\n\t\treturn 0;\r\n\t});\r\n}\r\n\r\nexport function orderSectionsBySortObject(\r\n\tselectedSections: any[],\r\n\torderObject: Sort,\r\n\tkind: InsightDatasetKind | undefined\r\n): void {\r\n\tselectedSections.sort((a, b) => {\r\n\t\tfor (let key of orderObject.keys) {\r\n\t\t\tlet orderKey = key;\r\n\r\n\t\t\t// If key in keys is a section or room key, keep only the part after \"_\"\r\n\t\t\tif (key.includes(\"_\")) {\r\n\t\t\t\tvalidateKeyMatchesKind(orderKey, kind);\r\n\t\t\t\torderKey = key.split(\"_\")[1];\r\n\t\t\t}\r\n\r\n\t\t\tif (a[orderKey] < b[orderKey]) {\r\n\t\t\t\treturn orderObject.dir === \"UP\" ? -1 : 1;\r\n\t\t\t} else if (a[orderKey] > b[orderKey]) {\r\n\t\t\t\treturn orderObject.dir === \"UP\" ? 1 : -1;\r\n\t\t\t}\r\n\t\t\t// If equal, the loop will check the next key (tiebreaker)\r\n\t\t}\r\n\t\treturn 0;\r\n\t});\r\n}\r\n\r\nexport function applyRules(\r\n\tsections: Section[],\r\n\tresult: any,\r\n\trules: ApplyRule[] | undefined,\r\n\tkind: InsightDatasetKind | undefined\r\n): void {\r\n\tif (rules !== undefined) {\r\n\t\trules.forEach((applyRule) => {\r\n\t\t\tconst applyKey = Object.keys(applyRule)[0];\r\n\t\t\tconst applyToken = Object.keys(applyRule[applyKey])[0] as ApplyToken;\r\n\t\t\tvalidateKeyMatchesKind(applyRule[applyKey][applyToken], kind);\r\n\t\t\tconst field = applyRule[applyKey][applyToken]?.split(\"_\")[1];\r\n\r\n\t\t\tlet total = new Decimal(0);\r\n\t\t\tlet sum;\r\n\r\n\t\t\tswitch (applyToken) {\r\n\t\t\t\tcase \"MAX\":\r\n\t\t\t\t\tresult[applyKey] = Math.max(\r\n\t\t\t\t\t\t...sections.map((section) => section[field as keyof Section] as number)\r\n\t\t\t\t\t);\r\n\t\t\t\t\tbreak;\r\n\t\t\t\tcase \"MIN\":\r\n\t\t\t\t\tresult[applyKey] = Math.min(\r\n\t\t\t\t\t\t...sections.map((section) => section[field as keyof Section] as number)\r\n\t\t\t\t\t);\r\n\t\t\t\t\tbreak;\r\n\t\t\t\tcase \"AVG\":\r\n\t\t\t\t\tsections.forEach((section) => {\r\n\t\t\t\t\t\ttotal = total.add(new Decimal(section[field as keyof Section] as number));\r\n\t\t\t\t\t});\r\n\t\t\t\t\tresult[applyKey] = Number((total.toNumber() / sections.length).toFixed(2));\r\n\t\t\t\t\tbreak;\r\n\t\t\t\tcase \"SUM\":\r\n\t\t\t\t\tsum = sections.reduce((acc, section) => {\r\n\t\t\t\t\t\treturn new Decimal(acc).add(new Decimal(section[field as keyof Section] as number)).toNumber();\r\n\t\t\t\t\t}, 0);\r\n\t\t\t\t\tresult[applyKey] = Number(sum.toFixed(2));\r\n\t\t\t\t\tbreak;\r\n\t\t\t\tcase \"COUNT\":\r\n\t\t\t\t\tresult[applyKey] = new Set(\r\n\t\t\t\t\t\tsections.map((section) => section[field as keyof Section] as number)\r\n\t\t\t\t\t).size;\r\n\t\t\t\t\tbreak;\r\n\t\t\t}\r\n\t\t});\r\n\t}\r\n}\r\n"]},"_coverageSchema":"1a1c01bbd47fc00a2c39e90264f33305004495a9","hash":"ce531245eb2db6de4985c4ea659ffc90d425e109","contentHash":"8b5bfedbcef55574eaa453bcd6a7668b0d45610646ff3de41777f0c8ac3c9e81"}}